[0.909s] Invoking command in '/home/ankur/ros2_ws/src/drones_ROS2/sjtu_drone/sjtu_drone_bringup': PYTHONPATH=/home/ankur/ros2_ws/build/sjtu_drone_bringup/prefix_override:/home/ankur/ros2_ws/install/sjtu_drone_bringup/lib/python3.10/site-packages:${PYTHONPATH} /usr/bin/python3 -W ignore:setup.py install is deprecated setup.py egg_info --egg-base ../../../../build/sjtu_drone_bringup build --build-base /home/ankur/ros2_ws/build/sjtu_drone_bringup/build install --record /home/ankur/ros2_ws/build/sjtu_drone_bringup/install.log --single-version-externally-managed install_data
[1.139s] running egg_info
[1.142s] writing ../../../../build/sjtu_drone_bringup/sjtu_drone_bringup.egg-info/PKG-INFO
[1.143s] writing dependency_links to ../../../../build/sjtu_drone_bringup/sjtu_drone_bringup.egg-info/dependency_links.txt
[1.144s] writing entry points to ../../../../build/sjtu_drone_bringup/sjtu_drone_bringup.egg-info/entry_points.txt
[1.145s] writing requirements to ../../../../build/sjtu_drone_bringup/sjtu_drone_bringup.egg-info/requires.txt
[1.146s] writing top-level names to ../../../../build/sjtu_drone_bringup/sjtu_drone_bringup.egg-info/top_level.txt
[1.148s] reading manifest file '../../../../build/sjtu_drone_bringup/sjtu_drone_bringup.egg-info/SOURCES.txt'
[1.150s] writing manifest file '../../../../build/sjtu_drone_bringup/sjtu_drone_bringup.egg-info/SOURCES.txt'
[1.151s] running build
[1.151s] running build_py
[1.153s] running install
[1.153s] running install_lib
[1.155s] running install_data
[1.155s] running install_egg_info
[1.157s] removing '/home/ankur/ros2_ws/install/sjtu_drone_bringup/lib/python3.10/site-packages/sjtu_drone_bringup-0.0.0-py3.10.egg-info' (and everything under it)
[1.158s] Copying ../../../../build/sjtu_drone_bringup/sjtu_drone_bringup.egg-info to /home/ankur/ros2_ws/install/sjtu_drone_bringup/lib/python3.10/site-packages/sjtu_drone_bringup-0.0.0-py3.10.egg-info
[1.159s] running install_scripts
[1.180s] Installing spawn_drone script to /home/ankur/ros2_ws/install/sjtu_drone_bringup/lib/sjtu_drone_bringup
[1.180s] writing list of installed files to '/home/ankur/ros2_ws/build/sjtu_drone_bringup/install.log'
[1.211s] Invoked command in '/home/ankur/ros2_ws/src/drones_ROS2/sjtu_drone/sjtu_drone_bringup' returned '0': PYTHONPATH=/home/ankur/ros2_ws/build/sjtu_drone_bringup/prefix_override:/home/ankur/ros2_ws/install/sjtu_drone_bringup/lib/python3.10/site-packages:${PYTHONPATH} /usr/bin/python3 -W ignore:setup.py install is deprecated setup.py egg_info --egg-base ../../../../build/sjtu_drone_bringup build --build-base /home/ankur/ros2_ws/build/sjtu_drone_bringup/build install --record /home/ankur/ros2_ws/build/sjtu_drone_bringup/install.log --single-version-externally-managed install_data
