/home/jagadeesh/ros2_ws/install/drone_controller/lib/python3.10/site-packages/drone_controller/__init__.py
/home/jagadeesh/ros2_ws/install/drone_controller/lib/python3.10/site-packages/drone_controller/image_sub.py
/home/jagadeesh/ros2_ws/install/drone_controller/lib/python3.10/site-packages/drone_controller/image_pub.py
/home/jagadeesh/ros2_ws/install/drone_controller/lib/python3.10/site-packages/drone_controller/img_sub.py
/home/jagadeesh/ros2_ws/install/drone_controller/lib/python3.10/site-packages/drone_controller/pose_sub.py
/home/jagadeesh/ros2_ws/install/drone_controller/lib/python3.10/site-packages/drone_controller/rough.py
/home/jagadeesh/ros2_ws/install/drone_controller/lib/python3.10/site-packages/drone_controller/img_sub2.py
/home/jagadeesh/ros2_ws/install/drone_controller/lib/python3.10/site-packages/drone_controller/img_sub3.py
/home/jagadeesh/ros2_ws/install/drone_controller/lib/python3.10/site-packages/drone_controller/__pycache__/__init__.cpython-310.pyc
/home/jagadeesh/ros2_ws/install/drone_controller/lib/python3.10/site-packages/drone_controller/__pycache__/image_sub.cpython-310.pyc
/home/jagadeesh/ros2_ws/install/drone_controller/lib/python3.10/site-packages/drone_controller/__pycache__/image_pub.cpython-310.pyc
/home/jagadeesh/ros2_ws/install/drone_controller/lib/python3.10/site-packages/drone_controller/__pycache__/img_sub.cpython-310.pyc
/home/jagadeesh/ros2_ws/install/drone_controller/lib/python3.10/site-packages/drone_controller/__pycache__/pose_sub.cpython-310.pyc
/home/jagadeesh/ros2_ws/install/drone_controller/lib/python3.10/site-packages/drone_controller/__pycache__/rough.cpython-310.pyc
/home/jagadeesh/ros2_ws/install/drone_controller/lib/python3.10/site-packages/drone_controller/__pycache__/img_sub2.cpython-310.pyc
/home/jagadeesh/ros2_ws/install/drone_controller/lib/python3.10/site-packages/drone_controller/__pycache__/img_sub3.cpython-310.pyc
/home/jagadeesh/ros2_ws/install/drone_controller/share/ament_index/resource_index/packages/drone_controller
/home/jagadeesh/ros2_ws/install/drone_controller/share/drone_controller/package.xml
/home/jagadeesh/ros2_ws/install/drone_controller/lib/python3.10/site-packages/drone_controller-0.0.0-py3.10.egg-info/PKG-INFO
/home/jagadeesh/ros2_ws/install/drone_controller/lib/python3.10/site-packages/drone_controller-0.0.0-py3.10.egg-info/dependency_links.txt
/home/jagadeesh/ros2_ws/install/drone_controller/lib/python3.10/site-packages/drone_controller-0.0.0-py3.10.egg-info/SOURCES.txt
/home/jagadeesh/ros2_ws/install/drone_controller/lib/python3.10/site-packages/drone_controller-0.0.0-py3.10.egg-info/top_level.txt
/home/jagadeesh/ros2_ws/install/drone_controller/lib/python3.10/site-packages/drone_controller-0.0.0-py3.10.egg-info/entry_points.txt
/home/jagadeesh/ros2_ws/install/drone_controller/lib/python3.10/site-packages/drone_controller-0.0.0-py3.10.egg-info/zip-safe
/home/jagadeesh/ros2_ws/install/drone_controller/lib/python3.10/site-packages/drone_controller-0.0.0-py3.10.egg-info/requires.txt
/home/jagadeesh/ros2_ws/install/drone_controller/lib/drone_controller/image_pub
/home/jagadeesh/ros2_ws/install/drone_controller/lib/drone_controller/image_sub
/home/jagadeesh/ros2_ws/install/drone_controller/lib/drone_controller/img_sub
/home/jagadeesh/ros2_ws/install/drone_controller/lib/drone_controller/img_sub2
/home/jagadeesh/ros2_ws/install/drone_controller/lib/drone_controller/img_sub3
/home/jagadeesh/ros2_ws/install/drone_controller/lib/drone_controller/pose_sub
