[0.547s] Invoking command in '/home/jagadeesh/ros2_ws/src/drones_ROS2/sjtu_drone/sjtu_drone_control': PYTHONPATH=/home/jagadeesh/ros2_ws/build/sjtu_drone_control/prefix_override:/home/jagadeesh/ros2_ws/install/sjtu_drone_control/lib/python3.10/site-packages:${PYTHONPATH} /usr/bin/python3 -W ignore:setup.py install is deprecated setup.py egg_info --egg-base ../../../../build/sjtu_drone_control build --build-base /home/jagadeesh/ros2_ws/build/sjtu_drone_control/build install --record /home/jagadeesh/ros2_ws/build/sjtu_drone_control/install.log --single-version-externally-managed install_data
[0.660s] running egg_info
[0.660s] creating ../../../../build/sjtu_drone_control/sjtu_drone_control.egg-info
[0.660s] writing ../../../../build/sjtu_drone_control/sjtu_drone_control.egg-info/PKG-INFO
[0.660s] writing dependency_links to ../../../../build/sjtu_drone_control/sjtu_drone_control.egg-info/dependency_links.txt
[0.661s] writing entry points to ../../../../build/sjtu_drone_control/sjtu_drone_control.egg-info/entry_points.txt
[0.661s] writing requirements to ../../../../build/sjtu_drone_control/sjtu_drone_control.egg-info/requires.txt
[0.661s] writing top-level names to ../../../../build/sjtu_drone_control/sjtu_drone_control.egg-info/top_level.txt
[0.661s] writing manifest file '../../../../build/sjtu_drone_control/sjtu_drone_control.egg-info/SOURCES.txt'
[0.661s] reading manifest file '../../../../build/sjtu_drone_control/sjtu_drone_control.egg-info/SOURCES.txt'
[0.661s] writing manifest file '../../../../build/sjtu_drone_control/sjtu_drone_control.egg-info/SOURCES.txt'
[0.662s] running build
[0.662s] running build_py
[0.662s] creating /home/jagadeesh/ros2_ws/build/sjtu_drone_control/build
[0.662s] creating /home/jagadeesh/ros2_ws/build/sjtu_drone_control/build/lib
[0.662s] creating /home/jagadeesh/ros2_ws/build/sjtu_drone_control/build/lib/sjtu_drone_control
[0.662s] copying sjtu_drone_control/__init__.py -> /home/jagadeesh/ros2_ws/build/sjtu_drone_control/build/lib/sjtu_drone_control
[0.662s] copying sjtu_drone_control/teleop_joystick.py -> /home/jagadeesh/ros2_ws/build/sjtu_drone_control/build/lib/sjtu_drone_control
[0.662s] copying sjtu_drone_control/open_loop_control.py -> /home/jagadeesh/ros2_ws/build/sjtu_drone_control/build/lib/sjtu_drone_control
[0.662s] copying sjtu_drone_control/drone_position_control.py -> /home/jagadeesh/ros2_ws/build/sjtu_drone_control/build/lib/sjtu_drone_control
[0.662s] copying sjtu_drone_control/teleop.py -> /home/jagadeesh/ros2_ws/build/sjtu_drone_control/build/lib/sjtu_drone_control
[0.662s] running install
[0.662s] running install_lib
[0.663s] creating /home/jagadeesh/ros2_ws/install/sjtu_drone_control/lib/python3.10/site-packages/sjtu_drone_control
[0.663s] copying /home/jagadeesh/ros2_ws/build/sjtu_drone_control/build/lib/sjtu_drone_control/__init__.py -> /home/jagadeesh/ros2_ws/install/sjtu_drone_control/lib/python3.10/site-packages/sjtu_drone_control
[0.663s] copying /home/jagadeesh/ros2_ws/build/sjtu_drone_control/build/lib/sjtu_drone_control/teleop_joystick.py -> /home/jagadeesh/ros2_ws/install/sjtu_drone_control/lib/python3.10/site-packages/sjtu_drone_control
[0.663s] copying /home/jagadeesh/ros2_ws/build/sjtu_drone_control/build/lib/sjtu_drone_control/open_loop_control.py -> /home/jagadeesh/ros2_ws/install/sjtu_drone_control/lib/python3.10/site-packages/sjtu_drone_control
[0.663s] copying /home/jagadeesh/ros2_ws/build/sjtu_drone_control/build/lib/sjtu_drone_control/drone_position_control.py -> /home/jagadeesh/ros2_ws/install/sjtu_drone_control/lib/python3.10/site-packages/sjtu_drone_control
[0.663s] copying /home/jagadeesh/ros2_ws/build/sjtu_drone_control/build/lib/sjtu_drone_control/teleop.py -> /home/jagadeesh/ros2_ws/install/sjtu_drone_control/lib/python3.10/site-packages/sjtu_drone_control
[0.663s] byte-compiling /home/jagadeesh/ros2_ws/install/sjtu_drone_control/lib/python3.10/site-packages/sjtu_drone_control/__init__.py to __init__.cpython-310.pyc
[0.663s] byte-compiling /home/jagadeesh/ros2_ws/install/sjtu_drone_control/lib/python3.10/site-packages/sjtu_drone_control/teleop_joystick.py to teleop_joystick.cpython-310.pyc
[0.664s] byte-compiling /home/jagadeesh/ros2_ws/install/sjtu_drone_control/lib/python3.10/site-packages/sjtu_drone_control/open_loop_control.py to open_loop_control.cpython-310.pyc
[0.665s] byte-compiling /home/jagadeesh/ros2_ws/install/sjtu_drone_control/lib/python3.10/site-packages/sjtu_drone_control/drone_position_control.py to drone_position_control.cpython-310.pyc
[0.665s] byte-compiling /home/jagadeesh/ros2_ws/install/sjtu_drone_control/lib/python3.10/site-packages/sjtu_drone_control/teleop.py to teleop.cpython-310.pyc
[0.665s] running install_data
[0.665s] creating /home/jagadeesh/ros2_ws/install/sjtu_drone_control/share/ament_index
[0.665s] creating /home/jagadeesh/ros2_ws/install/sjtu_drone_control/share/ament_index/resource_index
[0.666s] creating /home/jagadeesh/ros2_ws/install/sjtu_drone_control/share/ament_index/resource_index/packages
[0.666s] copying resource/sjtu_drone_control -> /home/jagadeesh/ros2_ws/install/sjtu_drone_control/share/ament_index/resource_index/packages
[0.666s] copying package.xml -> /home/jagadeesh/ros2_ws/install/sjtu_drone_control/share/sjtu_drone_control
[0.666s] running install_egg_info
[0.667s] Copying ../../../../build/sjtu_drone_control/sjtu_drone_control.egg-info to /home/jagadeesh/ros2_ws/install/sjtu_drone_control/lib/python3.10/site-packages/sjtu_drone_control-0.0.0-py3.10.egg-info
[0.667s] running install_scripts
[0.679s] Installing drone_position_control script to /home/jagadeesh/ros2_ws/install/sjtu_drone_control/lib/sjtu_drone_control
[0.679s] Installing open_loop_control script to /home/jagadeesh/ros2_ws/install/sjtu_drone_control/lib/sjtu_drone_control
[0.679s] Installing teleop script to /home/jagadeesh/ros2_ws/install/sjtu_drone_control/lib/sjtu_drone_control
[0.679s] Installing teleop_joystick script to /home/jagadeesh/ros2_ws/install/sjtu_drone_control/lib/sjtu_drone_control
[0.679s] writing list of installed files to '/home/jagadeesh/ros2_ws/build/sjtu_drone_control/install.log'
[0.698s] Invoked command in '/home/jagadeesh/ros2_ws/src/drones_ROS2/sjtu_drone/sjtu_drone_control' returned '0': PYTHONPATH=/home/jagadeesh/ros2_ws/build/sjtu_drone_control/prefix_override:/home/jagadeesh/ros2_ws/install/sjtu_drone_control/lib/python3.10/site-packages:${PYTHONPATH} /usr/bin/python3 -W ignore:setup.py install is deprecated setup.py egg_info --egg-base ../../../../build/sjtu_drone_control build --build-base /home/jagadeesh/ros2_ws/build/sjtu_drone_control/build install --record /home/jagadeesh/ros2_ws/build/sjtu_drone_control/install.log --single-version-externally-managed install_data
