[1.565s] Invoking command in '/home/ankur/ros2_ws/src/drones_ROS2/ibvs': PYTHONPATH=/home/ankur/ros2_ws/build/ibvs/prefix_override:/home/ankur/ros2_ws/install/ibvs/lib/python3.10/site-packages:${PYTHONPATH} /usr/bin/python3 -W ignore:setup.py install is deprecated setup.py egg_info --egg-base ../../../build/ibvs build --build-base /home/ankur/ros2_ws/build/ibvs/build install --record /home/ankur/ros2_ws/build/ibvs/install.log --single-version-externally-managed install_data
[1.863s] running egg_info
[1.865s] writing ../../../build/ibvs/ibvs.egg-info/PKG-INFO
[1.866s] writing dependency_links to ../../../build/ibvs/ibvs.egg-info/dependency_links.txt
[1.866s] writing entry points to ../../../build/ibvs/ibvs.egg-info/entry_points.txt
[1.867s] writing requirements to ../../../build/ibvs/ibvs.egg-info/requires.txt
[1.868s] writing top-level names to ../../../build/ibvs/ibvs.egg-info/top_level.txt
[1.873s] reading manifest file '../../../build/ibvs/ibvs.egg-info/SOURCES.txt'
[1.874s] writing manifest file '../../../build/ibvs/ibvs.egg-info/SOURCES.txt'
[1.875s] running build
[1.875s] running build_py
[1.875s] running install
[1.876s] running install_lib
[1.878s] running install_data
[1.879s] running install_egg_info
[1.881s] removing '/home/ankur/ros2_ws/install/ibvs/lib/python3.10/site-packages/ibvs-0.0.0-py3.10.egg-info' (and everything under it)
[1.881s] Copying ../../../build/ibvs/ibvs.egg-info to /home/ankur/ros2_ws/install/ibvs/lib/python3.10/site-packages/ibvs-0.0.0-py3.10.egg-info
[1.882s] running install_scripts
[1.918s] Installing spawnGV script to /home/ankur/ros2_ws/install/ibvs/lib/ibvs
[1.921s] writing list of installed files to '/home/ankur/ros2_ws/build/ibvs/install.log'
[1.957s] Invoked command in '/home/ankur/ros2_ws/src/drones_ROS2/ibvs' returned '0': PYTHONPATH=/home/ankur/ros2_ws/build/ibvs/prefix_override:/home/ankur/ros2_ws/install/ibvs/lib/python3.10/site-packages:${PYTHONPATH} /usr/bin/python3 -W ignore:setup.py install is deprecated setup.py egg_info --egg-base ../../../build/ibvs build --build-base /home/ankur/ros2_ws/build/ibvs/build install --record /home/ankur/ros2_ws/build/ibvs/install.log --single-version-externally-managed install_data
