[0.137s] Invoking command in '/home/jagadeesh/ros2_ws/build/sjtu_drone_description': CMAKE_PREFIX_PATH=${CMAKE_PREFIX_PATH}:/home/jagadeesh/ros2_ws/install/sjtu_drone_bringup:/home/jagadeesh/ros_ws/install/sjtu_drone_control:/home/jagadeesh/ros_ws/install/sjtu_drone_bringup:/opt/ros/humble /usr/bin/cmake /home/jagadeesh/ros2_ws/src/drones_ROS2/sjtu_drone/sjtu_drone_description -DCMAKE_INSTALL_PREFIX=/home/jagadeesh/ros2_ws/install/sjtu_drone_description
[0.163s] -- The C compiler identification is GNU 11.4.0
[0.192s] -- The CXX compiler identification is GNU 11.4.0
[0.196s] -- Detecting C compiler ABI info
[0.234s] -- Detecting C compiler ABI info - done
[0.239s] -- Check for working C compiler: /usr/bin/cc - skipped
[0.239s] -- Detecting C compile features
[0.240s] -- Detecting C compile features - done
[0.241s] -- Detecting CXX compiler ABI info
[0.285s] -- Detecting CXX compiler ABI info - done
[0.292s] -- Check for working CXX compiler: /usr/bin/c++ - skipped
[0.292s] -- Detecting CXX compile features
[0.292s] -- Detecting CXX compile features - done
[0.295s] -- Found PkgConfig: /usr/bin/pkg-config (found version "0.29.2") 
[0.295s] -- Checking for module 'OGRE'
[0.302s] --   Found OGRE, version 1.9.0
[0.318s] -- Checking for module 'OGRE-Terrain'
[0.324s] --   Found OGRE-Terrain, version 1.9.0
[0.340s] -- Found ament_cmake: 1.3.8 (/opt/ros/humble/share/ament_cmake/cmake)
[0.428s] -- Found Python3: /usr/bin/python3 (found version "3.10.12") found components: Interpreter 
[0.475s] -- Found ament_cmake_ros: 0.10.0 (/opt/ros/humble/share/ament_cmake_ros/cmake)
[0.479s] -- Found rclcpp: 16.0.8 (/opt/ros/humble/share/rclcpp/cmake)
[0.500s] -- Found rosidl_generator_c: 3.1.5 (/opt/ros/humble/share/rosidl_generator_c/cmake)
[0.503s] -- Found rosidl_adapter: 3.1.5 (/opt/ros/humble/share/rosidl_adapter/cmake)
[0.507s] -- Found rosidl_generator_cpp: 3.1.5 (/opt/ros/humble/share/rosidl_generator_cpp/cmake)
[0.515s] -- Using all available rosidl_typesupport_c: rosidl_typesupport_fastrtps_c;rosidl_typesupport_introspection_c
[0.525s] -- Using all available rosidl_typesupport_cpp: rosidl_typesupport_fastrtps_cpp;rosidl_typesupport_introspection_cpp
[0.563s] -- Found rmw_implementation_cmake: 6.1.1 (/opt/ros/humble/share/rmw_implementation_cmake/cmake)
[0.564s] -- Found rmw_fastrtps_cpp: 6.2.6 (/opt/ros/humble/share/rmw_fastrtps_cpp/cmake)
[0.612s] -- Found OpenSSL: /usr/lib/x86_64-linux-gnu/libcrypto.so (found version "3.0.2")  
[0.626s] -- Found FastRTPS: /opt/ros/humble/include  
[0.649s] -- Using RMW implementation 'rmw_fastrtps_cpp' as default
[0.654s] -- Looking for pthread.h
[0.690s] -- Looking for pthread.h - found
[0.690s] -- Performing Test CMAKE_HAVE_LIBC_PTHREAD
[0.727s] -- Performing Test CMAKE_HAVE_LIBC_PTHREAD - Success
[0.728s] -- Found Threads: TRUE  
[0.813s] -- Found gazebo_ros: 3.7.0 (/opt/ros/humble/share/gazebo_ros/cmake)
[0.820s] -- Checking for module 'bullet>=2.82'
[0.827s] --   Found bullet, version 3.05
[0.876s] -- Found fcl: /usr/include (found suitable version "0.7.0", minimum required is "0.5.0") 
[0.900s] -- Found assimp: /usr/include (found version "5.2.0") 
[0.910s] -- Found DART: /usr/include (Required is at least version "6.6") found components: dart 
[0.925s] -- Found Boost: /usr/lib/x86_64-linux-gnu/cmake/Boost-1.74.0/BoostConfig.cmake (found suitable version "1.74.0", minimum required is "1.40.0") found components: thread system filesystem program_options regex iostreams date_time 
[0.933s] -- Found Protobuf: /usr/lib/x86_64-linux-gnu/libprotobuf.so (found version "3.12.4") 
[0.935s] -- Looking for ignition-math6 -- found version 6.15.1
[0.938s] -- Searching for dependencies of ignition-math6
[0.939s] -- Looking for OGRE...
[0.939s] -- OGRE_PREFIX_WATCH changed.
[0.942s] -- Checking for module 'OGRE'
[0.948s] --   Found OGRE, version 1.9.0
[0.965s] -- Found Ogre Ghadamon (1.9.0)
[0.974s] -- Looking for OGRE_Paging...
[0.977s] -- Found OGRE_Paging: optimized;/usr/lib/x86_64-linux-gnu/libOgrePaging.so;debug;/usr/lib/x86_64-linux-gnu/libOgrePaging.so
[0.977s] -- Looking for OGRE_Terrain...
[0.980s] -- Found OGRE_Terrain: optimized;/usr/lib/x86_64-linux-gnu/libOgreTerrain.so;debug;/usr/lib/x86_64-linux-gnu/libOgreTerrain.so
[0.980s] -- Looking for OGRE_Property...
[0.982s] -- Found OGRE_Property: optimized;/usr/lib/x86_64-linux-gnu/libOgreProperty.so;debug;/usr/lib/x86_64-linux-gnu/libOgreProperty.so
[0.982s] -- Looking for OGRE_RTShaderSystem...
[0.984s] -- Found OGRE_RTShaderSystem: optimized;/usr/lib/x86_64-linux-gnu/libOgreRTShaderSystem.so;debug;/usr/lib/x86_64-linux-gnu/libOgreRTShaderSystem.so
[0.984s] -- Looking for OGRE_Volume...
[0.987s] -- Found OGRE_Volume: optimized;/usr/lib/x86_64-linux-gnu/libOgreVolume.so;debug;/usr/lib/x86_64-linux-gnu/libOgreVolume.so
[0.987s] -- Looking for OGRE_Overlay...
[0.989s] -- Found OGRE_Overlay: optimized;/usr/lib/x86_64-linux-gnu/libOgreOverlay.so;debug;/usr/lib/x86_64-linux-gnu/libOgreOverlay.so
[1.042s] -- Looking for ignition-math6 -- found version 6.15.1
[1.043s] -- Looking for ignition-transport8 -- found version 8.2.1
[1.043s] -- Searching for dependencies of ignition-transport8
[1.052s] -- Found Protobuf: /usr/lib/x86_64-linux-gnu/libprotobuf.so (found suitable version "3.12.4", minimum required is "3") 
[1.057s] -- Config-file not installed for ZeroMQ -- checking for pkg-config
[1.060s] -- Checking for module 'libzmq >= 4'
[1.067s] --   Found libzmq , version 4.3.4
[1.084s] -- Found ZeroMQ: TRUE (Required is at least version "4") 
[1.088s] -- Checking for module 'uuid'
[1.094s] --   Found uuid, version 2.37.2
[1.110s] -- Found UUID: TRUE  
[1.111s] -- Looking for ignition-msgs5 -- found version 5.8.1
[1.111s] -- Searching for dependencies of ignition-msgs5
[1.121s] -- Looking for ignition-math6 -- found version 6.15.1
[1.124s] -- Checking for module 'tinyxml2'
[1.131s] --   Found tinyxml2, version 9.0.0
[1.147s] -- Looking for ignition-msgs5 -- found version 5.8.1
[1.148s] -- Looking for ignition-common3 -- found version 3.14.0
[1.148s] -- Searching for dependencies of ignition-common3
[1.148s] -- Looking for dlfcn.h - found
[1.149s] -- Looking for libdl - found
[1.150s] -- Found DL: TRUE  
[1.156s] -- Found tinyobjloader: /usr/lib/x86_64-linux-gnu/cmake/tinyobjloader/tinyobjloader-config.cmake (found version "2.0.0") 
[1.156s] -- Searching for <ignition-common3> component [graphics]
[1.157s] -- Looking for ignition-common3-graphics -- found version 3.14.0
[1.157s] -- Searching for dependencies of ignition-common3-graphics
[1.158s] -- Looking for ignition-math6 -- found version 6.15.1
[1.159s] -- Looking for ignition-fuel_tools4 -- found version 4.4.0
[1.159s] -- Searching for dependencies of ignition-fuel_tools4
[1.199s] -- Found CURL: /usr/lib/x86_64-linux-gnu/libcurl.so (found version "7.81.0")  
[1.203s] -- Checking for module 'jsoncpp'
[1.210s] --   Found jsoncpp, version 1.9.5
[1.227s] -- Found JSONCPP: TRUE  
[1.230s] -- Checking for module 'libzip'
[1.236s] --   Found libzip, version 1.7.3
[1.252s] -- Found ZIP: TRUE  
[1.252s] -- Looking for ignition-common3 -- found version 3.14.0
[1.253s] -- Looking for ignition-math6 -- found version 6.15.1
[1.253s] -- Looking for ignition-msgs5 -- found version 5.8.1
[1.255s] -- Gazebo version: 11.10
[1.255s] -- Checking for module 'tbb'
[1.261s] --   Found tbb, version 2021.5.0
[1.280s] -- Found gazebo_plugins: 3.7.0 (/opt/ros/humble/share/gazebo_plugins/cmake)
[1.442s] -- Found sensor_msgs: 4.2.3 (/opt/ros/humble/share/sensor_msgs/cmake)
[1.542s] -- Found ament_lint_auto: 0.12.10 (/opt/ros/humble/share/ament_lint_auto/cmake)
[1.585s] -- Added test 'cppcheck' to perform static code analysis on C / C++ code
[1.586s] -- Configured cppcheck include dirs: /home/jagadeesh/ros2_ws/src/drones_ROS2/sjtu_drone/sjtu_drone_description/include;$<BUILD_INTERFACE:/home/jagadeesh/ros2_ws/src/drones_ROS2/sjtu_drone/sjtu_drone_description/include>
[1.586s] -- Configured cppcheck exclude dirs and/or files: 
[1.586s] -- Added test 'lint_cmake' to check CMake code style
[1.587s] -- Added test 'uncrustify' to check C / C++ code style
[1.587s] -- Configured uncrustify additional arguments: 
[1.588s] -- Added test 'xmllint' to check XML markup files
[1.589s] -- Configuring done
[1.604s] -- Generating done
[1.606s] -- Build files have been written to: /home/jagadeesh/ros2_ws/build/sjtu_drone_description
[1.614s] Invoked command in '/home/jagadeesh/ros2_ws/build/sjtu_drone_description' returned '0': CMAKE_PREFIX_PATH=${CMAKE_PREFIX_PATH}:/home/jagadeesh/ros2_ws/install/sjtu_drone_bringup:/home/jagadeesh/ros_ws/install/sjtu_drone_control:/home/jagadeesh/ros_ws/install/sjtu_drone_bringup:/opt/ros/humble /usr/bin/cmake /home/jagadeesh/ros2_ws/src/drones_ROS2/sjtu_drone/sjtu_drone_description -DCMAKE_INSTALL_PREFIX=/home/jagadeesh/ros2_ws/install/sjtu_drone_description
[1.614s] Invoking command in '/home/jagadeesh/ros2_ws/build/sjtu_drone_description': CMAKE_PREFIX_PATH=${CMAKE_PREFIX_PATH}:/home/jagadeesh/ros2_ws/install/sjtu_drone_bringup:/home/jagadeesh/ros_ws/install/sjtu_drone_control:/home/jagadeesh/ros_ws/install/sjtu_drone_bringup:/opt/ros/humble /usr/bin/cmake --build /home/jagadeesh/ros2_ws/build/sjtu_drone_description -- -j20 -l20
[1.642s] [ 66%] [32mBuilding CXX object CMakeFiles/plugin_drone.dir/src/pid_controller.cpp.o[0m
[1.642s] [ 66%] [32mBuilding CXX object CMakeFiles/plugin_drone.dir/src/plugin_drone.cpp.o[0m
[15.559s] [100%] [32m[1mLinking CXX shared library /home/jagadeesh/ros2_ws/src/drones_ROS2/sjtu_drone/sjtu_drone_description/plugins/libplugin_drone.so[0m
[16.334s] [100%] Built target plugin_drone
[16.340s] Invoked command in '/home/jagadeesh/ros2_ws/build/sjtu_drone_description' returned '0': CMAKE_PREFIX_PATH=${CMAKE_PREFIX_PATH}:/home/jagadeesh/ros2_ws/install/sjtu_drone_bringup:/home/jagadeesh/ros_ws/install/sjtu_drone_control:/home/jagadeesh/ros_ws/install/sjtu_drone_bringup:/opt/ros/humble /usr/bin/cmake --build /home/jagadeesh/ros2_ws/build/sjtu_drone_description -- -j20 -l20
[16.360s] Invoking command in '/home/jagadeesh/ros2_ws/build/sjtu_drone_description': CMAKE_PREFIX_PATH=${CMAKE_PREFIX_PATH}:/home/jagadeesh/ros2_ws/install/sjtu_drone_bringup:/home/jagadeesh/ros_ws/install/sjtu_drone_control:/home/jagadeesh/ros_ws/install/sjtu_drone_bringup:/opt/ros/humble /usr/bin/cmake --install /home/jagadeesh/ros2_ws/build/sjtu_drone_description
[16.371s] -- Install configuration: ""
[16.371s] -- Up-to-date: /home/jagadeesh/ros2_ws/install/sjtu_drone_description/include
[16.371s] -- Up-to-date: /home/jagadeesh/ros2_ws/install/sjtu_drone_description/include/plugin_drone.h
[16.371s] -- Up-to-date: /home/jagadeesh/ros2_ws/install/sjtu_drone_description/include/pid_controller.h
[16.371s] -- Installing: /home/jagadeesh/ros2_ws/install/sjtu_drone_description/lib/libplugin_drone.so
[16.386s] -- Set runtime path of "/home/jagadeesh/ros2_ws/install/sjtu_drone_description/lib/libplugin_drone.so" to ""
[16.386s] -- Up-to-date: /home/jagadeesh/ros2_ws/install/sjtu_drone_description/share/sjtu_drone_description/environment/library_path.sh
[16.386s] -- Installing: /home/jagadeesh/ros2_ws/install/sjtu_drone_description/share/sjtu_drone_description/environment/library_path.dsv
[16.386s] -- Up-to-date: /home/jagadeesh/ros2_ws/install/sjtu_drone_description/share/sjtu_drone_description/models
[16.386s] -- Up-to-date: /home/jagadeesh/ros2_ws/install/sjtu_drone_description/share/sjtu_drone_description/models/sjtu_drone
[16.386s] -- Up-to-date: /home/jagadeesh/ros2_ws/install/sjtu_drone_description/share/sjtu_drone_description/models/sjtu_drone/quadrotor_4.dae
[16.386s] -- Up-to-date: /home/jagadeesh/ros2_ws/install/sjtu_drone_description/share/sjtu_drone_description/models/sjtu_drone/model.config
[16.386s] -- Up-to-date: /home/jagadeesh/ros2_ws/install/sjtu_drone_description/share/sjtu_drone_description/models/sjtu_drone/quadrotor_4.stl
[16.387s] -- Up-to-date: /home/jagadeesh/ros2_ws/install/sjtu_drone_description/share/sjtu_drone_description/models/sjtu_drone/sjtu_drone.sdf
[16.387s] -- Up-to-date: /home/jagadeesh/ros2_ws/install/sjtu_drone_description/share/sjtu_drone_description/models/database.config
[16.387s] -- Up-to-date: /home/jagadeesh/ros2_ws/install/sjtu_drone_description/share/sjtu_drone_description/urdf
[16.387s] -- Up-to-date: /home/jagadeesh/ros2_ws/install/sjtu_drone_description/share/sjtu_drone_description/urdf/sjtu_drone.urdf
[16.387s] -- Up-to-date: /home/jagadeesh/ros2_ws/install/sjtu_drone_description/share/sjtu_drone_description/urdf/sjtu_drone.urdf.xacro
[16.387s] -- Up-to-date: /home/jagadeesh/ros2_ws/install/sjtu_drone_description/share/sjtu_drone_description/worlds
[16.387s] -- Up-to-date: /home/jagadeesh/ros2_ws/install/sjtu_drone_description/share/sjtu_drone_description/worlds/gazebo_ros_diff_drive_demo.world
[16.387s] -- Up-to-date: /home/jagadeesh/ros2_ws/install/sjtu_drone_description/share/sjtu_drone_description/worlds/empty.world
[16.387s] -- Up-to-date: /home/jagadeesh/ros2_ws/install/sjtu_drone_description/share/sjtu_drone_description/worlds/playground.world
[16.387s] -- Installing: /home/jagadeesh/ros2_ws/install/sjtu_drone_description/share/ament_index/resource_index/package_run_dependencies/sjtu_drone_description
[16.387s] -- Installing: /home/jagadeesh/ros2_ws/install/sjtu_drone_description/share/ament_index/resource_index/parent_prefix_path/sjtu_drone_description
[16.387s] -- Up-to-date: /home/jagadeesh/ros2_ws/install/sjtu_drone_description/share/sjtu_drone_description/environment/ament_prefix_path.sh
[16.387s] -- Installing: /home/jagadeesh/ros2_ws/install/sjtu_drone_description/share/sjtu_drone_description/environment/ament_prefix_path.dsv
[16.387s] -- Up-to-date: /home/jagadeesh/ros2_ws/install/sjtu_drone_description/share/sjtu_drone_description/environment/path.sh
[16.387s] -- Installing: /home/jagadeesh/ros2_ws/install/sjtu_drone_description/share/sjtu_drone_description/environment/path.dsv
[16.387s] -- Installing: /home/jagadeesh/ros2_ws/install/sjtu_drone_description/share/sjtu_drone_description/local_setup.bash
[16.387s] -- Installing: /home/jagadeesh/ros2_ws/install/sjtu_drone_description/share/sjtu_drone_description/local_setup.sh
[16.387s] -- Installing: /home/jagadeesh/ros2_ws/install/sjtu_drone_description/share/sjtu_drone_description/local_setup.zsh
[16.387s] -- Installing: /home/jagadeesh/ros2_ws/install/sjtu_drone_description/share/sjtu_drone_description/local_setup.dsv
[16.387s] -- Installing: /home/jagadeesh/ros2_ws/install/sjtu_drone_description/share/sjtu_drone_description/package.dsv
[16.387s] -- Installing: /home/jagadeesh/ros2_ws/install/sjtu_drone_description/share/ament_index/resource_index/packages/sjtu_drone_description
[16.387s] -- Installing: /home/jagadeesh/ros2_ws/install/sjtu_drone_description/share/sjtu_drone_description/cmake/export_sjtu_drone_descriptionExport.cmake
[16.387s] -- Installing: /home/jagadeesh/ros2_ws/install/sjtu_drone_description/share/sjtu_drone_description/cmake/export_sjtu_drone_descriptionExport-noconfig.cmake
[16.387s] -- Installing: /home/jagadeesh/ros2_ws/install/sjtu_drone_description/share/sjtu_drone_description/cmake/ament_cmake_export_include_directories-extras.cmake
[16.387s] -- Installing: /home/jagadeesh/ros2_ws/install/sjtu_drone_description/share/sjtu_drone_description/cmake/ament_cmake_export_libraries-extras.cmake
[16.387s] -- Installing: /home/jagadeesh/ros2_ws/install/sjtu_drone_description/share/sjtu_drone_description/cmake/ament_cmake_export_targets-extras.cmake
[16.387s] -- Installing: /home/jagadeesh/ros2_ws/install/sjtu_drone_description/share/sjtu_drone_description/cmake/sjtu_drone_descriptionConfig.cmake
[16.387s] -- Installing: /home/jagadeesh/ros2_ws/install/sjtu_drone_description/share/sjtu_drone_description/cmake/sjtu_drone_descriptionConfig-version.cmake
[16.387s] -- Up-to-date: /home/jagadeesh/ros2_ws/install/sjtu_drone_description/share/sjtu_drone_description/package.xml
[16.388s] Invoked command in '/home/jagadeesh/ros2_ws/build/sjtu_drone_description' returned '0': CMAKE_PREFIX_PATH=${CMAKE_PREFIX_PATH}:/home/jagadeesh/ros2_ws/install/sjtu_drone_bringup:/home/jagadeesh/ros_ws/install/sjtu_drone_control:/home/jagadeesh/ros_ws/install/sjtu_drone_bringup:/opt/ros/humble /usr/bin/cmake --install /home/jagadeesh/ros2_ws/build/sjtu_drone_description
