[0.013s] Invoking command in '/home/jagadeesh/ros2_ws/build/drive_drone': CMAKE_PREFIX_PATH=/opt/ros/humble /usr/bin/cmake --build /home/jagadeesh/ros2_ws/build/drive_drone -- -j20 -l20
[0.281s] [ 50%] Built target p1_a_drive_node
[0.281s] [100%] Built target p1_b_tb3_follower
[0.284s] Invoked command in '/home/jagadeesh/ros2_ws/build/drive_drone' returned '0': CMAKE_PREFIX_PATH=/opt/ros/humble /usr/bin/cmake --build /home/jagadeesh/ros2_ws/build/drive_drone -- -j20 -l20
[0.306s] Invoking command in '/home/jagadeesh/ros2_ws/build/drive_drone': CMAKE_PREFIX_PATH=/opt/ros/humble /usr/bin/cmake --install /home/jagadeesh/ros2_ws/build/drive_drone
[0.312s] -- Install configuration: ""
[0.312s] -- Up-to-date: /home/jagadeesh/ros2_ws/install/drive_drone/lib/drive_drone/p1_a_drive_node
[0.312s] -- Up-to-date: /home/jagadeesh/ros2_ws/install/drive_drone/lib/drive_drone/p1_b_tb3_follower
[0.312s] -- Up-to-date: /home/jagadeesh/ros2_ws/install/drive_drone/share/drive_drone//launch
[0.312s] -- Up-to-date: /home/jagadeesh/ros2_ws/install/drive_drone/share/drive_drone//launch/p1_a_drone_fly_gazebo_rviz.launch.py
[0.312s] -- Up-to-date: /home/jagadeesh/ros2_ws/install/drive_drone/share/drive_drone//launch/p1_b_tb3_drone_gazebo.launch.py
[0.312s] -- Up-to-date: /home/jagadeesh/ros2_ws/install/drive_drone/share/ament_index/resource_index/package_run_dependencies/drive_drone
[0.312s] -- Up-to-date: /home/jagadeesh/ros2_ws/install/drive_drone/share/ament_index/resource_index/parent_prefix_path/drive_drone
[0.312s] -- Up-to-date: /home/jagadeesh/ros2_ws/install/drive_drone/share/drive_drone/environment/ament_prefix_path.sh
[0.312s] -- Up-to-date: /home/jagadeesh/ros2_ws/install/drive_drone/share/drive_drone/environment/ament_prefix_path.dsv
[0.312s] -- Up-to-date: /home/jagadeesh/ros2_ws/install/drive_drone/share/drive_drone/environment/path.sh
[0.312s] -- Up-to-date: /home/jagadeesh/ros2_ws/install/drive_drone/share/drive_drone/environment/path.dsv
[0.312s] -- Up-to-date: /home/jagadeesh/ros2_ws/install/drive_drone/share/drive_drone/local_setup.bash
[0.312s] -- Up-to-date: /home/jagadeesh/ros2_ws/install/drive_drone/share/drive_drone/local_setup.sh
[0.312s] -- Up-to-date: /home/jagadeesh/ros2_ws/install/drive_drone/share/drive_drone/local_setup.zsh
[0.312s] -- Up-to-date: /home/jagadeesh/ros2_ws/install/drive_drone/share/drive_drone/local_setup.dsv
[0.312s] -- Installing: /home/jagadeesh/ros2_ws/install/drive_drone/share/drive_drone/package.dsv
[0.312s] -- Up-to-date: /home/jagadeesh/ros2_ws/install/drive_drone/share/ament_index/resource_index/packages/drive_drone
[0.313s] -- Up-to-date: /home/jagadeesh/ros2_ws/install/drive_drone/share/drive_drone/cmake/drive_droneConfig.cmake
[0.313s] -- Up-to-date: /home/jagadeesh/ros2_ws/install/drive_drone/share/drive_drone/cmake/drive_droneConfig-version.cmake
[0.313s] -- Up-to-date: /home/jagadeesh/ros2_ws/install/drive_drone/share/drive_drone/package.xml
[0.319s] Invoked command in '/home/jagadeesh/ros2_ws/build/drive_drone' returned '0': CMAKE_PREFIX_PATH=/opt/ros/humble /usr/bin/cmake --install /home/jagadeesh/ros2_ws/build/drive_drone
