[0.472s] Invoking command in '/home/jagadeesh/ros2_ws/build/minimal_diff_drive_robot': CMAKE_PREFIX_PATH=/opt/ros/humble /usr/bin/cmake --build /home/jagadeesh/ros2_ws/build/minimal_diff_drive_robot -- -j20 -l20
[1.307s] Invoked command in '/home/jagadeesh/ros2_ws/build/minimal_diff_drive_robot' returned '0': CMAKE_PREFIX_PATH=/opt/ros/humble /usr/bin/cmake --build /home/jagadeesh/ros2_ws/build/minimal_diff_drive_robot -- -j20 -l20
[1.356s] Invoking command in '/home/jagadeesh/ros2_ws/build/minimal_diff_drive_robot': CMAKE_PREFIX_PATH=/opt/ros/humble /usr/bin/cmake --install /home/jagadeesh/ros2_ws/build/minimal_diff_drive_robot
[1.372s] -- Install configuration: ""
[1.389s] -- Up-to-date: /home/jagadeesh/ros2_ws/install/minimal_diff_drive_robot/share/minimal_diff_drive_robot/launch
[1.422s] -- Up-to-date: /home/jagadeesh/ros2_ws/install/minimal_diff_drive_robot/share/minimal_diff_drive_robot/launch/gazebo_and_rviz.launch.xml
[1.422s] -- Up-to-date: /home/jagadeesh/ros2_ws/install/minimal_diff_drive_robot/share/minimal_diff_drive_robot/launch/gazebo_and_rviz.launch.py
[1.422s] -- Up-to-date: /home/jagadeesh/ros2_ws/install/minimal_diff_drive_robot/share/minimal_diff_drive_robot/urdf
[1.427s] -- Up-to-date: /home/jagadeesh/ros2_ws/install/minimal_diff_drive_robot/share/minimal_diff_drive_robot/urdf/minimal_diff_drive_robot.urdf
[1.427s] -- Up-to-date: /home/jagadeesh/ros2_ws/install/minimal_diff_drive_robot/share/minimal_diff_drive_robot/config
[1.438s] -- Up-to-date: /home/jagadeesh/ros2_ws/install/minimal_diff_drive_robot/share/minimal_diff_drive_robot/config/robot.rviz
[1.459s] -- Up-to-date: /home/jagadeesh/ros2_ws/install/minimal_diff_drive_robot/share/ament_index/resource_index/package_run_dependencies/minimal_diff_drive_robot
[1.463s] -- Up-to-date: /home/jagadeesh/ros2_ws/install/minimal_diff_drive_robot/share/ament_index/resource_index/parent_prefix_path/minimal_diff_drive_robot
[1.467s] -- Up-to-date: /home/jagadeesh/ros2_ws/install/minimal_diff_drive_robot/share/minimal_diff_drive_robot/environment/ament_prefix_path.sh
[1.467s] -- Up-to-date: /home/jagadeesh/ros2_ws/install/minimal_diff_drive_robot/share/minimal_diff_drive_robot/environment/ament_prefix_path.dsv
[1.468s] -- Up-to-date: /home/jagadeesh/ros2_ws/install/minimal_diff_drive_robot/share/minimal_diff_drive_robot/environment/path.sh
[1.468s] -- Up-to-date: /home/jagadeesh/ros2_ws/install/minimal_diff_drive_robot/share/minimal_diff_drive_robot/environment/path.dsv
[1.468s] -- Up-to-date: /home/jagadeesh/ros2_ws/install/minimal_diff_drive_robot/share/minimal_diff_drive_robot/local_setup.bash
[1.468s] -- Up-to-date: /home/jagadeesh/ros2_ws/install/minimal_diff_drive_robot/share/minimal_diff_drive_robot/local_setup.sh
[1.468s] -- Up-to-date: /home/jagadeesh/ros2_ws/install/minimal_diff_drive_robot/share/minimal_diff_drive_robot/local_setup.zsh
[1.468s] -- Up-to-date: /home/jagadeesh/ros2_ws/install/minimal_diff_drive_robot/share/minimal_diff_drive_robot/local_setup.dsv
[1.468s] -- Installing: /home/jagadeesh/ros2_ws/install/minimal_diff_drive_robot/share/minimal_diff_drive_robot/package.dsv
[1.476s] -- Up-to-date: /home/jagadeesh/ros2_ws/install/minimal_diff_drive_robot/share/ament_index/resource_index/packages/minimal_diff_drive_robot
[1.482s] -- Up-to-date: /home/jagadeesh/ros2_ws/install/minimal_diff_drive_robot/share/minimal_diff_drive_robot/cmake/minimal_diff_drive_robotConfig.cmake
[1.482s] -- Up-to-date: /home/jagadeesh/ros2_ws/install/minimal_diff_drive_robot/share/minimal_diff_drive_robot/cmake/minimal_diff_drive_robotConfig-version.cmake
[1.482s] -- Up-to-date: /home/jagadeesh/ros2_ws/install/minimal_diff_drive_robot/share/minimal_diff_drive_robot/package.xml
[1.485s] Invoked command in '/home/jagadeesh/ros2_ws/build/minimal_diff_drive_robot' returned '0': CMAKE_PREFIX_PATH=/opt/ros/humble /usr/bin/cmake --install /home/jagadeesh/ros2_ws/build/minimal_diff_drive_robot
