[0.240s] DEBUG:colcon:Command line arguments: ['/home/ankur/.local/bin/colcon', 'build']
[0.240s] DEBUG:colcon:Parsed command line arguments: Namespace(log_base=None, log_level=None, verb_name='build', build_base='build', install_base='install', merge_install=False, symlink_install=False, test_result_base=None, continue_on_error=False, executor='parallel', parallel_workers=4, event_handlers=None, ignore_user_meta=False, metas=['./colcon.meta'], base_paths=['.'], packages_ignore=None, packages_ignore_regex=None, paths=None, packages_up_to=None, packages_up_to_regex=None, packages_above=None, packages_above_and_dependencies=None, packages_above_depth=None, packages_select_by_dep=None, packages_skip_by_dep=None, packages_skip_up_to=None, packages_select_build_failed=False, packages_skip_build_finished=False, packages_select_test_failures=False, packages_skip_test_passed=False, packages_select=None, packages_skip=None, packages_select_regex=None, packages_skip_regex=None, packages_start=None, packages_end=None, allow_overriding=[], cmake_args=None, cmake_target=None, cmake_target_skip_unavailable=False, cmake_clean_cache=False, cmake_clean_first=False, cmake_force_configure=False, ament_cmake_args=None, catkin_cmake_args=None, catkin_skip_building_tests=False, verb_parser=<colcon_defaults.argument_parser.defaults.DefaultArgumentsDecorator object at 0x719de5702620>, verb_extension=<colcon_core.verb.build.BuildVerb object at 0x719de5702020>, main=<bound method BuildVerb.main of <colcon_core.verb.build.BuildVerb object at 0x719de5702020>>)
[0.470s] Level 1:colcon.colcon_core.package_discovery:discover_packages(colcon_meta) check parameters
[0.470s] Level 1:colcon.colcon_core.package_discovery:discover_packages(recursive) check parameters
[0.470s] Level 1:colcon.colcon_core.package_discovery:discover_packages(ignore) check parameters
[0.470s] Level 1:colcon.colcon_core.package_discovery:discover_packages(path) check parameters
[0.470s] Level 1:colcon.colcon_core.package_discovery:discover_packages(colcon_meta) discover
[0.470s] Level 1:colcon.colcon_core.package_discovery:discover_packages(recursive) discover
[0.470s] INFO:colcon.colcon_core.package_discovery:Crawling recursively for packages in '/home/ankur/ros2_ws'
[0.470s] Level 1:colcon.colcon_core.package_identification:_identify(.) by extensions ['ignore', 'ignore_ament_install']
[0.470s] Level 1:colcon.colcon_core.package_identification:_identify(.) by extension 'ignore'
[0.470s] Level 1:colcon.colcon_core.package_identification:_identify(.) by extension 'ignore_ament_install'
[0.470s] Level 1:colcon.colcon_core.package_identification:_identify(.) by extensions ['colcon_pkg']
[0.470s] Level 1:colcon.colcon_core.package_identification:_identify(.) by extension 'colcon_pkg'
[0.471s] Level 1:colcon.colcon_core.package_identification:_identify(.) by extensions ['colcon_meta']
[0.471s] Level 1:colcon.colcon_core.package_identification:_identify(.) by extension 'colcon_meta'
[0.471s] Level 1:colcon.colcon_core.package_identification:_identify(.) by extensions ['ros']
[0.471s] Level 1:colcon.colcon_core.package_identification:_identify(.) by extension 'ros'
[0.487s] Level 1:colcon.colcon_core.package_identification:_identify(.) by extensions ['cmake', 'python']
[0.488s] Level 1:colcon.colcon_core.package_identification:_identify(.) by extension 'cmake'
[0.488s] Level 1:colcon.colcon_core.package_identification:_identify(.) by extension 'python'
[0.488s] Level 1:colcon.colcon_core.package_identification:_identify(.) by extensions ['python_setup_py']
[0.488s] Level 1:colcon.colcon_core.package_identification:_identify(.) by extension 'python_setup_py'
[0.488s] Level 1:colcon.colcon_core.package_identification:_identify(build) by extensions ['ignore', 'ignore_ament_install']
[0.488s] Level 1:colcon.colcon_core.package_identification:_identify(build) by extension 'ignore'
[0.488s] Level 1:colcon.colcon_core.package_identification:_identify(build) ignored
[0.488s] Level 1:colcon.colcon_core.package_identification:_identify(install) by extensions ['ignore', 'ignore_ament_install']
[0.489s] Level 1:colcon.colcon_core.package_identification:_identify(install) by extension 'ignore'
[0.489s] Level 1:colcon.colcon_core.package_identification:_identify(install) ignored
[0.489s] Level 1:colcon.colcon_core.package_identification:_identify(log) by extensions ['ignore', 'ignore_ament_install']
[0.489s] Level 1:colcon.colcon_core.package_identification:_identify(log) by extension 'ignore'
[0.489s] Level 1:colcon.colcon_core.package_identification:_identify(log) ignored
[0.489s] Level 1:colcon.colcon_core.package_identification:_identify(src) by extensions ['ignore', 'ignore_ament_install']
[0.490s] Level 1:colcon.colcon_core.package_identification:_identify(src) by extension 'ignore'
[0.490s] Level 1:colcon.colcon_core.package_identification:_identify(src) by extension 'ignore_ament_install'
[0.490s] Level 1:colcon.colcon_core.package_identification:_identify(src) by extensions ['colcon_pkg']
[0.490s] Level 1:colcon.colcon_core.package_identification:_identify(src) by extension 'colcon_pkg'
[0.490s] Level 1:colcon.colcon_core.package_identification:_identify(src) by extensions ['colcon_meta']
[0.490s] Level 1:colcon.colcon_core.package_identification:_identify(src) by extension 'colcon_meta'
[0.490s] Level 1:colcon.colcon_core.package_identification:_identify(src) by extensions ['ros']
[0.490s] Level 1:colcon.colcon_core.package_identification:_identify(src) by extension 'ros'
[0.490s] Level 1:colcon.colcon_core.package_identification:_identify(src) by extensions ['cmake', 'python']
[0.490s] Level 1:colcon.colcon_core.package_identification:_identify(src) by extension 'cmake'
[0.490s] Level 1:colcon.colcon_core.package_identification:_identify(src) by extension 'python'
[0.490s] Level 1:colcon.colcon_core.package_identification:_identify(src) by extensions ['python_setup_py']
[0.490s] Level 1:colcon.colcon_core.package_identification:_identify(src) by extension 'python_setup_py'
[0.490s] Level 1:colcon.colcon_core.package_identification:_identify(src/drones_ROS2) by extensions ['ignore', 'ignore_ament_install']
[0.490s] Level 1:colcon.colcon_core.package_identification:_identify(src/drones_ROS2) by extension 'ignore'
[0.490s] Level 1:colcon.colcon_core.package_identification:_identify(src/drones_ROS2) by extension 'ignore_ament_install'
[0.491s] Level 1:colcon.colcon_core.package_identification:_identify(src/drones_ROS2) by extensions ['colcon_pkg']
[0.491s] Level 1:colcon.colcon_core.package_identification:_identify(src/drones_ROS2) by extension 'colcon_pkg'
[0.491s] Level 1:colcon.colcon_core.package_identification:_identify(src/drones_ROS2) by extensions ['colcon_meta']
[0.491s] Level 1:colcon.colcon_core.package_identification:_identify(src/drones_ROS2) by extension 'colcon_meta'
[0.491s] Level 1:colcon.colcon_core.package_identification:_identify(src/drones_ROS2) by extensions ['ros']
[0.491s] Level 1:colcon.colcon_core.package_identification:_identify(src/drones_ROS2) by extension 'ros'
[0.491s] Level 1:colcon.colcon_core.package_identification:_identify(src/drones_ROS2) by extensions ['cmake', 'python']
[0.491s] Level 1:colcon.colcon_core.package_identification:_identify(src/drones_ROS2) by extension 'cmake'
[0.491s] Level 1:colcon.colcon_core.package_identification:_identify(src/drones_ROS2) by extension 'python'
[0.491s] Level 1:colcon.colcon_core.package_identification:_identify(src/drones_ROS2) by extensions ['python_setup_py']
[0.491s] Level 1:colcon.colcon_core.package_identification:_identify(src/drones_ROS2) by extension 'python_setup_py'
[0.491s] Level 1:colcon.colcon_core.package_identification:_identify(src/drones_ROS2/drive_drone) by extensions ['ignore', 'ignore_ament_install']
[0.491s] Level 1:colcon.colcon_core.package_identification:_identify(src/drones_ROS2/drive_drone) by extension 'ignore'
[0.491s] Level 1:colcon.colcon_core.package_identification:_identify(src/drones_ROS2/drive_drone) by extension 'ignore_ament_install'
[0.492s] Level 1:colcon.colcon_core.package_identification:_identify(src/drones_ROS2/drive_drone) by extensions ['colcon_pkg']
[0.492s] Level 1:colcon.colcon_core.package_identification:_identify(src/drones_ROS2/drive_drone) by extension 'colcon_pkg'
[0.492s] Level 1:colcon.colcon_core.package_identification:_identify(src/drones_ROS2/drive_drone) by extensions ['colcon_meta']
[0.492s] Level 1:colcon.colcon_core.package_identification:_identify(src/drones_ROS2/drive_drone) by extension 'colcon_meta'
[0.492s] Level 1:colcon.colcon_core.package_identification:_identify(src/drones_ROS2/drive_drone) by extensions ['ros']
[0.492s] Level 1:colcon.colcon_core.package_identification:_identify(src/drones_ROS2/drive_drone) by extension 'ros'
[0.495s] DEBUG:colcon.colcon_core.package_identification:Package 'src/drones_ROS2/drive_drone' with type 'ros.ament_cmake' and name 'drive_drone'
[0.495s] Level 1:colcon.colcon_core.package_identification:_identify(src/drones_ROS2/ibvs) by extensions ['ignore', 'ignore_ament_install']
[0.495s] Level 1:colcon.colcon_core.package_identification:_identify(src/drones_ROS2/ibvs) by extension 'ignore'
[0.495s] Level 1:colcon.colcon_core.package_identification:_identify(src/drones_ROS2/ibvs) by extension 'ignore_ament_install'
[0.496s] Level 1:colcon.colcon_core.package_identification:_identify(src/drones_ROS2/ibvs) by extensions ['colcon_pkg']
[0.496s] Level 1:colcon.colcon_core.package_identification:_identify(src/drones_ROS2/ibvs) by extension 'colcon_pkg'
[0.496s] Level 1:colcon.colcon_core.package_identification:_identify(src/drones_ROS2/ibvs) by extensions ['colcon_meta']
[0.496s] Level 1:colcon.colcon_core.package_identification:_identify(src/drones_ROS2/ibvs) by extension 'colcon_meta'
[0.496s] Level 1:colcon.colcon_core.package_identification:_identify(src/drones_ROS2/ibvs) by extensions ['ros']
[0.496s] Level 1:colcon.colcon_core.package_identification:_identify(src/drones_ROS2/ibvs) by extension 'ros'
[0.496s] DEBUG:colcon.colcon_core.package_identification:Package 'src/drones_ROS2/ibvs' with type 'ros.ament_python' and name 'ibvs'
[0.497s] Level 1:colcon.colcon_core.package_identification:_identify(src/drones_ROS2/sjtu_drone) by extensions ['ignore', 'ignore_ament_install']
[0.497s] Level 1:colcon.colcon_core.package_identification:_identify(src/drones_ROS2/sjtu_drone) by extension 'ignore'
[0.497s] Level 1:colcon.colcon_core.package_identification:_identify(src/drones_ROS2/sjtu_drone) by extension 'ignore_ament_install'
[0.497s] Level 1:colcon.colcon_core.package_identification:_identify(src/drones_ROS2/sjtu_drone) by extensions ['colcon_pkg']
[0.497s] Level 1:colcon.colcon_core.package_identification:_identify(src/drones_ROS2/sjtu_drone) by extension 'colcon_pkg'
[0.497s] Level 1:colcon.colcon_core.package_identification:_identify(src/drones_ROS2/sjtu_drone) by extensions ['colcon_meta']
[0.497s] Level 1:colcon.colcon_core.package_identification:_identify(src/drones_ROS2/sjtu_drone) by extension 'colcon_meta'
[0.497s] Level 1:colcon.colcon_core.package_identification:_identify(src/drones_ROS2/sjtu_drone) by extensions ['ros']
[0.497s] Level 1:colcon.colcon_core.package_identification:_identify(src/drones_ROS2/sjtu_drone) by extension 'ros'
[0.497s] Level 1:colcon.colcon_core.package_identification:_identify(src/drones_ROS2/sjtu_drone) by extensions ['cmake', 'python']
[0.497s] Level 1:colcon.colcon_core.package_identification:_identify(src/drones_ROS2/sjtu_drone) by extension 'cmake'
[0.497s] Level 1:colcon.colcon_core.package_identification:_identify(src/drones_ROS2/sjtu_drone) by extension 'python'
[0.497s] Level 1:colcon.colcon_core.package_identification:_identify(src/drones_ROS2/sjtu_drone) by extensions ['python_setup_py']
[0.497s] Level 1:colcon.colcon_core.package_identification:_identify(src/drones_ROS2/sjtu_drone) by extension 'python_setup_py'
[0.498s] Level 1:colcon.colcon_core.package_identification:_identify(src/drones_ROS2/sjtu_drone/imgs) by extensions ['ignore', 'ignore_ament_install']
[0.498s] Level 1:colcon.colcon_core.package_identification:_identify(src/drones_ROS2/sjtu_drone/imgs) by extension 'ignore'
[0.498s] Level 1:colcon.colcon_core.package_identification:_identify(src/drones_ROS2/sjtu_drone/imgs) by extension 'ignore_ament_install'
[0.498s] Level 1:colcon.colcon_core.package_identification:_identify(src/drones_ROS2/sjtu_drone/imgs) by extensions ['colcon_pkg']
[0.498s] Level 1:colcon.colcon_core.package_identification:_identify(src/drones_ROS2/sjtu_drone/imgs) by extension 'colcon_pkg'
[0.498s] Level 1:colcon.colcon_core.package_identification:_identify(src/drones_ROS2/sjtu_drone/imgs) by extensions ['colcon_meta']
[0.498s] Level 1:colcon.colcon_core.package_identification:_identify(src/drones_ROS2/sjtu_drone/imgs) by extension 'colcon_meta'
[0.498s] Level 1:colcon.colcon_core.package_identification:_identify(src/drones_ROS2/sjtu_drone/imgs) by extensions ['ros']
[0.498s] Level 1:colcon.colcon_core.package_identification:_identify(src/drones_ROS2/sjtu_drone/imgs) by extension 'ros'
[0.499s] Level 1:colcon.colcon_core.package_identification:_identify(src/drones_ROS2/sjtu_drone/imgs) by extensions ['cmake', 'python']
[0.499s] Level 1:colcon.colcon_core.package_identification:_identify(src/drones_ROS2/sjtu_drone/imgs) by extension 'cmake'
[0.499s] Level 1:colcon.colcon_core.package_identification:_identify(src/drones_ROS2/sjtu_drone/imgs) by extension 'python'
[0.499s] Level 1:colcon.colcon_core.package_identification:_identify(src/drones_ROS2/sjtu_drone/imgs) by extensions ['python_setup_py']
[0.499s] Level 1:colcon.colcon_core.package_identification:_identify(src/drones_ROS2/sjtu_drone/imgs) by extension 'python_setup_py'
[0.499s] Level 1:colcon.colcon_core.package_identification:_identify(src/drones_ROS2/sjtu_drone/sjtu_drone_bringup) by extensions ['ignore', 'ignore_ament_install']
[0.499s] Level 1:colcon.colcon_core.package_identification:_identify(src/drones_ROS2/sjtu_drone/sjtu_drone_bringup) by extension 'ignore'
[0.499s] Level 1:colcon.colcon_core.package_identification:_identify(src/drones_ROS2/sjtu_drone/sjtu_drone_bringup) by extension 'ignore_ament_install'
[0.499s] Level 1:colcon.colcon_core.package_identification:_identify(src/drones_ROS2/sjtu_drone/sjtu_drone_bringup) by extensions ['colcon_pkg']
[0.499s] Level 1:colcon.colcon_core.package_identification:_identify(src/drones_ROS2/sjtu_drone/sjtu_drone_bringup) by extension 'colcon_pkg'
[0.499s] Level 1:colcon.colcon_core.package_identification:_identify(src/drones_ROS2/sjtu_drone/sjtu_drone_bringup) by extensions ['colcon_meta']
[0.499s] Level 1:colcon.colcon_core.package_identification:_identify(src/drones_ROS2/sjtu_drone/sjtu_drone_bringup) by extension 'colcon_meta'
[0.499s] Level 1:colcon.colcon_core.package_identification:_identify(src/drones_ROS2/sjtu_drone/sjtu_drone_bringup) by extensions ['ros']
[0.499s] Level 1:colcon.colcon_core.package_identification:_identify(src/drones_ROS2/sjtu_drone/sjtu_drone_bringup) by extension 'ros'
[0.500s] DEBUG:colcon.colcon_core.package_identification:Package 'src/drones_ROS2/sjtu_drone/sjtu_drone_bringup' with type 'ros.ament_python' and name 'sjtu_drone_bringup'
[0.501s] Level 1:colcon.colcon_core.package_identification:_identify(src/drones_ROS2/sjtu_drone/sjtu_drone_description) by extensions ['ignore', 'ignore_ament_install']
[0.501s] Level 1:colcon.colcon_core.package_identification:_identify(src/drones_ROS2/sjtu_drone/sjtu_drone_description) by extension 'ignore'
[0.501s] Level 1:colcon.colcon_core.package_identification:_identify(src/drones_ROS2/sjtu_drone/sjtu_drone_description) by extension 'ignore_ament_install'
[0.501s] Level 1:colcon.colcon_core.package_identification:_identify(src/drones_ROS2/sjtu_drone/sjtu_drone_description) by extensions ['colcon_pkg']
[0.501s] Level 1:colcon.colcon_core.package_identification:_identify(src/drones_ROS2/sjtu_drone/sjtu_drone_description) by extension 'colcon_pkg'
[0.501s] Level 1:colcon.colcon_core.package_identification:_identify(src/drones_ROS2/sjtu_drone/sjtu_drone_description) by extensions ['colcon_meta']
[0.501s] Level 1:colcon.colcon_core.package_identification:_identify(src/drones_ROS2/sjtu_drone/sjtu_drone_description) by extension 'colcon_meta'
[0.501s] Level 1:colcon.colcon_core.package_identification:_identify(src/drones_ROS2/sjtu_drone/sjtu_drone_description) by extensions ['ros']
[0.501s] Level 1:colcon.colcon_core.package_identification:_identify(src/drones_ROS2/sjtu_drone/sjtu_drone_description) by extension 'ros'
[0.502s] DEBUG:colcon.colcon_core.package_identification:Package 'src/drones_ROS2/sjtu_drone/sjtu_drone_description' with type 'ros.ament_cmake' and name 'sjtu_drone_description'
[0.502s] Level 1:colcon.colcon_core.package_discovery:discover_packages(recursive) using defaults
[0.502s] Level 1:colcon.colcon_core.package_discovery:discover_packages(ignore) discover
[0.502s] Level 1:colcon.colcon_core.package_discovery:discover_packages(ignore) using defaults
[0.502s] Level 1:colcon.colcon_core.package_discovery:discover_packages(path) discover
[0.502s] Level 1:colcon.colcon_core.package_discovery:discover_packages(path) using defaults
[0.531s] Level 1:colcon.colcon_core.package_discovery:discover_packages(prefix_path) check parameters
[0.531s] Level 1:colcon.colcon_core.package_discovery:discover_packages(prefix_path) discover
[0.534s] DEBUG:colcon.colcon_installed_package_information.package_discovery:Found 4 installed packages in /home/ankur/ros2_ws/install
[0.534s] DEBUG:colcon.colcon_installed_package_information.package_discovery:Found 4 installed packages in /home/ankur/drone_ws/install
[0.536s] DEBUG:colcon.colcon_installed_package_information.package_discovery:Found 288 installed packages in /opt/ros/humble
[0.538s] Level 1:colcon.colcon_core.package_discovery:discover_packages(prefix_path) using defaults
[0.626s] Level 5:colcon.colcon_core.verb:set package 'drive_drone' build argument 'cmake_args' from command line to 'None'
[0.626s] Level 5:colcon.colcon_core.verb:set package 'drive_drone' build argument 'cmake_target' from command line to 'None'
[0.626s] Level 5:colcon.colcon_core.verb:set package 'drive_drone' build argument 'cmake_target_skip_unavailable' from command line to 'False'
[0.626s] Level 5:colcon.colcon_core.verb:set package 'drive_drone' build argument 'cmake_clean_cache' from command line to 'False'
[0.626s] Level 5:colcon.colcon_core.verb:set package 'drive_drone' build argument 'cmake_clean_first' from command line to 'False'
[0.626s] Level 5:colcon.colcon_core.verb:set package 'drive_drone' build argument 'cmake_force_configure' from command line to 'False'
[0.626s] Level 5:colcon.colcon_core.verb:set package 'drive_drone' build argument 'ament_cmake_args' from command line to 'None'
[0.626s] Level 5:colcon.colcon_core.verb:set package 'drive_drone' build argument 'catkin_cmake_args' from command line to 'None'
[0.626s] Level 5:colcon.colcon_core.verb:set package 'drive_drone' build argument 'catkin_skip_building_tests' from command line to 'False'
[0.626s] DEBUG:colcon.colcon_core.verb:Building package 'drive_drone' with the following arguments: {'ament_cmake_args': None, 'build_base': '/home/ankur/ros2_ws/build/drive_drone', 'catkin_cmake_args': None, 'catkin_skip_building_tests': False, 'cmake_args': None, 'cmake_clean_cache': False, 'cmake_clean_first': False, 'cmake_force_configure': False, 'cmake_target': None, 'cmake_target_skip_unavailable': False, 'install_base': '/home/ankur/ros2_ws/install/drive_drone', 'merge_install': False, 'path': '/home/ankur/ros2_ws/src/drones_ROS2/drive_drone', 'symlink_install': False, 'test_result_base': None}
[0.627s] Level 5:colcon.colcon_core.verb:set package 'ibvs' build argument 'cmake_args' from command line to 'None'
[0.627s] Level 5:colcon.colcon_core.verb:set package 'ibvs' build argument 'cmake_target' from command line to 'None'
[0.627s] Level 5:colcon.colcon_core.verb:set package 'ibvs' build argument 'cmake_target_skip_unavailable' from command line to 'False'
[0.627s] Level 5:colcon.colcon_core.verb:set package 'ibvs' build argument 'cmake_clean_cache' from command line to 'False'
[0.627s] Level 5:colcon.colcon_core.verb:set package 'ibvs' build argument 'cmake_clean_first' from command line to 'False'
[0.627s] Level 5:colcon.colcon_core.verb:set package 'ibvs' build argument 'cmake_force_configure' from command line to 'False'
[0.627s] Level 5:colcon.colcon_core.verb:set package 'ibvs' build argument 'ament_cmake_args' from command line to 'None'
[0.627s] Level 5:colcon.colcon_core.verb:set package 'ibvs' build argument 'catkin_cmake_args' from command line to 'None'
[0.627s] Level 5:colcon.colcon_core.verb:set package 'ibvs' build argument 'catkin_skip_building_tests' from command line to 'False'
[0.627s] DEBUG:colcon.colcon_core.verb:Building package 'ibvs' with the following arguments: {'ament_cmake_args': None, 'build_base': '/home/ankur/ros2_ws/build/ibvs', 'catkin_cmake_args': None, 'catkin_skip_building_tests': False, 'cmake_args': None, 'cmake_clean_cache': False, 'cmake_clean_first': False, 'cmake_force_configure': False, 'cmake_target': None, 'cmake_target_skip_unavailable': False, 'install_base': '/home/ankur/ros2_ws/install/ibvs', 'merge_install': False, 'path': '/home/ankur/ros2_ws/src/drones_ROS2/ibvs', 'symlink_install': False, 'test_result_base': None}
[0.627s] Level 5:colcon.colcon_core.verb:set package 'sjtu_drone_bringup' build argument 'cmake_args' from command line to 'None'
[0.627s] Level 5:colcon.colcon_core.verb:set package 'sjtu_drone_bringup' build argument 'cmake_target' from command line to 'None'
[0.628s] Level 5:colcon.colcon_core.verb:set package 'sjtu_drone_bringup' build argument 'cmake_target_skip_unavailable' from command line to 'False'
[0.628s] Level 5:colcon.colcon_core.verb:set package 'sjtu_drone_bringup' build argument 'cmake_clean_cache' from command line to 'False'
[0.628s] Level 5:colcon.colcon_core.verb:set package 'sjtu_drone_bringup' build argument 'cmake_clean_first' from command line to 'False'
[0.628s] Level 5:colcon.colcon_core.verb:set package 'sjtu_drone_bringup' build argument 'cmake_force_configure' from command line to 'False'
[0.628s] Level 5:colcon.colcon_core.verb:set package 'sjtu_drone_bringup' build argument 'ament_cmake_args' from command line to 'None'
[0.628s] Level 5:colcon.colcon_core.verb:set package 'sjtu_drone_bringup' build argument 'catkin_cmake_args' from command line to 'None'
[0.628s] Level 5:colcon.colcon_core.verb:set package 'sjtu_drone_bringup' build argument 'catkin_skip_building_tests' from command line to 'False'
[0.628s] DEBUG:colcon.colcon_core.verb:Building package 'sjtu_drone_bringup' with the following arguments: {'ament_cmake_args': None, 'build_base': '/home/ankur/ros2_ws/build/sjtu_drone_bringup', 'catkin_cmake_args': None, 'catkin_skip_building_tests': False, 'cmake_args': None, 'cmake_clean_cache': False, 'cmake_clean_first': False, 'cmake_force_configure': False, 'cmake_target': None, 'cmake_target_skip_unavailable': False, 'install_base': '/home/ankur/ros2_ws/install/sjtu_drone_bringup', 'merge_install': False, 'path': '/home/ankur/ros2_ws/src/drones_ROS2/sjtu_drone/sjtu_drone_bringup', 'symlink_install': False, 'test_result_base': None}
[0.628s] Level 5:colcon.colcon_core.verb:set package 'sjtu_drone_description' build argument 'cmake_args' from command line to 'None'
[0.628s] Level 5:colcon.colcon_core.verb:set package 'sjtu_drone_description' build argument 'cmake_target' from command line to 'None'
[0.628s] Level 5:colcon.colcon_core.verb:set package 'sjtu_drone_description' build argument 'cmake_target_skip_unavailable' from command line to 'False'
[0.628s] Level 5:colcon.colcon_core.verb:set package 'sjtu_drone_description' build argument 'cmake_clean_cache' from command line to 'False'
[0.628s] Level 5:colcon.colcon_core.verb:set package 'sjtu_drone_description' build argument 'cmake_clean_first' from command line to 'False'
[0.628s] Level 5:colcon.colcon_core.verb:set package 'sjtu_drone_description' build argument 'cmake_force_configure' from command line to 'False'
[0.628s] Level 5:colcon.colcon_core.verb:set package 'sjtu_drone_description' build argument 'ament_cmake_args' from command line to 'None'
[0.629s] Level 5:colcon.colcon_core.verb:set package 'sjtu_drone_description' build argument 'catkin_cmake_args' from command line to 'None'
[0.629s] Level 5:colcon.colcon_core.verb:set package 'sjtu_drone_description' build argument 'catkin_skip_building_tests' from command line to 'False'
[0.629s] DEBUG:colcon.colcon_core.verb:Building package 'sjtu_drone_description' with the following arguments: {'ament_cmake_args': None, 'build_base': '/home/ankur/ros2_ws/build/sjtu_drone_description', 'catkin_cmake_args': None, 'catkin_skip_building_tests': False, 'cmake_args': None, 'cmake_clean_cache': False, 'cmake_clean_first': False, 'cmake_force_configure': False, 'cmake_target': None, 'cmake_target_skip_unavailable': False, 'install_base': '/home/ankur/ros2_ws/install/sjtu_drone_description', 'merge_install': False, 'path': '/home/ankur/ros2_ws/src/drones_ROS2/sjtu_drone/sjtu_drone_description', 'symlink_install': False, 'test_result_base': None}
[0.629s] INFO:colcon.colcon_core.executor:Executing jobs using 'parallel' executor
[0.632s] DEBUG:colcon.colcon_parallel_executor.executor.parallel:run_until_complete
[0.632s] INFO:colcon.colcon_ros.task.ament_cmake.build:Building ROS package in '/home/ankur/ros2_ws/src/drones_ROS2/drive_drone' with build type 'ament_cmake'
[0.633s] INFO:colcon.colcon_cmake.task.cmake.build:Building CMake package in '/home/ankur/ros2_ws/src/drones_ROS2/drive_drone'
[0.637s] INFO:colcon.colcon_core.plugin_system:Skipping extension 'colcon_core.shell.bat': Not used on non-Windows systems
[0.637s] INFO:colcon.colcon_core.shell:Skip shell extension 'powershell' for command environment: Not usable outside of PowerShell
[0.637s] DEBUG:colcon.colcon_core.shell:Skip shell extension 'dsv' for command environment
[0.646s] INFO:colcon.colcon_ros.task.ament_python.build:Building ROS package in '/home/ankur/ros2_ws/src/drones_ROS2/ibvs' with build type 'ament_python'
[0.646s] Level 1:colcon.colcon_core.shell:create_environment_hook('ibvs', 'ament_prefix_path')
[0.646s] INFO:colcon.colcon_core.shell:Creating environment hook '/home/ankur/ros2_ws/install/ibvs/share/ibvs/hook/ament_prefix_path.ps1'
[0.647s] INFO:colcon.colcon_core.shell:Creating environment descriptor '/home/ankur/ros2_ws/install/ibvs/share/ibvs/hook/ament_prefix_path.dsv'
[0.648s] INFO:colcon.colcon_core.shell:Creating environment hook '/home/ankur/ros2_ws/install/ibvs/share/ibvs/hook/ament_prefix_path.sh'
[0.652s] INFO:colcon.colcon_core.shell:Skip shell extension 'powershell' for command environment: Not usable outside of PowerShell
[0.652s] DEBUG:colcon.colcon_core.shell:Skip shell extension 'dsv' for command environment
[0.672s] INFO:colcon.colcon_ros.task.ament_python.build:Building ROS package in '/home/ankur/ros2_ws/src/drones_ROS2/sjtu_drone/sjtu_drone_bringup' with build type 'ament_python'
[0.673s] Level 1:colcon.colcon_core.shell:create_environment_hook('sjtu_drone_bringup', 'ament_prefix_path')
[0.675s] INFO:colcon.colcon_core.shell:Creating environment hook '/home/ankur/ros2_ws/install/sjtu_drone_bringup/share/sjtu_drone_bringup/hook/ament_prefix_path.ps1'
[0.677s] INFO:colcon.colcon_core.shell:Creating environment descriptor '/home/ankur/ros2_ws/install/sjtu_drone_bringup/share/sjtu_drone_bringup/hook/ament_prefix_path.dsv'
[0.678s] INFO:colcon.colcon_core.shell:Creating environment hook '/home/ankur/ros2_ws/install/sjtu_drone_bringup/share/sjtu_drone_bringup/hook/ament_prefix_path.sh'
[0.682s] INFO:colcon.colcon_core.shell:Skip shell extension 'powershell' for command environment: Not usable outside of PowerShell
[0.682s] DEBUG:colcon.colcon_core.shell:Skip shell extension 'dsv' for command environment
[0.690s] INFO:colcon.colcon_ros.task.ament_cmake.build:Building ROS package in '/home/ankur/ros2_ws/src/drones_ROS2/sjtu_drone/sjtu_drone_description' with build type 'ament_cmake'
[0.704s] INFO:colcon.colcon_cmake.task.cmake.build:Building CMake package in '/home/ankur/ros2_ws/src/drones_ROS2/sjtu_drone/sjtu_drone_description'
[0.704s] INFO:colcon.colcon_core.shell:Skip shell extension 'powershell' for command environment: Not usable outside of PowerShell
[0.704s] DEBUG:colcon.colcon_core.shell:Skip shell extension 'dsv' for command environment
[0.763s] DEBUG:colcon.colcon_core.event_handler.log_command:Invoking command in '/home/ankur/ros2_ws/build/drive_drone': CMAKE_PREFIX_PATH=${CMAKE_PREFIX_PATH}:/home/ankur/ros2_ws/install/sjtu_drone_bringup:/home/ankur/ros2_ws/install/ibvs:/home/ankur/drone_ws/install/sjtu_drone_control:/home/ankur/drone_ws/install/sjtu_drone_bringup:/home/ankur/drone_ws/install/pkgg:/opt/ros/humble /usr/bin/cmake --build /home/ankur/ros2_ws/build/drive_drone -- -j4 -l4
[1.257s] INFO:colcon.colcon_core.task.python.build:Building Python package in '/home/ankur/ros2_ws/src/drones_ROS2/ibvs'
[1.258s] INFO:colcon.colcon_core.shell:Skip shell extension 'powershell' for command environment: Not usable outside of PowerShell
[1.258s] DEBUG:colcon.colcon_core.shell:Skip shell extension 'dsv' for command environment
[1.609s] INFO:colcon.colcon_core.task.python.build:Building Python package in '/home/ankur/ros2_ws/src/drones_ROS2/sjtu_drone/sjtu_drone_bringup'
[1.609s] INFO:colcon.colcon_core.shell:Skip shell extension 'powershell' for command environment: Not usable outside of PowerShell
[1.609s] DEBUG:colcon.colcon_core.shell:Skip shell extension 'dsv' for command environment
[1.621s] DEBUG:colcon.colcon_core.event_handler.log_command:Invoking command in '/home/ankur/ros2_ws/build/sjtu_drone_description': CMAKE_PREFIX_PATH=${CMAKE_PREFIX_PATH}:/home/ankur/ros2_ws/install/sjtu_drone_bringup:/home/ankur/ros2_ws/install/ibvs:/home/ankur/drone_ws/install/sjtu_drone_control:/home/ankur/drone_ws/install/sjtu_drone_bringup:/home/ankur/drone_ws/install/pkgg:/opt/ros/humble /usr/bin/cmake --build /home/ankur/ros2_ws/build/sjtu_drone_description -- -j4 -l4
[1.692s] DEBUG:colcon.colcon_core.event_handler.log_command:Invoked command in '/home/ankur/ros2_ws/build/drive_drone' returned '0': CMAKE_PREFIX_PATH=${CMAKE_PREFIX_PATH}:/home/ankur/ros2_ws/install/sjtu_drone_bringup:/home/ankur/ros2_ws/install/ibvs:/home/ankur/drone_ws/install/sjtu_drone_control:/home/ankur/drone_ws/install/sjtu_drone_bringup:/home/ankur/drone_ws/install/pkgg:/opt/ros/humble /usr/bin/cmake --build /home/ankur/ros2_ws/build/drive_drone -- -j4 -l4
[1.890s] DEBUG:colcon.colcon_core.event_handler.log_command:Invoking command in '/home/ankur/ros2_ws/build/drive_drone': CMAKE_PREFIX_PATH=${CMAKE_PREFIX_PATH}:/home/ankur/ros2_ws/install/sjtu_drone_bringup:/home/ankur/ros2_ws/install/ibvs:/home/ankur/drone_ws/install/sjtu_drone_control:/home/ankur/drone_ws/install/sjtu_drone_bringup:/home/ankur/drone_ws/install/pkgg:/opt/ros/humble /usr/bin/cmake --install /home/ankur/ros2_ws/build/drive_drone
[1.923s] DEBUG:colcon.colcon_core.event_handler.log_command:Invoked command in '/home/ankur/ros2_ws/build/sjtu_drone_description' returned '0': CMAKE_PREFIX_PATH=${CMAKE_PREFIX_PATH}:/home/ankur/ros2_ws/install/sjtu_drone_bringup:/home/ankur/ros2_ws/install/ibvs:/home/ankur/drone_ws/install/sjtu_drone_control:/home/ankur/drone_ws/install/sjtu_drone_bringup:/home/ankur/drone_ws/install/pkgg:/opt/ros/humble /usr/bin/cmake --build /home/ankur/ros2_ws/build/sjtu_drone_description -- -j4 -l4
[1.940s] Level 1:colcon.colcon_core.environment:create_environment_scripts_only(drive_drone)
[1.941s] DEBUG:colcon.colcon_core.event_handler.log_command:Invoked command in '/home/ankur/ros2_ws/build/drive_drone' returned '0': CMAKE_PREFIX_PATH=${CMAKE_PREFIX_PATH}:/home/ankur/ros2_ws/install/sjtu_drone_bringup:/home/ankur/ros2_ws/install/ibvs:/home/ankur/drone_ws/install/sjtu_drone_control:/home/ankur/drone_ws/install/sjtu_drone_bringup:/home/ankur/drone_ws/install/pkgg:/opt/ros/humble /usr/bin/cmake --install /home/ankur/ros2_ws/build/drive_drone
[1.944s] Level 1:colcon.colcon_core.environment:checking '/home/ankur/ros2_ws/install/drive_drone' for CMake module files
[1.944s] Level 1:colcon.colcon_core.environment:checking '/home/ankur/ros2_ws/install/drive_drone' for CMake config files
[1.945s] Level 1:colcon.colcon_core.shell:create_environment_hook('drive_drone', 'cmake_prefix_path')
[1.945s] INFO:colcon.colcon_core.shell:Creating environment hook '/home/ankur/ros2_ws/install/drive_drone/share/drive_drone/hook/cmake_prefix_path.ps1'
[1.946s] INFO:colcon.colcon_core.shell:Creating environment descriptor '/home/ankur/ros2_ws/install/drive_drone/share/drive_drone/hook/cmake_prefix_path.dsv'
[1.947s] INFO:colcon.colcon_core.shell:Creating environment hook '/home/ankur/ros2_ws/install/drive_drone/share/drive_drone/hook/cmake_prefix_path.sh'
[1.948s] Level 1:colcon.colcon_core.environment:checking '/home/ankur/ros2_ws/install/drive_drone/lib'
[1.949s] Level 1:colcon.colcon_core.environment:checking '/home/ankur/ros2_ws/install/drive_drone/bin'
[1.949s] Level 1:colcon.colcon_core.environment:checking '/home/ankur/ros2_ws/install/drive_drone/lib/pkgconfig/drive_drone.pc'
[1.949s] Level 1:colcon.colcon_core.environment:checking '/home/ankur/ros2_ws/install/drive_drone/lib/python3.10/site-packages'
[1.949s] Level 1:colcon.colcon_core.environment:checking '/home/ankur/ros2_ws/install/drive_drone/bin'
[1.949s] INFO:colcon.colcon_core.shell:Creating package script '/home/ankur/ros2_ws/install/drive_drone/share/drive_drone/package.ps1'
[1.954s] INFO:colcon.colcon_core.shell:Creating package descriptor '/home/ankur/ros2_ws/install/drive_drone/share/drive_drone/package.dsv'
[1.956s] INFO:colcon.colcon_core.shell:Creating package script '/home/ankur/ros2_ws/install/drive_drone/share/drive_drone/package.sh'
[1.958s] INFO:colcon.colcon_core.shell:Creating package script '/home/ankur/ros2_ws/install/drive_drone/share/drive_drone/package.bash'
[1.959s] INFO:colcon.colcon_core.shell:Creating package script '/home/ankur/ros2_ws/install/drive_drone/share/drive_drone/package.zsh'
[1.961s] Level 1:colcon.colcon_core.environment:create_file_with_runtime_dependencies(/home/ankur/ros2_ws/install/drive_drone/share/colcon-core/packages/drive_drone)
[2.032s] DEBUG:colcon.colcon_core.event_handler.log_command:Invoking command in '/home/ankur/ros2_ws/build/sjtu_drone_description': CMAKE_PREFIX_PATH=${CMAKE_PREFIX_PATH}:/home/ankur/ros2_ws/install/sjtu_drone_bringup:/home/ankur/ros2_ws/install/ibvs:/home/ankur/drone_ws/install/sjtu_drone_control:/home/ankur/drone_ws/install/sjtu_drone_bringup:/home/ankur/drone_ws/install/pkgg:/opt/ros/humble /usr/bin/cmake --install /home/ankur/ros2_ws/build/sjtu_drone_description
[2.093s] Level 1:colcon.colcon_core.environment:create_environment_scripts_only(sjtu_drone_description)
[2.093s] Level 1:colcon.colcon_core.environment:checking '/home/ankur/ros2_ws/install/sjtu_drone_description' for CMake module files
[2.095s] DEBUG:colcon.colcon_core.event_handler.log_command:Invoked command in '/home/ankur/ros2_ws/build/sjtu_drone_description' returned '0': CMAKE_PREFIX_PATH=${CMAKE_PREFIX_PATH}:/home/ankur/ros2_ws/install/sjtu_drone_bringup:/home/ankur/ros2_ws/install/ibvs:/home/ankur/drone_ws/install/sjtu_drone_control:/home/ankur/drone_ws/install/sjtu_drone_bringup:/home/ankur/drone_ws/install/pkgg:/opt/ros/humble /usr/bin/cmake --install /home/ankur/ros2_ws/build/sjtu_drone_description
[2.095s] Level 1:colcon.colcon_core.environment:checking '/home/ankur/ros2_ws/install/sjtu_drone_description' for CMake config files
[2.096s] Level 1:colcon.colcon_core.shell:create_environment_hook('sjtu_drone_description', 'cmake_prefix_path')
[2.096s] INFO:colcon.colcon_core.shell:Creating environment hook '/home/ankur/ros2_ws/install/sjtu_drone_description/share/sjtu_drone_description/hook/cmake_prefix_path.ps1'
[2.098s] INFO:colcon.colcon_core.shell:Creating environment descriptor '/home/ankur/ros2_ws/install/sjtu_drone_description/share/sjtu_drone_description/hook/cmake_prefix_path.dsv'
[2.099s] INFO:colcon.colcon_core.shell:Creating environment hook '/home/ankur/ros2_ws/install/sjtu_drone_description/share/sjtu_drone_description/hook/cmake_prefix_path.sh'
[2.100s] Level 1:colcon.colcon_core.environment:checking '/home/ankur/ros2_ws/install/sjtu_drone_description/lib'
[2.100s] Level 1:colcon.colcon_core.shell:create_environment_hook('sjtu_drone_description', 'ld_library_path_lib')
[2.101s] INFO:colcon.colcon_core.shell:Creating environment hook '/home/ankur/ros2_ws/install/sjtu_drone_description/share/sjtu_drone_description/hook/ld_library_path_lib.ps1'
[2.102s] INFO:colcon.colcon_core.shell:Creating environment descriptor '/home/ankur/ros2_ws/install/sjtu_drone_description/share/sjtu_drone_description/hook/ld_library_path_lib.dsv'
[2.104s] INFO:colcon.colcon_core.shell:Creating environment hook '/home/ankur/ros2_ws/install/sjtu_drone_description/share/sjtu_drone_description/hook/ld_library_path_lib.sh'
[2.107s] Level 1:colcon.colcon_core.environment:checking '/home/ankur/ros2_ws/install/sjtu_drone_description/bin'
[2.108s] Level 1:colcon.colcon_core.environment:checking '/home/ankur/ros2_ws/install/sjtu_drone_description/lib/pkgconfig/sjtu_drone_description.pc'
[2.108s] Level 1:colcon.colcon_core.environment:checking '/home/ankur/ros2_ws/install/sjtu_drone_description/lib/python3.10/site-packages'
[2.108s] Level 1:colcon.colcon_core.environment:checking '/home/ankur/ros2_ws/install/sjtu_drone_description/bin'
[2.109s] INFO:colcon.colcon_core.shell:Creating package script '/home/ankur/ros2_ws/install/sjtu_drone_description/share/sjtu_drone_description/package.ps1'
[2.110s] INFO:colcon.colcon_core.shell:Creating package descriptor '/home/ankur/ros2_ws/install/sjtu_drone_description/share/sjtu_drone_description/package.dsv'
[2.112s] INFO:colcon.colcon_core.shell:Creating package script '/home/ankur/ros2_ws/install/sjtu_drone_description/share/sjtu_drone_description/package.sh'
[2.113s] INFO:colcon.colcon_core.shell:Creating package script '/home/ankur/ros2_ws/install/sjtu_drone_description/share/sjtu_drone_description/package.bash'
[2.115s] INFO:colcon.colcon_core.shell:Creating package script '/home/ankur/ros2_ws/install/sjtu_drone_description/share/sjtu_drone_description/package.zsh'
[2.116s] Level 1:colcon.colcon_core.environment:create_file_with_runtime_dependencies(/home/ankur/ros2_ws/install/sjtu_drone_description/share/colcon-core/packages/sjtu_drone_description)
[2.120s] Level 1:colcon.colcon_core.environment:create_environment_scripts_only(drive_drone)
[2.120s] Level 1:colcon.colcon_core.environment:checking '/home/ankur/ros2_ws/install/drive_drone' for CMake module files
[2.121s] Level 1:colcon.colcon_core.environment:checking '/home/ankur/ros2_ws/install/drive_drone' for CMake config files
[2.122s] Level 1:colcon.colcon_core.shell:create_environment_hook('drive_drone', 'cmake_prefix_path')
[2.122s] INFO:colcon.colcon_core.shell:Creating environment hook '/home/ankur/ros2_ws/install/drive_drone/share/drive_drone/hook/cmake_prefix_path.ps1'
[2.123s] INFO:colcon.colcon_core.shell:Creating environment descriptor '/home/ankur/ros2_ws/install/drive_drone/share/drive_drone/hook/cmake_prefix_path.dsv'
[2.125s] INFO:colcon.colcon_core.shell:Creating environment hook '/home/ankur/ros2_ws/install/drive_drone/share/drive_drone/hook/cmake_prefix_path.sh'
[2.127s] Level 1:colcon.colcon_core.environment:checking '/home/ankur/ros2_ws/install/drive_drone/lib'
[2.127s] Level 1:colcon.colcon_core.environment:checking '/home/ankur/ros2_ws/install/drive_drone/bin'
[2.127s] Level 1:colcon.colcon_core.environment:checking '/home/ankur/ros2_ws/install/drive_drone/lib/pkgconfig/drive_drone.pc'
[2.127s] Level 1:colcon.colcon_core.environment:checking '/home/ankur/ros2_ws/install/drive_drone/lib/python3.10/site-packages'
[2.127s] Level 1:colcon.colcon_core.environment:checking '/home/ankur/ros2_ws/install/drive_drone/bin'
[2.128s] INFO:colcon.colcon_core.shell:Creating package script '/home/ankur/ros2_ws/install/drive_drone/share/drive_drone/package.ps1'
[2.129s] INFO:colcon.colcon_core.shell:Creating package descriptor '/home/ankur/ros2_ws/install/drive_drone/share/drive_drone/package.dsv'
[2.131s] INFO:colcon.colcon_core.shell:Creating package script '/home/ankur/ros2_ws/install/drive_drone/share/drive_drone/package.sh'
[2.133s] INFO:colcon.colcon_core.shell:Creating package script '/home/ankur/ros2_ws/install/drive_drone/share/drive_drone/package.bash'
[2.135s] INFO:colcon.colcon_core.shell:Creating package script '/home/ankur/ros2_ws/install/drive_drone/share/drive_drone/package.zsh'
[2.136s] Level 1:colcon.colcon_core.environment:create_file_with_runtime_dependencies(/home/ankur/ros2_ws/install/drive_drone/share/colcon-core/packages/drive_drone)
[2.272s] DEBUG:colcon.colcon_core.event_handler.log_command:Invoking command in '/home/ankur/ros2_ws/src/drones_ROS2/sjtu_drone/sjtu_drone_bringup': PYTHONPATH=/home/ankur/ros2_ws/build/sjtu_drone_bringup/prefix_override:/home/ankur/ros2_ws/install/sjtu_drone_bringup/lib/python3.10/site-packages:${PYTHONPATH} /usr/bin/python3 -W ignore:setup.py install is deprecated setup.py egg_info --egg-base ../../../../build/sjtu_drone_bringup build --build-base /home/ankur/ros2_ws/build/sjtu_drone_bringup/build install --record /home/ankur/ros2_ws/build/sjtu_drone_bringup/install.log --single-version-externally-managed install_data
[2.317s] DEBUG:colcon.colcon_core.event_handler.log_command:Invoking command in '/home/ankur/ros2_ws/src/drones_ROS2/ibvs': PYTHONPATH=/home/ankur/ros2_ws/build/ibvs/prefix_override:/home/ankur/ros2_ws/install/ibvs/lib/python3.10/site-packages:${PYTHONPATH} /usr/bin/python3 -W ignore:setup.py install is deprecated setup.py egg_info --egg-base ../../../build/ibvs build --build-base /home/ankur/ros2_ws/build/ibvs/build install --record /home/ankur/ros2_ws/build/ibvs/install.log --single-version-externally-managed install_data
[2.340s] Level 1:colcon.colcon_core.environment:create_environment_scripts_only(sjtu_drone_description)
[2.340s] Level 1:colcon.colcon_core.environment:checking '/home/ankur/ros2_ws/install/sjtu_drone_description' for CMake module files
[2.341s] Level 1:colcon.colcon_core.environment:checking '/home/ankur/ros2_ws/install/sjtu_drone_description' for CMake config files
[2.341s] Level 1:colcon.colcon_core.shell:create_environment_hook('sjtu_drone_description', 'cmake_prefix_path')
[2.341s] INFO:colcon.colcon_core.shell:Creating environment hook '/home/ankur/ros2_ws/install/sjtu_drone_description/share/sjtu_drone_description/hook/cmake_prefix_path.ps1'
[2.342s] INFO:colcon.colcon_core.shell:Creating environment descriptor '/home/ankur/ros2_ws/install/sjtu_drone_description/share/sjtu_drone_description/hook/cmake_prefix_path.dsv'
[2.343s] INFO:colcon.colcon_core.shell:Creating environment hook '/home/ankur/ros2_ws/install/sjtu_drone_description/share/sjtu_drone_description/hook/cmake_prefix_path.sh'
[2.344s] Level 1:colcon.colcon_core.environment:checking '/home/ankur/ros2_ws/install/sjtu_drone_description/lib'
[2.345s] Level 1:colcon.colcon_core.shell:create_environment_hook('sjtu_drone_description', 'ld_library_path_lib')
[2.345s] INFO:colcon.colcon_core.shell:Creating environment hook '/home/ankur/ros2_ws/install/sjtu_drone_description/share/sjtu_drone_description/hook/ld_library_path_lib.ps1'
[2.346s] INFO:colcon.colcon_core.shell:Creating environment descriptor '/home/ankur/ros2_ws/install/sjtu_drone_description/share/sjtu_drone_description/hook/ld_library_path_lib.dsv'
[2.347s] INFO:colcon.colcon_core.shell:Creating environment hook '/home/ankur/ros2_ws/install/sjtu_drone_description/share/sjtu_drone_description/hook/ld_library_path_lib.sh'
[2.348s] Level 1:colcon.colcon_core.environment:checking '/home/ankur/ros2_ws/install/sjtu_drone_description/bin'
[2.348s] Level 1:colcon.colcon_core.environment:checking '/home/ankur/ros2_ws/install/sjtu_drone_description/lib/pkgconfig/sjtu_drone_description.pc'
[2.349s] Level 1:colcon.colcon_core.environment:checking '/home/ankur/ros2_ws/install/sjtu_drone_description/lib/python3.10/site-packages'
[2.350s] Level 1:colcon.colcon_core.environment:checking '/home/ankur/ros2_ws/install/sjtu_drone_description/bin'
[2.351s] INFO:colcon.colcon_core.shell:Creating package script '/home/ankur/ros2_ws/install/sjtu_drone_description/share/sjtu_drone_description/package.ps1'
[2.357s] INFO:colcon.colcon_core.shell:Creating package descriptor '/home/ankur/ros2_ws/install/sjtu_drone_description/share/sjtu_drone_description/package.dsv'
[2.359s] INFO:colcon.colcon_core.shell:Creating package script '/home/ankur/ros2_ws/install/sjtu_drone_description/share/sjtu_drone_description/package.sh'
[2.360s] INFO:colcon.colcon_core.shell:Creating package script '/home/ankur/ros2_ws/install/sjtu_drone_description/share/sjtu_drone_description/package.bash'
[2.362s] INFO:colcon.colcon_core.shell:Creating package script '/home/ankur/ros2_ws/install/sjtu_drone_description/share/sjtu_drone_description/package.zsh'
[2.363s] Level 1:colcon.colcon_core.environment:create_file_with_runtime_dependencies(/home/ankur/ros2_ws/install/sjtu_drone_description/share/colcon-core/packages/sjtu_drone_description)
[2.942s] Level 1:colcon.colcon_core.environment:checking '/home/ankur/ros2_ws/install/ibvs' for CMake module files
[2.945s] DEBUG:colcon.colcon_core.event_handler.log_command:Invoked command in '/home/ankur/ros2_ws/src/drones_ROS2/ibvs' returned '0': PYTHONPATH=/home/ankur/ros2_ws/build/ibvs/prefix_override:/home/ankur/ros2_ws/install/ibvs/lib/python3.10/site-packages:${PYTHONPATH} /usr/bin/python3 -W ignore:setup.py install is deprecated setup.py egg_info --egg-base ../../../build/ibvs build --build-base /home/ankur/ros2_ws/build/ibvs/build install --record /home/ankur/ros2_ws/build/ibvs/install.log --single-version-externally-managed install_data
[2.945s] Level 1:colcon.colcon_core.environment:checking '/home/ankur/ros2_ws/install/ibvs' for CMake config files
[2.947s] Level 1:colcon.colcon_core.environment:checking '/home/ankur/ros2_ws/install/ibvs/lib'
[2.947s] Level 1:colcon.colcon_core.environment:checking '/home/ankur/ros2_ws/install/ibvs/bin'
[2.947s] Level 1:colcon.colcon_core.environment:checking '/home/ankur/ros2_ws/install/ibvs/lib/pkgconfig/ibvs.pc'
[2.947s] Level 1:colcon.colcon_core.environment:checking '/home/ankur/ros2_ws/install/ibvs/lib/python3.10/site-packages'
[2.947s] Level 1:colcon.colcon_core.shell:create_environment_hook('ibvs', 'pythonpath')
[2.948s] INFO:colcon.colcon_core.shell:Creating environment hook '/home/ankur/ros2_ws/install/ibvs/share/ibvs/hook/pythonpath.ps1'
[2.949s] INFO:colcon.colcon_core.shell:Creating environment descriptor '/home/ankur/ros2_ws/install/ibvs/share/ibvs/hook/pythonpath.dsv'
[2.950s] INFO:colcon.colcon_core.shell:Creating environment hook '/home/ankur/ros2_ws/install/ibvs/share/ibvs/hook/pythonpath.sh'
[2.951s] Level 1:colcon.colcon_core.environment:checking '/home/ankur/ros2_ws/install/ibvs/bin'
[2.952s] Level 1:colcon.colcon_core.environment:create_environment_scripts_only(ibvs)
[2.952s] INFO:colcon.colcon_core.shell:Creating package script '/home/ankur/ros2_ws/install/ibvs/share/ibvs/package.ps1'
[2.953s] INFO:colcon.colcon_core.shell:Creating package descriptor '/home/ankur/ros2_ws/install/ibvs/share/ibvs/package.dsv'
[2.955s] INFO:colcon.colcon_core.shell:Creating package script '/home/ankur/ros2_ws/install/ibvs/share/ibvs/package.sh'
[2.957s] INFO:colcon.colcon_core.shell:Creating package script '/home/ankur/ros2_ws/install/ibvs/share/ibvs/package.bash'
[2.958s] INFO:colcon.colcon_core.shell:Creating package script '/home/ankur/ros2_ws/install/ibvs/share/ibvs/package.zsh'
[2.959s] Level 1:colcon.colcon_core.environment:create_file_with_runtime_dependencies(/home/ankur/ros2_ws/install/ibvs/share/colcon-core/packages/ibvs)
[2.961s] Level 1:colcon.colcon_core.environment:checking '/home/ankur/ros2_ws/install/sjtu_drone_bringup' for CMake module files
[2.964s] Level 1:colcon.colcon_core.environment:checking '/home/ankur/ros2_ws/install/sjtu_drone_bringup' for CMake config files
[2.967s] DEBUG:colcon.colcon_core.event_handler.log_command:Invoked command in '/home/ankur/ros2_ws/src/drones_ROS2/sjtu_drone/sjtu_drone_bringup' returned '0': PYTHONPATH=/home/ankur/ros2_ws/build/sjtu_drone_bringup/prefix_override:/home/ankur/ros2_ws/install/sjtu_drone_bringup/lib/python3.10/site-packages:${PYTHONPATH} /usr/bin/python3 -W ignore:setup.py install is deprecated setup.py egg_info --egg-base ../../../../build/sjtu_drone_bringup build --build-base /home/ankur/ros2_ws/build/sjtu_drone_bringup/build install --record /home/ankur/ros2_ws/build/sjtu_drone_bringup/install.log --single-version-externally-managed install_data
[2.968s] Level 1:colcon.colcon_core.environment:checking '/home/ankur/ros2_ws/install/sjtu_drone_bringup/lib'
[2.968s] Level 1:colcon.colcon_core.environment:checking '/home/ankur/ros2_ws/install/sjtu_drone_bringup/bin'
[2.968s] Level 1:colcon.colcon_core.environment:checking '/home/ankur/ros2_ws/install/sjtu_drone_bringup/lib/pkgconfig/sjtu_drone_bringup.pc'
[2.969s] Level 1:colcon.colcon_core.environment:checking '/home/ankur/ros2_ws/install/sjtu_drone_bringup/lib/python3.10/site-packages'
[2.969s] Level 1:colcon.colcon_core.shell:create_environment_hook('sjtu_drone_bringup', 'pythonpath')
[2.970s] INFO:colcon.colcon_core.shell:Creating environment hook '/home/ankur/ros2_ws/install/sjtu_drone_bringup/share/sjtu_drone_bringup/hook/pythonpath.ps1'
[2.972s] INFO:colcon.colcon_core.shell:Creating environment descriptor '/home/ankur/ros2_ws/install/sjtu_drone_bringup/share/sjtu_drone_bringup/hook/pythonpath.dsv'
[2.973s] INFO:colcon.colcon_core.shell:Creating environment hook '/home/ankur/ros2_ws/install/sjtu_drone_bringup/share/sjtu_drone_bringup/hook/pythonpath.sh'
[2.975s] Level 1:colcon.colcon_core.environment:checking '/home/ankur/ros2_ws/install/sjtu_drone_bringup/bin'
[2.975s] Level 1:colcon.colcon_core.environment:create_environment_scripts_only(sjtu_drone_bringup)
[2.976s] INFO:colcon.colcon_core.shell:Creating package script '/home/ankur/ros2_ws/install/sjtu_drone_bringup/share/sjtu_drone_bringup/package.ps1'
[2.978s] INFO:colcon.colcon_core.shell:Creating package descriptor '/home/ankur/ros2_ws/install/sjtu_drone_bringup/share/sjtu_drone_bringup/package.dsv'
[2.979s] INFO:colcon.colcon_core.shell:Creating package script '/home/ankur/ros2_ws/install/sjtu_drone_bringup/share/sjtu_drone_bringup/package.sh'
[2.981s] INFO:colcon.colcon_core.shell:Creating package script '/home/ankur/ros2_ws/install/sjtu_drone_bringup/share/sjtu_drone_bringup/package.bash'
[2.989s] INFO:colcon.colcon_core.shell:Creating package script '/home/ankur/ros2_ws/install/sjtu_drone_bringup/share/sjtu_drone_bringup/package.zsh'
[2.991s] Level 1:colcon.colcon_core.environment:create_file_with_runtime_dependencies(/home/ankur/ros2_ws/install/sjtu_drone_bringup/share/colcon-core/packages/sjtu_drone_bringup)
[2.992s] DEBUG:colcon.colcon_parallel_executor.executor.parallel:closing loop
[2.992s] DEBUG:colcon.colcon_parallel_executor.executor.parallel:loop closed
[3.004s] DEBUG:colcon.colcon_parallel_executor.executor.parallel:run_until_complete finished with '0'
[3.004s] DEBUG:colcon.colcon_core.event_reactor:joining thread
[3.018s] INFO:colcon.colcon_core.plugin_system:Skipping extension 'colcon_notification.desktop_notification.terminal_notifier': Not used on non-Darwin systems
[3.018s] INFO:colcon.colcon_core.plugin_system:Skipping extension 'colcon_notification.desktop_notification.win32': Not used on non-Windows systems
[3.019s] INFO:colcon.colcon_notification.desktop_notification:Sending desktop notification using 'notify2'
[3.054s] DEBUG:colcon.colcon_core.event_reactor:joined thread
[3.055s] INFO:colcon.colcon_core.shell:Creating prefix script '/home/ankur/ros2_ws/install/local_setup.ps1'
[3.057s] INFO:colcon.colcon_core.shell:Creating prefix util module '/home/ankur/ros2_ws/install/_local_setup_util_ps1.py'
[3.060s] INFO:colcon.colcon_core.shell:Creating prefix chain script '/home/ankur/ros2_ws/install/setup.ps1'
[3.063s] INFO:colcon.colcon_core.shell:Creating prefix script '/home/ankur/ros2_ws/install/local_setup.sh'
[3.065s] INFO:colcon.colcon_core.shell:Creating prefix util module '/home/ankur/ros2_ws/install/_local_setup_util_sh.py'
[3.066s] INFO:colcon.colcon_core.shell:Creating prefix chain script '/home/ankur/ros2_ws/install/setup.sh'
[3.068s] INFO:colcon.colcon_core.shell:Creating prefix script '/home/ankur/ros2_ws/install/local_setup.bash'
[3.069s] INFO:colcon.colcon_core.shell:Creating prefix chain script '/home/ankur/ros2_ws/install/setup.bash'
[3.072s] INFO:colcon.colcon_core.shell:Creating prefix script '/home/ankur/ros2_ws/install/local_setup.zsh'
[3.073s] INFO:colcon.colcon_core.shell:Creating prefix chain script '/home/ankur/ros2_ws/install/setup.zsh'
