[0.304s] Invoking command in '/home/ankur/ros2_ws/build/sjtu_drone_description': CMAKE_PREFIX_PATH=${CMAKE_PREFIX_PATH}:/home/ankur/ros2_ws/install/sjtu_drone_bringup:/home/ankur/drone_ws/install/sjtu_drone_control:/home/ankur/drone_ws/install/sjtu_drone_bringup:/home/ankur/drone_ws/install/pkgg:/opt/ros/humble /usr/bin/cmake /home/ankur/ros2_ws/src/drones_ROS2/sjtu_drone/sjtu_drone_description -DCMAKE_INSTALL_PREFIX=/home/ankur/ros2_ws/install/sjtu_drone_description
[0.406s] -- The C compiler identification is GNU 11.4.0
[0.490s] -- The CXX compiler identification is GNU 11.4.0
[0.499s] -- Detecting C compiler ABI info
[0.619s] -- Detecting C compiler ABI info - done
[0.620s] -- Check for working C compiler: /usr/bin/cc - skipped
[0.620s] -- Detecting C compile features
[0.621s] -- Detecting C compile features - done
[0.624s] -- Detecting CXX compiler ABI info
[0.768s] -- Detecting CXX compiler ABI info - done
[0.776s] -- Check for working CXX compiler: /usr/bin/c++ - skipped
[0.777s] -- Detecting CXX compile features
[0.777s] -- Detecting CXX compile features - done
[0.784s] -- Found PkgConfig: /usr/bin/pkg-config (found version "0.29.2") 
[0.785s] -- Checking for module 'OGRE'
[0.807s] --   Found OGRE, version 1.9.0
[0.879s] -- Checking for module 'OGRE-Terrain'
[0.907s] --   Found OGRE-Terrain, version 1.9.0
[0.993s] -- Found ament_cmake: 1.3.8 (/opt/ros/humble/share/ament_cmake/cmake)
[1.210s] -- Found Python3: /usr/bin/python3 (found version "3.10.12") found components: Interpreter 
[1.306s] -- Found ament_cmake_ros: 0.10.0 (/opt/ros/humble/share/ament_cmake_ros/cmake)
[1.334s] -- Found rclcpp: 16.0.8 (/opt/ros/humble/share/rclcpp/cmake)
[1.377s] -- Found rosidl_generator_c: 3.1.5 (/opt/ros/humble/share/rosidl_generator_c/cmake)
[1.383s] -- Found rosidl_adapter: 3.1.5 (/opt/ros/humble/share/rosidl_adapter/cmake)
[1.394s] -- Found rosidl_generator_cpp: 3.1.5 (/opt/ros/humble/share/rosidl_generator_cpp/cmake)
[1.412s] -- Using all available rosidl_typesupport_c: rosidl_typesupport_fastrtps_c;rosidl_typesupport_introspection_c
[1.439s] -- Using all available rosidl_typesupport_cpp: rosidl_typesupport_fastrtps_cpp;rosidl_typesupport_introspection_cpp
[1.513s] -- Found rmw_implementation_cmake: 6.1.1 (/opt/ros/humble/share/rmw_implementation_cmake/cmake)
[1.516s] -- Found rmw_fastrtps_cpp: 6.2.6 (/opt/ros/humble/share/rmw_fastrtps_cpp/cmake)
[1.654s] -- Found OpenSSL: /usr/lib/x86_64-linux-gnu/libcrypto.so (found version "3.0.2")  
[1.681s] -- Found FastRTPS: /opt/ros/humble/include  
[1.726s] -- Using RMW implementation 'rmw_fastrtps_cpp' as default
[1.735s] -- Looking for pthread.h
[1.840s] -- Looking for pthread.h - found
[1.840s] -- Performing Test CMAKE_HAVE_LIBC_PTHREAD
[1.948s] -- Performing Test CMAKE_HAVE_LIBC_PTHREAD - Success
[1.949s] -- Found Threads: TRUE  
[2.116s] -- Found gazebo_ros: 3.7.0 (/opt/ros/humble/share/gazebo_ros/cmake)
[2.141s] -- Checking for module 'bullet>=2.82'
[2.162s] --   Found bullet, version 3.05
[2.397s] -- Found fcl: /usr/include (found suitable version "0.7.0", minimum required is "0.5.0") 
[2.517s] -- Found assimp: /usr/include (found version "5.2.0") 
[2.587s] -- Found DART: /usr/include (Required is at least version "6.6") found components: dart 
[2.634s] -- Found Boost: /usr/lib/x86_64-linux-gnu/cmake/Boost-1.74.0/BoostConfig.cmake (found suitable version "1.74.0", minimum required is "1.40.0") found components: thread system filesystem program_options regex iostreams date_time 
[2.670s] -- Found Protobuf: /usr/lib/x86_64-linux-gnu/libprotobuf.so (found version "3.12.4") 
[2.680s] -- Looking for ignition-math6 -- found version 6.15.1
[2.702s] -- Searching for dependencies of ignition-math6
[2.708s] -- Looking for OGRE...
[2.708s] -- OGRE_PREFIX_WATCH changed.
[2.715s] -- Checking for module 'OGRE'
[2.738s] --   Found OGRE, version 1.9.0
[2.821s] -- Found Ogre Ghadamon (1.9.0)
[2.837s] -- Looking for OGRE_Paging...
[2.845s] -- Found OGRE_Paging: optimized;/usr/lib/x86_64-linux-gnu/libOgrePaging.so;debug;/usr/lib/x86_64-linux-gnu/libOgrePaging.so
[2.845s] -- Looking for OGRE_Terrain...
[2.851s] -- Found OGRE_Terrain: optimized;/usr/lib/x86_64-linux-gnu/libOgreTerrain.so;debug;/usr/lib/x86_64-linux-gnu/libOgreTerrain.so
[2.851s] -- Looking for OGRE_Property...
[2.860s] -- Found OGRE_Property: optimized;/usr/lib/x86_64-linux-gnu/libOgreProperty.so;debug;/usr/lib/x86_64-linux-gnu/libOgreProperty.so
[2.860s] -- Looking for OGRE_RTShaderSystem...
[2.868s] -- Found OGRE_RTShaderSystem: optimized;/usr/lib/x86_64-linux-gnu/libOgreRTShaderSystem.so;debug;/usr/lib/x86_64-linux-gnu/libOgreRTShaderSystem.so
[2.868s] -- Looking for OGRE_Volume...
[2.874s] -- Found OGRE_Volume: optimized;/usr/lib/x86_64-linux-gnu/libOgreVolume.so;debug;/usr/lib/x86_64-linux-gnu/libOgreVolume.so
[2.874s] -- Looking for OGRE_Overlay...
[2.880s] -- Found OGRE_Overlay: optimized;/usr/lib/x86_64-linux-gnu/libOgreOverlay.so;debug;/usr/lib/x86_64-linux-gnu/libOgreOverlay.so
[3.013s] -- Looking for ignition-math6 -- found version 6.15.1
[3.021s] -- Looking for ignition-transport8 -- found version 8.2.1
[3.022s] -- Searching for dependencies of ignition-transport8
[3.047s] -- Found Protobuf: /usr/lib/x86_64-linux-gnu/libprotobuf.so (found suitable version "3.12.4", minimum required is "3") 
[3.063s] -- Config-file not installed for ZeroMQ -- checking for pkg-config
[3.079s] -- Checking for module 'libzmq >= 4'
[3.121s] --   Found libzmq , version 4.3.4
[3.198s] -- Found ZeroMQ: TRUE (Required is at least version "4") 
[3.207s] -- Checking for module 'uuid'
[3.235s] --   Found uuid, version 2.37.2
[3.307s] -- Found UUID: TRUE  
[3.313s] -- Looking for ignition-msgs5 -- found version 5.8.1
[3.313s] -- Searching for dependencies of ignition-msgs5
[3.336s] -- Looking for ignition-math6 -- found version 6.15.1
[3.344s] -- Checking for module 'tinyxml2'
[3.379s] --   Found tinyxml2, version 9.0.0
[3.477s] -- Looking for ignition-msgs5 -- found version 5.8.1
[3.487s] -- Looking for ignition-common3 -- found version 3.14.0
[3.488s] -- Searching for dependencies of ignition-common3
[3.489s] -- Looking for dlfcn.h - found
[3.491s] -- Looking for libdl - found
[3.492s] -- Found DL: TRUE  
[3.509s] -- Found tinyobjloader: /usr/lib/x86_64-linux-gnu/cmake/tinyobjloader/tinyobjloader-config.cmake (found version "2.0.0") 
[3.511s] -- Searching for <ignition-common3> component [graphics]
[3.517s] -- Looking for ignition-common3-graphics -- found version 3.14.0
[3.517s] -- Searching for dependencies of ignition-common3-graphics
[3.518s] -- Looking for ignition-math6 -- found version 6.15.1
[3.525s] -- Looking for ignition-fuel_tools4 -- found version 4.4.0
[3.525s] -- Searching for dependencies of ignition-fuel_tools4
[3.665s] -- Found CURL: /usr/lib/x86_64-linux-gnu/libcurl.so (found version "7.81.0")  
[3.681s] -- Checking for module 'jsoncpp'
[3.705s] --   Found jsoncpp, version 1.9.5
[3.772s] -- Found JSONCPP: TRUE  
[3.781s] -- Checking for module 'libzip'
[3.804s] --   Found libzip, version 1.7.3
[3.868s] -- Found ZIP: TRUE  
[3.869s] -- Looking for ignition-common3 -- found version 3.14.0
[3.869s] -- Looking for ignition-math6 -- found version 6.15.1
[3.870s] -- Looking for ignition-msgs5 -- found version 5.8.1
[3.879s] -- Gazebo version: 11.10
[3.880s] -- Checking for module 'tbb'
[3.904s] --   Found tbb, version 2021.5.0
[3.977s] -- Found gazebo_plugins: 3.7.0 (/opt/ros/humble/share/gazebo_plugins/cmake)
[4.374s] -- Found sensor_msgs: 4.2.3 (/opt/ros/humble/share/sensor_msgs/cmake)
[4.571s] -- Found ament_lint_auto: 0.12.10 (/opt/ros/humble/share/ament_lint_auto/cmake)
[4.683s] -- Added test 'cppcheck' to perform static code analysis on C / C++ code
[4.684s] -- Configured cppcheck include dirs: /home/ankur/ros2_ws/src/drones_ROS2/sjtu_drone/sjtu_drone_description/include;$<BUILD_INTERFACE:/home/ankur/ros2_ws/src/drones_ROS2/sjtu_drone/sjtu_drone_description/include>
[4.684s] -- Configured cppcheck exclude dirs and/or files: 
[4.687s] -- Added test 'lint_cmake' to check CMake code style
[4.691s] -- Added test 'uncrustify' to check C / C++ code style
[4.691s] -- Configured uncrustify additional arguments: 
[4.693s] -- Added test 'xmllint' to check XML markup files
[4.707s] -- Configuring done
[4.756s] -- Generating done
[4.759s] -- Build files have been written to: /home/ankur/ros2_ws/build/sjtu_drone_description
[4.785s] Invoked command in '/home/ankur/ros2_ws/build/sjtu_drone_description' returned '0': CMAKE_PREFIX_PATH=${CMAKE_PREFIX_PATH}:/home/ankur/ros2_ws/install/sjtu_drone_bringup:/home/ankur/drone_ws/install/sjtu_drone_control:/home/ankur/drone_ws/install/sjtu_drone_bringup:/home/ankur/drone_ws/install/pkgg:/opt/ros/humble /usr/bin/cmake /home/ankur/ros2_ws/src/drones_ROS2/sjtu_drone/sjtu_drone_description -DCMAKE_INSTALL_PREFIX=/home/ankur/ros2_ws/install/sjtu_drone_description
[4.786s] Invoking command in '/home/ankur/ros2_ws/build/sjtu_drone_description': CMAKE_PREFIX_PATH=${CMAKE_PREFIX_PATH}:/home/ankur/ros2_ws/install/sjtu_drone_bringup:/home/ankur/drone_ws/install/sjtu_drone_control:/home/ankur/drone_ws/install/sjtu_drone_bringup:/home/ankur/drone_ws/install/pkgg:/opt/ros/humble /usr/bin/cmake --build /home/ankur/ros2_ws/build/sjtu_drone_description -- -j3 -l3
[4.873s] [ 66%] [32mBuilding CXX object CMakeFiles/plugin_drone.dir/src/pid_controller.cpp.o[0m
[4.873s] [ 66%] [32mBuilding CXX object CMakeFiles/plugin_drone.dir/src/plugin_drone.cpp.o[0m
[45.531s] [100%] [32m[1mLinking CXX shared library /home/ankur/ros2_ws/src/drones_ROS2/sjtu_drone/sjtu_drone_description/plugins/libplugin_drone.so[0m
[48.947s] [100%] Built target plugin_drone
[48.963s] Invoked command in '/home/ankur/ros2_ws/build/sjtu_drone_description' returned '0': CMAKE_PREFIX_PATH=${CMAKE_PREFIX_PATH}:/home/ankur/ros2_ws/install/sjtu_drone_bringup:/home/ankur/drone_ws/install/sjtu_drone_control:/home/ankur/drone_ws/install/sjtu_drone_bringup:/home/ankur/drone_ws/install/pkgg:/opt/ros/humble /usr/bin/cmake --build /home/ankur/ros2_ws/build/sjtu_drone_description -- -j3 -l3
[49.071s] Invoking command in '/home/ankur/ros2_ws/build/sjtu_drone_description': CMAKE_PREFIX_PATH=${CMAKE_PREFIX_PATH}:/home/ankur/ros2_ws/install/sjtu_drone_bringup:/home/ankur/drone_ws/install/sjtu_drone_control:/home/ankur/drone_ws/install/sjtu_drone_bringup:/home/ankur/drone_ws/install/pkgg:/opt/ros/humble /usr/bin/cmake --install /home/ankur/ros2_ws/build/sjtu_drone_description
[49.081s] -- Install configuration: ""
[49.082s] -- Installing: /home/ankur/ros2_ws/install/sjtu_drone_description/include
[49.082s] -- Installing: /home/ankur/ros2_ws/install/sjtu_drone_description/include/pid_controller.h
[49.082s] -- Installing: /home/ankur/ros2_ws/install/sjtu_drone_description/include/plugin_drone.h
[49.082s] -- Installing: /home/ankur/ros2_ws/install/sjtu_drone_description/lib/libplugin_drone.so
[49.110s] -- Set runtime path of "/home/ankur/ros2_ws/install/sjtu_drone_description/lib/libplugin_drone.so" to ""
[49.111s] -- Installing: /home/ankur/ros2_ws/install/sjtu_drone_description/share/sjtu_drone_description/environment/library_path.sh
[49.112s] -- Installing: /home/ankur/ros2_ws/install/sjtu_drone_description/share/sjtu_drone_description/environment/library_path.dsv
[49.113s] -- Installing: /home/ankur/ros2_ws/install/sjtu_drone_description/share/sjtu_drone_description/models
[49.113s] -- Installing: /home/ankur/ros2_ws/install/sjtu_drone_description/share/sjtu_drone_description/models/sjtu_drone
[49.113s] -- Installing: /home/ankur/ros2_ws/install/sjtu_drone_description/share/sjtu_drone_description/models/sjtu_drone/sjtu_drone.sdf
[49.113s] -- Installing: /home/ankur/ros2_ws/install/sjtu_drone_description/share/sjtu_drone_description/models/sjtu_drone/model.config
[49.113s] -- Installing: /home/ankur/ros2_ws/install/sjtu_drone_description/share/sjtu_drone_description/models/sjtu_drone/quadrotor_4.stl
[49.114s] -- Installing: /home/ankur/ros2_ws/install/sjtu_drone_description/share/sjtu_drone_description/models/sjtu_drone/quadrotor_4.dae
[49.115s] -- Installing: /home/ankur/ros2_ws/install/sjtu_drone_description/share/sjtu_drone_description/models/database.config
[49.115s] -- Installing: /home/ankur/ros2_ws/install/sjtu_drone_description/share/sjtu_drone_description/urdf
[49.115s] -- Installing: /home/ankur/ros2_ws/install/sjtu_drone_description/share/sjtu_drone_description/urdf/sjtu_drone.urdf.xacro
[49.115s] -- Installing: /home/ankur/ros2_ws/install/sjtu_drone_description/share/sjtu_drone_description/urdf/sjtu_drone.urdf
[49.115s] -- Installing: /home/ankur/ros2_ws/install/sjtu_drone_description/share/sjtu_drone_description/worlds
[49.115s] -- Installing: /home/ankur/ros2_ws/install/sjtu_drone_description/share/sjtu_drone_description/worlds/playground.world
[49.116s] -- Installing: /home/ankur/ros2_ws/install/sjtu_drone_description/share/ament_index/resource_index/package_run_dependencies/sjtu_drone_description
[49.117s] -- Installing: /home/ankur/ros2_ws/install/sjtu_drone_description/share/ament_index/resource_index/parent_prefix_path/sjtu_drone_description
[49.117s] -- Installing: /home/ankur/ros2_ws/install/sjtu_drone_description/share/sjtu_drone_description/environment/ament_prefix_path.sh
[49.117s] -- Installing: /home/ankur/ros2_ws/install/sjtu_drone_description/share/sjtu_drone_description/environment/ament_prefix_path.dsv
[49.117s] -- Installing: /home/ankur/ros2_ws/install/sjtu_drone_description/share/sjtu_drone_description/environment/path.sh
[49.118s] -- Installing: /home/ankur/ros2_ws/install/sjtu_drone_description/share/sjtu_drone_description/environment/path.dsv
[49.118s] -- Installing: /home/ankur/ros2_ws/install/sjtu_drone_description/share/sjtu_drone_description/local_setup.bash
[49.119s] -- Installing: /home/ankur/ros2_ws/install/sjtu_drone_description/share/sjtu_drone_description/local_setup.sh
[49.119s] -- Installing: /home/ankur/ros2_ws/install/sjtu_drone_description/share/sjtu_drone_description/local_setup.zsh
[49.119s] -- Installing: /home/ankur/ros2_ws/install/sjtu_drone_description/share/sjtu_drone_description/local_setup.dsv
[49.119s] -- Installing: /home/ankur/ros2_ws/install/sjtu_drone_description/share/sjtu_drone_description/package.dsv
[49.119s] -- Installing: /home/ankur/ros2_ws/install/sjtu_drone_description/share/ament_index/resource_index/packages/sjtu_drone_description
[49.119s] -- Installing: /home/ankur/ros2_ws/install/sjtu_drone_description/share/sjtu_drone_description/cmake/export_sjtu_drone_descriptionExport.cmake
[49.119s] -- Installing: /home/ankur/ros2_ws/install/sjtu_drone_description/share/sjtu_drone_description/cmake/export_sjtu_drone_descriptionExport-noconfig.cmake
[49.119s] -- Installing: /home/ankur/ros2_ws/install/sjtu_drone_description/share/sjtu_drone_description/cmake/ament_cmake_export_include_directories-extras.cmake
[49.119s] -- Installing: /home/ankur/ros2_ws/install/sjtu_drone_description/share/sjtu_drone_description/cmake/ament_cmake_export_libraries-extras.cmake
[49.120s] -- Installing: /home/ankur/ros2_ws/install/sjtu_drone_description/share/sjtu_drone_description/cmake/ament_cmake_export_targets-extras.cmake
[49.120s] -- Installing: /home/ankur/ros2_ws/install/sjtu_drone_description/share/sjtu_drone_description/cmake/sjtu_drone_descriptionConfig.cmake
[49.120s] -- Installing: /home/ankur/ros2_ws/install/sjtu_drone_description/share/sjtu_drone_description/cmake/sjtu_drone_descriptionConfig-version.cmake
[49.120s] -- Installing: /home/ankur/ros2_ws/install/sjtu_drone_description/share/sjtu_drone_description/package.xml
[49.124s] Invoked command in '/home/ankur/ros2_ws/build/sjtu_drone_description' returned '0': CMAKE_PREFIX_PATH=${CMAKE_PREFIX_PATH}:/home/ankur/ros2_ws/install/sjtu_drone_bringup:/home/ankur/drone_ws/install/sjtu_drone_control:/home/ankur/drone_ws/install/sjtu_drone_bringup:/home/ankur/drone_ws/install/pkgg:/opt/ros/humble /usr/bin/cmake --install /home/ankur/ros2_ws/build/sjtu_drone_description
