[0.138s] DEBUG:colcon:Command line arguments: ['/home/ankur/.local/bin/colcon', 'build']
[0.138s] DEBUG:colcon:Parsed command line arguments: Namespace(log_base=None, log_level=None, verb_name='build', build_base='build', install_base='install', merge_install=False, symlink_install=False, test_result_base=None, continue_on_error=False, executor='parallel', parallel_workers=4, event_handlers=None, ignore_user_meta=False, metas=['./colcon.meta'], base_paths=['.'], packages_ignore=None, packages_ignore_regex=None, paths=None, packages_up_to=None, packages_up_to_regex=None, packages_above=None, packages_above_and_dependencies=None, packages_above_depth=None, packages_select_by_dep=None, packages_skip_by_dep=None, packages_skip_up_to=None, packages_select_build_failed=False, packages_skip_build_finished=False, packages_select_test_failures=False, packages_skip_test_passed=False, packages_select=None, packages_skip=None, packages_select_regex=None, packages_skip_regex=None, packages_start=None, packages_end=None, allow_overriding=[], cmake_args=None, cmake_target=None, cmake_target_skip_unavailable=False, cmake_clean_cache=False, cmake_clean_first=False, cmake_force_configure=False, ament_cmake_args=None, catkin_cmake_args=None, catkin_skip_building_tests=False, verb_parser=<colcon_defaults.argument_parser.defaults.DefaultArgumentsDecorator object at 0x7ce205bfa590>, verb_extension=<colcon_core.verb.build.BuildVerb object at 0x7ce205bf9f90>, main=<bound method BuildVerb.main of <colcon_core.verb.build.BuildVerb object at 0x7ce205bf9f90>>)
[0.298s] Level 1:colcon.colcon_core.package_discovery:discover_packages(colcon_meta) check parameters
[0.298s] Level 1:colcon.colcon_core.package_discovery:discover_packages(recursive) check parameters
[0.298s] Level 1:colcon.colcon_core.package_discovery:discover_packages(ignore) check parameters
[0.298s] Level 1:colcon.colcon_core.package_discovery:discover_packages(path) check parameters
[0.298s] Level 1:colcon.colcon_core.package_discovery:discover_packages(colcon_meta) discover
[0.298s] Level 1:colcon.colcon_core.package_discovery:discover_packages(recursive) discover
[0.299s] INFO:colcon.colcon_core.package_discovery:Crawling recursively for packages in '/home/ankur/ros2_ws'
[0.299s] Level 1:colcon.colcon_core.package_identification:_identify(.) by extensions ['ignore', 'ignore_ament_install']
[0.299s] Level 1:colcon.colcon_core.package_identification:_identify(.) by extension 'ignore'
[0.299s] Level 1:colcon.colcon_core.package_identification:_identify(.) by extension 'ignore_ament_install'
[0.299s] Level 1:colcon.colcon_core.package_identification:_identify(.) by extensions ['colcon_pkg']
[0.299s] Level 1:colcon.colcon_core.package_identification:_identify(.) by extension 'colcon_pkg'
[0.299s] Level 1:colcon.colcon_core.package_identification:_identify(.) by extensions ['colcon_meta']
[0.299s] Level 1:colcon.colcon_core.package_identification:_identify(.) by extension 'colcon_meta'
[0.299s] Level 1:colcon.colcon_core.package_identification:_identify(.) by extensions ['ros']
[0.299s] Level 1:colcon.colcon_core.package_identification:_identify(.) by extension 'ros'
[0.309s] Level 1:colcon.colcon_core.package_identification:_identify(.) by extensions ['cmake', 'python']
[0.310s] Level 1:colcon.colcon_core.package_identification:_identify(.) by extension 'cmake'
[0.310s] Level 1:colcon.colcon_core.package_identification:_identify(.) by extension 'python'
[0.310s] Level 1:colcon.colcon_core.package_identification:_identify(.) by extensions ['python_setup_py']
[0.310s] Level 1:colcon.colcon_core.package_identification:_identify(.) by extension 'python_setup_py'
[0.310s] Level 1:colcon.colcon_core.package_identification:_identify(build) by extensions ['ignore', 'ignore_ament_install']
[0.310s] Level 1:colcon.colcon_core.package_identification:_identify(build) by extension 'ignore'
[0.310s] Level 1:colcon.colcon_core.package_identification:_identify(build) ignored
[0.310s] Level 1:colcon.colcon_core.package_identification:_identify(install) by extensions ['ignore', 'ignore_ament_install']
[0.310s] Level 1:colcon.colcon_core.package_identification:_identify(install) by extension 'ignore'
[0.310s] Level 1:colcon.colcon_core.package_identification:_identify(install) ignored
[0.310s] Level 1:colcon.colcon_core.package_identification:_identify(log) by extensions ['ignore', 'ignore_ament_install']
[0.310s] Level 1:colcon.colcon_core.package_identification:_identify(log) by extension 'ignore'
[0.310s] Level 1:colcon.colcon_core.package_identification:_identify(log) ignored
[0.311s] Level 1:colcon.colcon_core.package_identification:_identify(src) by extensions ['ignore', 'ignore_ament_install']
[0.311s] Level 1:colcon.colcon_core.package_identification:_identify(src) by extension 'ignore'
[0.311s] Level 1:colcon.colcon_core.package_identification:_identify(src) by extension 'ignore_ament_install'
[0.311s] Level 1:colcon.colcon_core.package_identification:_identify(src) by extensions ['colcon_pkg']
[0.311s] Level 1:colcon.colcon_core.package_identification:_identify(src) by extension 'colcon_pkg'
[0.311s] Level 1:colcon.colcon_core.package_identification:_identify(src) by extensions ['colcon_meta']
[0.311s] Level 1:colcon.colcon_core.package_identification:_identify(src) by extension 'colcon_meta'
[0.311s] Level 1:colcon.colcon_core.package_identification:_identify(src) by extensions ['ros']
[0.311s] Level 1:colcon.colcon_core.package_identification:_identify(src) by extension 'ros'
[0.311s] Level 1:colcon.colcon_core.package_identification:_identify(src) by extensions ['cmake', 'python']
[0.311s] Level 1:colcon.colcon_core.package_identification:_identify(src) by extension 'cmake'
[0.311s] Level 1:colcon.colcon_core.package_identification:_identify(src) by extension 'python'
[0.311s] Level 1:colcon.colcon_core.package_identification:_identify(src) by extensions ['python_setup_py']
[0.311s] Level 1:colcon.colcon_core.package_identification:_identify(src) by extension 'python_setup_py'
[0.311s] Level 1:colcon.colcon_core.package_identification:_identify(src/drones_ROS2) by extensions ['ignore', 'ignore_ament_install']
[0.311s] Level 1:colcon.colcon_core.package_identification:_identify(src/drones_ROS2) by extension 'ignore'
[0.311s] Level 1:colcon.colcon_core.package_identification:_identify(src/drones_ROS2) by extension 'ignore_ament_install'
[0.311s] Level 1:colcon.colcon_core.package_identification:_identify(src/drones_ROS2) by extensions ['colcon_pkg']
[0.311s] Level 1:colcon.colcon_core.package_identification:_identify(src/drones_ROS2) by extension 'colcon_pkg'
[0.311s] Level 1:colcon.colcon_core.package_identification:_identify(src/drones_ROS2) by extensions ['colcon_meta']
[0.311s] Level 1:colcon.colcon_core.package_identification:_identify(src/drones_ROS2) by extension 'colcon_meta'
[0.311s] Level 1:colcon.colcon_core.package_identification:_identify(src/drones_ROS2) by extensions ['ros']
[0.311s] Level 1:colcon.colcon_core.package_identification:_identify(src/drones_ROS2) by extension 'ros'
[0.312s] Level 1:colcon.colcon_core.package_identification:_identify(src/drones_ROS2) by extensions ['cmake', 'python']
[0.312s] Level 1:colcon.colcon_core.package_identification:_identify(src/drones_ROS2) by extension 'cmake'
[0.312s] Level 1:colcon.colcon_core.package_identification:_identify(src/drones_ROS2) by extension 'python'
[0.312s] Level 1:colcon.colcon_core.package_identification:_identify(src/drones_ROS2) by extensions ['python_setup_py']
[0.312s] Level 1:colcon.colcon_core.package_identification:_identify(src/drones_ROS2) by extension 'python_setup_py'
[0.312s] Level 1:colcon.colcon_core.package_identification:_identify(src/drones_ROS2/drive_drone) by extensions ['ignore', 'ignore_ament_install']
[0.312s] Level 1:colcon.colcon_core.package_identification:_identify(src/drones_ROS2/drive_drone) by extension 'ignore'
[0.312s] Level 1:colcon.colcon_core.package_identification:_identify(src/drones_ROS2/drive_drone) by extension 'ignore_ament_install'
[0.312s] Level 1:colcon.colcon_core.package_identification:_identify(src/drones_ROS2/drive_drone) by extensions ['colcon_pkg']
[0.312s] Level 1:colcon.colcon_core.package_identification:_identify(src/drones_ROS2/drive_drone) by extension 'colcon_pkg'
[0.312s] Level 1:colcon.colcon_core.package_identification:_identify(src/drones_ROS2/drive_drone) by extensions ['colcon_meta']
[0.312s] Level 1:colcon.colcon_core.package_identification:_identify(src/drones_ROS2/drive_drone) by extension 'colcon_meta'
[0.312s] Level 1:colcon.colcon_core.package_identification:_identify(src/drones_ROS2/drive_drone) by extensions ['ros']
[0.312s] Level 1:colcon.colcon_core.package_identification:_identify(src/drones_ROS2/drive_drone) by extension 'ros'
[0.314s] DEBUG:colcon.colcon_core.package_identification:Package 'src/drones_ROS2/drive_drone' with type 'ros.ament_cmake' and name 'drive_drone'
[0.314s] Level 1:colcon.colcon_core.package_identification:_identify(src/drones_ROS2/ibvs) by extensions ['ignore', 'ignore_ament_install']
[0.314s] Level 1:colcon.colcon_core.package_identification:_identify(src/drones_ROS2/ibvs) by extension 'ignore'
[0.314s] Level 1:colcon.colcon_core.package_identification:_identify(src/drones_ROS2/ibvs) by extension 'ignore_ament_install'
[0.315s] Level 1:colcon.colcon_core.package_identification:_identify(src/drones_ROS2/ibvs) by extensions ['colcon_pkg']
[0.315s] Level 1:colcon.colcon_core.package_identification:_identify(src/drones_ROS2/ibvs) by extension 'colcon_pkg'
[0.315s] Level 1:colcon.colcon_core.package_identification:_identify(src/drones_ROS2/ibvs) by extensions ['colcon_meta']
[0.315s] Level 1:colcon.colcon_core.package_identification:_identify(src/drones_ROS2/ibvs) by extension 'colcon_meta'
[0.315s] Level 1:colcon.colcon_core.package_identification:_identify(src/drones_ROS2/ibvs) by extensions ['ros']
[0.315s] Level 1:colcon.colcon_core.package_identification:_identify(src/drones_ROS2/ibvs) by extension 'ros'
[0.315s] DEBUG:colcon.colcon_core.package_identification:Package 'src/drones_ROS2/ibvs' with type 'ros.ament_python' and name 'ibvs'
[0.315s] Level 1:colcon.colcon_core.package_identification:_identify(src/drones_ROS2/sjtu_drone) by extensions ['ignore', 'ignore_ament_install']
[0.315s] Level 1:colcon.colcon_core.package_identification:_identify(src/drones_ROS2/sjtu_drone) by extension 'ignore'
[0.315s] Level 1:colcon.colcon_core.package_identification:_identify(src/drones_ROS2/sjtu_drone) by extension 'ignore_ament_install'
[0.315s] Level 1:colcon.colcon_core.package_identification:_identify(src/drones_ROS2/sjtu_drone) by extensions ['colcon_pkg']
[0.315s] Level 1:colcon.colcon_core.package_identification:_identify(src/drones_ROS2/sjtu_drone) by extension 'colcon_pkg'
[0.315s] Level 1:colcon.colcon_core.package_identification:_identify(src/drones_ROS2/sjtu_drone) by extensions ['colcon_meta']
[0.315s] Level 1:colcon.colcon_core.package_identification:_identify(src/drones_ROS2/sjtu_drone) by extension 'colcon_meta'
[0.316s] Level 1:colcon.colcon_core.package_identification:_identify(src/drones_ROS2/sjtu_drone) by extensions ['ros']
[0.316s] Level 1:colcon.colcon_core.package_identification:_identify(src/drones_ROS2/sjtu_drone) by extension 'ros'
[0.316s] Level 1:colcon.colcon_core.package_identification:_identify(src/drones_ROS2/sjtu_drone) by extensions ['cmake', 'python']
[0.316s] Level 1:colcon.colcon_core.package_identification:_identify(src/drones_ROS2/sjtu_drone) by extension 'cmake'
[0.316s] Level 1:colcon.colcon_core.package_identification:_identify(src/drones_ROS2/sjtu_drone) by extension 'python'
[0.316s] Level 1:colcon.colcon_core.package_identification:_identify(src/drones_ROS2/sjtu_drone) by extensions ['python_setup_py']
[0.316s] Level 1:colcon.colcon_core.package_identification:_identify(src/drones_ROS2/sjtu_drone) by extension 'python_setup_py'
[0.316s] Level 1:colcon.colcon_core.package_identification:_identify(src/drones_ROS2/sjtu_drone/imgs) by extensions ['ignore', 'ignore_ament_install']
[0.316s] Level 1:colcon.colcon_core.package_identification:_identify(src/drones_ROS2/sjtu_drone/imgs) by extension 'ignore'
[0.316s] Level 1:colcon.colcon_core.package_identification:_identify(src/drones_ROS2/sjtu_drone/imgs) by extension 'ignore_ament_install'
[0.316s] Level 1:colcon.colcon_core.package_identification:_identify(src/drones_ROS2/sjtu_drone/imgs) by extensions ['colcon_pkg']
[0.316s] Level 1:colcon.colcon_core.package_identification:_identify(src/drones_ROS2/sjtu_drone/imgs) by extension 'colcon_pkg'
[0.316s] Level 1:colcon.colcon_core.package_identification:_identify(src/drones_ROS2/sjtu_drone/imgs) by extensions ['colcon_meta']
[0.316s] Level 1:colcon.colcon_core.package_identification:_identify(src/drones_ROS2/sjtu_drone/imgs) by extension 'colcon_meta'
[0.316s] Level 1:colcon.colcon_core.package_identification:_identify(src/drones_ROS2/sjtu_drone/imgs) by extensions ['ros']
[0.316s] Level 1:colcon.colcon_core.package_identification:_identify(src/drones_ROS2/sjtu_drone/imgs) by extension 'ros'
[0.316s] Level 1:colcon.colcon_core.package_identification:_identify(src/drones_ROS2/sjtu_drone/imgs) by extensions ['cmake', 'python']
[0.316s] Level 1:colcon.colcon_core.package_identification:_identify(src/drones_ROS2/sjtu_drone/imgs) by extension 'cmake'
[0.316s] Level 1:colcon.colcon_core.package_identification:_identify(src/drones_ROS2/sjtu_drone/imgs) by extension 'python'
[0.316s] Level 1:colcon.colcon_core.package_identification:_identify(src/drones_ROS2/sjtu_drone/imgs) by extensions ['python_setup_py']
[0.316s] Level 1:colcon.colcon_core.package_identification:_identify(src/drones_ROS2/sjtu_drone/imgs) by extension 'python_setup_py'
[0.317s] Level 1:colcon.colcon_core.package_identification:_identify(src/drones_ROS2/sjtu_drone/sjtu_drone_bringup) by extensions ['ignore', 'ignore_ament_install']
[0.317s] Level 1:colcon.colcon_core.package_identification:_identify(src/drones_ROS2/sjtu_drone/sjtu_drone_bringup) by extension 'ignore'
[0.317s] Level 1:colcon.colcon_core.package_identification:_identify(src/drones_ROS2/sjtu_drone/sjtu_drone_bringup) by extension 'ignore_ament_install'
[0.317s] Level 1:colcon.colcon_core.package_identification:_identify(src/drones_ROS2/sjtu_drone/sjtu_drone_bringup) by extensions ['colcon_pkg']
[0.317s] Level 1:colcon.colcon_core.package_identification:_identify(src/drones_ROS2/sjtu_drone/sjtu_drone_bringup) by extension 'colcon_pkg'
[0.317s] Level 1:colcon.colcon_core.package_identification:_identify(src/drones_ROS2/sjtu_drone/sjtu_drone_bringup) by extensions ['colcon_meta']
[0.317s] Level 1:colcon.colcon_core.package_identification:_identify(src/drones_ROS2/sjtu_drone/sjtu_drone_bringup) by extension 'colcon_meta'
[0.317s] Level 1:colcon.colcon_core.package_identification:_identify(src/drones_ROS2/sjtu_drone/sjtu_drone_bringup) by extensions ['ros']
[0.317s] Level 1:colcon.colcon_core.package_identification:_identify(src/drones_ROS2/sjtu_drone/sjtu_drone_bringup) by extension 'ros'
[0.318s] DEBUG:colcon.colcon_core.package_identification:Package 'src/drones_ROS2/sjtu_drone/sjtu_drone_bringup' with type 'ros.ament_python' and name 'sjtu_drone_bringup'
[0.318s] Level 1:colcon.colcon_core.package_identification:_identify(src/drones_ROS2/sjtu_drone/sjtu_drone_description) by extensions ['ignore', 'ignore_ament_install']
[0.318s] Level 1:colcon.colcon_core.package_identification:_identify(src/drones_ROS2/sjtu_drone/sjtu_drone_description) by extension 'ignore'
[0.318s] Level 1:colcon.colcon_core.package_identification:_identify(src/drones_ROS2/sjtu_drone/sjtu_drone_description) by extension 'ignore_ament_install'
[0.318s] Level 1:colcon.colcon_core.package_identification:_identify(src/drones_ROS2/sjtu_drone/sjtu_drone_description) by extensions ['colcon_pkg']
[0.318s] Level 1:colcon.colcon_core.package_identification:_identify(src/drones_ROS2/sjtu_drone/sjtu_drone_description) by extension 'colcon_pkg'
[0.318s] Level 1:colcon.colcon_core.package_identification:_identify(src/drones_ROS2/sjtu_drone/sjtu_drone_description) by extensions ['colcon_meta']
[0.318s] Level 1:colcon.colcon_core.package_identification:_identify(src/drones_ROS2/sjtu_drone/sjtu_drone_description) by extension 'colcon_meta'
[0.318s] Level 1:colcon.colcon_core.package_identification:_identify(src/drones_ROS2/sjtu_drone/sjtu_drone_description) by extensions ['ros']
[0.318s] Level 1:colcon.colcon_core.package_identification:_identify(src/drones_ROS2/sjtu_drone/sjtu_drone_description) by extension 'ros'
[0.319s] DEBUG:colcon.colcon_core.package_identification:Package 'src/drones_ROS2/sjtu_drone/sjtu_drone_description' with type 'ros.ament_cmake' and name 'sjtu_drone_description'
[0.319s] Level 1:colcon.colcon_core.package_discovery:discover_packages(recursive) using defaults
[0.319s] Level 1:colcon.colcon_core.package_discovery:discover_packages(ignore) discover
[0.319s] Level 1:colcon.colcon_core.package_discovery:discover_packages(ignore) using defaults
[0.319s] Level 1:colcon.colcon_core.package_discovery:discover_packages(path) discover
[0.319s] Level 1:colcon.colcon_core.package_discovery:discover_packages(path) using defaults
[0.345s] Level 1:colcon.colcon_core.package_discovery:discover_packages(prefix_path) check parameters
[0.345s] Level 1:colcon.colcon_core.package_discovery:discover_packages(prefix_path) discover
[0.347s] DEBUG:colcon.colcon_installed_package_information.package_discovery:Found 4 installed packages in /home/ankur/ros2_ws/install
[0.347s] DEBUG:colcon.colcon_installed_package_information.package_discovery:Found 4 installed packages in /home/ankur/drone_ws/install
[0.349s] DEBUG:colcon.colcon_installed_package_information.package_discovery:Found 288 installed packages in /opt/ros/humble
[0.350s] Level 1:colcon.colcon_core.package_discovery:discover_packages(prefix_path) using defaults
[0.396s] Level 5:colcon.colcon_core.verb:set package 'drive_drone' build argument 'cmake_args' from command line to 'None'
[0.396s] Level 5:colcon.colcon_core.verb:set package 'drive_drone' build argument 'cmake_target' from command line to 'None'
[0.397s] Level 5:colcon.colcon_core.verb:set package 'drive_drone' build argument 'cmake_target_skip_unavailable' from command line to 'False'
[0.397s] Level 5:colcon.colcon_core.verb:set package 'drive_drone' build argument 'cmake_clean_cache' from command line to 'False'
[0.397s] Level 5:colcon.colcon_core.verb:set package 'drive_drone' build argument 'cmake_clean_first' from command line to 'False'
[0.397s] Level 5:colcon.colcon_core.verb:set package 'drive_drone' build argument 'cmake_force_configure' from command line to 'False'
[0.397s] Level 5:colcon.colcon_core.verb:set package 'drive_drone' build argument 'ament_cmake_args' from command line to 'None'
[0.397s] Level 5:colcon.colcon_core.verb:set package 'drive_drone' build argument 'catkin_cmake_args' from command line to 'None'
[0.397s] Level 5:colcon.colcon_core.verb:set package 'drive_drone' build argument 'catkin_skip_building_tests' from command line to 'False'
[0.397s] DEBUG:colcon.colcon_core.verb:Building package 'drive_drone' with the following arguments: {'ament_cmake_args': None, 'build_base': '/home/ankur/ros2_ws/build/drive_drone', 'catkin_cmake_args': None, 'catkin_skip_building_tests': False, 'cmake_args': None, 'cmake_clean_cache': False, 'cmake_clean_first': False, 'cmake_force_configure': False, 'cmake_target': None, 'cmake_target_skip_unavailable': False, 'install_base': '/home/ankur/ros2_ws/install/drive_drone', 'merge_install': False, 'path': '/home/ankur/ros2_ws/src/drones_ROS2/drive_drone', 'symlink_install': False, 'test_result_base': None}
[0.397s] Level 5:colcon.colcon_core.verb:set package 'ibvs' build argument 'cmake_args' from command line to 'None'
[0.397s] Level 5:colcon.colcon_core.verb:set package 'ibvs' build argument 'cmake_target' from command line to 'None'
[0.397s] Level 5:colcon.colcon_core.verb:set package 'ibvs' build argument 'cmake_target_skip_unavailable' from command line to 'False'
[0.397s] Level 5:colcon.colcon_core.verb:set package 'ibvs' build argument 'cmake_clean_cache' from command line to 'False'
[0.397s] Level 5:colcon.colcon_core.verb:set package 'ibvs' build argument 'cmake_clean_first' from command line to 'False'
[0.397s] Level 5:colcon.colcon_core.verb:set package 'ibvs' build argument 'cmake_force_configure' from command line to 'False'
[0.397s] Level 5:colcon.colcon_core.verb:set package 'ibvs' build argument 'ament_cmake_args' from command line to 'None'
[0.397s] Level 5:colcon.colcon_core.verb:set package 'ibvs' build argument 'catkin_cmake_args' from command line to 'None'
[0.397s] Level 5:colcon.colcon_core.verb:set package 'ibvs' build argument 'catkin_skip_building_tests' from command line to 'False'
[0.397s] DEBUG:colcon.colcon_core.verb:Building package 'ibvs' with the following arguments: {'ament_cmake_args': None, 'build_base': '/home/ankur/ros2_ws/build/ibvs', 'catkin_cmake_args': None, 'catkin_skip_building_tests': False, 'cmake_args': None, 'cmake_clean_cache': False, 'cmake_clean_first': False, 'cmake_force_configure': False, 'cmake_target': None, 'cmake_target_skip_unavailable': False, 'install_base': '/home/ankur/ros2_ws/install/ibvs', 'merge_install': False, 'path': '/home/ankur/ros2_ws/src/drones_ROS2/ibvs', 'symlink_install': False, 'test_result_base': None}
[0.398s] Level 5:colcon.colcon_core.verb:set package 'sjtu_drone_bringup' build argument 'cmake_args' from command line to 'None'
[0.398s] Level 5:colcon.colcon_core.verb:set package 'sjtu_drone_bringup' build argument 'cmake_target' from command line to 'None'
[0.398s] Level 5:colcon.colcon_core.verb:set package 'sjtu_drone_bringup' build argument 'cmake_target_skip_unavailable' from command line to 'False'
[0.398s] Level 5:colcon.colcon_core.verb:set package 'sjtu_drone_bringup' build argument 'cmake_clean_cache' from command line to 'False'
[0.398s] Level 5:colcon.colcon_core.verb:set package 'sjtu_drone_bringup' build argument 'cmake_clean_first' from command line to 'False'
[0.398s] Level 5:colcon.colcon_core.verb:set package 'sjtu_drone_bringup' build argument 'cmake_force_configure' from command line to 'False'
[0.398s] Level 5:colcon.colcon_core.verb:set package 'sjtu_drone_bringup' build argument 'ament_cmake_args' from command line to 'None'
[0.398s] Level 5:colcon.colcon_core.verb:set package 'sjtu_drone_bringup' build argument 'catkin_cmake_args' from command line to 'None'
[0.398s] Level 5:colcon.colcon_core.verb:set package 'sjtu_drone_bringup' build argument 'catkin_skip_building_tests' from command line to 'False'
[0.398s] DEBUG:colcon.colcon_core.verb:Building package 'sjtu_drone_bringup' with the following arguments: {'ament_cmake_args': None, 'build_base': '/home/ankur/ros2_ws/build/sjtu_drone_bringup', 'catkin_cmake_args': None, 'catkin_skip_building_tests': False, 'cmake_args': None, 'cmake_clean_cache': False, 'cmake_clean_first': False, 'cmake_force_configure': False, 'cmake_target': None, 'cmake_target_skip_unavailable': False, 'install_base': '/home/ankur/ros2_ws/install/sjtu_drone_bringup', 'merge_install': False, 'path': '/home/ankur/ros2_ws/src/drones_ROS2/sjtu_drone/sjtu_drone_bringup', 'symlink_install': False, 'test_result_base': None}
[0.398s] Level 5:colcon.colcon_core.verb:set package 'sjtu_drone_description' build argument 'cmake_args' from command line to 'None'
[0.398s] Level 5:colcon.colcon_core.verb:set package 'sjtu_drone_description' build argument 'cmake_target' from command line to 'None'
[0.398s] Level 5:colcon.colcon_core.verb:set package 'sjtu_drone_description' build argument 'cmake_target_skip_unavailable' from command line to 'False'
[0.398s] Level 5:colcon.colcon_core.verb:set package 'sjtu_drone_description' build argument 'cmake_clean_cache' from command line to 'False'
[0.398s] Level 5:colcon.colcon_core.verb:set package 'sjtu_drone_description' build argument 'cmake_clean_first' from command line to 'False'
[0.398s] Level 5:colcon.colcon_core.verb:set package 'sjtu_drone_description' build argument 'cmake_force_configure' from command line to 'False'
[0.398s] Level 5:colcon.colcon_core.verb:set package 'sjtu_drone_description' build argument 'ament_cmake_args' from command line to 'None'
[0.398s] Level 5:colcon.colcon_core.verb:set package 'sjtu_drone_description' build argument 'catkin_cmake_args' from command line to 'None'
[0.398s] Level 5:colcon.colcon_core.verb:set package 'sjtu_drone_description' build argument 'catkin_skip_building_tests' from command line to 'False'
[0.398s] DEBUG:colcon.colcon_core.verb:Building package 'sjtu_drone_description' with the following arguments: {'ament_cmake_args': None, 'build_base': '/home/ankur/ros2_ws/build/sjtu_drone_description', 'catkin_cmake_args': None, 'catkin_skip_building_tests': False, 'cmake_args': None, 'cmake_clean_cache': False, 'cmake_clean_first': False, 'cmake_force_configure': False, 'cmake_target': None, 'cmake_target_skip_unavailable': False, 'install_base': '/home/ankur/ros2_ws/install/sjtu_drone_description', 'merge_install': False, 'path': '/home/ankur/ros2_ws/src/drones_ROS2/sjtu_drone/sjtu_drone_description', 'symlink_install': False, 'test_result_base': None}
[0.398s] INFO:colcon.colcon_core.executor:Executing jobs using 'parallel' executor
[0.405s] DEBUG:colcon.colcon_parallel_executor.executor.parallel:run_until_complete
[0.407s] INFO:colcon.colcon_ros.task.ament_cmake.build:Building ROS package in '/home/ankur/ros2_ws/src/drones_ROS2/drive_drone' with build type 'ament_cmake'
[0.408s] INFO:colcon.colcon_cmake.task.cmake.build:Building CMake package in '/home/ankur/ros2_ws/src/drones_ROS2/drive_drone'
[0.415s] INFO:colcon.colcon_core.plugin_system:Skipping extension 'colcon_core.shell.bat': Not used on non-Windows systems
[0.415s] INFO:colcon.colcon_core.shell:Skip shell extension 'powershell' for command environment: Not usable outside of PowerShell
[0.415s] DEBUG:colcon.colcon_core.shell:Skip shell extension 'dsv' for command environment
[0.419s] INFO:colcon.colcon_ros.task.ament_python.build:Building ROS package in '/home/ankur/ros2_ws/src/drones_ROS2/ibvs' with build type 'ament_python'
[0.420s] Level 1:colcon.colcon_core.shell:create_environment_hook('ibvs', 'ament_prefix_path')
[0.420s] INFO:colcon.colcon_core.shell:Creating environment hook '/home/ankur/ros2_ws/install/ibvs/share/ibvs/hook/ament_prefix_path.ps1'
[0.422s] INFO:colcon.colcon_core.shell:Creating environment descriptor '/home/ankur/ros2_ws/install/ibvs/share/ibvs/hook/ament_prefix_path.dsv'
[0.423s] INFO:colcon.colcon_core.shell:Creating environment hook '/home/ankur/ros2_ws/install/ibvs/share/ibvs/hook/ament_prefix_path.sh'
[0.423s] INFO:colcon.colcon_core.shell:Skip shell extension 'powershell' for command environment: Not usable outside of PowerShell
[0.424s] DEBUG:colcon.colcon_core.shell:Skip shell extension 'dsv' for command environment
[0.428s] INFO:colcon.colcon_ros.task.ament_python.build:Building ROS package in '/home/ankur/ros2_ws/src/drones_ROS2/sjtu_drone/sjtu_drone_bringup' with build type 'ament_python'
[0.428s] Level 1:colcon.colcon_core.shell:create_environment_hook('sjtu_drone_bringup', 'ament_prefix_path')
[0.429s] INFO:colcon.colcon_core.shell:Creating environment hook '/home/ankur/ros2_ws/install/sjtu_drone_bringup/share/sjtu_drone_bringup/hook/ament_prefix_path.ps1'
[0.429s] INFO:colcon.colcon_core.shell:Creating environment descriptor '/home/ankur/ros2_ws/install/sjtu_drone_bringup/share/sjtu_drone_bringup/hook/ament_prefix_path.dsv'
[0.430s] INFO:colcon.colcon_core.shell:Creating environment hook '/home/ankur/ros2_ws/install/sjtu_drone_bringup/share/sjtu_drone_bringup/hook/ament_prefix_path.sh'
[0.431s] INFO:colcon.colcon_core.shell:Skip shell extension 'powershell' for command environment: Not usable outside of PowerShell
[0.431s] DEBUG:colcon.colcon_core.shell:Skip shell extension 'dsv' for command environment
[0.439s] INFO:colcon.colcon_ros.task.ament_cmake.build:Building ROS package in '/home/ankur/ros2_ws/src/drones_ROS2/sjtu_drone/sjtu_drone_description' with build type 'ament_cmake'
[0.439s] INFO:colcon.colcon_cmake.task.cmake.build:Building CMake package in '/home/ankur/ros2_ws/src/drones_ROS2/sjtu_drone/sjtu_drone_description'
[0.439s] INFO:colcon.colcon_core.shell:Skip shell extension 'powershell' for command environment: Not usable outside of PowerShell
[0.440s] DEBUG:colcon.colcon_core.shell:Skip shell extension 'dsv' for command environment
[0.466s] DEBUG:colcon.colcon_core.event_handler.log_command:Invoking command in '/home/ankur/ros2_ws/build/drive_drone': CMAKE_PREFIX_PATH=${CMAKE_PREFIX_PATH}:/home/ankur/ros2_ws/install/ibvs:/home/ankur/ros2_ws/install/sjtu_drone_bringup:/home/ankur/drone_ws/install/sjtu_drone_control:/home/ankur/drone_ws/install/sjtu_drone_bringup:/home/ankur/drone_ws/install/pkgg:/opt/ros/humble /usr/bin/cmake --build /home/ankur/ros2_ws/build/drive_drone -- -j4 -l4
[0.783s] INFO:colcon.colcon_core.task.python.build:Building Python package in '/home/ankur/ros2_ws/src/drones_ROS2/ibvs'
[0.783s] INFO:colcon.colcon_core.shell:Skip shell extension 'powershell' for command environment: Not usable outside of PowerShell
[0.783s] DEBUG:colcon.colcon_core.shell:Skip shell extension 'dsv' for command environment
[1.039s] INFO:colcon.colcon_core.task.python.build:Building Python package in '/home/ankur/ros2_ws/src/drones_ROS2/sjtu_drone/sjtu_drone_bringup'
[1.039s] INFO:colcon.colcon_core.shell:Skip shell extension 'powershell' for command environment: Not usable outside of PowerShell
[1.039s] DEBUG:colcon.colcon_core.shell:Skip shell extension 'dsv' for command environment
[1.067s] DEBUG:colcon.colcon_core.event_handler.log_command:Invoking command in '/home/ankur/ros2_ws/build/sjtu_drone_description': CMAKE_PREFIX_PATH=${CMAKE_PREFIX_PATH}:/home/ankur/ros2_ws/install/ibvs:/home/ankur/ros2_ws/install/sjtu_drone_bringup:/home/ankur/drone_ws/install/sjtu_drone_control:/home/ankur/drone_ws/install/sjtu_drone_bringup:/home/ankur/drone_ws/install/pkgg:/opt/ros/humble /usr/bin/cmake --build /home/ankur/ros2_ws/build/sjtu_drone_description -- -j4 -l4
[1.074s] DEBUG:colcon.colcon_core.event_handler.log_command:Invoked command in '/home/ankur/ros2_ws/build/drive_drone' returned '0': CMAKE_PREFIX_PATH=${CMAKE_PREFIX_PATH}:/home/ankur/ros2_ws/install/ibvs:/home/ankur/ros2_ws/install/sjtu_drone_bringup:/home/ankur/drone_ws/install/sjtu_drone_control:/home/ankur/drone_ws/install/sjtu_drone_bringup:/home/ankur/drone_ws/install/pkgg:/opt/ros/humble /usr/bin/cmake --build /home/ankur/ros2_ws/build/drive_drone -- -j4 -l4
[1.195s] DEBUG:colcon.colcon_core.event_handler.log_command:Invoking command in '/home/ankur/ros2_ws/build/drive_drone': CMAKE_PREFIX_PATH=${CMAKE_PREFIX_PATH}:/home/ankur/ros2_ws/install/ibvs:/home/ankur/ros2_ws/install/sjtu_drone_bringup:/home/ankur/drone_ws/install/sjtu_drone_control:/home/ankur/drone_ws/install/sjtu_drone_bringup:/home/ankur/drone_ws/install/pkgg:/opt/ros/humble /usr/bin/cmake --install /home/ankur/ros2_ws/build/drive_drone
[1.218s] Level 1:colcon.colcon_core.environment:create_environment_scripts_only(drive_drone)
[1.220s] Level 1:colcon.colcon_core.environment:checking '/home/ankur/ros2_ws/install/drive_drone' for CMake module files
[1.221s] Level 1:colcon.colcon_core.environment:checking '/home/ankur/ros2_ws/install/drive_drone' for CMake config files
[1.221s] Level 1:colcon.colcon_core.shell:create_environment_hook('drive_drone', 'cmake_prefix_path')
[1.221s] INFO:colcon.colcon_core.shell:Creating environment hook '/home/ankur/ros2_ws/install/drive_drone/share/drive_drone/hook/cmake_prefix_path.ps1'
[1.222s] INFO:colcon.colcon_core.shell:Creating environment descriptor '/home/ankur/ros2_ws/install/drive_drone/share/drive_drone/hook/cmake_prefix_path.dsv'
[1.223s] INFO:colcon.colcon_core.shell:Creating environment hook '/home/ankur/ros2_ws/install/drive_drone/share/drive_drone/hook/cmake_prefix_path.sh'
[1.224s] DEBUG:colcon.colcon_core.event_handler.log_command:Invoked command in '/home/ankur/ros2_ws/build/drive_drone' returned '0': CMAKE_PREFIX_PATH=${CMAKE_PREFIX_PATH}:/home/ankur/ros2_ws/install/ibvs:/home/ankur/ros2_ws/install/sjtu_drone_bringup:/home/ankur/drone_ws/install/sjtu_drone_control:/home/ankur/drone_ws/install/sjtu_drone_bringup:/home/ankur/drone_ws/install/pkgg:/opt/ros/humble /usr/bin/cmake --install /home/ankur/ros2_ws/build/drive_drone
[1.227s] Level 1:colcon.colcon_core.environment:checking '/home/ankur/ros2_ws/install/drive_drone/lib'
[1.227s] Level 1:colcon.colcon_core.environment:checking '/home/ankur/ros2_ws/install/drive_drone/bin'
[1.227s] Level 1:colcon.colcon_core.environment:checking '/home/ankur/ros2_ws/install/drive_drone/lib/pkgconfig/drive_drone.pc'
[1.227s] Level 1:colcon.colcon_core.environment:checking '/home/ankur/ros2_ws/install/drive_drone/lib/python3.10/site-packages'
[1.228s] Level 1:colcon.colcon_core.environment:checking '/home/ankur/ros2_ws/install/drive_drone/bin'
[1.228s] INFO:colcon.colcon_core.shell:Creating package script '/home/ankur/ros2_ws/install/drive_drone/share/drive_drone/package.ps1'
[1.230s] INFO:colcon.colcon_core.shell:Creating package descriptor '/home/ankur/ros2_ws/install/drive_drone/share/drive_drone/package.dsv'
[1.231s] INFO:colcon.colcon_core.shell:Creating package script '/home/ankur/ros2_ws/install/drive_drone/share/drive_drone/package.sh'
[1.233s] INFO:colcon.colcon_core.shell:Creating package script '/home/ankur/ros2_ws/install/drive_drone/share/drive_drone/package.bash'
[1.235s] INFO:colcon.colcon_core.shell:Creating package script '/home/ankur/ros2_ws/install/drive_drone/share/drive_drone/package.zsh'
[1.237s] Level 1:colcon.colcon_core.environment:create_file_with_runtime_dependencies(/home/ankur/ros2_ws/install/drive_drone/share/colcon-core/packages/drive_drone)
[1.250s] DEBUG:colcon.colcon_core.event_handler.log_command:Invoked command in '/home/ankur/ros2_ws/build/sjtu_drone_description' returned '0': CMAKE_PREFIX_PATH=${CMAKE_PREFIX_PATH}:/home/ankur/ros2_ws/install/ibvs:/home/ankur/ros2_ws/install/sjtu_drone_bringup:/home/ankur/drone_ws/install/sjtu_drone_control:/home/ankur/drone_ws/install/sjtu_drone_bringup:/home/ankur/drone_ws/install/pkgg:/opt/ros/humble /usr/bin/cmake --build /home/ankur/ros2_ws/build/sjtu_drone_description -- -j4 -l4
[1.337s] Level 1:colcon.colcon_core.environment:create_environment_scripts_only(drive_drone)
[1.337s] Level 1:colcon.colcon_core.environment:checking '/home/ankur/ros2_ws/install/drive_drone' for CMake module files
[1.338s] Level 1:colcon.colcon_core.environment:checking '/home/ankur/ros2_ws/install/drive_drone' for CMake config files
[1.338s] Level 1:colcon.colcon_core.shell:create_environment_hook('drive_drone', 'cmake_prefix_path')
[1.338s] INFO:colcon.colcon_core.shell:Creating environment hook '/home/ankur/ros2_ws/install/drive_drone/share/drive_drone/hook/cmake_prefix_path.ps1'
[1.339s] INFO:colcon.colcon_core.shell:Creating environment descriptor '/home/ankur/ros2_ws/install/drive_drone/share/drive_drone/hook/cmake_prefix_path.dsv'
[1.340s] INFO:colcon.colcon_core.shell:Creating environment hook '/home/ankur/ros2_ws/install/drive_drone/share/drive_drone/hook/cmake_prefix_path.sh'
[1.341s] Level 1:colcon.colcon_core.environment:checking '/home/ankur/ros2_ws/install/drive_drone/lib'
[1.341s] Level 1:colcon.colcon_core.environment:checking '/home/ankur/ros2_ws/install/drive_drone/bin'
[1.341s] Level 1:colcon.colcon_core.environment:checking '/home/ankur/ros2_ws/install/drive_drone/lib/pkgconfig/drive_drone.pc'
[1.341s] Level 1:colcon.colcon_core.environment:checking '/home/ankur/ros2_ws/install/drive_drone/lib/python3.10/site-packages'
[1.341s] Level 1:colcon.colcon_core.environment:checking '/home/ankur/ros2_ws/install/drive_drone/bin'
[1.341s] INFO:colcon.colcon_core.shell:Creating package script '/home/ankur/ros2_ws/install/drive_drone/share/drive_drone/package.ps1'
[1.343s] INFO:colcon.colcon_core.shell:Creating package descriptor '/home/ankur/ros2_ws/install/drive_drone/share/drive_drone/package.dsv'
[1.344s] INFO:colcon.colcon_core.shell:Creating package script '/home/ankur/ros2_ws/install/drive_drone/share/drive_drone/package.sh'
[1.345s] INFO:colcon.colcon_core.shell:Creating package script '/home/ankur/ros2_ws/install/drive_drone/share/drive_drone/package.bash'
[1.346s] INFO:colcon.colcon_core.shell:Creating package script '/home/ankur/ros2_ws/install/drive_drone/share/drive_drone/package.zsh'
[1.347s] Level 1:colcon.colcon_core.environment:create_file_with_runtime_dependencies(/home/ankur/ros2_ws/install/drive_drone/share/colcon-core/packages/drive_drone)
[1.354s] DEBUG:colcon.colcon_core.event_handler.log_command:Invoking command in '/home/ankur/ros2_ws/build/sjtu_drone_description': CMAKE_PREFIX_PATH=${CMAKE_PREFIX_PATH}:/home/ankur/ros2_ws/install/ibvs:/home/ankur/ros2_ws/install/sjtu_drone_bringup:/home/ankur/drone_ws/install/sjtu_drone_control:/home/ankur/drone_ws/install/sjtu_drone_bringup:/home/ankur/drone_ws/install/pkgg:/opt/ros/humble /usr/bin/cmake --install /home/ankur/ros2_ws/build/sjtu_drone_description
[1.394s] Level 1:colcon.colcon_core.environment:create_environment_scripts_only(sjtu_drone_description)
[1.394s] Level 1:colcon.colcon_core.environment:checking '/home/ankur/ros2_ws/install/sjtu_drone_description' for CMake module files
[1.395s] Level 1:colcon.colcon_core.environment:checking '/home/ankur/ros2_ws/install/sjtu_drone_description' for CMake config files
[1.395s] Level 1:colcon.colcon_core.shell:create_environment_hook('sjtu_drone_description', 'cmake_prefix_path')
[1.395s] INFO:colcon.colcon_core.shell:Creating environment hook '/home/ankur/ros2_ws/install/sjtu_drone_description/share/sjtu_drone_description/hook/cmake_prefix_path.ps1'
[1.396s] INFO:colcon.colcon_core.shell:Creating environment descriptor '/home/ankur/ros2_ws/install/sjtu_drone_description/share/sjtu_drone_description/hook/cmake_prefix_path.dsv'
[1.397s] INFO:colcon.colcon_core.shell:Creating environment hook '/home/ankur/ros2_ws/install/sjtu_drone_description/share/sjtu_drone_description/hook/cmake_prefix_path.sh'
[1.399s] Level 1:colcon.colcon_core.environment:checking '/home/ankur/ros2_ws/install/sjtu_drone_description/lib'
[1.399s] Level 1:colcon.colcon_core.shell:create_environment_hook('sjtu_drone_description', 'ld_library_path_lib')
[1.400s] INFO:colcon.colcon_core.shell:Creating environment hook '/home/ankur/ros2_ws/install/sjtu_drone_description/share/sjtu_drone_description/hook/ld_library_path_lib.ps1'
[1.401s] INFO:colcon.colcon_core.shell:Creating environment descriptor '/home/ankur/ros2_ws/install/sjtu_drone_description/share/sjtu_drone_description/hook/ld_library_path_lib.dsv'
[1.402s] INFO:colcon.colcon_core.shell:Creating environment hook '/home/ankur/ros2_ws/install/sjtu_drone_description/share/sjtu_drone_description/hook/ld_library_path_lib.sh'
[1.403s] Level 1:colcon.colcon_core.environment:checking '/home/ankur/ros2_ws/install/sjtu_drone_description/bin'
[1.403s] Level 1:colcon.colcon_core.environment:checking '/home/ankur/ros2_ws/install/sjtu_drone_description/lib/pkgconfig/sjtu_drone_description.pc'
[1.403s] Level 1:colcon.colcon_core.environment:checking '/home/ankur/ros2_ws/install/sjtu_drone_description/lib/python3.10/site-packages'
[1.403s] Level 1:colcon.colcon_core.environment:checking '/home/ankur/ros2_ws/install/sjtu_drone_description/bin'
[1.403s] INFO:colcon.colcon_core.shell:Creating package script '/home/ankur/ros2_ws/install/sjtu_drone_description/share/sjtu_drone_description/package.ps1'
[1.404s] INFO:colcon.colcon_core.shell:Creating package descriptor '/home/ankur/ros2_ws/install/sjtu_drone_description/share/sjtu_drone_description/package.dsv'
[1.405s] INFO:colcon.colcon_core.shell:Creating package script '/home/ankur/ros2_ws/install/sjtu_drone_description/share/sjtu_drone_description/package.sh'
[1.406s] INFO:colcon.colcon_core.shell:Creating package script '/home/ankur/ros2_ws/install/sjtu_drone_description/share/sjtu_drone_description/package.bash'
[1.407s] DEBUG:colcon.colcon_core.event_handler.log_command:Invoked command in '/home/ankur/ros2_ws/build/sjtu_drone_description' returned '0': CMAKE_PREFIX_PATH=${CMAKE_PREFIX_PATH}:/home/ankur/ros2_ws/install/ibvs:/home/ankur/ros2_ws/install/sjtu_drone_bringup:/home/ankur/drone_ws/install/sjtu_drone_control:/home/ankur/drone_ws/install/sjtu_drone_bringup:/home/ankur/drone_ws/install/pkgg:/opt/ros/humble /usr/bin/cmake --install /home/ankur/ros2_ws/build/sjtu_drone_description
[1.408s] INFO:colcon.colcon_core.shell:Creating package script '/home/ankur/ros2_ws/install/sjtu_drone_description/share/sjtu_drone_description/package.zsh'
[1.408s] Level 1:colcon.colcon_core.environment:create_file_with_runtime_dependencies(/home/ankur/ros2_ws/install/sjtu_drone_description/share/colcon-core/packages/sjtu_drone_description)
[1.519s] Level 1:colcon.colcon_core.environment:create_environment_scripts_only(sjtu_drone_description)
[1.519s] Level 1:colcon.colcon_core.environment:checking '/home/ankur/ros2_ws/install/sjtu_drone_description' for CMake module files
[1.520s] Level 1:colcon.colcon_core.environment:checking '/home/ankur/ros2_ws/install/sjtu_drone_description' for CMake config files
[1.520s] Level 1:colcon.colcon_core.shell:create_environment_hook('sjtu_drone_description', 'cmake_prefix_path')
[1.521s] INFO:colcon.colcon_core.shell:Creating environment hook '/home/ankur/ros2_ws/install/sjtu_drone_description/share/sjtu_drone_description/hook/cmake_prefix_path.ps1'
[1.522s] INFO:colcon.colcon_core.shell:Creating environment descriptor '/home/ankur/ros2_ws/install/sjtu_drone_description/share/sjtu_drone_description/hook/cmake_prefix_path.dsv'
[1.523s] INFO:colcon.colcon_core.shell:Creating environment hook '/home/ankur/ros2_ws/install/sjtu_drone_description/share/sjtu_drone_description/hook/cmake_prefix_path.sh'
[1.525s] Level 1:colcon.colcon_core.environment:checking '/home/ankur/ros2_ws/install/sjtu_drone_description/lib'
[1.525s] Level 1:colcon.colcon_core.shell:create_environment_hook('sjtu_drone_description', 'ld_library_path_lib')
[1.525s] INFO:colcon.colcon_core.shell:Creating environment hook '/home/ankur/ros2_ws/install/sjtu_drone_description/share/sjtu_drone_description/hook/ld_library_path_lib.ps1'
[1.527s] INFO:colcon.colcon_core.shell:Creating environment descriptor '/home/ankur/ros2_ws/install/sjtu_drone_description/share/sjtu_drone_description/hook/ld_library_path_lib.dsv'
[1.528s] INFO:colcon.colcon_core.shell:Creating environment hook '/home/ankur/ros2_ws/install/sjtu_drone_description/share/sjtu_drone_description/hook/ld_library_path_lib.sh'
[1.529s] Level 1:colcon.colcon_core.environment:checking '/home/ankur/ros2_ws/install/sjtu_drone_description/bin'
[1.530s] Level 1:colcon.colcon_core.environment:checking '/home/ankur/ros2_ws/install/sjtu_drone_description/lib/pkgconfig/sjtu_drone_description.pc'
[1.530s] Level 1:colcon.colcon_core.environment:checking '/home/ankur/ros2_ws/install/sjtu_drone_description/lib/python3.10/site-packages'
[1.530s] Level 1:colcon.colcon_core.environment:checking '/home/ankur/ros2_ws/install/sjtu_drone_description/bin'
[1.530s] INFO:colcon.colcon_core.shell:Creating package script '/home/ankur/ros2_ws/install/sjtu_drone_description/share/sjtu_drone_description/package.ps1'
[1.531s] INFO:colcon.colcon_core.shell:Creating package descriptor '/home/ankur/ros2_ws/install/sjtu_drone_description/share/sjtu_drone_description/package.dsv'
[1.532s] INFO:colcon.colcon_core.shell:Creating package script '/home/ankur/ros2_ws/install/sjtu_drone_description/share/sjtu_drone_description/package.sh'
[1.534s] INFO:colcon.colcon_core.shell:Creating package script '/home/ankur/ros2_ws/install/sjtu_drone_description/share/sjtu_drone_description/package.bash'
[1.534s] INFO:colcon.colcon_core.shell:Creating package script '/home/ankur/ros2_ws/install/sjtu_drone_description/share/sjtu_drone_description/package.zsh'
[1.535s] Level 1:colcon.colcon_core.environment:create_file_with_runtime_dependencies(/home/ankur/ros2_ws/install/sjtu_drone_description/share/colcon-core/packages/sjtu_drone_description)
[1.627s] DEBUG:colcon.colcon_core.event_handler.log_command:Invoking command in '/home/ankur/ros2_ws/src/drones_ROS2/ibvs': PYTHONPATH=/home/ankur/ros2_ws/build/ibvs/prefix_override:/home/ankur/ros2_ws/install/ibvs/lib/python3.10/site-packages:${PYTHONPATH} /usr/bin/python3 -W ignore:setup.py install is deprecated setup.py egg_info --egg-base ../../../build/ibvs build --build-base /home/ankur/ros2_ws/build/ibvs/build install --record /home/ankur/ros2_ws/build/ibvs/install.log --single-version-externally-managed install_data
[1.643s] DEBUG:colcon.colcon_core.event_handler.log_command:Invoking command in '/home/ankur/ros2_ws/src/drones_ROS2/sjtu_drone/sjtu_drone_bringup': PYTHONPATH=/home/ankur/ros2_ws/build/sjtu_drone_bringup/prefix_override:/home/ankur/ros2_ws/install/sjtu_drone_bringup/lib/python3.10/site-packages:${PYTHONPATH} /usr/bin/python3 -W ignore:setup.py install is deprecated setup.py egg_info --egg-base ../../../../build/sjtu_drone_bringup build --build-base /home/ankur/ros2_ws/build/sjtu_drone_bringup/build install --record /home/ankur/ros2_ws/build/sjtu_drone_bringup/install.log --single-version-externally-managed install_data
[1.938s] Level 1:colcon.colcon_core.environment:checking '/home/ankur/ros2_ws/install/ibvs' for CMake module files
[1.939s] Level 1:colcon.colcon_core.environment:checking '/home/ankur/ros2_ws/install/ibvs' for CMake config files
[1.940s] DEBUG:colcon.colcon_core.event_handler.log_command:Invoked command in '/home/ankur/ros2_ws/src/drones_ROS2/ibvs' returned '0': PYTHONPATH=/home/ankur/ros2_ws/build/ibvs/prefix_override:/home/ankur/ros2_ws/install/ibvs/lib/python3.10/site-packages:${PYTHONPATH} /usr/bin/python3 -W ignore:setup.py install is deprecated setup.py egg_info --egg-base ../../../build/ibvs build --build-base /home/ankur/ros2_ws/build/ibvs/build install --record /home/ankur/ros2_ws/build/ibvs/install.log --single-version-externally-managed install_data
[1.941s] Level 1:colcon.colcon_core.environment:checking '/home/ankur/ros2_ws/install/ibvs/lib'
[1.941s] Level 1:colcon.colcon_core.environment:checking '/home/ankur/ros2_ws/install/ibvs/bin'
[1.941s] Level 1:colcon.colcon_core.environment:checking '/home/ankur/ros2_ws/install/ibvs/lib/pkgconfig/ibvs.pc'
[1.941s] Level 1:colcon.colcon_core.environment:checking '/home/ankur/ros2_ws/install/ibvs/lib/python3.10/site-packages'
[1.941s] Level 1:colcon.colcon_core.shell:create_environment_hook('ibvs', 'pythonpath')
[1.942s] INFO:colcon.colcon_core.shell:Creating environment hook '/home/ankur/ros2_ws/install/ibvs/share/ibvs/hook/pythonpath.ps1'
[1.943s] INFO:colcon.colcon_core.shell:Creating environment descriptor '/home/ankur/ros2_ws/install/ibvs/share/ibvs/hook/pythonpath.dsv'
[1.943s] INFO:colcon.colcon_core.shell:Creating environment hook '/home/ankur/ros2_ws/install/ibvs/share/ibvs/hook/pythonpath.sh'
[1.944s] Level 1:colcon.colcon_core.environment:checking '/home/ankur/ros2_ws/install/ibvs/bin'
[1.944s] Level 1:colcon.colcon_core.environment:create_environment_scripts_only(ibvs)
[1.945s] INFO:colcon.colcon_core.shell:Creating package script '/home/ankur/ros2_ws/install/ibvs/share/ibvs/package.ps1'
[1.946s] INFO:colcon.colcon_core.shell:Creating package descriptor '/home/ankur/ros2_ws/install/ibvs/share/ibvs/package.dsv'
[1.948s] INFO:colcon.colcon_core.shell:Creating package script '/home/ankur/ros2_ws/install/ibvs/share/ibvs/package.sh'
[1.949s] INFO:colcon.colcon_core.shell:Creating package script '/home/ankur/ros2_ws/install/ibvs/share/ibvs/package.bash'
[1.950s] INFO:colcon.colcon_core.shell:Creating package script '/home/ankur/ros2_ws/install/ibvs/share/ibvs/package.zsh'
[1.951s] Level 1:colcon.colcon_core.environment:create_file_with_runtime_dependencies(/home/ankur/ros2_ws/install/ibvs/share/colcon-core/packages/ibvs)
[1.984s] Level 1:colcon.colcon_core.environment:checking '/home/ankur/ros2_ws/install/sjtu_drone_bringup' for CMake module files
[1.985s] DEBUG:colcon.colcon_core.event_handler.log_command:Invoked command in '/home/ankur/ros2_ws/src/drones_ROS2/sjtu_drone/sjtu_drone_bringup' returned '0': PYTHONPATH=/home/ankur/ros2_ws/build/sjtu_drone_bringup/prefix_override:/home/ankur/ros2_ws/install/sjtu_drone_bringup/lib/python3.10/site-packages:${PYTHONPATH} /usr/bin/python3 -W ignore:setup.py install is deprecated setup.py egg_info --egg-base ../../../../build/sjtu_drone_bringup build --build-base /home/ankur/ros2_ws/build/sjtu_drone_bringup/build install --record /home/ankur/ros2_ws/build/sjtu_drone_bringup/install.log --single-version-externally-managed install_data
[1.985s] Level 1:colcon.colcon_core.environment:checking '/home/ankur/ros2_ws/install/sjtu_drone_bringup' for CMake config files
[1.986s] Level 1:colcon.colcon_core.environment:checking '/home/ankur/ros2_ws/install/sjtu_drone_bringup/lib'
[1.986s] Level 1:colcon.colcon_core.environment:checking '/home/ankur/ros2_ws/install/sjtu_drone_bringup/bin'
[1.986s] Level 1:colcon.colcon_core.environment:checking '/home/ankur/ros2_ws/install/sjtu_drone_bringup/lib/pkgconfig/sjtu_drone_bringup.pc'
[1.986s] Level 1:colcon.colcon_core.environment:checking '/home/ankur/ros2_ws/install/sjtu_drone_bringup/lib/python3.10/site-packages'
[1.986s] Level 1:colcon.colcon_core.shell:create_environment_hook('sjtu_drone_bringup', 'pythonpath')
[1.987s] INFO:colcon.colcon_core.shell:Creating environment hook '/home/ankur/ros2_ws/install/sjtu_drone_bringup/share/sjtu_drone_bringup/hook/pythonpath.ps1'
[1.987s] INFO:colcon.colcon_core.shell:Creating environment descriptor '/home/ankur/ros2_ws/install/sjtu_drone_bringup/share/sjtu_drone_bringup/hook/pythonpath.dsv'
[1.988s] INFO:colcon.colcon_core.shell:Creating environment hook '/home/ankur/ros2_ws/install/sjtu_drone_bringup/share/sjtu_drone_bringup/hook/pythonpath.sh'
[1.989s] Level 1:colcon.colcon_core.environment:checking '/home/ankur/ros2_ws/install/sjtu_drone_bringup/bin'
[1.989s] Level 1:colcon.colcon_core.environment:create_environment_scripts_only(sjtu_drone_bringup)
[1.990s] INFO:colcon.colcon_core.shell:Creating package script '/home/ankur/ros2_ws/install/sjtu_drone_bringup/share/sjtu_drone_bringup/package.ps1'
[1.990s] INFO:colcon.colcon_core.shell:Creating package descriptor '/home/ankur/ros2_ws/install/sjtu_drone_bringup/share/sjtu_drone_bringup/package.dsv'
[1.991s] INFO:colcon.colcon_core.shell:Creating package script '/home/ankur/ros2_ws/install/sjtu_drone_bringup/share/sjtu_drone_bringup/package.sh'
[1.992s] INFO:colcon.colcon_core.shell:Creating package script '/home/ankur/ros2_ws/install/sjtu_drone_bringup/share/sjtu_drone_bringup/package.bash'
[1.993s] INFO:colcon.colcon_core.shell:Creating package script '/home/ankur/ros2_ws/install/sjtu_drone_bringup/share/sjtu_drone_bringup/package.zsh'
[1.994s] Level 1:colcon.colcon_core.environment:create_file_with_runtime_dependencies(/home/ankur/ros2_ws/install/sjtu_drone_bringup/share/colcon-core/packages/sjtu_drone_bringup)
[1.996s] DEBUG:colcon.colcon_parallel_executor.executor.parallel:closing loop
[1.999s] DEBUG:colcon.colcon_parallel_executor.executor.parallel:loop closed
[1.999s] DEBUG:colcon.colcon_parallel_executor.executor.parallel:run_until_complete finished with '0'
[2.000s] DEBUG:colcon.colcon_core.event_reactor:joining thread
[2.007s] INFO:colcon.colcon_core.plugin_system:Skipping extension 'colcon_notification.desktop_notification.terminal_notifier': Not used on non-Darwin systems
[2.007s] INFO:colcon.colcon_core.plugin_system:Skipping extension 'colcon_notification.desktop_notification.win32': Not used on non-Windows systems
[2.007s] INFO:colcon.colcon_notification.desktop_notification:Sending desktop notification using 'notify2'
[2.040s] DEBUG:colcon.colcon_core.event_reactor:joined thread
[2.041s] INFO:colcon.colcon_core.shell:Creating prefix script '/home/ankur/ros2_ws/install/local_setup.ps1'
[2.042s] INFO:colcon.colcon_core.shell:Creating prefix util module '/home/ankur/ros2_ws/install/_local_setup_util_ps1.py'
[2.043s] INFO:colcon.colcon_core.shell:Creating prefix chain script '/home/ankur/ros2_ws/install/setup.ps1'
[2.045s] INFO:colcon.colcon_core.shell:Creating prefix script '/home/ankur/ros2_ws/install/local_setup.sh'
[2.046s] INFO:colcon.colcon_core.shell:Creating prefix util module '/home/ankur/ros2_ws/install/_local_setup_util_sh.py'
[2.047s] INFO:colcon.colcon_core.shell:Creating prefix chain script '/home/ankur/ros2_ws/install/setup.sh'
[2.048s] INFO:colcon.colcon_core.shell:Creating prefix script '/home/ankur/ros2_ws/install/local_setup.bash'
[2.049s] INFO:colcon.colcon_core.shell:Creating prefix chain script '/home/ankur/ros2_ws/install/setup.bash'
[2.050s] INFO:colcon.colcon_core.shell:Creating prefix script '/home/ankur/ros2_ws/install/local_setup.zsh'
[2.051s] INFO:colcon.colcon_core.shell:Creating prefix chain script '/home/ankur/ros2_ws/install/setup.zsh'
