running egg_info
creating ../../../build/drone_controller/drone_controller.egg-info
writing ../../../build/drone_controller/drone_controller.egg-info/PKG-INFO
writing dependency_links to ../../../build/drone_controller/drone_controller.egg-info/dependency_links.txt
writing entry points to ../../../build/drone_controller/drone_controller.egg-info/entry_points.txt
writing requirements to ../../../build/drone_controller/drone_controller.egg-info/requires.txt
writing top-level names to ../../../build/drone_controller/drone_controller.egg-info/top_level.txt
writing manifest file '../../../build/drone_controller/drone_controller.egg-info/SOURCES.txt'
reading manifest file '../../../build/drone_controller/drone_controller.egg-info/SOURCES.txt'
writing manifest file '../../../build/drone_controller/drone_controller.egg-info/SOURCES.txt'
running build
running build_py
creating /home/jagadeesh/ros2_ws/build/drone_controller/build
creating /home/jagadeesh/ros2_ws/build/drone_controller/build/lib
creating /home/jagadeesh/ros2_ws/build/drone_controller/build/lib/drone_controller
copying drone_controller/__init__.py -> /home/jagadeesh/ros2_ws/build/drone_controller/build/lib/drone_controller
copying drone_controller/image_sub.py -> /home/jagadeesh/ros2_ws/build/drone_controller/build/lib/drone_controller
copying drone_controller/image_pub.py -> /home/jagadeesh/ros2_ws/build/drone_controller/build/lib/drone_controller
running install
running install_lib
creating /home/jagadeesh/ros2_ws/install/drone_controller/lib/python3.10/site-packages/drone_controller
copying /home/jagadeesh/ros2_ws/build/drone_controller/build/lib/drone_controller/__init__.py -> /home/jagadeesh/ros2_ws/install/drone_controller/lib/python3.10/site-packages/drone_controller
copying /home/jagadeesh/ros2_ws/build/drone_controller/build/lib/drone_controller/image_sub.py -> /home/jagadeesh/ros2_ws/install/drone_controller/lib/python3.10/site-packages/drone_controller
copying /home/jagadeesh/ros2_ws/build/drone_controller/build/lib/drone_controller/image_pub.py -> /home/jagadeesh/ros2_ws/install/drone_controller/lib/python3.10/site-packages/drone_controller
byte-compiling /home/jagadeesh/ros2_ws/install/drone_controller/lib/python3.10/site-packages/drone_controller/__init__.py to __init__.cpython-310.pyc
byte-compiling /home/jagadeesh/ros2_ws/install/drone_controller/lib/python3.10/site-packages/drone_controller/image_sub.py to image_sub.cpython-310.pyc
byte-compiling /home/jagadeesh/ros2_ws/install/drone_controller/lib/python3.10/site-packages/drone_controller/image_pub.py to image_pub.cpython-310.pyc
running install_data
creating /home/jagadeesh/ros2_ws/install/drone_controller/share/ament_index
creating /home/jagadeesh/ros2_ws/install/drone_controller/share/ament_index/resource_index
creating /home/jagadeesh/ros2_ws/install/drone_controller/share/ament_index/resource_index/packages
copying resource/drone_controller -> /home/jagadeesh/ros2_ws/install/drone_controller/share/ament_index/resource_index/packages
copying package.xml -> /home/jagadeesh/ros2_ws/install/drone_controller/share/drone_controller
running install_egg_info
Copying ../../../build/drone_controller/drone_controller.egg-info to /home/jagadeesh/ros2_ws/install/drone_controller/lib/python3.10/site-packages/drone_controller-0.0.0-py3.10.egg-info
running install_scripts
writing list of installed files to '/home/jagadeesh/ros2_ws/build/drone_controller/install.log'
