[1.309s] Invoking command in '/home/ankur/ros2_ws/src/drones_ROS2/ibvs': PYTHONPATH=/home/ankur/ros2_ws/build/ibvs/prefix_override:/home/ankur/ros2_ws/install/ibvs/lib/python3.10/site-packages:${PYTHONPATH} /usr/bin/python3 -W ignore:setup.py install is deprecated setup.py egg_info --egg-base ../../../build/ibvs build --build-base /home/ankur/ros2_ws/build/ibvs/build install --record /home/ankur/ros2_ws/build/ibvs/install.log --single-version-externally-managed install_data
[1.560s] running egg_info
[1.561s] writing ../../../build/ibvs/ibvs.egg-info/PKG-INFO
[1.561s] writing dependency_links to ../../../build/ibvs/ibvs.egg-info/dependency_links.txt
[1.562s] writing entry points to ../../../build/ibvs/ibvs.egg-info/entry_points.txt
[1.562s] writing requirements to ../../../build/ibvs/ibvs.egg-info/requires.txt
[1.563s] writing top-level names to ../../../build/ibvs/ibvs.egg-info/top_level.txt
[1.565s] reading manifest file '../../../build/ibvs/ibvs.egg-info/SOURCES.txt'
[1.569s] writing manifest file '../../../build/ibvs/ibvs.egg-info/SOURCES.txt'
[1.569s] running build
[1.569s] running build_py
[1.569s] running install
[1.570s] running install_lib
[1.571s] running install_data
[1.571s] copying launch/ground_vehicle.launch.py -> /home/ankur/ros2_ws/install/ibvs/share/ibvs/launch
[1.571s] running install_egg_info
[1.573s] removing '/home/ankur/ros2_ws/install/ibvs/lib/python3.10/site-packages/ibvs-0.0.0-py3.10.egg-info' (and everything under it)
[1.573s] Copying ../../../build/ibvs/ibvs.egg-info to /home/ankur/ros2_ws/install/ibvs/lib/python3.10/site-packages/ibvs-0.0.0-py3.10.egg-info
[1.574s] running install_scripts
[1.599s] Installing spawnGV script to /home/ankur/ros2_ws/install/ibvs/lib/ibvs
[1.599s] writing list of installed files to '/home/ankur/ros2_ws/build/ibvs/install.log'
[1.650s] Invoked command in '/home/ankur/ros2_ws/src/drones_ROS2/ibvs' returned '0': PYTHONPATH=/home/ankur/ros2_ws/build/ibvs/prefix_override:/home/ankur/ros2_ws/install/ibvs/lib/python3.10/site-packages:${PYTHONPATH} /usr/bin/python3 -W ignore:setup.py install is deprecated setup.py egg_info --egg-base ../../../build/ibvs build --build-base /home/ankur/ros2_ws/build/ibvs/build install --record /home/ankur/ros2_ws/build/ibvs/install.log --single-version-externally-managed install_data
