[0.496s] Invoking command in '/home/jagadeesh/ros2_ws/src/drones_ROS2/drone_controller': PYTHONPATH=/home/jagadeesh/ros2_ws/build/drone_controller/prefix_override:/home/jagadeesh/ros2_ws/install/drone_controller/lib/python3.10/site-packages:${PYTHONPATH} /usr/bin/python3 -W ignore:setup.py install is deprecated setup.py egg_info --egg-base ../../../build/drone_controller build --build-base /home/jagadeesh/ros2_ws/build/drone_controller/build install --record /home/jagadeesh/ros2_ws/build/drone_controller/install.log --single-version-externally-managed install_data
[0.624s] running egg_info
[0.624s] writing ../../../build/drone_controller/drone_controller.egg-info/PKG-INFO
[0.624s] writing dependency_links to ../../../build/drone_controller/drone_controller.egg-info/dependency_links.txt
[0.624s] writing entry points to ../../../build/drone_controller/drone_controller.egg-info/entry_points.txt
[0.624s] writing requirements to ../../../build/drone_controller/drone_controller.egg-info/requires.txt
[0.624s] writing top-level names to ../../../build/drone_controller/drone_controller.egg-info/top_level.txt
[0.625s] reading manifest file '../../../build/drone_controller/drone_controller.egg-info/SOURCES.txt'
[0.626s] writing manifest file '../../../build/drone_controller/drone_controller.egg-info/SOURCES.txt'
[0.626s] running build
[0.626s] running build_py
[0.626s] running install
[0.626s] running install_lib
[0.627s] byte-compiling /home/jagadeesh/ros2_ws/install/drone_controller/lib/python3.10/site-packages/drone_controller/img_sub2.py to img_sub2.cpython-310.pyc
[0.628s]   File "/home/jagadeesh/ros2_ws/install/drone_controller/lib/python3.10/site-packages/drone_controller/img_sub2.py", line 81
[0.628s]     self.get_logger().error('Error processing image
[0.628s]                             ^
[0.628s] SyntaxError: unterminated string literal (detected at line 81)
[0.628s] 
[0.628s] running install_data
[0.628s] running install_egg_info
[0.629s] removing '/home/jagadeesh/ros2_ws/install/drone_controller/lib/python3.10/site-packages/drone_controller-0.0.0-py3.10.egg-info' (and everything under it)
[0.629s] Copying ../../../build/drone_controller/drone_controller.egg-info to /home/jagadeesh/ros2_ws/install/drone_controller/lib/python3.10/site-packages/drone_controller-0.0.0-py3.10.egg-info
[0.630s] running install_scripts
[0.643s] Installing image_pub script to /home/jagadeesh/ros2_ws/install/drone_controller/lib/drone_controller
[0.643s] Installing image_sub script to /home/jagadeesh/ros2_ws/install/drone_controller/lib/drone_controller
[0.643s] Installing img_sub script to /home/jagadeesh/ros2_ws/install/drone_controller/lib/drone_controller
[0.643s] Installing img_sub2 script to /home/jagadeesh/ros2_ws/install/drone_controller/lib/drone_controller
[0.643s] writing list of installed files to '/home/jagadeesh/ros2_ws/build/drone_controller/install.log'
[0.658s] Invoked command in '/home/jagadeesh/ros2_ws/src/drones_ROS2/drone_controller' returned '0': PYTHONPATH=/home/jagadeesh/ros2_ws/build/drone_controller/prefix_override:/home/jagadeesh/ros2_ws/install/drone_controller/lib/python3.10/site-packages:${PYTHONPATH} /usr/bin/python3 -W ignore:setup.py install is deprecated setup.py egg_info --egg-base ../../../build/drone_controller build --build-base /home/jagadeesh/ros2_ws/build/drone_controller/build install --record /home/jagadeesh/ros2_ws/build/drone_controller/install.log --single-version-externally-managed install_data
