[0.142s] Invoking command in '/home/ankur/ros2_ws/build/minimal_diff_drive_robot': CMAKE_PREFIX_PATH=${CMAKE_PREFIX_PATH}:/home/ankur/ros2_ws/src/drones_ROS2/install/sjtu_drone_bringup:/home/ankur/ros2_ws/src/drones_ROS2/install/ibvs:/home/ankur/ros2_ws/install/ibvs:/home/ankur/ros2_ws/install/sjtu_drone_bringup:/home/ankur/drone_ws/install/sjtu_drone_control:/home/ankur/drone_ws/install/sjtu_drone_bringup:/home/ankur/drone_ws/install/pkgg:/opt/ros/humble /usr/bin/cmake /home/ankur/ros2_ws/src/drones_ROS2/minimal_diff_drive_robot -DCMAKE_INSTALL_PREFIX=/home/ankur/ros2_ws/install/minimal_diff_drive_robot
[0.489s] -- The C compiler identification is GNU 11.4.0
[0.489s] -- The CXX compiler identification is GNU 11.4.0
[0.489s] -- Detecting C compiler ABI info
[0.527s] -- Detecting C compiler ABI info - done
[0.534s] -- Check for working C compiler: /usr/bin/cc - skipped
[0.536s] -- Detecting C compile features
[0.537s] -- Detecting C compile features - done
[0.540s] -- Detecting CXX compiler ABI info
[0.709s] -- Detecting CXX compiler ABI info - done
[0.728s] -- Check for working CXX compiler: /usr/bin/c++ - skipped
[0.728s] -- Detecting CXX compile features
[0.733s] -- Detecting CXX compile features - done
[0.738s] -- Found ament_cmake: 1.3.8 (/opt/ros/humble/share/ament_cmake/cmake)
[1.037s] -- Found Python3: /usr/bin/python3 (found version "3.10.12") found components: Interpreter 
[1.229s] -- Found ament_lint_auto: 0.12.10 (/opt/ros/humble/share/ament_lint_auto/cmake)
[1.416s] -- Added test 'flake8' to check Python code syntax and style conventions
[1.423s] -- Added test 'lint_cmake' to check CMake code style
[1.425s] -- Added test 'pep257' to check Python code against some of the docstring style conventions in PEP 257
[1.433s] -- Added test 'xmllint' to check XML markup files
[1.435s] -- Configuring done
[1.440s] -- Generating done
[1.441s] -- Build files have been written to: /home/ankur/ros2_ws/build/minimal_diff_drive_robot
[1.449s] Invoked command in '/home/ankur/ros2_ws/build/minimal_diff_drive_robot' returned '0': CMAKE_PREFIX_PATH=${CMAKE_PREFIX_PATH}:/home/ankur/ros2_ws/src/drones_ROS2/install/sjtu_drone_bringup:/home/ankur/ros2_ws/src/drones_ROS2/install/ibvs:/home/ankur/ros2_ws/install/ibvs:/home/ankur/ros2_ws/install/sjtu_drone_bringup:/home/ankur/drone_ws/install/sjtu_drone_control:/home/ankur/drone_ws/install/sjtu_drone_bringup:/home/ankur/drone_ws/install/pkgg:/opt/ros/humble /usr/bin/cmake /home/ankur/ros2_ws/src/drones_ROS2/minimal_diff_drive_robot -DCMAKE_INSTALL_PREFIX=/home/ankur/ros2_ws/install/minimal_diff_drive_robot
[1.449s] Invoking command in '/home/ankur/ros2_ws/build/minimal_diff_drive_robot': CMAKE_PREFIX_PATH=${CMAKE_PREFIX_PATH}:/home/ankur/ros2_ws/src/drones_ROS2/install/sjtu_drone_bringup:/home/ankur/ros2_ws/src/drones_ROS2/install/ibvs:/home/ankur/ros2_ws/install/ibvs:/home/ankur/ros2_ws/install/sjtu_drone_bringup:/home/ankur/drone_ws/install/sjtu_drone_control:/home/ankur/drone_ws/install/sjtu_drone_bringup:/home/ankur/drone_ws/install/pkgg:/opt/ros/humble /usr/bin/cmake --build /home/ankur/ros2_ws/build/minimal_diff_drive_robot -- -j4 -l4
[1.540s] Invoked command in '/home/ankur/ros2_ws/build/minimal_diff_drive_robot' returned '0': CMAKE_PREFIX_PATH=${CMAKE_PREFIX_PATH}:/home/ankur/ros2_ws/src/drones_ROS2/install/sjtu_drone_bringup:/home/ankur/ros2_ws/src/drones_ROS2/install/ibvs:/home/ankur/ros2_ws/install/ibvs:/home/ankur/ros2_ws/install/sjtu_drone_bringup:/home/ankur/drone_ws/install/sjtu_drone_control:/home/ankur/drone_ws/install/sjtu_drone_bringup:/home/ankur/drone_ws/install/pkgg:/opt/ros/humble /usr/bin/cmake --build /home/ankur/ros2_ws/build/minimal_diff_drive_robot -- -j4 -l4
[1.643s] Invoking command in '/home/ankur/ros2_ws/build/minimal_diff_drive_robot': CMAKE_PREFIX_PATH=${CMAKE_PREFIX_PATH}:/home/ankur/ros2_ws/src/drones_ROS2/install/sjtu_drone_bringup:/home/ankur/ros2_ws/src/drones_ROS2/install/ibvs:/home/ankur/ros2_ws/install/ibvs:/home/ankur/ros2_ws/install/sjtu_drone_bringup:/home/ankur/drone_ws/install/sjtu_drone_control:/home/ankur/drone_ws/install/sjtu_drone_bringup:/home/ankur/drone_ws/install/pkgg:/opt/ros/humble /usr/bin/cmake --install /home/ankur/ros2_ws/build/minimal_diff_drive_robot
[1.653s] -- Install configuration: ""
[1.654s] -- Installing: /home/ankur/ros2_ws/install/minimal_diff_drive_robot/share/minimal_diff_drive_robot/launch
[1.654s] -- Installing: /home/ankur/ros2_ws/install/minimal_diff_drive_robot/share/minimal_diff_drive_robot/launch/gazebo_and_rviz.launch.xml
[1.655s] -- Installing: /home/ankur/ros2_ws/install/minimal_diff_drive_robot/share/minimal_diff_drive_robot/launch/gazebo_and_rviz.launch.py
[1.655s] -- Installing: /home/ankur/ros2_ws/install/minimal_diff_drive_robot/share/minimal_diff_drive_robot/urdf
[1.655s] -- Installing: /home/ankur/ros2_ws/install/minimal_diff_drive_robot/share/minimal_diff_drive_robot/urdf/minimal_diff_drive_robot.urdf
[1.655s] -- Installing: /home/ankur/ros2_ws/install/minimal_diff_drive_robot/share/minimal_diff_drive_robot/config
[1.655s] -- Installing: /home/ankur/ros2_ws/install/minimal_diff_drive_robot/share/minimal_diff_drive_robot/config/robot.rviz
[1.655s] -- Installing: /home/ankur/ros2_ws/install/minimal_diff_drive_robot/share/ament_index/resource_index/package_run_dependencies/minimal_diff_drive_robot
[1.656s] -- Installing: /home/ankur/ros2_ws/install/minimal_diff_drive_robot/share/ament_index/resource_index/parent_prefix_path/minimal_diff_drive_robot
[1.657s] -- Installing: /home/ankur/ros2_ws/install/minimal_diff_drive_robot/share/minimal_diff_drive_robot/environment/ament_prefix_path.sh
[1.657s] -- Installing: /home/ankur/ros2_ws/install/minimal_diff_drive_robot/share/minimal_diff_drive_robot/environment/ament_prefix_path.dsv
[1.658s] -- Installing: /home/ankur/ros2_ws/install/minimal_diff_drive_robot/share/minimal_diff_drive_robot/environment/path.sh
[1.658s] -- Installing: /home/ankur/ros2_ws/install/minimal_diff_drive_robot/share/minimal_diff_drive_robot/environment/path.dsv
[1.658s] -- Installing: /home/ankur/ros2_ws/install/minimal_diff_drive_robot/share/minimal_diff_drive_robot/local_setup.bash
[1.658s] -- Installing: /home/ankur/ros2_ws/install/minimal_diff_drive_robot/share/minimal_diff_drive_robot/local_setup.sh
[1.658s] -- Installing: /home/ankur/ros2_ws/install/minimal_diff_drive_robot/share/minimal_diff_drive_robot/local_setup.zsh
[1.659s] -- Installing: /home/ankur/ros2_ws/install/minimal_diff_drive_robot/share/minimal_diff_drive_robot/local_setup.dsv
[1.659s] -- Installing: /home/ankur/ros2_ws/install/minimal_diff_drive_robot/share/minimal_diff_drive_robot/package.dsv
[1.659s] -- Installing: /home/ankur/ros2_ws/install/minimal_diff_drive_robot/share/ament_index/resource_index/packages/minimal_diff_drive_robot
[1.659s] -- Installing: /home/ankur/ros2_ws/install/minimal_diff_drive_robot/share/minimal_diff_drive_robot/cmake/minimal_diff_drive_robotConfig.cmake
[1.659s] -- Installing: /home/ankur/ros2_ws/install/minimal_diff_drive_robot/share/minimal_diff_drive_robot/cmake/minimal_diff_drive_robotConfig-version.cmake
[1.659s] -- Installing: /home/ankur/ros2_ws/install/minimal_diff_drive_robot/share/minimal_diff_drive_robot/package.xml
[1.661s] Invoked command in '/home/ankur/ros2_ws/build/minimal_diff_drive_robot' returned '0': CMAKE_PREFIX_PATH=${CMAKE_PREFIX_PATH}:/home/ankur/ros2_ws/src/drones_ROS2/install/sjtu_drone_bringup:/home/ankur/ros2_ws/src/drones_ROS2/install/ibvs:/home/ankur/ros2_ws/install/ibvs:/home/ankur/ros2_ws/install/sjtu_drone_bringup:/home/ankur/drone_ws/install/sjtu_drone_control:/home/ankur/drone_ws/install/sjtu_drone_bringup:/home/ankur/drone_ws/install/pkgg:/opt/ros/humble /usr/bin/cmake --install /home/ankur/ros2_ws/build/minimal_diff_drive_robot
