[0.345s] Invoking command in '/home/ankur/ros2_ws/build/sjtu_drone_description': CMAKE_PREFIX_PATH=${CMAKE_PREFIX_PATH}:/home/ankur/drone_ws/install/sjtu_drone_control:/home/ankur/drone_ws/install/sjtu_drone_bringup:/home/ankur/drone_ws/install/pkgg:/opt/ros/humble /usr/bin/cmake --build /home/ankur/ros2_ws/build/sjtu_drone_description -- -j3 -l3
[0.529s] [100%] Built target plugin_drone
[0.586s] Invoked command in '/home/ankur/ros2_ws/build/sjtu_drone_description' returned '0': CMAKE_PREFIX_PATH=${CMAKE_PREFIX_PATH}:/home/ankur/drone_ws/install/sjtu_drone_control:/home/ankur/drone_ws/install/sjtu_drone_bringup:/home/ankur/drone_ws/install/pkgg:/opt/ros/humble /usr/bin/cmake --build /home/ankur/ros2_ws/build/sjtu_drone_description -- -j3 -l3
[0.727s] Invoking command in '/home/ankur/ros2_ws/build/sjtu_drone_description': CMAKE_PREFIX_PATH=${CMAKE_PREFIX_PATH}:/home/ankur/drone_ws/install/sjtu_drone_control:/home/ankur/drone_ws/install/sjtu_drone_bringup:/home/ankur/drone_ws/install/pkgg:/opt/ros/humble /usr/bin/cmake --install /home/ankur/ros2_ws/build/sjtu_drone_description
[0.741s] -- Install configuration: ""
[0.741s] -- Up-to-date: /home/ankur/ros2_ws/install/sjtu_drone_description/include
[0.741s] -- Up-to-date: /home/ankur/ros2_ws/install/sjtu_drone_description/include/pid_controller.h
[0.742s] -- Up-to-date: /home/ankur/ros2_ws/install/sjtu_drone_description/include/plugin_drone.h
[0.742s] -- Up-to-date: /home/ankur/ros2_ws/install/sjtu_drone_description/lib/libplugin_drone.so
[0.743s] -- Up-to-date: /home/ankur/ros2_ws/install/sjtu_drone_description/share/sjtu_drone_description/environment/library_path.sh
[0.743s] -- Up-to-date: /home/ankur/ros2_ws/install/sjtu_drone_description/share/sjtu_drone_description/environment/library_path.dsv
[0.743s] -- Up-to-date: /home/ankur/ros2_ws/install/sjtu_drone_description/share/sjtu_drone_description/models
[0.743s] -- Up-to-date: /home/ankur/ros2_ws/install/sjtu_drone_description/share/sjtu_drone_description/models/sjtu_drone
[0.743s] -- Up-to-date: /home/ankur/ros2_ws/install/sjtu_drone_description/share/sjtu_drone_description/models/sjtu_drone/sjtu_drone.sdf
[0.743s] -- Up-to-date: /home/ankur/ros2_ws/install/sjtu_drone_description/share/sjtu_drone_description/models/sjtu_drone/model.config
[0.743s] -- Up-to-date: /home/ankur/ros2_ws/install/sjtu_drone_description/share/sjtu_drone_description/models/sjtu_drone/quadrotor_4.stl
[0.744s] -- Up-to-date: /home/ankur/ros2_ws/install/sjtu_drone_description/share/sjtu_drone_description/models/sjtu_drone/quadrotor_4.dae
[0.744s] -- Up-to-date: /home/ankur/ros2_ws/install/sjtu_drone_description/share/sjtu_drone_description/models/database.config
[0.744s] -- Up-to-date: /home/ankur/ros2_ws/install/sjtu_drone_description/share/sjtu_drone_description/urdf
[0.744s] -- Up-to-date: /home/ankur/ros2_ws/install/sjtu_drone_description/share/sjtu_drone_description/urdf/sjtu_drone.urdf.xacro
[0.745s] -- Installing: /home/ankur/ros2_ws/install/sjtu_drone_description/share/sjtu_drone_description/urdf/sjtu_drone.urdf
[0.746s] -- Up-to-date: /home/ankur/ros2_ws/install/sjtu_drone_description/share/sjtu_drone_description/worlds
[0.746s] -- Up-to-date: /home/ankur/ros2_ws/install/sjtu_drone_description/share/sjtu_drone_description/worlds/playground.world
[0.747s] -- Up-to-date: /home/ankur/ros2_ws/install/sjtu_drone_description/share/ament_index/resource_index/package_run_dependencies/sjtu_drone_description
[0.747s] -- Up-to-date: /home/ankur/ros2_ws/install/sjtu_drone_description/share/ament_index/resource_index/parent_prefix_path/sjtu_drone_description
[0.769s] -- Up-to-date: /home/ankur/ros2_ws/install/sjtu_drone_description/share/sjtu_drone_description/environment/ament_prefix_path.sh
[0.769s] -- Up-to-date: /home/ankur/ros2_ws/install/sjtu_drone_description/share/sjtu_drone_description/environment/ament_prefix_path.dsv
[0.769s] -- Up-to-date: /home/ankur/ros2_ws/install/sjtu_drone_description/share/sjtu_drone_description/environment/path.sh
[0.769s] -- Up-to-date: /home/ankur/ros2_ws/install/sjtu_drone_description/share/sjtu_drone_description/environment/path.dsv
[0.769s] -- Up-to-date: /home/ankur/ros2_ws/install/sjtu_drone_description/share/sjtu_drone_description/local_setup.bash
[0.769s] -- Up-to-date: /home/ankur/ros2_ws/install/sjtu_drone_description/share/sjtu_drone_description/local_setup.sh
[0.769s] -- Up-to-date: /home/ankur/ros2_ws/install/sjtu_drone_description/share/sjtu_drone_description/local_setup.zsh
[0.769s] -- Up-to-date: /home/ankur/ros2_ws/install/sjtu_drone_description/share/sjtu_drone_description/local_setup.dsv
[0.769s] -- Installing: /home/ankur/ros2_ws/install/sjtu_drone_description/share/sjtu_drone_description/package.dsv
[0.769s] -- Up-to-date: /home/ankur/ros2_ws/install/sjtu_drone_description/share/ament_index/resource_index/packages/sjtu_drone_description
[0.770s] -- Up-to-date: /home/ankur/ros2_ws/install/sjtu_drone_description/share/sjtu_drone_description/cmake/export_sjtu_drone_descriptionExport.cmake
[0.770s] -- Up-to-date: /home/ankur/ros2_ws/install/sjtu_drone_description/share/sjtu_drone_description/cmake/export_sjtu_drone_descriptionExport-noconfig.cmake
[0.770s] -- Up-to-date: /home/ankur/ros2_ws/install/sjtu_drone_description/share/sjtu_drone_description/cmake/ament_cmake_export_include_directories-extras.cmake
[0.770s] -- Up-to-date: /home/ankur/ros2_ws/install/sjtu_drone_description/share/sjtu_drone_description/cmake/ament_cmake_export_libraries-extras.cmake
[0.770s] -- Up-to-date: /home/ankur/ros2_ws/install/sjtu_drone_description/share/sjtu_drone_description/cmake/ament_cmake_export_targets-extras.cmake
[0.770s] -- Up-to-date: /home/ankur/ros2_ws/install/sjtu_drone_description/share/sjtu_drone_description/cmake/sjtu_drone_descriptionConfig.cmake
[0.770s] -- Up-to-date: /home/ankur/ros2_ws/install/sjtu_drone_description/share/sjtu_drone_description/cmake/sjtu_drone_descriptionConfig-version.cmake
[0.771s] -- Up-to-date: /home/ankur/ros2_ws/install/sjtu_drone_description/share/sjtu_drone_description/package.xml
[0.790s] Invoked command in '/home/ankur/ros2_ws/build/sjtu_drone_description' returned '0': CMAKE_PREFIX_PATH=${CMAKE_PREFIX_PATH}:/home/ankur/drone_ws/install/sjtu_drone_control:/home/ankur/drone_ws/install/sjtu_drone_bringup:/home/ankur/drone_ws/install/pkgg:/opt/ros/humble /usr/bin/cmake --install /home/ankur/ros2_ws/build/sjtu_drone_description
