[1.307s] Invoking command in '/home/ankur/ros2_ws/src/drones_ROS2/ibvs': PYTHONPATH=/home/ankur/ros2_ws/build/ibvs/prefix_override:/home/ankur/ros2_ws/install/ibvs/lib/python3.10/site-packages:${PYTHONPATH} /usr/bin/python3 -W ignore:setup.py install is deprecated setup.py egg_info --egg-base ../../../build/ibvs build --build-base /home/ankur/ros2_ws/build/ibvs/build install --record /home/ankur/ros2_ws/build/ibvs/install.log --single-version-externally-managed install_data
[1.566s] running egg_info
[1.567s] writing ../../../build/ibvs/ibvs.egg-info/PKG-INFO
[1.569s] writing dependency_links to ../../../build/ibvs/ibvs.egg-info/dependency_links.txt
[1.570s] writing entry points to ../../../build/ibvs/ibvs.egg-info/entry_points.txt
[1.570s] writing requirements to ../../../build/ibvs/ibvs.egg-info/requires.txt
[1.571s] writing top-level names to ../../../build/ibvs/ibvs.egg-info/top_level.txt
[1.575s] reading manifest file '../../../build/ibvs/ibvs.egg-info/SOURCES.txt'
[1.576s] writing manifest file '../../../build/ibvs/ibvs.egg-info/SOURCES.txt'
[1.577s] running build
[1.577s] running build_py
[1.578s] running install
[1.579s] running install_lib
[1.581s] running install_data
[1.583s] running install_egg_info
[1.588s] removing '/home/ankur/ros2_ws/install/ibvs/lib/python3.10/site-packages/ibvs-0.0.0-py3.10.egg-info' (and everything under it)
[1.589s] Copying ../../../build/ibvs/ibvs.egg-info to /home/ankur/ros2_ws/install/ibvs/lib/python3.10/site-packages/ibvs-0.0.0-py3.10.egg-info
[1.592s] running install_scripts
[1.643s] Installing spawnGV script to /home/ankur/ros2_ws/install/ibvs/lib/ibvs
[1.644s] writing list of installed files to '/home/ankur/ros2_ws/build/ibvs/install.log'
[1.703s] Invoked command in '/home/ankur/ros2_ws/src/drones_ROS2/ibvs' returned '0': PYTHONPATH=/home/ankur/ros2_ws/build/ibvs/prefix_override:/home/ankur/ros2_ws/install/ibvs/lib/python3.10/site-packages:${PYTHONPATH} /usr/bin/python3 -W ignore:setup.py install is deprecated setup.py egg_info --egg-base ../../../build/ibvs build --build-base /home/ankur/ros2_ws/build/ibvs/build install --record /home/ankur/ros2_ws/build/ibvs/install.log --single-version-externally-managed install_data
