[0.449s] DEBUG:colcon:Command line arguments: ['/home/ankur/.local/bin/colcon', 'build']
[0.449s] DEBUG:colcon:Parsed command line arguments: Namespace(log_base=None, log_level=None, verb_name='build', build_base='build', install_base='install', merge_install=False, symlink_install=False, test_result_base=None, continue_on_error=False, executor='parallel', parallel_workers=4, event_handlers=None, ignore_user_meta=False, metas=['./colcon.meta'], base_paths=['.'], packages_ignore=None, packages_ignore_regex=None, paths=None, packages_up_to=None, packages_up_to_regex=None, packages_above=None, packages_above_and_dependencies=None, packages_above_depth=None, packages_select_by_dep=None, packages_skip_by_dep=None, packages_skip_up_to=None, packages_select_build_failed=False, packages_skip_build_finished=False, packages_select_test_failures=False, packages_skip_test_passed=False, packages_select=None, packages_skip=None, packages_select_regex=None, packages_skip_regex=None, packages_start=None, packages_end=None, allow_overriding=[], cmake_args=None, cmake_target=None, cmake_target_skip_unavailable=False, cmake_clean_cache=False, cmake_clean_first=False, cmake_force_configure=False, ament_cmake_args=None, catkin_cmake_args=None, catkin_skip_building_tests=False, verb_parser=<colcon_defaults.argument_parser.defaults.DefaultArgumentsDecorator object at 0x774512cfa650>, verb_extension=<colcon_core.verb.build.BuildVerb object at 0x774512cfa050>, main=<bound method BuildVerb.main of <colcon_core.verb.build.BuildVerb object at 0x774512cfa050>>)
[0.881s] Level 1:colcon.colcon_core.package_discovery:discover_packages(colcon_meta) check parameters
[0.881s] Level 1:colcon.colcon_core.package_discovery:discover_packages(recursive) check parameters
[0.881s] Level 1:colcon.colcon_core.package_discovery:discover_packages(ignore) check parameters
[0.881s] Level 1:colcon.colcon_core.package_discovery:discover_packages(path) check parameters
[0.881s] Level 1:colcon.colcon_core.package_discovery:discover_packages(colcon_meta) discover
[0.881s] Level 1:colcon.colcon_core.package_discovery:discover_packages(recursive) discover
[0.881s] INFO:colcon.colcon_core.package_discovery:Crawling recursively for packages in '/home/ankur/ros2_ws'
[0.882s] Level 1:colcon.colcon_core.package_identification:_identify(.) by extensions ['ignore', 'ignore_ament_install']
[0.882s] Level 1:colcon.colcon_core.package_identification:_identify(.) by extension 'ignore'
[0.882s] Level 1:colcon.colcon_core.package_identification:_identify(.) by extension 'ignore_ament_install'
[0.882s] Level 1:colcon.colcon_core.package_identification:_identify(.) by extensions ['colcon_pkg']
[0.882s] Level 1:colcon.colcon_core.package_identification:_identify(.) by extension 'colcon_pkg'
[0.882s] Level 1:colcon.colcon_core.package_identification:_identify(.) by extensions ['colcon_meta']
[0.882s] Level 1:colcon.colcon_core.package_identification:_identify(.) by extension 'colcon_meta'
[0.882s] Level 1:colcon.colcon_core.package_identification:_identify(.) by extensions ['ros']
[0.882s] Level 1:colcon.colcon_core.package_identification:_identify(.) by extension 'ros'
[0.946s] Level 1:colcon.colcon_core.package_identification:_identify(.) by extensions ['cmake', 'python']
[0.946s] Level 1:colcon.colcon_core.package_identification:_identify(.) by extension 'cmake'
[0.946s] Level 1:colcon.colcon_core.package_identification:_identify(.) by extension 'python'
[0.947s] Level 1:colcon.colcon_core.package_identification:_identify(.) by extensions ['python_setup_py']
[0.947s] Level 1:colcon.colcon_core.package_identification:_identify(.) by extension 'python_setup_py'
[0.947s] Level 1:colcon.colcon_core.package_identification:_identify(build) by extensions ['ignore', 'ignore_ament_install']
[0.947s] Level 1:colcon.colcon_core.package_identification:_identify(build) by extension 'ignore'
[0.947s] Level 1:colcon.colcon_core.package_identification:_identify(build) ignored
[0.948s] Level 1:colcon.colcon_core.package_identification:_identify(install) by extensions ['ignore', 'ignore_ament_install']
[0.948s] Level 1:colcon.colcon_core.package_identification:_identify(install) by extension 'ignore'
[0.948s] Level 1:colcon.colcon_core.package_identification:_identify(install) ignored
[0.948s] Level 1:colcon.colcon_core.package_identification:_identify(log) by extensions ['ignore', 'ignore_ament_install']
[0.948s] Level 1:colcon.colcon_core.package_identification:_identify(log) by extension 'ignore'
[0.948s] Level 1:colcon.colcon_core.package_identification:_identify(log) ignored
[0.948s] Level 1:colcon.colcon_core.package_identification:_identify(src) by extensions ['ignore', 'ignore_ament_install']
[0.948s] Level 1:colcon.colcon_core.package_identification:_identify(src) by extension 'ignore'
[0.949s] Level 1:colcon.colcon_core.package_identification:_identify(src) by extension 'ignore_ament_install'
[0.949s] Level 1:colcon.colcon_core.package_identification:_identify(src) by extensions ['colcon_pkg']
[0.949s] Level 1:colcon.colcon_core.package_identification:_identify(src) by extension 'colcon_pkg'
[0.949s] Level 1:colcon.colcon_core.package_identification:_identify(src) by extensions ['colcon_meta']
[0.949s] Level 1:colcon.colcon_core.package_identification:_identify(src) by extension 'colcon_meta'
[0.949s] Level 1:colcon.colcon_core.package_identification:_identify(src) by extensions ['ros']
[0.949s] Level 1:colcon.colcon_core.package_identification:_identify(src) by extension 'ros'
[0.949s] Level 1:colcon.colcon_core.package_identification:_identify(src) by extensions ['cmake', 'python']
[0.949s] Level 1:colcon.colcon_core.package_identification:_identify(src) by extension 'cmake'
[0.949s] Level 1:colcon.colcon_core.package_identification:_identify(src) by extension 'python'
[0.949s] Level 1:colcon.colcon_core.package_identification:_identify(src) by extensions ['python_setup_py']
[0.949s] Level 1:colcon.colcon_core.package_identification:_identify(src) by extension 'python_setup_py'
[0.949s] Level 1:colcon.colcon_core.package_identification:_identify(src/drones_ROS2) by extensions ['ignore', 'ignore_ament_install']
[0.949s] Level 1:colcon.colcon_core.package_identification:_identify(src/drones_ROS2) by extension 'ignore'
[0.950s] Level 1:colcon.colcon_core.package_identification:_identify(src/drones_ROS2) by extension 'ignore_ament_install'
[0.950s] Level 1:colcon.colcon_core.package_identification:_identify(src/drones_ROS2) by extensions ['colcon_pkg']
[0.950s] Level 1:colcon.colcon_core.package_identification:_identify(src/drones_ROS2) by extension 'colcon_pkg'
[0.950s] Level 1:colcon.colcon_core.package_identification:_identify(src/drones_ROS2) by extensions ['colcon_meta']
[0.950s] Level 1:colcon.colcon_core.package_identification:_identify(src/drones_ROS2) by extension 'colcon_meta'
[0.950s] Level 1:colcon.colcon_core.package_identification:_identify(src/drones_ROS2) by extensions ['ros']
[0.950s] Level 1:colcon.colcon_core.package_identification:_identify(src/drones_ROS2) by extension 'ros'
[0.950s] Level 1:colcon.colcon_core.package_identification:_identify(src/drones_ROS2) by extensions ['cmake', 'python']
[0.950s] Level 1:colcon.colcon_core.package_identification:_identify(src/drones_ROS2) by extension 'cmake'
[0.950s] Level 1:colcon.colcon_core.package_identification:_identify(src/drones_ROS2) by extension 'python'
[0.950s] Level 1:colcon.colcon_core.package_identification:_identify(src/drones_ROS2) by extensions ['python_setup_py']
[0.950s] Level 1:colcon.colcon_core.package_identification:_identify(src/drones_ROS2) by extension 'python_setup_py'
[0.950s] Level 1:colcon.colcon_core.package_identification:_identify(src/drones_ROS2/drive_drone) by extensions ['ignore', 'ignore_ament_install']
[0.951s] Level 1:colcon.colcon_core.package_identification:_identify(src/drones_ROS2/drive_drone) by extension 'ignore'
[0.951s] Level 1:colcon.colcon_core.package_identification:_identify(src/drones_ROS2/drive_drone) by extension 'ignore_ament_install'
[0.951s] Level 1:colcon.colcon_core.package_identification:_identify(src/drones_ROS2/drive_drone) by extensions ['colcon_pkg']
[0.951s] Level 1:colcon.colcon_core.package_identification:_identify(src/drones_ROS2/drive_drone) by extension 'colcon_pkg'
[0.951s] Level 1:colcon.colcon_core.package_identification:_identify(src/drones_ROS2/drive_drone) by extensions ['colcon_meta']
[0.951s] Level 1:colcon.colcon_core.package_identification:_identify(src/drones_ROS2/drive_drone) by extension 'colcon_meta'
[0.951s] Level 1:colcon.colcon_core.package_identification:_identify(src/drones_ROS2/drive_drone) by extensions ['ros']
[0.951s] Level 1:colcon.colcon_core.package_identification:_identify(src/drones_ROS2/drive_drone) by extension 'ros'
[0.957s] DEBUG:colcon.colcon_core.package_identification:Package 'src/drones_ROS2/drive_drone' with type 'ros.ament_cmake' and name 'drive_drone'
[0.958s] Level 1:colcon.colcon_core.package_identification:_identify(src/drones_ROS2/ibvs) by extensions ['ignore', 'ignore_ament_install']
[0.958s] Level 1:colcon.colcon_core.package_identification:_identify(src/drones_ROS2/ibvs) by extension 'ignore'
[0.958s] Level 1:colcon.colcon_core.package_identification:_identify(src/drones_ROS2/ibvs) by extension 'ignore_ament_install'
[0.959s] Level 1:colcon.colcon_core.package_identification:_identify(src/drones_ROS2/ibvs) by extensions ['colcon_pkg']
[0.959s] Level 1:colcon.colcon_core.package_identification:_identify(src/drones_ROS2/ibvs) by extension 'colcon_pkg'
[0.959s] Level 1:colcon.colcon_core.package_identification:_identify(src/drones_ROS2/ibvs) by extensions ['colcon_meta']
[0.959s] Level 1:colcon.colcon_core.package_identification:_identify(src/drones_ROS2/ibvs) by extension 'colcon_meta'
[0.959s] Level 1:colcon.colcon_core.package_identification:_identify(src/drones_ROS2/ibvs) by extensions ['ros']
[0.959s] Level 1:colcon.colcon_core.package_identification:_identify(src/drones_ROS2/ibvs) by extension 'ros'
[0.960s] DEBUG:colcon.colcon_core.package_identification:Package 'src/drones_ROS2/ibvs' with type 'ros.ament_python' and name 'ibvs'
[0.961s] Level 1:colcon.colcon_core.package_identification:_identify(src/drones_ROS2/sjtu_drone) by extensions ['ignore', 'ignore_ament_install']
[0.961s] Level 1:colcon.colcon_core.package_identification:_identify(src/drones_ROS2/sjtu_drone) by extension 'ignore'
[0.961s] Level 1:colcon.colcon_core.package_identification:_identify(src/drones_ROS2/sjtu_drone) by extension 'ignore_ament_install'
[0.961s] Level 1:colcon.colcon_core.package_identification:_identify(src/drones_ROS2/sjtu_drone) by extensions ['colcon_pkg']
[0.961s] Level 1:colcon.colcon_core.package_identification:_identify(src/drones_ROS2/sjtu_drone) by extension 'colcon_pkg'
[0.961s] Level 1:colcon.colcon_core.package_identification:_identify(src/drones_ROS2/sjtu_drone) by extensions ['colcon_meta']
[0.961s] Level 1:colcon.colcon_core.package_identification:_identify(src/drones_ROS2/sjtu_drone) by extension 'colcon_meta'
[0.961s] Level 1:colcon.colcon_core.package_identification:_identify(src/drones_ROS2/sjtu_drone) by extensions ['ros']
[0.961s] Level 1:colcon.colcon_core.package_identification:_identify(src/drones_ROS2/sjtu_drone) by extension 'ros'
[0.961s] Level 1:colcon.colcon_core.package_identification:_identify(src/drones_ROS2/sjtu_drone) by extensions ['cmake', 'python']
[0.961s] Level 1:colcon.colcon_core.package_identification:_identify(src/drones_ROS2/sjtu_drone) by extension 'cmake'
[0.961s] Level 1:colcon.colcon_core.package_identification:_identify(src/drones_ROS2/sjtu_drone) by extension 'python'
[0.962s] Level 1:colcon.colcon_core.package_identification:_identify(src/drones_ROS2/sjtu_drone) by extensions ['python_setup_py']
[0.962s] Level 1:colcon.colcon_core.package_identification:_identify(src/drones_ROS2/sjtu_drone) by extension 'python_setup_py'
[0.962s] Level 1:colcon.colcon_core.package_identification:_identify(src/drones_ROS2/sjtu_drone/imgs) by extensions ['ignore', 'ignore_ament_install']
[0.962s] Level 1:colcon.colcon_core.package_identification:_identify(src/drones_ROS2/sjtu_drone/imgs) by extension 'ignore'
[0.962s] Level 1:colcon.colcon_core.package_identification:_identify(src/drones_ROS2/sjtu_drone/imgs) by extension 'ignore_ament_install'
[0.962s] Level 1:colcon.colcon_core.package_identification:_identify(src/drones_ROS2/sjtu_drone/imgs) by extensions ['colcon_pkg']
[0.962s] Level 1:colcon.colcon_core.package_identification:_identify(src/drones_ROS2/sjtu_drone/imgs) by extension 'colcon_pkg'
[0.962s] Level 1:colcon.colcon_core.package_identification:_identify(src/drones_ROS2/sjtu_drone/imgs) by extensions ['colcon_meta']
[0.962s] Level 1:colcon.colcon_core.package_identification:_identify(src/drones_ROS2/sjtu_drone/imgs) by extension 'colcon_meta'
[0.962s] Level 1:colcon.colcon_core.package_identification:_identify(src/drones_ROS2/sjtu_drone/imgs) by extensions ['ros']
[0.962s] Level 1:colcon.colcon_core.package_identification:_identify(src/drones_ROS2/sjtu_drone/imgs) by extension 'ros'
[0.962s] Level 1:colcon.colcon_core.package_identification:_identify(src/drones_ROS2/sjtu_drone/imgs) by extensions ['cmake', 'python']
[0.962s] Level 1:colcon.colcon_core.package_identification:_identify(src/drones_ROS2/sjtu_drone/imgs) by extension 'cmake'
[0.963s] Level 1:colcon.colcon_core.package_identification:_identify(src/drones_ROS2/sjtu_drone/imgs) by extension 'python'
[0.963s] Level 1:colcon.colcon_core.package_identification:_identify(src/drones_ROS2/sjtu_drone/imgs) by extensions ['python_setup_py']
[0.963s] Level 1:colcon.colcon_core.package_identification:_identify(src/drones_ROS2/sjtu_drone/imgs) by extension 'python_setup_py'
[0.963s] Level 1:colcon.colcon_core.package_identification:_identify(src/drones_ROS2/sjtu_drone/sjtu_drone_bringup) by extensions ['ignore', 'ignore_ament_install']
[0.963s] Level 1:colcon.colcon_core.package_identification:_identify(src/drones_ROS2/sjtu_drone/sjtu_drone_bringup) by extension 'ignore'
[0.963s] Level 1:colcon.colcon_core.package_identification:_identify(src/drones_ROS2/sjtu_drone/sjtu_drone_bringup) by extension 'ignore_ament_install'
[0.963s] Level 1:colcon.colcon_core.package_identification:_identify(src/drones_ROS2/sjtu_drone/sjtu_drone_bringup) by extensions ['colcon_pkg']
[0.963s] Level 1:colcon.colcon_core.package_identification:_identify(src/drones_ROS2/sjtu_drone/sjtu_drone_bringup) by extension 'colcon_pkg'
[0.963s] Level 1:colcon.colcon_core.package_identification:_identify(src/drones_ROS2/sjtu_drone/sjtu_drone_bringup) by extensions ['colcon_meta']
[0.963s] Level 1:colcon.colcon_core.package_identification:_identify(src/drones_ROS2/sjtu_drone/sjtu_drone_bringup) by extension 'colcon_meta'
[0.963s] Level 1:colcon.colcon_core.package_identification:_identify(src/drones_ROS2/sjtu_drone/sjtu_drone_bringup) by extensions ['ros']
[0.963s] Level 1:colcon.colcon_core.package_identification:_identify(src/drones_ROS2/sjtu_drone/sjtu_drone_bringup) by extension 'ros'
[0.965s] DEBUG:colcon.colcon_core.package_identification:Package 'src/drones_ROS2/sjtu_drone/sjtu_drone_bringup' with type 'ros.ament_python' and name 'sjtu_drone_bringup'
[0.965s] Level 1:colcon.colcon_core.package_identification:_identify(src/drones_ROS2/sjtu_drone/sjtu_drone_description) by extensions ['ignore', 'ignore_ament_install']
[0.965s] Level 1:colcon.colcon_core.package_identification:_identify(src/drones_ROS2/sjtu_drone/sjtu_drone_description) by extension 'ignore'
[0.965s] Level 1:colcon.colcon_core.package_identification:_identify(src/drones_ROS2/sjtu_drone/sjtu_drone_description) by extension 'ignore_ament_install'
[0.965s] Level 1:colcon.colcon_core.package_identification:_identify(src/drones_ROS2/sjtu_drone/sjtu_drone_description) by extensions ['colcon_pkg']
[0.965s] Level 1:colcon.colcon_core.package_identification:_identify(src/drones_ROS2/sjtu_drone/sjtu_drone_description) by extension 'colcon_pkg'
[0.965s] Level 1:colcon.colcon_core.package_identification:_identify(src/drones_ROS2/sjtu_drone/sjtu_drone_description) by extensions ['colcon_meta']
[0.965s] Level 1:colcon.colcon_core.package_identification:_identify(src/drones_ROS2/sjtu_drone/sjtu_drone_description) by extension 'colcon_meta'
[0.965s] Level 1:colcon.colcon_core.package_identification:_identify(src/drones_ROS2/sjtu_drone/sjtu_drone_description) by extensions ['ros']
[0.965s] Level 1:colcon.colcon_core.package_identification:_identify(src/drones_ROS2/sjtu_drone/sjtu_drone_description) by extension 'ros'
[0.967s] DEBUG:colcon.colcon_core.package_identification:Package 'src/drones_ROS2/sjtu_drone/sjtu_drone_description' with type 'ros.ament_cmake' and name 'sjtu_drone_description'
[0.967s] Level 1:colcon.colcon_core.package_discovery:discover_packages(recursive) using defaults
[0.967s] Level 1:colcon.colcon_core.package_discovery:discover_packages(ignore) discover
[0.967s] Level 1:colcon.colcon_core.package_discovery:discover_packages(ignore) using defaults
[0.967s] Level 1:colcon.colcon_core.package_discovery:discover_packages(path) discover
[0.967s] Level 1:colcon.colcon_core.package_discovery:discover_packages(path) using defaults
[1.097s] Level 1:colcon.colcon_core.package_discovery:discover_packages(prefix_path) check parameters
[1.097s] Level 1:colcon.colcon_core.package_discovery:discover_packages(prefix_path) discover
[1.106s] DEBUG:colcon.colcon_installed_package_information.package_discovery:Found 4 installed packages in /home/ankur/ros2_ws/install
[1.106s] DEBUG:colcon.colcon_installed_package_information.package_discovery:Found 4 installed packages in /home/ankur/drone_ws/install
[1.110s] DEBUG:colcon.colcon_installed_package_information.package_discovery:Found 288 installed packages in /opt/ros/humble
[1.124s] Level 1:colcon.colcon_core.package_discovery:discover_packages(prefix_path) using defaults
[1.291s] Level 5:colcon.colcon_core.verb:set package 'drive_drone' build argument 'cmake_args' from command line to 'None'
[1.291s] Level 5:colcon.colcon_core.verb:set package 'drive_drone' build argument 'cmake_target' from command line to 'None'
[1.291s] Level 5:colcon.colcon_core.verb:set package 'drive_drone' build argument 'cmake_target_skip_unavailable' from command line to 'False'
[1.291s] Level 5:colcon.colcon_core.verb:set package 'drive_drone' build argument 'cmake_clean_cache' from command line to 'False'
[1.291s] Level 5:colcon.colcon_core.verb:set package 'drive_drone' build argument 'cmake_clean_first' from command line to 'False'
[1.291s] Level 5:colcon.colcon_core.verb:set package 'drive_drone' build argument 'cmake_force_configure' from command line to 'False'
[1.291s] Level 5:colcon.colcon_core.verb:set package 'drive_drone' build argument 'ament_cmake_args' from command line to 'None'
[1.291s] Level 5:colcon.colcon_core.verb:set package 'drive_drone' build argument 'catkin_cmake_args' from command line to 'None'
[1.291s] Level 5:colcon.colcon_core.verb:set package 'drive_drone' build argument 'catkin_skip_building_tests' from command line to 'False'
[1.292s] DEBUG:colcon.colcon_core.verb:Building package 'drive_drone' with the following arguments: {'ament_cmake_args': None, 'build_base': '/home/ankur/ros2_ws/build/drive_drone', 'catkin_cmake_args': None, 'catkin_skip_building_tests': False, 'cmake_args': None, 'cmake_clean_cache': False, 'cmake_clean_first': False, 'cmake_force_configure': False, 'cmake_target': None, 'cmake_target_skip_unavailable': False, 'install_base': '/home/ankur/ros2_ws/install/drive_drone', 'merge_install': False, 'path': '/home/ankur/ros2_ws/src/drones_ROS2/drive_drone', 'symlink_install': False, 'test_result_base': None}
[1.292s] Level 5:colcon.colcon_core.verb:set package 'ibvs' build argument 'cmake_args' from command line to 'None'
[1.292s] Level 5:colcon.colcon_core.verb:set package 'ibvs' build argument 'cmake_target' from command line to 'None'
[1.292s] Level 5:colcon.colcon_core.verb:set package 'ibvs' build argument 'cmake_target_skip_unavailable' from command line to 'False'
[1.292s] Level 5:colcon.colcon_core.verb:set package 'ibvs' build argument 'cmake_clean_cache' from command line to 'False'
[1.292s] Level 5:colcon.colcon_core.verb:set package 'ibvs' build argument 'cmake_clean_first' from command line to 'False'
[1.292s] Level 5:colcon.colcon_core.verb:set package 'ibvs' build argument 'cmake_force_configure' from command line to 'False'
[1.292s] Level 5:colcon.colcon_core.verb:set package 'ibvs' build argument 'ament_cmake_args' from command line to 'None'
[1.292s] Level 5:colcon.colcon_core.verb:set package 'ibvs' build argument 'catkin_cmake_args' from command line to 'None'
[1.292s] Level 5:colcon.colcon_core.verb:set package 'ibvs' build argument 'catkin_skip_building_tests' from command line to 'False'
[1.292s] DEBUG:colcon.colcon_core.verb:Building package 'ibvs' with the following arguments: {'ament_cmake_args': None, 'build_base': '/home/ankur/ros2_ws/build/ibvs', 'catkin_cmake_args': None, 'catkin_skip_building_tests': False, 'cmake_args': None, 'cmake_clean_cache': False, 'cmake_clean_first': False, 'cmake_force_configure': False, 'cmake_target': None, 'cmake_target_skip_unavailable': False, 'install_base': '/home/ankur/ros2_ws/install/ibvs', 'merge_install': False, 'path': '/home/ankur/ros2_ws/src/drones_ROS2/ibvs', 'symlink_install': False, 'test_result_base': None}
[1.293s] Level 5:colcon.colcon_core.verb:set package 'sjtu_drone_bringup' build argument 'cmake_args' from command line to 'None'
[1.293s] Level 5:colcon.colcon_core.verb:set package 'sjtu_drone_bringup' build argument 'cmake_target' from command line to 'None'
[1.293s] Level 5:colcon.colcon_core.verb:set package 'sjtu_drone_bringup' build argument 'cmake_target_skip_unavailable' from command line to 'False'
[1.293s] Level 5:colcon.colcon_core.verb:set package 'sjtu_drone_bringup' build argument 'cmake_clean_cache' from command line to 'False'
[1.293s] Level 5:colcon.colcon_core.verb:set package 'sjtu_drone_bringup' build argument 'cmake_clean_first' from command line to 'False'
[1.293s] Level 5:colcon.colcon_core.verb:set package 'sjtu_drone_bringup' build argument 'cmake_force_configure' from command line to 'False'
[1.293s] Level 5:colcon.colcon_core.verb:set package 'sjtu_drone_bringup' build argument 'ament_cmake_args' from command line to 'None'
[1.293s] Level 5:colcon.colcon_core.verb:set package 'sjtu_drone_bringup' build argument 'catkin_cmake_args' from command line to 'None'
[1.293s] Level 5:colcon.colcon_core.verb:set package 'sjtu_drone_bringup' build argument 'catkin_skip_building_tests' from command line to 'False'
[1.293s] DEBUG:colcon.colcon_core.verb:Building package 'sjtu_drone_bringup' with the following arguments: {'ament_cmake_args': None, 'build_base': '/home/ankur/ros2_ws/build/sjtu_drone_bringup', 'catkin_cmake_args': None, 'catkin_skip_building_tests': False, 'cmake_args': None, 'cmake_clean_cache': False, 'cmake_clean_first': False, 'cmake_force_configure': False, 'cmake_target': None, 'cmake_target_skip_unavailable': False, 'install_base': '/home/ankur/ros2_ws/install/sjtu_drone_bringup', 'merge_install': False, 'path': '/home/ankur/ros2_ws/src/drones_ROS2/sjtu_drone/sjtu_drone_bringup', 'symlink_install': False, 'test_result_base': None}
[1.294s] Level 5:colcon.colcon_core.verb:set package 'sjtu_drone_description' build argument 'cmake_args' from command line to 'None'
[1.294s] Level 5:colcon.colcon_core.verb:set package 'sjtu_drone_description' build argument 'cmake_target' from command line to 'None'
[1.294s] Level 5:colcon.colcon_core.verb:set package 'sjtu_drone_description' build argument 'cmake_target_skip_unavailable' from command line to 'False'
[1.294s] Level 5:colcon.colcon_core.verb:set package 'sjtu_drone_description' build argument 'cmake_clean_cache' from command line to 'False'
[1.294s] Level 5:colcon.colcon_core.verb:set package 'sjtu_drone_description' build argument 'cmake_clean_first' from command line to 'False'
[1.294s] Level 5:colcon.colcon_core.verb:set package 'sjtu_drone_description' build argument 'cmake_force_configure' from command line to 'False'
[1.294s] Level 5:colcon.colcon_core.verb:set package 'sjtu_drone_description' build argument 'ament_cmake_args' from command line to 'None'
[1.294s] Level 5:colcon.colcon_core.verb:set package 'sjtu_drone_description' build argument 'catkin_cmake_args' from command line to 'None'
[1.294s] Level 5:colcon.colcon_core.verb:set package 'sjtu_drone_description' build argument 'catkin_skip_building_tests' from command line to 'False'
[1.294s] DEBUG:colcon.colcon_core.verb:Building package 'sjtu_drone_description' with the following arguments: {'ament_cmake_args': None, 'build_base': '/home/ankur/ros2_ws/build/sjtu_drone_description', 'catkin_cmake_args': None, 'catkin_skip_building_tests': False, 'cmake_args': None, 'cmake_clean_cache': False, 'cmake_clean_first': False, 'cmake_force_configure': False, 'cmake_target': None, 'cmake_target_skip_unavailable': False, 'install_base': '/home/ankur/ros2_ws/install/sjtu_drone_description', 'merge_install': False, 'path': '/home/ankur/ros2_ws/src/drones_ROS2/sjtu_drone/sjtu_drone_description', 'symlink_install': False, 'test_result_base': None}
[1.294s] INFO:colcon.colcon_core.executor:Executing jobs using 'parallel' executor
[1.299s] DEBUG:colcon.colcon_parallel_executor.executor.parallel:run_until_complete
[1.300s] INFO:colcon.colcon_ros.task.ament_cmake.build:Building ROS package in '/home/ankur/ros2_ws/src/drones_ROS2/drive_drone' with build type 'ament_cmake'
[1.300s] INFO:colcon.colcon_cmake.task.cmake.build:Building CMake package in '/home/ankur/ros2_ws/src/drones_ROS2/drive_drone'
[1.306s] INFO:colcon.colcon_core.plugin_system:Skipping extension 'colcon_core.shell.bat': Not used on non-Windows systems
[1.306s] INFO:colcon.colcon_core.shell:Skip shell extension 'powershell' for command environment: Not usable outside of PowerShell
[1.306s] DEBUG:colcon.colcon_core.shell:Skip shell extension 'dsv' for command environment
[1.319s] INFO:colcon.colcon_ros.task.ament_python.build:Building ROS package in '/home/ankur/ros2_ws/src/drones_ROS2/ibvs' with build type 'ament_python'
[1.319s] Level 1:colcon.colcon_core.shell:create_environment_hook('ibvs', 'ament_prefix_path')
[1.319s] INFO:colcon.colcon_core.shell:Creating environment hook '/home/ankur/ros2_ws/install/ibvs/share/ibvs/hook/ament_prefix_path.ps1'
[1.321s] INFO:colcon.colcon_core.shell:Creating environment descriptor '/home/ankur/ros2_ws/install/ibvs/share/ibvs/hook/ament_prefix_path.dsv'
[1.322s] INFO:colcon.colcon_core.shell:Creating environment hook '/home/ankur/ros2_ws/install/ibvs/share/ibvs/hook/ament_prefix_path.sh'
[1.324s] INFO:colcon.colcon_core.shell:Skip shell extension 'powershell' for command environment: Not usable outside of PowerShell
[1.324s] DEBUG:colcon.colcon_core.shell:Skip shell extension 'dsv' for command environment
[1.342s] INFO:colcon.colcon_ros.task.ament_python.build:Building ROS package in '/home/ankur/ros2_ws/src/drones_ROS2/sjtu_drone/sjtu_drone_bringup' with build type 'ament_python'
[1.342s] Level 1:colcon.colcon_core.shell:create_environment_hook('sjtu_drone_bringup', 'ament_prefix_path')
[1.342s] INFO:colcon.colcon_core.shell:Creating environment hook '/home/ankur/ros2_ws/install/sjtu_drone_bringup/share/sjtu_drone_bringup/hook/ament_prefix_path.ps1'
[1.344s] INFO:colcon.colcon_core.shell:Creating environment descriptor '/home/ankur/ros2_ws/install/sjtu_drone_bringup/share/sjtu_drone_bringup/hook/ament_prefix_path.dsv'
[1.346s] INFO:colcon.colcon_core.shell:Creating environment hook '/home/ankur/ros2_ws/install/sjtu_drone_bringup/share/sjtu_drone_bringup/hook/ament_prefix_path.sh'
[1.351s] INFO:colcon.colcon_core.shell:Skip shell extension 'powershell' for command environment: Not usable outside of PowerShell
[1.351s] DEBUG:colcon.colcon_core.shell:Skip shell extension 'dsv' for command environment
[1.368s] INFO:colcon.colcon_ros.task.ament_cmake.build:Building ROS package in '/home/ankur/ros2_ws/src/drones_ROS2/sjtu_drone/sjtu_drone_description' with build type 'ament_cmake'
[1.369s] INFO:colcon.colcon_cmake.task.cmake.build:Building CMake package in '/home/ankur/ros2_ws/src/drones_ROS2/sjtu_drone/sjtu_drone_description'
[1.369s] INFO:colcon.colcon_core.shell:Skip shell extension 'powershell' for command environment: Not usable outside of PowerShell
[1.369s] DEBUG:colcon.colcon_core.shell:Skip shell extension 'dsv' for command environment
[1.402s] DEBUG:colcon.colcon_core.event_handler.log_command:Invoking command in '/home/ankur/ros2_ws/build/drive_drone': CMAKE_PREFIX_PATH=${CMAKE_PREFIX_PATH}:/home/ankur/ros2_ws/install/sjtu_drone_bringup:/home/ankur/ros2_ws/install/ibvs:/home/ankur/drone_ws/install/sjtu_drone_control:/home/ankur/drone_ws/install/sjtu_drone_bringup:/home/ankur/drone_ws/install/pkgg:/opt/ros/humble /usr/bin/cmake --build /home/ankur/ros2_ws/build/drive_drone -- -j4 -l4
[2.063s] INFO:colcon.colcon_core.task.python.build:Building Python package in '/home/ankur/ros2_ws/src/drones_ROS2/ibvs'
[2.064s] INFO:colcon.colcon_core.shell:Skip shell extension 'powershell' for command environment: Not usable outside of PowerShell
[2.064s] DEBUG:colcon.colcon_core.shell:Skip shell extension 'dsv' for command environment
[2.619s] INFO:colcon.colcon_core.task.python.build:Building Python package in '/home/ankur/ros2_ws/src/drones_ROS2/sjtu_drone/sjtu_drone_bringup'
[2.620s] INFO:colcon.colcon_core.shell:Skip shell extension 'powershell' for command environment: Not usable outside of PowerShell
[2.620s] DEBUG:colcon.colcon_core.shell:Skip shell extension 'dsv' for command environment
[2.653s] DEBUG:colcon.colcon_core.event_handler.log_command:Invoking command in '/home/ankur/ros2_ws/build/sjtu_drone_description': CMAKE_PREFIX_PATH=${CMAKE_PREFIX_PATH}:/home/ankur/ros2_ws/install/sjtu_drone_bringup:/home/ankur/ros2_ws/install/ibvs:/home/ankur/drone_ws/install/sjtu_drone_control:/home/ankur/drone_ws/install/sjtu_drone_bringup:/home/ankur/drone_ws/install/pkgg:/opt/ros/humble /usr/bin/cmake --build /home/ankur/ros2_ws/build/sjtu_drone_description -- -j4 -l4
[2.687s] DEBUG:colcon.colcon_core.event_handler.log_command:Invoked command in '/home/ankur/ros2_ws/build/drive_drone' returned '0': CMAKE_PREFIX_PATH=${CMAKE_PREFIX_PATH}:/home/ankur/ros2_ws/install/sjtu_drone_bringup:/home/ankur/ros2_ws/install/ibvs:/home/ankur/drone_ws/install/sjtu_drone_control:/home/ankur/drone_ws/install/sjtu_drone_bringup:/home/ankur/drone_ws/install/pkgg:/opt/ros/humble /usr/bin/cmake --build /home/ankur/ros2_ws/build/drive_drone -- -j4 -l4
[3.035s] DEBUG:colcon.colcon_core.event_handler.log_command:Invoking command in '/home/ankur/ros2_ws/build/drive_drone': CMAKE_PREFIX_PATH=${CMAKE_PREFIX_PATH}:/home/ankur/ros2_ws/install/sjtu_drone_bringup:/home/ankur/ros2_ws/install/ibvs:/home/ankur/drone_ws/install/sjtu_drone_control:/home/ankur/drone_ws/install/sjtu_drone_bringup:/home/ankur/drone_ws/install/pkgg:/opt/ros/humble /usr/bin/cmake --install /home/ankur/ros2_ws/build/drive_drone
[3.071s] DEBUG:colcon.colcon_core.event_handler.log_command:Invoked command in '/home/ankur/ros2_ws/build/sjtu_drone_description' returned '0': CMAKE_PREFIX_PATH=${CMAKE_PREFIX_PATH}:/home/ankur/ros2_ws/install/sjtu_drone_bringup:/home/ankur/ros2_ws/install/ibvs:/home/ankur/drone_ws/install/sjtu_drone_control:/home/ankur/drone_ws/install/sjtu_drone_bringup:/home/ankur/drone_ws/install/pkgg:/opt/ros/humble /usr/bin/cmake --build /home/ankur/ros2_ws/build/sjtu_drone_description -- -j4 -l4
[3.098s] Level 1:colcon.colcon_core.environment:create_environment_scripts_only(drive_drone)
[3.099s] DEBUG:colcon.colcon_core.event_handler.log_command:Invoked command in '/home/ankur/ros2_ws/build/drive_drone' returned '0': CMAKE_PREFIX_PATH=${CMAKE_PREFIX_PATH}:/home/ankur/ros2_ws/install/sjtu_drone_bringup:/home/ankur/ros2_ws/install/ibvs:/home/ankur/drone_ws/install/sjtu_drone_control:/home/ankur/drone_ws/install/sjtu_drone_bringup:/home/ankur/drone_ws/install/pkgg:/opt/ros/humble /usr/bin/cmake --install /home/ankur/ros2_ws/build/drive_drone
[3.103s] Level 1:colcon.colcon_core.environment:checking '/home/ankur/ros2_ws/install/drive_drone' for CMake module files
[3.104s] Level 1:colcon.colcon_core.environment:checking '/home/ankur/ros2_ws/install/drive_drone' for CMake config files
[3.105s] Level 1:colcon.colcon_core.shell:create_environment_hook('drive_drone', 'cmake_prefix_path')
[3.105s] INFO:colcon.colcon_core.shell:Creating environment hook '/home/ankur/ros2_ws/install/drive_drone/share/drive_drone/hook/cmake_prefix_path.ps1'
[3.112s] INFO:colcon.colcon_core.shell:Creating environment descriptor '/home/ankur/ros2_ws/install/drive_drone/share/drive_drone/hook/cmake_prefix_path.dsv'
[3.114s] INFO:colcon.colcon_core.shell:Creating environment hook '/home/ankur/ros2_ws/install/drive_drone/share/drive_drone/hook/cmake_prefix_path.sh'
[3.115s] Level 1:colcon.colcon_core.environment:checking '/home/ankur/ros2_ws/install/drive_drone/lib'
[3.116s] Level 1:colcon.colcon_core.environment:checking '/home/ankur/ros2_ws/install/drive_drone/bin'
[3.116s] Level 1:colcon.colcon_core.environment:checking '/home/ankur/ros2_ws/install/drive_drone/lib/pkgconfig/drive_drone.pc'
[3.116s] Level 1:colcon.colcon_core.environment:checking '/home/ankur/ros2_ws/install/drive_drone/lib/python3.10/site-packages'
[3.117s] Level 1:colcon.colcon_core.environment:checking '/home/ankur/ros2_ws/install/drive_drone/bin'
[3.117s] INFO:colcon.colcon_core.shell:Creating package script '/home/ankur/ros2_ws/install/drive_drone/share/drive_drone/package.ps1'
[3.123s] INFO:colcon.colcon_core.shell:Creating package descriptor '/home/ankur/ros2_ws/install/drive_drone/share/drive_drone/package.dsv'
[3.125s] INFO:colcon.colcon_core.shell:Creating package script '/home/ankur/ros2_ws/install/drive_drone/share/drive_drone/package.sh'
[3.128s] INFO:colcon.colcon_core.shell:Creating package script '/home/ankur/ros2_ws/install/drive_drone/share/drive_drone/package.bash'
[3.147s] INFO:colcon.colcon_core.shell:Creating package script '/home/ankur/ros2_ws/install/drive_drone/share/drive_drone/package.zsh'
[3.165s] Level 1:colcon.colcon_core.environment:create_file_with_runtime_dependencies(/home/ankur/ros2_ws/install/drive_drone/share/colcon-core/packages/drive_drone)
[3.281s] DEBUG:colcon.colcon_core.event_handler.log_command:Invoking command in '/home/ankur/ros2_ws/build/sjtu_drone_description': CMAKE_PREFIX_PATH=${CMAKE_PREFIX_PATH}:/home/ankur/ros2_ws/install/sjtu_drone_bringup:/home/ankur/ros2_ws/install/ibvs:/home/ankur/drone_ws/install/sjtu_drone_control:/home/ankur/drone_ws/install/sjtu_drone_bringup:/home/ankur/drone_ws/install/pkgg:/opt/ros/humble /usr/bin/cmake --install /home/ankur/ros2_ws/build/sjtu_drone_description
[3.341s] Level 1:colcon.colcon_core.environment:create_environment_scripts_only(sjtu_drone_description)
[3.342s] Level 1:colcon.colcon_core.environment:checking '/home/ankur/ros2_ws/install/sjtu_drone_description' for CMake module files
[3.343s] Level 1:colcon.colcon_core.environment:checking '/home/ankur/ros2_ws/install/sjtu_drone_description' for CMake config files
[3.344s] Level 1:colcon.colcon_core.shell:create_environment_hook('sjtu_drone_description', 'cmake_prefix_path')
[3.344s] INFO:colcon.colcon_core.shell:Creating environment hook '/home/ankur/ros2_ws/install/sjtu_drone_description/share/sjtu_drone_description/hook/cmake_prefix_path.ps1'
[3.345s] INFO:colcon.colcon_core.shell:Creating environment descriptor '/home/ankur/ros2_ws/install/sjtu_drone_description/share/sjtu_drone_description/hook/cmake_prefix_path.dsv'
[3.346s] INFO:colcon.colcon_core.shell:Creating environment hook '/home/ankur/ros2_ws/install/sjtu_drone_description/share/sjtu_drone_description/hook/cmake_prefix_path.sh'
[3.348s] Level 1:colcon.colcon_core.environment:checking '/home/ankur/ros2_ws/install/sjtu_drone_description/lib'
[3.348s] Level 1:colcon.colcon_core.shell:create_environment_hook('sjtu_drone_description', 'ld_library_path_lib')
[3.348s] INFO:colcon.colcon_core.shell:Creating environment hook '/home/ankur/ros2_ws/install/sjtu_drone_description/share/sjtu_drone_description/hook/ld_library_path_lib.ps1'
[3.349s] INFO:colcon.colcon_core.shell:Creating environment descriptor '/home/ankur/ros2_ws/install/sjtu_drone_description/share/sjtu_drone_description/hook/ld_library_path_lib.dsv'
[3.350s] INFO:colcon.colcon_core.shell:Creating environment hook '/home/ankur/ros2_ws/install/sjtu_drone_description/share/sjtu_drone_description/hook/ld_library_path_lib.sh'
[3.351s] Level 1:colcon.colcon_core.environment:checking '/home/ankur/ros2_ws/install/sjtu_drone_description/bin'
[3.351s] Level 1:colcon.colcon_core.environment:checking '/home/ankur/ros2_ws/install/sjtu_drone_description/lib/pkgconfig/sjtu_drone_description.pc'
[3.351s] Level 1:colcon.colcon_core.environment:checking '/home/ankur/ros2_ws/install/sjtu_drone_description/lib/python3.10/site-packages'
[3.352s] Level 1:colcon.colcon_core.environment:checking '/home/ankur/ros2_ws/install/sjtu_drone_description/bin'
[3.352s] INFO:colcon.colcon_core.shell:Creating package script '/home/ankur/ros2_ws/install/sjtu_drone_description/share/sjtu_drone_description/package.ps1'
[3.353s] INFO:colcon.colcon_core.shell:Creating package descriptor '/home/ankur/ros2_ws/install/sjtu_drone_description/share/sjtu_drone_description/package.dsv'
[3.354s] INFO:colcon.colcon_core.shell:Creating package script '/home/ankur/ros2_ws/install/sjtu_drone_description/share/sjtu_drone_description/package.sh'
[3.355s] INFO:colcon.colcon_core.shell:Creating package script '/home/ankur/ros2_ws/install/sjtu_drone_description/share/sjtu_drone_description/package.bash'
[3.356s] INFO:colcon.colcon_core.shell:Creating package script '/home/ankur/ros2_ws/install/sjtu_drone_description/share/sjtu_drone_description/package.zsh'
[3.356s] Level 1:colcon.colcon_core.environment:create_file_with_runtime_dependencies(/home/ankur/ros2_ws/install/sjtu_drone_description/share/colcon-core/packages/sjtu_drone_description)
[3.385s] DEBUG:colcon.colcon_core.event_handler.log_command:Invoked command in '/home/ankur/ros2_ws/build/sjtu_drone_description' returned '0': CMAKE_PREFIX_PATH=${CMAKE_PREFIX_PATH}:/home/ankur/ros2_ws/install/sjtu_drone_bringup:/home/ankur/ros2_ws/install/ibvs:/home/ankur/drone_ws/install/sjtu_drone_control:/home/ankur/drone_ws/install/sjtu_drone_bringup:/home/ankur/drone_ws/install/pkgg:/opt/ros/humble /usr/bin/cmake --install /home/ankur/ros2_ws/build/sjtu_drone_description
[3.410s] Level 1:colcon.colcon_core.environment:create_environment_scripts_only(drive_drone)
[3.411s] Level 1:colcon.colcon_core.environment:checking '/home/ankur/ros2_ws/install/drive_drone' for CMake module files
[3.411s] Level 1:colcon.colcon_core.environment:checking '/home/ankur/ros2_ws/install/drive_drone' for CMake config files
[3.412s] Level 1:colcon.colcon_core.shell:create_environment_hook('drive_drone', 'cmake_prefix_path')
[3.412s] INFO:colcon.colcon_core.shell:Creating environment hook '/home/ankur/ros2_ws/install/drive_drone/share/drive_drone/hook/cmake_prefix_path.ps1'
[3.413s] INFO:colcon.colcon_core.shell:Creating environment descriptor '/home/ankur/ros2_ws/install/drive_drone/share/drive_drone/hook/cmake_prefix_path.dsv'
[3.414s] INFO:colcon.colcon_core.shell:Creating environment hook '/home/ankur/ros2_ws/install/drive_drone/share/drive_drone/hook/cmake_prefix_path.sh'
[3.416s] Level 1:colcon.colcon_core.environment:checking '/home/ankur/ros2_ws/install/drive_drone/lib'
[3.417s] Level 1:colcon.colcon_core.environment:checking '/home/ankur/ros2_ws/install/drive_drone/bin'
[3.417s] Level 1:colcon.colcon_core.environment:checking '/home/ankur/ros2_ws/install/drive_drone/lib/pkgconfig/drive_drone.pc'
[3.417s] Level 1:colcon.colcon_core.environment:checking '/home/ankur/ros2_ws/install/drive_drone/lib/python3.10/site-packages'
[3.418s] Level 1:colcon.colcon_core.environment:checking '/home/ankur/ros2_ws/install/drive_drone/bin'
[3.419s] INFO:colcon.colcon_core.shell:Creating package script '/home/ankur/ros2_ws/install/drive_drone/share/drive_drone/package.ps1'
[3.420s] INFO:colcon.colcon_core.shell:Creating package descriptor '/home/ankur/ros2_ws/install/drive_drone/share/drive_drone/package.dsv'
[3.422s] INFO:colcon.colcon_core.shell:Creating package script '/home/ankur/ros2_ws/install/drive_drone/share/drive_drone/package.sh'
[3.424s] INFO:colcon.colcon_core.shell:Creating package script '/home/ankur/ros2_ws/install/drive_drone/share/drive_drone/package.bash'
[3.425s] INFO:colcon.colcon_core.shell:Creating package script '/home/ankur/ros2_ws/install/drive_drone/share/drive_drone/package.zsh'
[3.427s] Level 1:colcon.colcon_core.environment:create_file_with_runtime_dependencies(/home/ankur/ros2_ws/install/drive_drone/share/colcon-core/packages/drive_drone)
[3.611s] DEBUG:colcon.colcon_core.event_handler.log_command:Invoking command in '/home/ankur/ros2_ws/src/drones_ROS2/sjtu_drone/sjtu_drone_bringup': PYTHONPATH=/home/ankur/ros2_ws/build/sjtu_drone_bringup/prefix_override:/home/ankur/ros2_ws/install/sjtu_drone_bringup/lib/python3.10/site-packages:${PYTHONPATH} /usr/bin/python3 -W ignore:setup.py install is deprecated setup.py egg_info --egg-base ../../../../build/sjtu_drone_bringup build --build-base /home/ankur/ros2_ws/build/sjtu_drone_bringup/build install --record /home/ankur/ros2_ws/build/sjtu_drone_bringup/install.log --single-version-externally-managed install_data
[3.620s] Level 1:colcon.colcon_core.environment:create_environment_scripts_only(sjtu_drone_description)
[3.621s] Level 1:colcon.colcon_core.environment:checking '/home/ankur/ros2_ws/install/sjtu_drone_description' for CMake module files
[3.658s] Level 1:colcon.colcon_core.environment:checking '/home/ankur/ros2_ws/install/sjtu_drone_description' for CMake config files
[3.658s] Level 1:colcon.colcon_core.shell:create_environment_hook('sjtu_drone_description', 'cmake_prefix_path')
[3.659s] INFO:colcon.colcon_core.shell:Creating environment hook '/home/ankur/ros2_ws/install/sjtu_drone_description/share/sjtu_drone_description/hook/cmake_prefix_path.ps1'
[3.659s] INFO:colcon.colcon_core.shell:Creating environment descriptor '/home/ankur/ros2_ws/install/sjtu_drone_description/share/sjtu_drone_description/hook/cmake_prefix_path.dsv'
[3.661s] INFO:colcon.colcon_core.shell:Creating environment hook '/home/ankur/ros2_ws/install/sjtu_drone_description/share/sjtu_drone_description/hook/cmake_prefix_path.sh'
[3.662s] Level 1:colcon.colcon_core.environment:checking '/home/ankur/ros2_ws/install/sjtu_drone_description/lib'
[3.662s] Level 1:colcon.colcon_core.shell:create_environment_hook('sjtu_drone_description', 'ld_library_path_lib')
[3.663s] INFO:colcon.colcon_core.shell:Creating environment hook '/home/ankur/ros2_ws/install/sjtu_drone_description/share/sjtu_drone_description/hook/ld_library_path_lib.ps1'
[3.663s] INFO:colcon.colcon_core.shell:Creating environment descriptor '/home/ankur/ros2_ws/install/sjtu_drone_description/share/sjtu_drone_description/hook/ld_library_path_lib.dsv'
[3.665s] INFO:colcon.colcon_core.shell:Creating environment hook '/home/ankur/ros2_ws/install/sjtu_drone_description/share/sjtu_drone_description/hook/ld_library_path_lib.sh'
[3.665s] Level 1:colcon.colcon_core.environment:checking '/home/ankur/ros2_ws/install/sjtu_drone_description/bin'
[3.665s] Level 1:colcon.colcon_core.environment:checking '/home/ankur/ros2_ws/install/sjtu_drone_description/lib/pkgconfig/sjtu_drone_description.pc'
[3.666s] Level 1:colcon.colcon_core.environment:checking '/home/ankur/ros2_ws/install/sjtu_drone_description/lib/python3.10/site-packages'
[3.666s] Level 1:colcon.colcon_core.environment:checking '/home/ankur/ros2_ws/install/sjtu_drone_description/bin'
[3.667s] INFO:colcon.colcon_core.shell:Creating package script '/home/ankur/ros2_ws/install/sjtu_drone_description/share/sjtu_drone_description/package.ps1'
[3.668s] INFO:colcon.colcon_core.shell:Creating package descriptor '/home/ankur/ros2_ws/install/sjtu_drone_description/share/sjtu_drone_description/package.dsv'
[3.681s] INFO:colcon.colcon_core.shell:Creating package script '/home/ankur/ros2_ws/install/sjtu_drone_description/share/sjtu_drone_description/package.sh'
[3.683s] INFO:colcon.colcon_core.shell:Creating package script '/home/ankur/ros2_ws/install/sjtu_drone_description/share/sjtu_drone_description/package.bash'
[3.685s] INFO:colcon.colcon_core.shell:Creating package script '/home/ankur/ros2_ws/install/sjtu_drone_description/share/sjtu_drone_description/package.zsh'
[3.686s] Level 1:colcon.colcon_core.environment:create_file_with_runtime_dependencies(/home/ankur/ros2_ws/install/sjtu_drone_description/share/colcon-core/packages/sjtu_drone_description)
[3.761s] DEBUG:colcon.colcon_core.event_handler.log_command:Invoking command in '/home/ankur/ros2_ws/src/drones_ROS2/ibvs': PYTHONPATH=/home/ankur/ros2_ws/build/ibvs/prefix_override:/home/ankur/ros2_ws/install/ibvs/lib/python3.10/site-packages:${PYTHONPATH} /usr/bin/python3 -W ignore:setup.py install is deprecated setup.py egg_info --egg-base ../../../build/ibvs build --build-base /home/ankur/ros2_ws/build/ibvs/build install --record /home/ankur/ros2_ws/build/ibvs/install.log --single-version-externally-managed install_data
[4.274s] Level 1:colcon.colcon_core.environment:checking '/home/ankur/ros2_ws/install/sjtu_drone_bringup' for CMake module files
[4.276s] DEBUG:colcon.colcon_core.event_handler.log_command:Invoked command in '/home/ankur/ros2_ws/src/drones_ROS2/sjtu_drone/sjtu_drone_bringup' returned '0': PYTHONPATH=/home/ankur/ros2_ws/build/sjtu_drone_bringup/prefix_override:/home/ankur/ros2_ws/install/sjtu_drone_bringup/lib/python3.10/site-packages:${PYTHONPATH} /usr/bin/python3 -W ignore:setup.py install is deprecated setup.py egg_info --egg-base ../../../../build/sjtu_drone_bringup build --build-base /home/ankur/ros2_ws/build/sjtu_drone_bringup/build install --record /home/ankur/ros2_ws/build/sjtu_drone_bringup/install.log --single-version-externally-managed install_data
[4.277s] Level 1:colcon.colcon_core.environment:checking '/home/ankur/ros2_ws/install/sjtu_drone_bringup' for CMake config files
[4.278s] Level 1:colcon.colcon_core.environment:checking '/home/ankur/ros2_ws/install/sjtu_drone_bringup/lib'
[4.278s] Level 1:colcon.colcon_core.environment:checking '/home/ankur/ros2_ws/install/sjtu_drone_bringup/bin'
[4.279s] Level 1:colcon.colcon_core.environment:checking '/home/ankur/ros2_ws/install/sjtu_drone_bringup/lib/pkgconfig/sjtu_drone_bringup.pc'
[4.279s] Level 1:colcon.colcon_core.environment:checking '/home/ankur/ros2_ws/install/sjtu_drone_bringup/lib/python3.10/site-packages'
[4.279s] Level 1:colcon.colcon_core.shell:create_environment_hook('sjtu_drone_bringup', 'pythonpath')
[4.279s] INFO:colcon.colcon_core.shell:Creating environment hook '/home/ankur/ros2_ws/install/sjtu_drone_bringup/share/sjtu_drone_bringup/hook/pythonpath.ps1'
[4.281s] INFO:colcon.colcon_core.shell:Creating environment descriptor '/home/ankur/ros2_ws/install/sjtu_drone_bringup/share/sjtu_drone_bringup/hook/pythonpath.dsv'
[4.282s] INFO:colcon.colcon_core.shell:Creating environment hook '/home/ankur/ros2_ws/install/sjtu_drone_bringup/share/sjtu_drone_bringup/hook/pythonpath.sh'
[4.286s] Level 1:colcon.colcon_core.environment:checking '/home/ankur/ros2_ws/install/sjtu_drone_bringup/bin'
[4.286s] Level 1:colcon.colcon_core.environment:create_environment_scripts_only(sjtu_drone_bringup)
[4.286s] INFO:colcon.colcon_core.shell:Creating package script '/home/ankur/ros2_ws/install/sjtu_drone_bringup/share/sjtu_drone_bringup/package.ps1'
[4.288s] INFO:colcon.colcon_core.shell:Creating package descriptor '/home/ankur/ros2_ws/install/sjtu_drone_bringup/share/sjtu_drone_bringup/package.dsv'
[4.289s] INFO:colcon.colcon_core.shell:Creating package script '/home/ankur/ros2_ws/install/sjtu_drone_bringup/share/sjtu_drone_bringup/package.sh'
[4.291s] INFO:colcon.colcon_core.shell:Creating package script '/home/ankur/ros2_ws/install/sjtu_drone_bringup/share/sjtu_drone_bringup/package.bash'
[4.292s] INFO:colcon.colcon_core.shell:Creating package script '/home/ankur/ros2_ws/install/sjtu_drone_bringup/share/sjtu_drone_bringup/package.zsh'
[4.293s] Level 1:colcon.colcon_core.environment:create_file_with_runtime_dependencies(/home/ankur/ros2_ws/install/sjtu_drone_bringup/share/colcon-core/packages/sjtu_drone_bringup)
[4.422s] Level 1:colcon.colcon_core.environment:checking '/home/ankur/ros2_ws/install/ibvs' for CMake module files
[4.424s] DEBUG:colcon.colcon_core.event_handler.log_command:Invoked command in '/home/ankur/ros2_ws/src/drones_ROS2/ibvs' returned '0': PYTHONPATH=/home/ankur/ros2_ws/build/ibvs/prefix_override:/home/ankur/ros2_ws/install/ibvs/lib/python3.10/site-packages:${PYTHONPATH} /usr/bin/python3 -W ignore:setup.py install is deprecated setup.py egg_info --egg-base ../../../build/ibvs build --build-base /home/ankur/ros2_ws/build/ibvs/build install --record /home/ankur/ros2_ws/build/ibvs/install.log --single-version-externally-managed install_data
[4.424s] Level 1:colcon.colcon_core.environment:checking '/home/ankur/ros2_ws/install/ibvs' for CMake config files
[4.426s] Level 1:colcon.colcon_core.environment:checking '/home/ankur/ros2_ws/install/ibvs/lib'
[4.426s] Level 1:colcon.colcon_core.environment:checking '/home/ankur/ros2_ws/install/ibvs/bin'
[4.426s] Level 1:colcon.colcon_core.environment:checking '/home/ankur/ros2_ws/install/ibvs/lib/pkgconfig/ibvs.pc'
[4.426s] Level 1:colcon.colcon_core.environment:checking '/home/ankur/ros2_ws/install/ibvs/lib/python3.10/site-packages'
[4.426s] Level 1:colcon.colcon_core.shell:create_environment_hook('ibvs', 'pythonpath')
[4.427s] INFO:colcon.colcon_core.shell:Creating environment hook '/home/ankur/ros2_ws/install/ibvs/share/ibvs/hook/pythonpath.ps1'
[4.427s] INFO:colcon.colcon_core.shell:Creating environment descriptor '/home/ankur/ros2_ws/install/ibvs/share/ibvs/hook/pythonpath.dsv'
[4.429s] INFO:colcon.colcon_core.shell:Creating environment hook '/home/ankur/ros2_ws/install/ibvs/share/ibvs/hook/pythonpath.sh'
[4.431s] Level 1:colcon.colcon_core.environment:checking '/home/ankur/ros2_ws/install/ibvs/bin'
[4.431s] Level 1:colcon.colcon_core.environment:create_environment_scripts_only(ibvs)
[4.432s] INFO:colcon.colcon_core.shell:Creating package script '/home/ankur/ros2_ws/install/ibvs/share/ibvs/package.ps1'
[4.434s] INFO:colcon.colcon_core.shell:Creating package descriptor '/home/ankur/ros2_ws/install/ibvs/share/ibvs/package.dsv'
[4.443s] INFO:colcon.colcon_core.shell:Creating package script '/home/ankur/ros2_ws/install/ibvs/share/ibvs/package.sh'
[4.445s] INFO:colcon.colcon_core.shell:Creating package script '/home/ankur/ros2_ws/install/ibvs/share/ibvs/package.bash'
[4.446s] INFO:colcon.colcon_core.shell:Creating package script '/home/ankur/ros2_ws/install/ibvs/share/ibvs/package.zsh'
[4.447s] Level 1:colcon.colcon_core.environment:create_file_with_runtime_dependencies(/home/ankur/ros2_ws/install/ibvs/share/colcon-core/packages/ibvs)
[4.448s] DEBUG:colcon.colcon_parallel_executor.executor.parallel:closing loop
[4.449s] DEBUG:colcon.colcon_parallel_executor.executor.parallel:loop closed
[4.449s] DEBUG:colcon.colcon_parallel_executor.executor.parallel:run_until_complete finished with '0'
[4.450s] DEBUG:colcon.colcon_core.event_reactor:joining thread
[4.487s] INFO:colcon.colcon_core.plugin_system:Skipping extension 'colcon_notification.desktop_notification.terminal_notifier': Not used on non-Darwin systems
[4.487s] INFO:colcon.colcon_core.plugin_system:Skipping extension 'colcon_notification.desktop_notification.win32': Not used on non-Windows systems
[4.488s] INFO:colcon.colcon_notification.desktop_notification:Sending desktop notification using 'notify2'
[4.534s] DEBUG:colcon.colcon_core.event_reactor:joined thread
[4.535s] INFO:colcon.colcon_core.shell:Creating prefix script '/home/ankur/ros2_ws/install/local_setup.ps1'
[4.539s] INFO:colcon.colcon_core.shell:Creating prefix util module '/home/ankur/ros2_ws/install/_local_setup_util_ps1.py'
[4.542s] INFO:colcon.colcon_core.shell:Creating prefix chain script '/home/ankur/ros2_ws/install/setup.ps1'
[4.545s] INFO:colcon.colcon_core.shell:Creating prefix script '/home/ankur/ros2_ws/install/local_setup.sh'
[4.547s] INFO:colcon.colcon_core.shell:Creating prefix util module '/home/ankur/ros2_ws/install/_local_setup_util_sh.py'
[4.549s] INFO:colcon.colcon_core.shell:Creating prefix chain script '/home/ankur/ros2_ws/install/setup.sh'
[4.552s] INFO:colcon.colcon_core.shell:Creating prefix script '/home/ankur/ros2_ws/install/local_setup.bash'
[4.554s] INFO:colcon.colcon_core.shell:Creating prefix chain script '/home/ankur/ros2_ws/install/setup.bash'
[4.557s] INFO:colcon.colcon_core.shell:Creating prefix script '/home/ankur/ros2_ws/install/local_setup.zsh'
[4.559s] INFO:colcon.colcon_core.shell:Creating prefix chain script '/home/ankur/ros2_ws/install/setup.zsh'
