-- Install configuration: ""
-- Up-to-date: /home/ankur/ros2_ws/install/minimal_diff_drive_robot/share/minimal_diff_drive_robot/launch
-- Up-to-date: /home/ankur/ros2_ws/install/minimal_diff_drive_robot/share/minimal_diff_drive_robot/launch/gazebo_and_rviz.launch.xml
-- Up-to-date: /home/ankur/ros2_ws/install/minimal_diff_drive_robot/share/minimal_diff_drive_robot/launch/gazebo_and_rviz.launch.py
-- Up-to-date: /home/ankur/ros2_ws/install/minimal_diff_drive_robot/share/minimal_diff_drive_robot/urdf
-- Up-to-date: /home/ankur/ros2_ws/install/minimal_diff_drive_robot/share/minimal_diff_drive_robot/urdf/minimal_diff_drive_robot.urdf
-- Up-to-date: /home/ankur/ros2_ws/install/minimal_diff_drive_robot/share/minimal_diff_drive_robot/config
-- Up-to-date: /home/ankur/ros2_ws/install/minimal_diff_drive_robot/share/minimal_diff_drive_robot/config/robot.rviz
-- Up-to-date: /home/ankur/ros2_ws/install/minimal_diff_drive_robot/share/ament_index/resource_index/package_run_dependencies/minimal_diff_drive_robot
-- Up-to-date: /home/ankur/ros2_ws/install/minimal_diff_drive_robot/share/ament_index/resource_index/parent_prefix_path/minimal_diff_drive_robot
-- Up-to-date: /home/ankur/ros2_ws/install/minimal_diff_drive_robot/share/minimal_diff_drive_robot/environment/ament_prefix_path.sh
-- Up-to-date: /home/ankur/ros2_ws/install/minimal_diff_drive_robot/share/minimal_diff_drive_robot/environment/ament_prefix_path.dsv
-- Up-to-date: /home/ankur/ros2_ws/install/minimal_diff_drive_robot/share/minimal_diff_drive_robot/environment/path.sh
-- Up-to-date: /home/ankur/ros2_ws/install/minimal_diff_drive_robot/share/minimal_diff_drive_robot/environment/path.dsv
-- Up-to-date: /home/ankur/ros2_ws/install/minimal_diff_drive_robot/share/minimal_diff_drive_robot/local_setup.bash
-- Up-to-date: /home/ankur/ros2_ws/install/minimal_diff_drive_robot/share/minimal_diff_drive_robot/local_setup.sh
-- Up-to-date: /home/ankur/ros2_ws/install/minimal_diff_drive_robot/share/minimal_diff_drive_robot/local_setup.zsh
-- Up-to-date: /home/ankur/ros2_ws/install/minimal_diff_drive_robot/share/minimal_diff_drive_robot/local_setup.dsv
-- Installing: /home/ankur/ros2_ws/install/minimal_diff_drive_robot/share/minimal_diff_drive_robot/package.dsv
-- Up-to-date: /home/ankur/ros2_ws/install/minimal_diff_drive_robot/share/ament_index/resource_index/packages/minimal_diff_drive_robot
-- Up-to-date: /home/ankur/ros2_ws/install/minimal_diff_drive_robot/share/minimal_diff_drive_robot/cmake/minimal_diff_drive_robotConfig.cmake
-- Up-to-date: /home/ankur/ros2_ws/install/minimal_diff_drive_robot/share/minimal_diff_drive_robot/cmake/minimal_diff_drive_robotConfig-version.cmake
-- Up-to-date: /home/ankur/ros2_ws/install/minimal_diff_drive_robot/share/minimal_diff_drive_robot/package.xml
