[2.454s] Invoking command in '/home/jagadeesh/ros2_ws/src/drones_ROS2/sjtu_drone/sjtu_drone_bringup': PYTHONPATH=/home/jagadeesh/ros2_ws/build/sjtu_drone_bringup/prefix_override:/home/jagadeesh/ros2_ws/install/sjtu_drone_bringup/lib/python3.10/site-packages:${PYTHONPATH} /usr/bin/python3 -W ignore:setup.py install is deprecated setup.py egg_info --egg-base ../../../../build/sjtu_drone_bringup build --build-base /home/jagadeesh/ros2_ws/build/sjtu_drone_bringup/build install --record /home/jagadeesh/ros2_ws/build/sjtu_drone_bringup/install.log --single-version-externally-managed install_data
[2.563s] running egg_info
[2.564s] writing ../../../../build/sjtu_drone_bringup/sjtu_drone_bringup.egg-info/PKG-INFO
[2.586s] writing dependency_links to ../../../../build/sjtu_drone_bringup/sjtu_drone_bringup.egg-info/dependency_links.txt
[2.586s] writing entry points to ../../../../build/sjtu_drone_bringup/sjtu_drone_bringup.egg-info/entry_points.txt
[2.586s] writing requirements to ../../../../build/sjtu_drone_bringup/sjtu_drone_bringup.egg-info/requires.txt
[2.586s] writing top-level names to ../../../../build/sjtu_drone_bringup/sjtu_drone_bringup.egg-info/top_level.txt
[2.613s] reading manifest file '../../../../build/sjtu_drone_bringup/sjtu_drone_bringup.egg-info/SOURCES.txt'
[2.679s] writing manifest file '../../../../build/sjtu_drone_bringup/sjtu_drone_bringup.egg-info/SOURCES.txt'
[2.679s] running build
[2.679s] running build_py
[2.697s] running install
[2.698s] running install_lib
[2.731s] running install_data
[2.733s] running install_egg_info
[2.736s] removing '/home/jagadeesh/ros2_ws/install/sjtu_drone_bringup/lib/python3.10/site-packages/sjtu_drone_bringup-0.0.0-py3.10.egg-info' (and everything under it)
[2.737s] Copying ../../../../build/sjtu_drone_bringup/sjtu_drone_bringup.egg-info to /home/jagadeesh/ros2_ws/install/sjtu_drone_bringup/lib/python3.10/site-packages/sjtu_drone_bringup-0.0.0-py3.10.egg-info
[2.738s] running install_scripts
[2.761s] Installing spawn_drone script to /home/jagadeesh/ros2_ws/install/sjtu_drone_bringup/lib/sjtu_drone_bringup
[2.761s] writing list of installed files to '/home/jagadeesh/ros2_ws/build/sjtu_drone_bringup/install.log'
[2.774s] Invoked command in '/home/jagadeesh/ros2_ws/src/drones_ROS2/sjtu_drone/sjtu_drone_bringup' returned '0': PYTHONPATH=/home/jagadeesh/ros2_ws/build/sjtu_drone_bringup/prefix_override:/home/jagadeesh/ros2_ws/install/sjtu_drone_bringup/lib/python3.10/site-packages:${PYTHONPATH} /usr/bin/python3 -W ignore:setup.py install is deprecated setup.py egg_info --egg-base ../../../../build/sjtu_drone_bringup build --build-base /home/jagadeesh/ros2_ws/build/sjtu_drone_bringup/build install --record /home/jagadeesh/ros2_ws/build/sjtu_drone_bringup/install.log --single-version-externally-managed install_data
