[0.254s] DEBUG:colcon:Command line arguments: ['/home/jagadeesh/.local/bin/colcon', 'build']
[0.254s] DEBUG:colcon:Parsed command line arguments: Namespace(log_base=None, log_level=None, verb_name='build', build_base='build', install_base='install', merge_install=False, symlink_install=False, test_result_base=None, continue_on_error=False, executor='parallel', parallel_workers=20, event_handlers=None, ignore_user_meta=False, metas=['./colcon.meta'], base_paths=['.'], packages_ignore=None, packages_ignore_regex=None, paths=None, packages_up_to=None, packages_up_to_regex=None, packages_above=None, packages_above_and_dependencies=None, packages_above_depth=None, packages_select_by_dep=None, packages_skip_by_dep=None, packages_skip_up_to=None, packages_select_build_failed=False, packages_skip_build_finished=False, packages_select_test_failures=False, packages_skip_test_passed=False, packages_select=None, packages_skip=None, packages_select_regex=None, packages_skip_regex=None, packages_start=None, packages_end=None, allow_overriding=[], cmake_args=None, cmake_target=None, cmake_target_skip_unavailable=False, cmake_clean_cache=False, cmake_clean_first=False, cmake_force_configure=False, ament_cmake_args=None, catkin_cmake_args=None, catkin_skip_building_tests=False, verb_parser=<colcon_defaults.argument_parser.defaults.DefaultArgumentsDecorator object at 0x725cd44ea110>, verb_extension=<colcon_core.verb.build.BuildVerb object at 0x725cd44e9ba0>, main=<bound method BuildVerb.main of <colcon_core.verb.build.BuildVerb object at 0x725cd44e9ba0>>)
[3.539s] Level 1:colcon.colcon_core.package_discovery:discover_packages(colcon_meta) check parameters
[3.540s] Level 1:colcon.colcon_core.package_discovery:discover_packages(recursive) check parameters
[3.540s] Level 1:colcon.colcon_core.package_discovery:discover_packages(ignore) check parameters
[3.540s] Level 1:colcon.colcon_core.package_discovery:discover_packages(path) check parameters
[3.540s] Level 1:colcon.colcon_core.package_discovery:discover_packages(colcon_meta) discover
[3.540s] Level 1:colcon.colcon_core.package_discovery:discover_packages(recursive) discover
[3.540s] INFO:colcon.colcon_core.package_discovery:Crawling recursively for packages in '/home/jagadeesh/ros2_ws'
[3.541s] Level 1:colcon.colcon_core.package_identification:_identify(.) by extensions ['ignore', 'ignore_ament_install']
[3.541s] Level 1:colcon.colcon_core.package_identification:_identify(.) by extension 'ignore'
[3.541s] Level 1:colcon.colcon_core.package_identification:_identify(.) by extension 'ignore_ament_install'
[3.541s] Level 1:colcon.colcon_core.package_identification:_identify(.) by extensions ['colcon_pkg']
[3.542s] Level 1:colcon.colcon_core.package_identification:_identify(.) by extension 'colcon_pkg'
[3.542s] Level 1:colcon.colcon_core.package_identification:_identify(.) by extensions ['colcon_meta']
[3.542s] Level 1:colcon.colcon_core.package_identification:_identify(.) by extension 'colcon_meta'
[3.542s] Level 1:colcon.colcon_core.package_identification:_identify(.) by extensions ['ros']
[3.542s] Level 1:colcon.colcon_core.package_identification:_identify(.) by extension 'ros'
[3.566s] Level 1:colcon.colcon_core.package_identification:_identify(.) by extensions ['cmake', 'python']
[3.566s] Level 1:colcon.colcon_core.package_identification:_identify(.) by extension 'cmake'
[3.566s] Level 1:colcon.colcon_core.package_identification:_identify(.) by extension 'python'
[3.566s] Level 1:colcon.colcon_core.package_identification:_identify(.) by extensions ['python_setup_py']
[3.566s] Level 1:colcon.colcon_core.package_identification:_identify(.) by extension 'python_setup_py'
[3.566s] Level 1:colcon.colcon_core.package_identification:_identify(Video) by extensions ['ignore', 'ignore_ament_install']
[3.566s] Level 1:colcon.colcon_core.package_identification:_identify(Video) by extension 'ignore'
[3.567s] Level 1:colcon.colcon_core.package_identification:_identify(Video) by extension 'ignore_ament_install'
[3.567s] Level 1:colcon.colcon_core.package_identification:_identify(Video) by extensions ['colcon_pkg']
[3.567s] Level 1:colcon.colcon_core.package_identification:_identify(Video) by extension 'colcon_pkg'
[3.567s] Level 1:colcon.colcon_core.package_identification:_identify(Video) by extensions ['colcon_meta']
[3.567s] Level 1:colcon.colcon_core.package_identification:_identify(Video) by extension 'colcon_meta'
[3.567s] Level 1:colcon.colcon_core.package_identification:_identify(Video) by extensions ['ros']
[3.567s] Level 1:colcon.colcon_core.package_identification:_identify(Video) by extension 'ros'
[3.567s] Level 1:colcon.colcon_core.package_identification:_identify(Video) by extensions ['cmake', 'python']
[3.567s] Level 1:colcon.colcon_core.package_identification:_identify(Video) by extension 'cmake'
[3.567s] Level 1:colcon.colcon_core.package_identification:_identify(Video) by extension 'python'
[3.567s] Level 1:colcon.colcon_core.package_identification:_identify(Video) by extensions ['python_setup_py']
[3.567s] Level 1:colcon.colcon_core.package_identification:_identify(Video) by extension 'python_setup_py'
[3.568s] Level 1:colcon.colcon_core.package_identification:_identify(build) by extensions ['ignore', 'ignore_ament_install']
[3.568s] Level 1:colcon.colcon_core.package_identification:_identify(build) by extension 'ignore'
[3.568s] Level 1:colcon.colcon_core.package_identification:_identify(build) ignored
[3.568s] Level 1:colcon.colcon_core.package_identification:_identify(install) by extensions ['ignore', 'ignore_ament_install']
[3.568s] Level 1:colcon.colcon_core.package_identification:_identify(install) by extension 'ignore'
[3.568s] Level 1:colcon.colcon_core.package_identification:_identify(install) ignored
[3.568s] Level 1:colcon.colcon_core.package_identification:_identify(log) by extensions ['ignore', 'ignore_ament_install']
[3.568s] Level 1:colcon.colcon_core.package_identification:_identify(log) by extension 'ignore'
[3.568s] Level 1:colcon.colcon_core.package_identification:_identify(log) ignored
[3.569s] Level 1:colcon.colcon_core.package_identification:_identify(src) by extensions ['ignore', 'ignore_ament_install']
[3.569s] Level 1:colcon.colcon_core.package_identification:_identify(src) by extension 'ignore'
[3.569s] Level 1:colcon.colcon_core.package_identification:_identify(src) by extension 'ignore_ament_install'
[3.569s] Level 1:colcon.colcon_core.package_identification:_identify(src) by extensions ['colcon_pkg']
[3.569s] Level 1:colcon.colcon_core.package_identification:_identify(src) by extension 'colcon_pkg'
[3.569s] Level 1:colcon.colcon_core.package_identification:_identify(src) by extensions ['colcon_meta']
[3.569s] Level 1:colcon.colcon_core.package_identification:_identify(src) by extension 'colcon_meta'
[3.569s] Level 1:colcon.colcon_core.package_identification:_identify(src) by extensions ['ros']
[3.569s] Level 1:colcon.colcon_core.package_identification:_identify(src) by extension 'ros'
[3.569s] Level 1:colcon.colcon_core.package_identification:_identify(src) by extensions ['cmake', 'python']
[3.569s] Level 1:colcon.colcon_core.package_identification:_identify(src) by extension 'cmake'
[3.569s] Level 1:colcon.colcon_core.package_identification:_identify(src) by extension 'python'
[3.569s] Level 1:colcon.colcon_core.package_identification:_identify(src) by extensions ['python_setup_py']
[3.569s] Level 1:colcon.colcon_core.package_identification:_identify(src) by extension 'python_setup_py'
[3.569s] Level 1:colcon.colcon_core.package_identification:_identify(src/drones_ROS2) by extensions ['ignore', 'ignore_ament_install']
[3.569s] Level 1:colcon.colcon_core.package_identification:_identify(src/drones_ROS2) by extension 'ignore'
[3.569s] Level 1:colcon.colcon_core.package_identification:_identify(src/drones_ROS2) by extension 'ignore_ament_install'
[3.569s] Level 1:colcon.colcon_core.package_identification:_identify(src/drones_ROS2) by extensions ['colcon_pkg']
[3.569s] Level 1:colcon.colcon_core.package_identification:_identify(src/drones_ROS2) by extension 'colcon_pkg'
[3.570s] Level 1:colcon.colcon_core.package_identification:_identify(src/drones_ROS2) by extensions ['colcon_meta']
[3.570s] Level 1:colcon.colcon_core.package_identification:_identify(src/drones_ROS2) by extension 'colcon_meta'
[3.570s] Level 1:colcon.colcon_core.package_identification:_identify(src/drones_ROS2) by extensions ['ros']
[3.570s] Level 1:colcon.colcon_core.package_identification:_identify(src/drones_ROS2) by extension 'ros'
[3.570s] Level 1:colcon.colcon_core.package_identification:_identify(src/drones_ROS2) by extensions ['cmake', 'python']
[3.570s] Level 1:colcon.colcon_core.package_identification:_identify(src/drones_ROS2) by extension 'cmake'
[3.570s] Level 1:colcon.colcon_core.package_identification:_identify(src/drones_ROS2) by extension 'python'
[3.570s] Level 1:colcon.colcon_core.package_identification:_identify(src/drones_ROS2) by extensions ['python_setup_py']
[3.570s] Level 1:colcon.colcon_core.package_identification:_identify(src/drones_ROS2) by extension 'python_setup_py'
[3.570s] Level 1:colcon.colcon_core.package_identification:_identify(src/drones_ROS2/build) by extensions ['ignore', 'ignore_ament_install']
[3.570s] Level 1:colcon.colcon_core.package_identification:_identify(src/drones_ROS2/build) by extension 'ignore'
[3.571s] Level 1:colcon.colcon_core.package_identification:_identify(src/drones_ROS2/build) ignored
[3.571s] Level 1:colcon.colcon_core.package_identification:_identify(src/drones_ROS2/drive_drone) by extensions ['ignore', 'ignore_ament_install']
[3.571s] Level 1:colcon.colcon_core.package_identification:_identify(src/drones_ROS2/drive_drone) by extension 'ignore'
[3.571s] Level 1:colcon.colcon_core.package_identification:_identify(src/drones_ROS2/drive_drone) by extension 'ignore_ament_install'
[3.571s] Level 1:colcon.colcon_core.package_identification:_identify(src/drones_ROS2/drive_drone) by extensions ['colcon_pkg']
[3.571s] Level 1:colcon.colcon_core.package_identification:_identify(src/drones_ROS2/drive_drone) by extension 'colcon_pkg'
[3.571s] Level 1:colcon.colcon_core.package_identification:_identify(src/drones_ROS2/drive_drone) by extensions ['colcon_meta']
[3.571s] Level 1:colcon.colcon_core.package_identification:_identify(src/drones_ROS2/drive_drone) by extension 'colcon_meta'
[3.572s] Level 1:colcon.colcon_core.package_identification:_identify(src/drones_ROS2/drive_drone) by extensions ['ros']
[3.572s] Level 1:colcon.colcon_core.package_identification:_identify(src/drones_ROS2/drive_drone) by extension 'ros'
[3.581s] DEBUG:colcon.colcon_core.package_identification:Package 'src/drones_ROS2/drive_drone' with type 'ros.ament_cmake' and name 'drive_drone'
[3.582s] Level 1:colcon.colcon_core.package_identification:_identify(src/drones_ROS2/drone_controller) by extensions ['ignore', 'ignore_ament_install']
[3.582s] Level 1:colcon.colcon_core.package_identification:_identify(src/drones_ROS2/drone_controller) by extension 'ignore'
[3.582s] Level 1:colcon.colcon_core.package_identification:_identify(src/drones_ROS2/drone_controller) by extension 'ignore_ament_install'
[3.582s] Level 1:colcon.colcon_core.package_identification:_identify(src/drones_ROS2/drone_controller) by extensions ['colcon_pkg']
[3.582s] Level 1:colcon.colcon_core.package_identification:_identify(src/drones_ROS2/drone_controller) by extension 'colcon_pkg'
[3.582s] Level 1:colcon.colcon_core.package_identification:_identify(src/drones_ROS2/drone_controller) by extensions ['colcon_meta']
[3.582s] Level 1:colcon.colcon_core.package_identification:_identify(src/drones_ROS2/drone_controller) by extension 'colcon_meta'
[3.582s] Level 1:colcon.colcon_core.package_identification:_identify(src/drones_ROS2/drone_controller) by extensions ['ros']
[3.582s] Level 1:colcon.colcon_core.package_identification:_identify(src/drones_ROS2/drone_controller) by extension 'ros'
[3.604s] DEBUG:colcon.colcon_core.package_identification:Package 'src/drones_ROS2/drone_controller' with type 'ros.ament_python' and name 'drone_controller'
[3.605s] Level 1:colcon.colcon_core.package_identification:_identify(src/drones_ROS2/install) by extensions ['ignore', 'ignore_ament_install']
[3.605s] Level 1:colcon.colcon_core.package_identification:_identify(src/drones_ROS2/install) by extension 'ignore'
[3.605s] Level 1:colcon.colcon_core.package_identification:_identify(src/drones_ROS2/install) ignored
[3.605s] Level 1:colcon.colcon_core.package_identification:_identify(src/drones_ROS2/log) by extensions ['ignore', 'ignore_ament_install']
[3.605s] Level 1:colcon.colcon_core.package_identification:_identify(src/drones_ROS2/log) by extension 'ignore'
[3.606s] Level 1:colcon.colcon_core.package_identification:_identify(src/drones_ROS2/log) ignored
[3.606s] Level 1:colcon.colcon_core.package_identification:_identify(src/drones_ROS2/minimal_diff_drive_robot) by extensions ['ignore', 'ignore_ament_install']
[3.606s] Level 1:colcon.colcon_core.package_identification:_identify(src/drones_ROS2/minimal_diff_drive_robot) by extension 'ignore'
[3.606s] Level 1:colcon.colcon_core.package_identification:_identify(src/drones_ROS2/minimal_diff_drive_robot) by extension 'ignore_ament_install'
[3.606s] Level 1:colcon.colcon_core.package_identification:_identify(src/drones_ROS2/minimal_diff_drive_robot) by extensions ['colcon_pkg']
[3.606s] Level 1:colcon.colcon_core.package_identification:_identify(src/drones_ROS2/minimal_diff_drive_robot) by extension 'colcon_pkg'
[3.606s] Level 1:colcon.colcon_core.package_identification:_identify(src/drones_ROS2/minimal_diff_drive_robot) by extensions ['colcon_meta']
[3.606s] Level 1:colcon.colcon_core.package_identification:_identify(src/drones_ROS2/minimal_diff_drive_robot) by extension 'colcon_meta'
[3.606s] Level 1:colcon.colcon_core.package_identification:_identify(src/drones_ROS2/minimal_diff_drive_robot) by extensions ['ros']
[3.606s] Level 1:colcon.colcon_core.package_identification:_identify(src/drones_ROS2/minimal_diff_drive_robot) by extension 'ros'
[3.628s] DEBUG:colcon.colcon_core.package_identification:Package 'src/drones_ROS2/minimal_diff_drive_robot' with type 'ros.ament_cmake' and name 'minimal_diff_drive_robot'
[3.628s] Level 1:colcon.colcon_core.package_identification:_identify(src/drones_ROS2/sjtu_drone) by extensions ['ignore', 'ignore_ament_install']
[3.628s] Level 1:colcon.colcon_core.package_identification:_identify(src/drones_ROS2/sjtu_drone) by extension 'ignore'
[3.629s] Level 1:colcon.colcon_core.package_identification:_identify(src/drones_ROS2/sjtu_drone) by extension 'ignore_ament_install'
[3.629s] Level 1:colcon.colcon_core.package_identification:_identify(src/drones_ROS2/sjtu_drone) by extensions ['colcon_pkg']
[3.629s] Level 1:colcon.colcon_core.package_identification:_identify(src/drones_ROS2/sjtu_drone) by extension 'colcon_pkg'
[3.629s] Level 1:colcon.colcon_core.package_identification:_identify(src/drones_ROS2/sjtu_drone) by extensions ['colcon_meta']
[3.629s] Level 1:colcon.colcon_core.package_identification:_identify(src/drones_ROS2/sjtu_drone) by extension 'colcon_meta'
[3.629s] Level 1:colcon.colcon_core.package_identification:_identify(src/drones_ROS2/sjtu_drone) by extensions ['ros']
[3.629s] Level 1:colcon.colcon_core.package_identification:_identify(src/drones_ROS2/sjtu_drone) by extension 'ros'
[3.629s] Level 1:colcon.colcon_core.package_identification:_identify(src/drones_ROS2/sjtu_drone) by extensions ['cmake', 'python']
[3.630s] Level 1:colcon.colcon_core.package_identification:_identify(src/drones_ROS2/sjtu_drone) by extension 'cmake'
[3.630s] Level 1:colcon.colcon_core.package_identification:_identify(src/drones_ROS2/sjtu_drone) by extension 'python'
[3.630s] Level 1:colcon.colcon_core.package_identification:_identify(src/drones_ROS2/sjtu_drone) by extensions ['python_setup_py']
[3.630s] Level 1:colcon.colcon_core.package_identification:_identify(src/drones_ROS2/sjtu_drone) by extension 'python_setup_py'
[3.630s] Level 1:colcon.colcon_core.package_identification:_identify(src/drones_ROS2/sjtu_drone/imgs) by extensions ['ignore', 'ignore_ament_install']
[3.631s] Level 1:colcon.colcon_core.package_identification:_identify(src/drones_ROS2/sjtu_drone/imgs) by extension 'ignore'
[3.631s] Level 1:colcon.colcon_core.package_identification:_identify(src/drones_ROS2/sjtu_drone/imgs) by extension 'ignore_ament_install'
[3.631s] Level 1:colcon.colcon_core.package_identification:_identify(src/drones_ROS2/sjtu_drone/imgs) by extensions ['colcon_pkg']
[3.631s] Level 1:colcon.colcon_core.package_identification:_identify(src/drones_ROS2/sjtu_drone/imgs) by extension 'colcon_pkg'
[3.631s] Level 1:colcon.colcon_core.package_identification:_identify(src/drones_ROS2/sjtu_drone/imgs) by extensions ['colcon_meta']
[3.631s] Level 1:colcon.colcon_core.package_identification:_identify(src/drones_ROS2/sjtu_drone/imgs) by extension 'colcon_meta'
[3.631s] Level 1:colcon.colcon_core.package_identification:_identify(src/drones_ROS2/sjtu_drone/imgs) by extensions ['ros']
[3.631s] Level 1:colcon.colcon_core.package_identification:_identify(src/drones_ROS2/sjtu_drone/imgs) by extension 'ros'
[3.631s] Level 1:colcon.colcon_core.package_identification:_identify(src/drones_ROS2/sjtu_drone/imgs) by extensions ['cmake', 'python']
[3.631s] Level 1:colcon.colcon_core.package_identification:_identify(src/drones_ROS2/sjtu_drone/imgs) by extension 'cmake'
[3.631s] Level 1:colcon.colcon_core.package_identification:_identify(src/drones_ROS2/sjtu_drone/imgs) by extension 'python'
[3.632s] Level 1:colcon.colcon_core.package_identification:_identify(src/drones_ROS2/sjtu_drone/imgs) by extensions ['python_setup_py']
[3.632s] Level 1:colcon.colcon_core.package_identification:_identify(src/drones_ROS2/sjtu_drone/imgs) by extension 'python_setup_py'
[3.632s] Level 1:colcon.colcon_core.package_identification:_identify(src/drones_ROS2/sjtu_drone/sjtu_drone_bringup) by extensions ['ignore', 'ignore_ament_install']
[3.632s] Level 1:colcon.colcon_core.package_identification:_identify(src/drones_ROS2/sjtu_drone/sjtu_drone_bringup) by extension 'ignore'
[3.632s] Level 1:colcon.colcon_core.package_identification:_identify(src/drones_ROS2/sjtu_drone/sjtu_drone_bringup) by extension 'ignore_ament_install'
[3.632s] Level 1:colcon.colcon_core.package_identification:_identify(src/drones_ROS2/sjtu_drone/sjtu_drone_bringup) by extensions ['colcon_pkg']
[3.632s] Level 1:colcon.colcon_core.package_identification:_identify(src/drones_ROS2/sjtu_drone/sjtu_drone_bringup) by extension 'colcon_pkg'
[3.632s] Level 1:colcon.colcon_core.package_identification:_identify(src/drones_ROS2/sjtu_drone/sjtu_drone_bringup) by extensions ['colcon_meta']
[3.632s] Level 1:colcon.colcon_core.package_identification:_identify(src/drones_ROS2/sjtu_drone/sjtu_drone_bringup) by extension 'colcon_meta'
[3.632s] Level 1:colcon.colcon_core.package_identification:_identify(src/drones_ROS2/sjtu_drone/sjtu_drone_bringup) by extensions ['ros']
[3.633s] Level 1:colcon.colcon_core.package_identification:_identify(src/drones_ROS2/sjtu_drone/sjtu_drone_bringup) by extension 'ros'
[3.643s] DEBUG:colcon.colcon_core.package_identification:Package 'src/drones_ROS2/sjtu_drone/sjtu_drone_bringup' with type 'ros.ament_python' and name 'sjtu_drone_bringup'
[3.643s] Level 1:colcon.colcon_core.package_identification:_identify(src/drones_ROS2/sjtu_drone/sjtu_drone_description) by extensions ['ignore', 'ignore_ament_install']
[3.643s] Level 1:colcon.colcon_core.package_identification:_identify(src/drones_ROS2/sjtu_drone/sjtu_drone_description) by extension 'ignore'
[3.643s] Level 1:colcon.colcon_core.package_identification:_identify(src/drones_ROS2/sjtu_drone/sjtu_drone_description) by extension 'ignore_ament_install'
[3.643s] Level 1:colcon.colcon_core.package_identification:_identify(src/drones_ROS2/sjtu_drone/sjtu_drone_description) by extensions ['colcon_pkg']
[3.643s] Level 1:colcon.colcon_core.package_identification:_identify(src/drones_ROS2/sjtu_drone/sjtu_drone_description) by extension 'colcon_pkg'
[3.644s] Level 1:colcon.colcon_core.package_identification:_identify(src/drones_ROS2/sjtu_drone/sjtu_drone_description) by extensions ['colcon_meta']
[3.644s] Level 1:colcon.colcon_core.package_identification:_identify(src/drones_ROS2/sjtu_drone/sjtu_drone_description) by extension 'colcon_meta'
[3.644s] Level 1:colcon.colcon_core.package_identification:_identify(src/drones_ROS2/sjtu_drone/sjtu_drone_description) by extensions ['ros']
[3.644s] Level 1:colcon.colcon_core.package_identification:_identify(src/drones_ROS2/sjtu_drone/sjtu_drone_description) by extension 'ros'
[3.646s] DEBUG:colcon.colcon_core.package_identification:Package 'src/drones_ROS2/sjtu_drone/sjtu_drone_description' with type 'ros.ament_cmake' and name 'sjtu_drone_description'
[3.646s] Level 1:colcon.colcon_core.package_discovery:discover_packages(recursive) using defaults
[3.646s] Level 1:colcon.colcon_core.package_discovery:discover_packages(ignore) discover
[3.646s] Level 1:colcon.colcon_core.package_discovery:discover_packages(ignore) using defaults
[3.646s] Level 1:colcon.colcon_core.package_discovery:discover_packages(path) discover
[3.646s] Level 1:colcon.colcon_core.package_discovery:discover_packages(path) using defaults
[3.830s] Level 1:colcon.colcon_core.package_discovery:discover_packages(prefix_path) check parameters
[3.830s] Level 1:colcon.colcon_core.package_discovery:discover_packages(prefix_path) discover
[3.835s] DEBUG:colcon.colcon_installed_package_information.package_discovery:Found 6 installed packages in /home/jagadeesh/ros2_ws/install
[3.838s] DEBUG:colcon.colcon_installed_package_information.package_discovery:Found 283 installed packages in /opt/ros/humble
[3.841s] Level 1:colcon.colcon_core.package_discovery:discover_packages(prefix_path) using defaults
[3.924s] Level 5:colcon.colcon_core.verb:set package 'drive_drone' build argument 'cmake_args' from command line to 'None'
[3.924s] Level 5:colcon.colcon_core.verb:set package 'drive_drone' build argument 'cmake_target' from command line to 'None'
[3.924s] Level 5:colcon.colcon_core.verb:set package 'drive_drone' build argument 'cmake_target_skip_unavailable' from command line to 'False'
[3.924s] Level 5:colcon.colcon_core.verb:set package 'drive_drone' build argument 'cmake_clean_cache' from command line to 'False'
[3.924s] Level 5:colcon.colcon_core.verb:set package 'drive_drone' build argument 'cmake_clean_first' from command line to 'False'
[3.924s] Level 5:colcon.colcon_core.verb:set package 'drive_drone' build argument 'cmake_force_configure' from command line to 'False'
[3.924s] Level 5:colcon.colcon_core.verb:set package 'drive_drone' build argument 'ament_cmake_args' from command line to 'None'
[3.924s] Level 5:colcon.colcon_core.verb:set package 'drive_drone' build argument 'catkin_cmake_args' from command line to 'None'
[3.924s] Level 5:colcon.colcon_core.verb:set package 'drive_drone' build argument 'catkin_skip_building_tests' from command line to 'False'
[3.924s] DEBUG:colcon.colcon_core.verb:Building package 'drive_drone' with the following arguments: {'ament_cmake_args': None, 'build_base': '/home/jagadeesh/ros2_ws/build/drive_drone', 'catkin_cmake_args': None, 'catkin_skip_building_tests': False, 'cmake_args': None, 'cmake_clean_cache': False, 'cmake_clean_first': False, 'cmake_force_configure': False, 'cmake_target': None, 'cmake_target_skip_unavailable': False, 'install_base': '/home/jagadeesh/ros2_ws/install/drive_drone', 'merge_install': False, 'path': '/home/jagadeesh/ros2_ws/src/drones_ROS2/drive_drone', 'symlink_install': False, 'test_result_base': None}
[3.924s] Level 5:colcon.colcon_core.verb:set package 'drone_controller' build argument 'cmake_args' from command line to 'None'
[3.924s] Level 5:colcon.colcon_core.verb:set package 'drone_controller' build argument 'cmake_target' from command line to 'None'
[3.924s] Level 5:colcon.colcon_core.verb:set package 'drone_controller' build argument 'cmake_target_skip_unavailable' from command line to 'False'
[3.924s] Level 5:colcon.colcon_core.verb:set package 'drone_controller' build argument 'cmake_clean_cache' from command line to 'False'
[3.924s] Level 5:colcon.colcon_core.verb:set package 'drone_controller' build argument 'cmake_clean_first' from command line to 'False'
[3.924s] Level 5:colcon.colcon_core.verb:set package 'drone_controller' build argument 'cmake_force_configure' from command line to 'False'
[3.924s] Level 5:colcon.colcon_core.verb:set package 'drone_controller' build argument 'ament_cmake_args' from command line to 'None'
[3.924s] Level 5:colcon.colcon_core.verb:set package 'drone_controller' build argument 'catkin_cmake_args' from command line to 'None'
[3.924s] Level 5:colcon.colcon_core.verb:set package 'drone_controller' build argument 'catkin_skip_building_tests' from command line to 'False'
[3.924s] DEBUG:colcon.colcon_core.verb:Building package 'drone_controller' with the following arguments: {'ament_cmake_args': None, 'build_base': '/home/jagadeesh/ros2_ws/build/drone_controller', 'catkin_cmake_args': None, 'catkin_skip_building_tests': False, 'cmake_args': None, 'cmake_clean_cache': False, 'cmake_clean_first': False, 'cmake_force_configure': False, 'cmake_target': None, 'cmake_target_skip_unavailable': False, 'install_base': '/home/jagadeesh/ros2_ws/install/drone_controller', 'merge_install': False, 'path': '/home/jagadeesh/ros2_ws/src/drones_ROS2/drone_controller', 'symlink_install': False, 'test_result_base': None}
[3.924s] Level 5:colcon.colcon_core.verb:set package 'minimal_diff_drive_robot' build argument 'cmake_args' from command line to 'None'
[3.924s] Level 5:colcon.colcon_core.verb:set package 'minimal_diff_drive_robot' build argument 'cmake_target' from command line to 'None'
[3.924s] Level 5:colcon.colcon_core.verb:set package 'minimal_diff_drive_robot' build argument 'cmake_target_skip_unavailable' from command line to 'False'
[3.924s] Level 5:colcon.colcon_core.verb:set package 'minimal_diff_drive_robot' build argument 'cmake_clean_cache' from command line to 'False'
[3.924s] Level 5:colcon.colcon_core.verb:set package 'minimal_diff_drive_robot' build argument 'cmake_clean_first' from command line to 'False'
[3.924s] Level 5:colcon.colcon_core.verb:set package 'minimal_diff_drive_robot' build argument 'cmake_force_configure' from command line to 'False'
[3.924s] Level 5:colcon.colcon_core.verb:set package 'minimal_diff_drive_robot' build argument 'ament_cmake_args' from command line to 'None'
[3.924s] Level 5:colcon.colcon_core.verb:set package 'minimal_diff_drive_robot' build argument 'catkin_cmake_args' from command line to 'None'
[3.924s] Level 5:colcon.colcon_core.verb:set package 'minimal_diff_drive_robot' build argument 'catkin_skip_building_tests' from command line to 'False'
[3.924s] DEBUG:colcon.colcon_core.verb:Building package 'minimal_diff_drive_robot' with the following arguments: {'ament_cmake_args': None, 'build_base': '/home/jagadeesh/ros2_ws/build/minimal_diff_drive_robot', 'catkin_cmake_args': None, 'catkin_skip_building_tests': False, 'cmake_args': None, 'cmake_clean_cache': False, 'cmake_clean_first': False, 'cmake_force_configure': False, 'cmake_target': None, 'cmake_target_skip_unavailable': False, 'install_base': '/home/jagadeesh/ros2_ws/install/minimal_diff_drive_robot', 'merge_install': False, 'path': '/home/jagadeesh/ros2_ws/src/drones_ROS2/minimal_diff_drive_robot', 'symlink_install': False, 'test_result_base': None}
[3.924s] Level 5:colcon.colcon_core.verb:set package 'sjtu_drone_bringup' build argument 'cmake_args' from command line to 'None'
[3.924s] Level 5:colcon.colcon_core.verb:set package 'sjtu_drone_bringup' build argument 'cmake_target' from command line to 'None'
[3.925s] Level 5:colcon.colcon_core.verb:set package 'sjtu_drone_bringup' build argument 'cmake_target_skip_unavailable' from command line to 'False'
[3.925s] Level 5:colcon.colcon_core.verb:set package 'sjtu_drone_bringup' build argument 'cmake_clean_cache' from command line to 'False'
[3.925s] Level 5:colcon.colcon_core.verb:set package 'sjtu_drone_bringup' build argument 'cmake_clean_first' from command line to 'False'
[3.925s] Level 5:colcon.colcon_core.verb:set package 'sjtu_drone_bringup' build argument 'cmake_force_configure' from command line to 'False'
[3.925s] Level 5:colcon.colcon_core.verb:set package 'sjtu_drone_bringup' build argument 'ament_cmake_args' from command line to 'None'
[3.925s] Level 5:colcon.colcon_core.verb:set package 'sjtu_drone_bringup' build argument 'catkin_cmake_args' from command line to 'None'
[3.925s] Level 5:colcon.colcon_core.verb:set package 'sjtu_drone_bringup' build argument 'catkin_skip_building_tests' from command line to 'False'
[3.925s] DEBUG:colcon.colcon_core.verb:Building package 'sjtu_drone_bringup' with the following arguments: {'ament_cmake_args': None, 'build_base': '/home/jagadeesh/ros2_ws/build/sjtu_drone_bringup', 'catkin_cmake_args': None, 'catkin_skip_building_tests': False, 'cmake_args': None, 'cmake_clean_cache': False, 'cmake_clean_first': False, 'cmake_force_configure': False, 'cmake_target': None, 'cmake_target_skip_unavailable': False, 'install_base': '/home/jagadeesh/ros2_ws/install/sjtu_drone_bringup', 'merge_install': False, 'path': '/home/jagadeesh/ros2_ws/src/drones_ROS2/sjtu_drone/sjtu_drone_bringup', 'symlink_install': False, 'test_result_base': None}
[3.925s] Level 5:colcon.colcon_core.verb:set package 'sjtu_drone_description' build argument 'cmake_args' from command line to 'None'
[3.925s] Level 5:colcon.colcon_core.verb:set package 'sjtu_drone_description' build argument 'cmake_target' from command line to 'None'
[3.925s] Level 5:colcon.colcon_core.verb:set package 'sjtu_drone_description' build argument 'cmake_target_skip_unavailable' from command line to 'False'
[3.925s] Level 5:colcon.colcon_core.verb:set package 'sjtu_drone_description' build argument 'cmake_clean_cache' from command line to 'False'
[3.925s] Level 5:colcon.colcon_core.verb:set package 'sjtu_drone_description' build argument 'cmake_clean_first' from command line to 'False'
[3.925s] Level 5:colcon.colcon_core.verb:set package 'sjtu_drone_description' build argument 'cmake_force_configure' from command line to 'False'
[3.925s] Level 5:colcon.colcon_core.verb:set package 'sjtu_drone_description' build argument 'ament_cmake_args' from command line to 'None'
[3.925s] Level 5:colcon.colcon_core.verb:set package 'sjtu_drone_description' build argument 'catkin_cmake_args' from command line to 'None'
[3.925s] Level 5:colcon.colcon_core.verb:set package 'sjtu_drone_description' build argument 'catkin_skip_building_tests' from command line to 'False'
[3.925s] DEBUG:colcon.colcon_core.verb:Building package 'sjtu_drone_description' with the following arguments: {'ament_cmake_args': None, 'build_base': '/home/jagadeesh/ros2_ws/build/sjtu_drone_description', 'catkin_cmake_args': None, 'catkin_skip_building_tests': False, 'cmake_args': None, 'cmake_clean_cache': False, 'cmake_clean_first': False, 'cmake_force_configure': False, 'cmake_target': None, 'cmake_target_skip_unavailable': False, 'install_base': '/home/jagadeesh/ros2_ws/install/sjtu_drone_description', 'merge_install': False, 'path': '/home/jagadeesh/ros2_ws/src/drones_ROS2/sjtu_drone/sjtu_drone_description', 'symlink_install': False, 'test_result_base': None}
[3.925s] INFO:colcon.colcon_core.executor:Executing jobs using 'parallel' executor
[3.926s] DEBUG:colcon.colcon_parallel_executor.executor.parallel:run_until_complete
[3.926s] INFO:colcon.colcon_ros.task.ament_cmake.build:Building ROS package in '/home/jagadeesh/ros2_ws/src/drones_ROS2/drive_drone' with build type 'ament_cmake'
[3.926s] INFO:colcon.colcon_cmake.task.cmake.build:Building CMake package in '/home/jagadeesh/ros2_ws/src/drones_ROS2/drive_drone'
[3.951s] INFO:colcon.colcon_core.plugin_system:Skipping extension 'colcon_core.shell.bat': Not used on non-Windows systems
[3.951s] INFO:colcon.colcon_core.shell:Skip shell extension 'powershell' for command environment: Not usable outside of PowerShell
[3.951s] DEBUG:colcon.colcon_core.shell:Skip shell extension 'dsv' for command environment
[3.979s] INFO:colcon.colcon_ros.task.ament_python.build:Building ROS package in '/home/jagadeesh/ros2_ws/src/drones_ROS2/drone_controller' with build type 'ament_python'
[3.979s] Level 1:colcon.colcon_core.shell:create_environment_hook('drone_controller', 'ament_prefix_path')
[3.980s] INFO:colcon.colcon_core.shell:Creating environment hook '/home/jagadeesh/ros2_ws/install/drone_controller/share/drone_controller/hook/ament_prefix_path.ps1'
[3.981s] INFO:colcon.colcon_core.shell:Creating environment descriptor '/home/jagadeesh/ros2_ws/install/drone_controller/share/drone_controller/hook/ament_prefix_path.dsv'
[3.982s] INFO:colcon.colcon_core.shell:Creating environment hook '/home/jagadeesh/ros2_ws/install/drone_controller/share/drone_controller/hook/ament_prefix_path.sh'
[3.983s] INFO:colcon.colcon_core.shell:Skip shell extension 'powershell' for command environment: Not usable outside of PowerShell
[3.983s] DEBUG:colcon.colcon_core.shell:Skip shell extension 'dsv' for command environment
[3.989s] INFO:colcon.colcon_ros.task.ament_cmake.build:Building ROS package in '/home/jagadeesh/ros2_ws/src/drones_ROS2/minimal_diff_drive_robot' with build type 'ament_cmake'
[3.989s] INFO:colcon.colcon_cmake.task.cmake.build:Building CMake package in '/home/jagadeesh/ros2_ws/src/drones_ROS2/minimal_diff_drive_robot'
[3.989s] INFO:colcon.colcon_core.shell:Skip shell extension 'powershell' for command environment: Not usable outside of PowerShell
[3.989s] DEBUG:colcon.colcon_core.shell:Skip shell extension 'dsv' for command environment
[3.992s] INFO:colcon.colcon_ros.task.ament_python.build:Building ROS package in '/home/jagadeesh/ros2_ws/src/drones_ROS2/sjtu_drone/sjtu_drone_bringup' with build type 'ament_python'
[3.992s] Level 1:colcon.colcon_core.shell:create_environment_hook('sjtu_drone_bringup', 'ament_prefix_path')
[3.992s] INFO:colcon.colcon_core.shell:Creating environment hook '/home/jagadeesh/ros2_ws/install/sjtu_drone_bringup/share/sjtu_drone_bringup/hook/ament_prefix_path.ps1'
[3.993s] INFO:colcon.colcon_core.shell:Creating environment descriptor '/home/jagadeesh/ros2_ws/install/sjtu_drone_bringup/share/sjtu_drone_bringup/hook/ament_prefix_path.dsv'
[3.993s] INFO:colcon.colcon_core.shell:Creating environment hook '/home/jagadeesh/ros2_ws/install/sjtu_drone_bringup/share/sjtu_drone_bringup/hook/ament_prefix_path.sh'
[3.993s] INFO:colcon.colcon_core.shell:Skip shell extension 'powershell' for command environment: Not usable outside of PowerShell
[3.993s] DEBUG:colcon.colcon_core.shell:Skip shell extension 'dsv' for command environment
[3.996s] INFO:colcon.colcon_ros.task.ament_cmake.build:Building ROS package in '/home/jagadeesh/ros2_ws/src/drones_ROS2/sjtu_drone/sjtu_drone_description' with build type 'ament_cmake'
[3.996s] INFO:colcon.colcon_cmake.task.cmake.build:Building CMake package in '/home/jagadeesh/ros2_ws/src/drones_ROS2/sjtu_drone/sjtu_drone_description'
[3.996s] INFO:colcon.colcon_core.shell:Skip shell extension 'powershell' for command environment: Not usable outside of PowerShell
[3.996s] DEBUG:colcon.colcon_core.shell:Skip shell extension 'dsv' for command environment
[4.041s] DEBUG:colcon.colcon_core.event_handler.log_command:Invoking command in '/home/jagadeesh/ros2_ws/build/drive_drone': CMAKE_PREFIX_PATH=${CMAKE_PREFIX_PATH}:/home/jagadeesh/ros2_ws/install/sjtu_drone_bringup:/home/jagadeesh/ros2_ws/install/ibvs:/home/jagadeesh/ros2_ws/install/drone_controller:/opt/ros/humble /usr/bin/cmake --build /home/jagadeesh/ros2_ws/build/drive_drone -- -j20 -l20
[4.275s] INFO:colcon.colcon_core.task.python.build:Building Python package in '/home/jagadeesh/ros2_ws/src/drones_ROS2/drone_controller'
[4.275s] INFO:colcon.colcon_core.shell:Skip shell extension 'powershell' for command environment: Not usable outside of PowerShell
[4.275s] DEBUG:colcon.colcon_core.shell:Skip shell extension 'dsv' for command environment
[4.305s] DEBUG:colcon.colcon_core.event_handler.log_command:Invoking command in '/home/jagadeesh/ros2_ws/build/minimal_diff_drive_robot': CMAKE_PREFIX_PATH=${CMAKE_PREFIX_PATH}:/home/jagadeesh/ros2_ws/install/sjtu_drone_bringup:/home/jagadeesh/ros2_ws/install/ibvs:/home/jagadeesh/ros2_ws/install/drone_controller:/opt/ros/humble /usr/bin/cmake --build /home/jagadeesh/ros2_ws/build/minimal_diff_drive_robot -- -j20 -l20
[4.440s] INFO:colcon.colcon_core.task.python.build:Building Python package in '/home/jagadeesh/ros2_ws/src/drones_ROS2/sjtu_drone/sjtu_drone_bringup'
[4.441s] INFO:colcon.colcon_core.shell:Skip shell extension 'powershell' for command environment: Not usable outside of PowerShell
[4.441s] DEBUG:colcon.colcon_core.shell:Skip shell extension 'dsv' for command environment
[4.468s] DEBUG:colcon.colcon_core.event_handler.log_command:Invoking command in '/home/jagadeesh/ros2_ws/build/sjtu_drone_description': CMAKE_PREFIX_PATH=${CMAKE_PREFIX_PATH}:/home/jagadeesh/ros2_ws/install/sjtu_drone_bringup:/home/jagadeesh/ros2_ws/install/ibvs:/home/jagadeesh/ros2_ws/install/drone_controller:/opt/ros/humble /usr/bin/cmake --build /home/jagadeesh/ros2_ws/build/sjtu_drone_description -- -j20 -l20
[4.694s] DEBUG:colcon.colcon_core.event_handler.log_command:Invoked command in '/home/jagadeesh/ros2_ws/build/minimal_diff_drive_robot' returned '0': CMAKE_PREFIX_PATH=${CMAKE_PREFIX_PATH}:/home/jagadeesh/ros2_ws/install/sjtu_drone_bringup:/home/jagadeesh/ros2_ws/install/ibvs:/home/jagadeesh/ros2_ws/install/drone_controller:/opt/ros/humble /usr/bin/cmake --build /home/jagadeesh/ros2_ws/build/minimal_diff_drive_robot -- -j20 -l20
[4.712s] DEBUG:colcon.colcon_core.event_handler.log_command:Invoking command in '/home/jagadeesh/ros2_ws/build/minimal_diff_drive_robot': CMAKE_PREFIX_PATH=${CMAKE_PREFIX_PATH}:/home/jagadeesh/ros2_ws/install/sjtu_drone_bringup:/home/jagadeesh/ros2_ws/install/ibvs:/home/jagadeesh/ros2_ws/install/drone_controller:/opt/ros/humble /usr/bin/cmake --install /home/jagadeesh/ros2_ws/build/minimal_diff_drive_robot
[4.832s] Level 1:colcon.colcon_core.environment:create_environment_scripts_only(minimal_diff_drive_robot)
[4.833s] DEBUG:colcon.colcon_core.event_handler.log_command:Invoked command in '/home/jagadeesh/ros2_ws/build/minimal_diff_drive_robot' returned '0': CMAKE_PREFIX_PATH=${CMAKE_PREFIX_PATH}:/home/jagadeesh/ros2_ws/install/sjtu_drone_bringup:/home/jagadeesh/ros2_ws/install/ibvs:/home/jagadeesh/ros2_ws/install/drone_controller:/opt/ros/humble /usr/bin/cmake --install /home/jagadeesh/ros2_ws/build/minimal_diff_drive_robot
[5.112s] Level 1:colcon.colcon_core.environment:checking '/home/jagadeesh/ros2_ws/install/minimal_diff_drive_robot' for CMake module files
[5.113s] Level 1:colcon.colcon_core.environment:checking '/home/jagadeesh/ros2_ws/install/minimal_diff_drive_robot' for CMake config files
[5.113s] Level 1:colcon.colcon_core.shell:create_environment_hook('minimal_diff_drive_robot', 'cmake_prefix_path')
[5.113s] INFO:colcon.colcon_core.shell:Creating environment hook '/home/jagadeesh/ros2_ws/install/minimal_diff_drive_robot/share/minimal_diff_drive_robot/hook/cmake_prefix_path.ps1'
[5.113s] INFO:colcon.colcon_core.shell:Creating environment descriptor '/home/jagadeesh/ros2_ws/install/minimal_diff_drive_robot/share/minimal_diff_drive_robot/hook/cmake_prefix_path.dsv'
[5.114s] INFO:colcon.colcon_core.shell:Creating environment hook '/home/jagadeesh/ros2_ws/install/minimal_diff_drive_robot/share/minimal_diff_drive_robot/hook/cmake_prefix_path.sh'
[5.114s] Level 1:colcon.colcon_core.environment:checking '/home/jagadeesh/ros2_ws/install/minimal_diff_drive_robot/bin'
[5.114s] Level 1:colcon.colcon_core.environment:checking '/home/jagadeesh/ros2_ws/install/minimal_diff_drive_robot/lib/pkgconfig/minimal_diff_drive_robot.pc'
[5.114s] Level 1:colcon.colcon_core.environment:checking '/home/jagadeesh/ros2_ws/install/minimal_diff_drive_robot/lib/python3.10/site-packages'
[5.114s] Level 1:colcon.colcon_core.environment:checking '/home/jagadeesh/ros2_ws/install/minimal_diff_drive_robot/bin'
[5.115s] INFO:colcon.colcon_core.shell:Creating package script '/home/jagadeesh/ros2_ws/install/minimal_diff_drive_robot/share/minimal_diff_drive_robot/package.ps1'
[5.119s] INFO:colcon.colcon_core.shell:Creating package descriptor '/home/jagadeesh/ros2_ws/install/minimal_diff_drive_robot/share/minimal_diff_drive_robot/package.dsv'
[5.145s] INFO:colcon.colcon_core.shell:Creating package script '/home/jagadeesh/ros2_ws/install/minimal_diff_drive_robot/share/minimal_diff_drive_robot/package.sh'
[5.148s] INFO:colcon.colcon_core.shell:Creating package script '/home/jagadeesh/ros2_ws/install/minimal_diff_drive_robot/share/minimal_diff_drive_robot/package.bash'
[5.168s] INFO:colcon.colcon_core.shell:Creating package script '/home/jagadeesh/ros2_ws/install/minimal_diff_drive_robot/share/minimal_diff_drive_robot/package.zsh'
[5.209s] Level 1:colcon.colcon_core.environment:create_file_with_runtime_dependencies(/home/jagadeesh/ros2_ws/install/minimal_diff_drive_robot/share/colcon-core/packages/minimal_diff_drive_robot)
[5.245s] Level 1:colcon.colcon_core.environment:create_environment_scripts_only(minimal_diff_drive_robot)
[5.245s] Level 1:colcon.colcon_core.environment:checking '/home/jagadeesh/ros2_ws/install/minimal_diff_drive_robot' for CMake module files
[5.246s] Level 1:colcon.colcon_core.environment:checking '/home/jagadeesh/ros2_ws/install/minimal_diff_drive_robot' for CMake config files
[5.246s] Level 1:colcon.colcon_core.shell:create_environment_hook('minimal_diff_drive_robot', 'cmake_prefix_path')
[5.247s] INFO:colcon.colcon_core.shell:Creating environment hook '/home/jagadeesh/ros2_ws/install/minimal_diff_drive_robot/share/minimal_diff_drive_robot/hook/cmake_prefix_path.ps1'
[5.247s] INFO:colcon.colcon_core.shell:Creating environment descriptor '/home/jagadeesh/ros2_ws/install/minimal_diff_drive_robot/share/minimal_diff_drive_robot/hook/cmake_prefix_path.dsv'
[5.248s] INFO:colcon.colcon_core.shell:Creating environment hook '/home/jagadeesh/ros2_ws/install/minimal_diff_drive_robot/share/minimal_diff_drive_robot/hook/cmake_prefix_path.sh'
[5.249s] Level 1:colcon.colcon_core.environment:checking '/home/jagadeesh/ros2_ws/install/minimal_diff_drive_robot/bin'
[5.249s] Level 1:colcon.colcon_core.environment:checking '/home/jagadeesh/ros2_ws/install/minimal_diff_drive_robot/lib/pkgconfig/minimal_diff_drive_robot.pc'
[5.249s] Level 1:colcon.colcon_core.environment:checking '/home/jagadeesh/ros2_ws/install/minimal_diff_drive_robot/lib/python3.10/site-packages'
[5.250s] Level 1:colcon.colcon_core.environment:checking '/home/jagadeesh/ros2_ws/install/minimal_diff_drive_robot/bin'
[5.251s] INFO:colcon.colcon_core.shell:Creating package script '/home/jagadeesh/ros2_ws/install/minimal_diff_drive_robot/share/minimal_diff_drive_robot/package.ps1'
[5.252s] INFO:colcon.colcon_core.shell:Creating package descriptor '/home/jagadeesh/ros2_ws/install/minimal_diff_drive_robot/share/minimal_diff_drive_robot/package.dsv'
[5.253s] INFO:colcon.colcon_core.shell:Creating package script '/home/jagadeesh/ros2_ws/install/minimal_diff_drive_robot/share/minimal_diff_drive_robot/package.sh'
[5.254s] INFO:colcon.colcon_core.shell:Creating package script '/home/jagadeesh/ros2_ws/install/minimal_diff_drive_robot/share/minimal_diff_drive_robot/package.bash'
[5.255s] INFO:colcon.colcon_core.shell:Creating package script '/home/jagadeesh/ros2_ws/install/minimal_diff_drive_robot/share/minimal_diff_drive_robot/package.zsh'
[5.256s] Level 1:colcon.colcon_core.environment:create_file_with_runtime_dependencies(/home/jagadeesh/ros2_ws/install/minimal_diff_drive_robot/share/colcon-core/packages/minimal_diff_drive_robot)
[5.441s] DEBUG:colcon.colcon_core.event_handler.log_command:Invoked command in '/home/jagadeesh/ros2_ws/build/drive_drone' returned '0': CMAKE_PREFIX_PATH=${CMAKE_PREFIX_PATH}:/home/jagadeesh/ros2_ws/install/sjtu_drone_bringup:/home/jagadeesh/ros2_ws/install/ibvs:/home/jagadeesh/ros2_ws/install/drone_controller:/opt/ros/humble /usr/bin/cmake --build /home/jagadeesh/ros2_ws/build/drive_drone -- -j20 -l20
[5.458s] DEBUG:colcon.colcon_core.event_handler.log_command:Invoking command in '/home/jagadeesh/ros2_ws/build/drive_drone': CMAKE_PREFIX_PATH=${CMAKE_PREFIX_PATH}:/home/jagadeesh/ros2_ws/install/sjtu_drone_bringup:/home/jagadeesh/ros2_ws/install/ibvs:/home/jagadeesh/ros2_ws/install/drone_controller:/opt/ros/humble /usr/bin/cmake --install /home/jagadeesh/ros2_ws/build/drive_drone
[5.648s] Level 1:colcon.colcon_core.environment:create_environment_scripts_only(drive_drone)
[5.649s] Level 1:colcon.colcon_core.environment:checking '/home/jagadeesh/ros2_ws/install/drive_drone' for CMake module files
[5.650s] DEBUG:colcon.colcon_core.event_handler.log_command:Invoked command in '/home/jagadeesh/ros2_ws/build/drive_drone' returned '0': CMAKE_PREFIX_PATH=${CMAKE_PREFIX_PATH}:/home/jagadeesh/ros2_ws/install/sjtu_drone_bringup:/home/jagadeesh/ros2_ws/install/ibvs:/home/jagadeesh/ros2_ws/install/drone_controller:/opt/ros/humble /usr/bin/cmake --install /home/jagadeesh/ros2_ws/build/drive_drone
[5.651s] Level 1:colcon.colcon_core.environment:checking '/home/jagadeesh/ros2_ws/install/drive_drone' for CMake config files
[5.651s] Level 1:colcon.colcon_core.shell:create_environment_hook('drive_drone', 'cmake_prefix_path')
[5.651s] INFO:colcon.colcon_core.shell:Creating environment hook '/home/jagadeesh/ros2_ws/install/drive_drone/share/drive_drone/hook/cmake_prefix_path.ps1'
[5.652s] INFO:colcon.colcon_core.shell:Creating environment descriptor '/home/jagadeesh/ros2_ws/install/drive_drone/share/drive_drone/hook/cmake_prefix_path.dsv'
[5.653s] INFO:colcon.colcon_core.shell:Creating environment hook '/home/jagadeesh/ros2_ws/install/drive_drone/share/drive_drone/hook/cmake_prefix_path.sh'
[5.654s] Level 1:colcon.colcon_core.environment:checking '/home/jagadeesh/ros2_ws/install/drive_drone/lib'
[5.654s] Level 1:colcon.colcon_core.environment:checking '/home/jagadeesh/ros2_ws/install/drive_drone/bin'
[5.655s] Level 1:colcon.colcon_core.environment:checking '/home/jagadeesh/ros2_ws/install/drive_drone/lib/pkgconfig/drive_drone.pc'
[5.655s] Level 1:colcon.colcon_core.environment:checking '/home/jagadeesh/ros2_ws/install/drive_drone/lib/python3.10/site-packages'
[5.656s] Level 1:colcon.colcon_core.environment:checking '/home/jagadeesh/ros2_ws/install/drive_drone/bin'
[5.656s] INFO:colcon.colcon_core.shell:Creating package script '/home/jagadeesh/ros2_ws/install/drive_drone/share/drive_drone/package.ps1'
[5.657s] INFO:colcon.colcon_core.shell:Creating package descriptor '/home/jagadeesh/ros2_ws/install/drive_drone/share/drive_drone/package.dsv'
[5.657s] INFO:colcon.colcon_core.shell:Creating package script '/home/jagadeesh/ros2_ws/install/drive_drone/share/drive_drone/package.sh'
[5.658s] INFO:colcon.colcon_core.shell:Creating package script '/home/jagadeesh/ros2_ws/install/drive_drone/share/drive_drone/package.bash'
[5.658s] INFO:colcon.colcon_core.shell:Creating package script '/home/jagadeesh/ros2_ws/install/drive_drone/share/drive_drone/package.zsh'
[5.659s] Level 1:colcon.colcon_core.environment:create_file_with_runtime_dependencies(/home/jagadeesh/ros2_ws/install/drive_drone/share/colcon-core/packages/drive_drone)
[5.709s] Level 1:colcon.colcon_core.environment:create_environment_scripts_only(drive_drone)
[5.710s] Level 1:colcon.colcon_core.environment:checking '/home/jagadeesh/ros2_ws/install/drive_drone' for CMake module files
[5.711s] Level 1:colcon.colcon_core.environment:checking '/home/jagadeesh/ros2_ws/install/drive_drone' for CMake config files
[5.712s] Level 1:colcon.colcon_core.shell:create_environment_hook('drive_drone', 'cmake_prefix_path')
[5.712s] INFO:colcon.colcon_core.shell:Creating environment hook '/home/jagadeesh/ros2_ws/install/drive_drone/share/drive_drone/hook/cmake_prefix_path.ps1'
[5.713s] INFO:colcon.colcon_core.shell:Creating environment descriptor '/home/jagadeesh/ros2_ws/install/drive_drone/share/drive_drone/hook/cmake_prefix_path.dsv'
[5.713s] INFO:colcon.colcon_core.shell:Creating environment hook '/home/jagadeesh/ros2_ws/install/drive_drone/share/drive_drone/hook/cmake_prefix_path.sh'
[5.714s] Level 1:colcon.colcon_core.environment:checking '/home/jagadeesh/ros2_ws/install/drive_drone/lib'
[5.714s] Level 1:colcon.colcon_core.environment:checking '/home/jagadeesh/ros2_ws/install/drive_drone/bin'
[5.714s] Level 1:colcon.colcon_core.environment:checking '/home/jagadeesh/ros2_ws/install/drive_drone/lib/pkgconfig/drive_drone.pc'
[5.714s] Level 1:colcon.colcon_core.environment:checking '/home/jagadeesh/ros2_ws/install/drive_drone/lib/python3.10/site-packages'
[5.715s] Level 1:colcon.colcon_core.environment:checking '/home/jagadeesh/ros2_ws/install/drive_drone/bin'
[5.715s] INFO:colcon.colcon_core.shell:Creating package script '/home/jagadeesh/ros2_ws/install/drive_drone/share/drive_drone/package.ps1'
[5.716s] INFO:colcon.colcon_core.shell:Creating package descriptor '/home/jagadeesh/ros2_ws/install/drive_drone/share/drive_drone/package.dsv'
[5.716s] INFO:colcon.colcon_core.shell:Creating package script '/home/jagadeesh/ros2_ws/install/drive_drone/share/drive_drone/package.sh'
[5.717s] INFO:colcon.colcon_core.shell:Creating package script '/home/jagadeesh/ros2_ws/install/drive_drone/share/drive_drone/package.bash'
[5.717s] INFO:colcon.colcon_core.shell:Creating package script '/home/jagadeesh/ros2_ws/install/drive_drone/share/drive_drone/package.zsh'
[5.717s] Level 1:colcon.colcon_core.environment:create_file_with_runtime_dependencies(/home/jagadeesh/ros2_ws/install/drive_drone/share/colcon-core/packages/drive_drone)
[5.923s] DEBUG:colcon.colcon_core.event_handler.log_command:Invoking command in '/home/jagadeesh/ros2_ws/src/drones_ROS2/drone_controller': PYTHONPATH=/home/jagadeesh/ros2_ws/build/drone_controller/prefix_override:/home/jagadeesh/ros2_ws/install/drone_controller/lib/python3.10/site-packages:${PYTHONPATH} /usr/bin/python3 -W ignore:setup.py install is deprecated setup.py egg_info --egg-base ../../../build/drone_controller build --build-base /home/jagadeesh/ros2_ws/build/drone_controller/build install --record /home/jagadeesh/ros2_ws/build/drone_controller/install.log --single-version-externally-managed install_data
[5.925s] DEBUG:colcon.colcon_core.event_handler.log_command:Invoking command in '/home/jagadeesh/ros2_ws/src/drones_ROS2/sjtu_drone/sjtu_drone_bringup': PYTHONPATH=/home/jagadeesh/ros2_ws/build/sjtu_drone_bringup/prefix_override:/home/jagadeesh/ros2_ws/install/sjtu_drone_bringup/lib/python3.10/site-packages:${PYTHONPATH} /usr/bin/python3 -W ignore:setup.py install is deprecated setup.py egg_info --egg-base ../../../../build/sjtu_drone_bringup build --build-base /home/jagadeesh/ros2_ws/build/sjtu_drone_bringup/build install --record /home/jagadeesh/ros2_ws/build/sjtu_drone_bringup/install.log --single-version-externally-managed install_data
[6.160s] DEBUG:colcon.colcon_core.event_handler.log_command:Invoked command in '/home/jagadeesh/ros2_ws/build/sjtu_drone_description' returned '0': CMAKE_PREFIX_PATH=${CMAKE_PREFIX_PATH}:/home/jagadeesh/ros2_ws/install/sjtu_drone_bringup:/home/jagadeesh/ros2_ws/install/ibvs:/home/jagadeesh/ros2_ws/install/drone_controller:/opt/ros/humble /usr/bin/cmake --build /home/jagadeesh/ros2_ws/build/sjtu_drone_description -- -j20 -l20
[6.177s] Level 1:colcon.colcon_core.environment:checking '/home/jagadeesh/ros2_ws/install/sjtu_drone_bringup' for CMake module files
[6.177s] DEBUG:colcon.colcon_core.event_handler.log_command:Invoked command in '/home/jagadeesh/ros2_ws/src/drones_ROS2/sjtu_drone/sjtu_drone_bringup' returned '0': PYTHONPATH=/home/jagadeesh/ros2_ws/build/sjtu_drone_bringup/prefix_override:/home/jagadeesh/ros2_ws/install/sjtu_drone_bringup/lib/python3.10/site-packages:${PYTHONPATH} /usr/bin/python3 -W ignore:setup.py install is deprecated setup.py egg_info --egg-base ../../../../build/sjtu_drone_bringup build --build-base /home/jagadeesh/ros2_ws/build/sjtu_drone_bringup/build install --record /home/jagadeesh/ros2_ws/build/sjtu_drone_bringup/install.log --single-version-externally-managed install_data
[6.177s] Level 1:colcon.colcon_core.environment:checking '/home/jagadeesh/ros2_ws/install/sjtu_drone_bringup' for CMake config files
[6.178s] Level 1:colcon.colcon_core.environment:checking '/home/jagadeesh/ros2_ws/install/sjtu_drone_bringup/lib'
[6.178s] Level 1:colcon.colcon_core.environment:checking '/home/jagadeesh/ros2_ws/install/sjtu_drone_bringup/bin'
[6.178s] Level 1:colcon.colcon_core.environment:checking '/home/jagadeesh/ros2_ws/install/sjtu_drone_bringup/lib/pkgconfig/sjtu_drone_bringup.pc'
[6.178s] Level 1:colcon.colcon_core.environment:checking '/home/jagadeesh/ros2_ws/install/sjtu_drone_bringup/lib/python3.10/site-packages'
[6.178s] Level 1:colcon.colcon_core.shell:create_environment_hook('sjtu_drone_bringup', 'pythonpath')
[6.178s] INFO:colcon.colcon_core.shell:Creating environment hook '/home/jagadeesh/ros2_ws/install/sjtu_drone_bringup/share/sjtu_drone_bringup/hook/pythonpath.ps1'
[6.178s] INFO:colcon.colcon_core.shell:Creating environment descriptor '/home/jagadeesh/ros2_ws/install/sjtu_drone_bringup/share/sjtu_drone_bringup/hook/pythonpath.dsv'
[6.178s] INFO:colcon.colcon_core.shell:Creating environment hook '/home/jagadeesh/ros2_ws/install/sjtu_drone_bringup/share/sjtu_drone_bringup/hook/pythonpath.sh'
[6.179s] Level 1:colcon.colcon_core.environment:checking '/home/jagadeesh/ros2_ws/install/sjtu_drone_bringup/bin'
[6.179s] Level 1:colcon.colcon_core.environment:create_environment_scripts_only(sjtu_drone_bringup)
[6.179s] INFO:colcon.colcon_core.shell:Creating package script '/home/jagadeesh/ros2_ws/install/sjtu_drone_bringup/share/sjtu_drone_bringup/package.ps1'
[6.179s] INFO:colcon.colcon_core.shell:Creating package descriptor '/home/jagadeesh/ros2_ws/install/sjtu_drone_bringup/share/sjtu_drone_bringup/package.dsv'
[6.179s] INFO:colcon.colcon_core.shell:Creating package script '/home/jagadeesh/ros2_ws/install/sjtu_drone_bringup/share/sjtu_drone_bringup/package.sh'
[6.180s] INFO:colcon.colcon_core.shell:Creating package script '/home/jagadeesh/ros2_ws/install/sjtu_drone_bringup/share/sjtu_drone_bringup/package.bash'
[6.180s] INFO:colcon.colcon_core.shell:Creating package script '/home/jagadeesh/ros2_ws/install/sjtu_drone_bringup/share/sjtu_drone_bringup/package.zsh'
[6.180s] Level 1:colcon.colcon_core.environment:create_file_with_runtime_dependencies(/home/jagadeesh/ros2_ws/install/sjtu_drone_bringup/share/colcon-core/packages/sjtu_drone_bringup)
[6.182s] DEBUG:colcon.colcon_core.event_handler.log_command:Invoking command in '/home/jagadeesh/ros2_ws/build/sjtu_drone_description': CMAKE_PREFIX_PATH=${CMAKE_PREFIX_PATH}:/home/jagadeesh/ros2_ws/install/sjtu_drone_bringup:/home/jagadeesh/ros2_ws/install/ibvs:/home/jagadeesh/ros2_ws/install/drone_controller:/opt/ros/humble /usr/bin/cmake --install /home/jagadeesh/ros2_ws/build/sjtu_drone_description
[6.185s] Level 1:colcon.colcon_core.environment:checking '/home/jagadeesh/ros2_ws/install/drone_controller' for CMake module files
[6.185s] DEBUG:colcon.colcon_core.event_handler.log_command:Invoked command in '/home/jagadeesh/ros2_ws/src/drones_ROS2/drone_controller' returned '0': PYTHONPATH=/home/jagadeesh/ros2_ws/build/drone_controller/prefix_override:/home/jagadeesh/ros2_ws/install/drone_controller/lib/python3.10/site-packages:${PYTHONPATH} /usr/bin/python3 -W ignore:setup.py install is deprecated setup.py egg_info --egg-base ../../../build/drone_controller build --build-base /home/jagadeesh/ros2_ws/build/drone_controller/build install --record /home/jagadeesh/ros2_ws/build/drone_controller/install.log --single-version-externally-managed install_data
[6.186s] Level 1:colcon.colcon_core.environment:checking '/home/jagadeesh/ros2_ws/install/drone_controller' for CMake config files
[6.186s] Level 1:colcon.colcon_core.environment:checking '/home/jagadeesh/ros2_ws/install/drone_controller/lib'
[6.186s] Level 1:colcon.colcon_core.environment:checking '/home/jagadeesh/ros2_ws/install/drone_controller/bin'
[6.186s] Level 1:colcon.colcon_core.environment:checking '/home/jagadeesh/ros2_ws/install/drone_controller/lib/pkgconfig/drone_controller.pc'
[6.186s] Level 1:colcon.colcon_core.environment:checking '/home/jagadeesh/ros2_ws/install/drone_controller/lib/python3.10/site-packages'
[6.186s] Level 1:colcon.colcon_core.shell:create_environment_hook('drone_controller', 'pythonpath')
[6.186s] INFO:colcon.colcon_core.shell:Creating environment hook '/home/jagadeesh/ros2_ws/install/drone_controller/share/drone_controller/hook/pythonpath.ps1'
[6.187s] INFO:colcon.colcon_core.shell:Creating environment descriptor '/home/jagadeesh/ros2_ws/install/drone_controller/share/drone_controller/hook/pythonpath.dsv'
[6.187s] INFO:colcon.colcon_core.shell:Creating environment hook '/home/jagadeesh/ros2_ws/install/drone_controller/share/drone_controller/hook/pythonpath.sh'
[6.187s] Level 1:colcon.colcon_core.environment:checking '/home/jagadeesh/ros2_ws/install/drone_controller/bin'
[6.187s] Level 1:colcon.colcon_core.environment:create_environment_scripts_only(drone_controller)
[6.187s] INFO:colcon.colcon_core.shell:Creating package script '/home/jagadeesh/ros2_ws/install/drone_controller/share/drone_controller/package.ps1'
[6.188s] INFO:colcon.colcon_core.shell:Creating package descriptor '/home/jagadeesh/ros2_ws/install/drone_controller/share/drone_controller/package.dsv'
[6.188s] INFO:colcon.colcon_core.shell:Creating package script '/home/jagadeesh/ros2_ws/install/drone_controller/share/drone_controller/package.sh'
[6.188s] INFO:colcon.colcon_core.shell:Creating package script '/home/jagadeesh/ros2_ws/install/drone_controller/share/drone_controller/package.bash'
[6.188s] INFO:colcon.colcon_core.shell:Creating package script '/home/jagadeesh/ros2_ws/install/drone_controller/share/drone_controller/package.zsh'
[6.188s] Level 1:colcon.colcon_core.environment:create_file_with_runtime_dependencies(/home/jagadeesh/ros2_ws/install/drone_controller/share/colcon-core/packages/drone_controller)
[6.248s] Level 1:colcon.colcon_core.environment:create_environment_scripts_only(sjtu_drone_description)
[6.248s] Level 1:colcon.colcon_core.environment:checking '/home/jagadeesh/ros2_ws/install/sjtu_drone_description' for CMake module files
[6.249s] DEBUG:colcon.colcon_core.event_handler.log_command:Invoked command in '/home/jagadeesh/ros2_ws/build/sjtu_drone_description' returned '0': CMAKE_PREFIX_PATH=${CMAKE_PREFIX_PATH}:/home/jagadeesh/ros2_ws/install/sjtu_drone_bringup:/home/jagadeesh/ros2_ws/install/ibvs:/home/jagadeesh/ros2_ws/install/drone_controller:/opt/ros/humble /usr/bin/cmake --install /home/jagadeesh/ros2_ws/build/sjtu_drone_description
[6.250s] Level 1:colcon.colcon_core.environment:checking '/home/jagadeesh/ros2_ws/install/sjtu_drone_description' for CMake config files
[6.251s] Level 1:colcon.colcon_core.shell:create_environment_hook('sjtu_drone_description', 'cmake_prefix_path')
[6.251s] INFO:colcon.colcon_core.shell:Creating environment hook '/home/jagadeesh/ros2_ws/install/sjtu_drone_description/share/sjtu_drone_description/hook/cmake_prefix_path.ps1'
[6.252s] INFO:colcon.colcon_core.shell:Creating environment descriptor '/home/jagadeesh/ros2_ws/install/sjtu_drone_description/share/sjtu_drone_description/hook/cmake_prefix_path.dsv'
[6.253s] INFO:colcon.colcon_core.shell:Creating environment hook '/home/jagadeesh/ros2_ws/install/sjtu_drone_description/share/sjtu_drone_description/hook/cmake_prefix_path.sh'
[6.254s] Level 1:colcon.colcon_core.environment:checking '/home/jagadeesh/ros2_ws/install/sjtu_drone_description/lib'
[6.254s] Level 1:colcon.colcon_core.shell:create_environment_hook('sjtu_drone_description', 'ld_library_path_lib')
[6.254s] INFO:colcon.colcon_core.shell:Creating environment hook '/home/jagadeesh/ros2_ws/install/sjtu_drone_description/share/sjtu_drone_description/hook/ld_library_path_lib.ps1'
[6.255s] INFO:colcon.colcon_core.shell:Creating environment descriptor '/home/jagadeesh/ros2_ws/install/sjtu_drone_description/share/sjtu_drone_description/hook/ld_library_path_lib.dsv'
[6.256s] INFO:colcon.colcon_core.shell:Creating environment hook '/home/jagadeesh/ros2_ws/install/sjtu_drone_description/share/sjtu_drone_description/hook/ld_library_path_lib.sh'
[6.257s] Level 1:colcon.colcon_core.environment:checking '/home/jagadeesh/ros2_ws/install/sjtu_drone_description/bin'
[6.257s] Level 1:colcon.colcon_core.environment:checking '/home/jagadeesh/ros2_ws/install/sjtu_drone_description/lib/pkgconfig/sjtu_drone_description.pc'
[6.257s] Level 1:colcon.colcon_core.environment:checking '/home/jagadeesh/ros2_ws/install/sjtu_drone_description/lib/python3.10/site-packages'
[6.258s] Level 1:colcon.colcon_core.environment:checking '/home/jagadeesh/ros2_ws/install/sjtu_drone_description/bin'
[6.258s] INFO:colcon.colcon_core.shell:Creating package script '/home/jagadeesh/ros2_ws/install/sjtu_drone_description/share/sjtu_drone_description/package.ps1'
[6.259s] INFO:colcon.colcon_core.shell:Creating package descriptor '/home/jagadeesh/ros2_ws/install/sjtu_drone_description/share/sjtu_drone_description/package.dsv'
[6.259s] INFO:colcon.colcon_core.shell:Creating package script '/home/jagadeesh/ros2_ws/install/sjtu_drone_description/share/sjtu_drone_description/package.sh'
[6.260s] INFO:colcon.colcon_core.shell:Creating package script '/home/jagadeesh/ros2_ws/install/sjtu_drone_description/share/sjtu_drone_description/package.bash'
[6.260s] INFO:colcon.colcon_core.shell:Creating package script '/home/jagadeesh/ros2_ws/install/sjtu_drone_description/share/sjtu_drone_description/package.zsh'
[6.260s] Level 1:colcon.colcon_core.environment:create_file_with_runtime_dependencies(/home/jagadeesh/ros2_ws/install/sjtu_drone_description/share/colcon-core/packages/sjtu_drone_description)
[6.304s] Level 1:colcon.colcon_core.environment:create_environment_scripts_only(sjtu_drone_description)
[6.305s] Level 1:colcon.colcon_core.environment:checking '/home/jagadeesh/ros2_ws/install/sjtu_drone_description' for CMake module files
[6.305s] Level 1:colcon.colcon_core.environment:checking '/home/jagadeesh/ros2_ws/install/sjtu_drone_description' for CMake config files
[6.306s] Level 1:colcon.colcon_core.shell:create_environment_hook('sjtu_drone_description', 'cmake_prefix_path')
[6.306s] INFO:colcon.colcon_core.shell:Creating environment hook '/home/jagadeesh/ros2_ws/install/sjtu_drone_description/share/sjtu_drone_description/hook/cmake_prefix_path.ps1'
[6.307s] INFO:colcon.colcon_core.shell:Creating environment descriptor '/home/jagadeesh/ros2_ws/install/sjtu_drone_description/share/sjtu_drone_description/hook/cmake_prefix_path.dsv'
[6.308s] INFO:colcon.colcon_core.shell:Creating environment hook '/home/jagadeesh/ros2_ws/install/sjtu_drone_description/share/sjtu_drone_description/hook/cmake_prefix_path.sh'
[6.309s] Level 1:colcon.colcon_core.environment:checking '/home/jagadeesh/ros2_ws/install/sjtu_drone_description/lib'
[6.309s] Level 1:colcon.colcon_core.shell:create_environment_hook('sjtu_drone_description', 'ld_library_path_lib')
[6.309s] INFO:colcon.colcon_core.shell:Creating environment hook '/home/jagadeesh/ros2_ws/install/sjtu_drone_description/share/sjtu_drone_description/hook/ld_library_path_lib.ps1'
[6.310s] INFO:colcon.colcon_core.shell:Creating environment descriptor '/home/jagadeesh/ros2_ws/install/sjtu_drone_description/share/sjtu_drone_description/hook/ld_library_path_lib.dsv'
[6.310s] INFO:colcon.colcon_core.shell:Creating environment hook '/home/jagadeesh/ros2_ws/install/sjtu_drone_description/share/sjtu_drone_description/hook/ld_library_path_lib.sh'
[6.311s] Level 1:colcon.colcon_core.environment:checking '/home/jagadeesh/ros2_ws/install/sjtu_drone_description/bin'
[6.311s] Level 1:colcon.colcon_core.environment:checking '/home/jagadeesh/ros2_ws/install/sjtu_drone_description/lib/pkgconfig/sjtu_drone_description.pc'
[6.311s] Level 1:colcon.colcon_core.environment:checking '/home/jagadeesh/ros2_ws/install/sjtu_drone_description/lib/python3.10/site-packages'
[6.311s] Level 1:colcon.colcon_core.environment:checking '/home/jagadeesh/ros2_ws/install/sjtu_drone_description/bin'
[6.312s] INFO:colcon.colcon_core.shell:Creating package script '/home/jagadeesh/ros2_ws/install/sjtu_drone_description/share/sjtu_drone_description/package.ps1'
[6.312s] INFO:colcon.colcon_core.shell:Creating package descriptor '/home/jagadeesh/ros2_ws/install/sjtu_drone_description/share/sjtu_drone_description/package.dsv'
[6.313s] INFO:colcon.colcon_core.shell:Creating package script '/home/jagadeesh/ros2_ws/install/sjtu_drone_description/share/sjtu_drone_description/package.sh'
[6.313s] INFO:colcon.colcon_core.shell:Creating package script '/home/jagadeesh/ros2_ws/install/sjtu_drone_description/share/sjtu_drone_description/package.bash'
[6.314s] INFO:colcon.colcon_core.shell:Creating package script '/home/jagadeesh/ros2_ws/install/sjtu_drone_description/share/sjtu_drone_description/package.zsh'
[6.314s] Level 1:colcon.colcon_core.environment:create_file_with_runtime_dependencies(/home/jagadeesh/ros2_ws/install/sjtu_drone_description/share/colcon-core/packages/sjtu_drone_description)
[6.315s] DEBUG:colcon.colcon_parallel_executor.executor.parallel:closing loop
[6.315s] DEBUG:colcon.colcon_parallel_executor.executor.parallel:loop closed
[6.315s] DEBUG:colcon.colcon_parallel_executor.executor.parallel:run_until_complete finished with '0'
[6.315s] DEBUG:colcon.colcon_core.event_reactor:joining thread
[6.363s] INFO:colcon.colcon_core.plugin_system:Skipping extension 'colcon_notification.desktop_notification.terminal_notifier': Not used on non-Darwin systems
[6.364s] INFO:colcon.colcon_core.plugin_system:Skipping extension 'colcon_notification.desktop_notification.win32': Not used on non-Windows systems
[6.364s] INFO:colcon.colcon_notification.desktop_notification:Sending desktop notification using 'notify2'
[6.386s] DEBUG:colcon.colcon_core.event_reactor:joined thread
[6.386s] INFO:colcon.colcon_core.shell:Creating prefix script '/home/jagadeesh/ros2_ws/install/local_setup.ps1'
[6.401s] INFO:colcon.colcon_core.shell:Creating prefix util module '/home/jagadeesh/ros2_ws/install/_local_setup_util_ps1.py'
[6.412s] INFO:colcon.colcon_core.shell:Creating prefix chain script '/home/jagadeesh/ros2_ws/install/setup.ps1'
[6.416s] INFO:colcon.colcon_core.shell:Creating prefix script '/home/jagadeesh/ros2_ws/install/local_setup.sh'
[6.426s] INFO:colcon.colcon_core.shell:Creating prefix util module '/home/jagadeesh/ros2_ws/install/_local_setup_util_sh.py'
[6.427s] INFO:colcon.colcon_core.shell:Creating prefix chain script '/home/jagadeesh/ros2_ws/install/setup.sh'
[6.428s] INFO:colcon.colcon_core.shell:Creating prefix script '/home/jagadeesh/ros2_ws/install/local_setup.bash'
[6.440s] INFO:colcon.colcon_core.shell:Creating prefix chain script '/home/jagadeesh/ros2_ws/install/setup.bash'
[6.443s] INFO:colcon.colcon_core.shell:Creating prefix script '/home/jagadeesh/ros2_ws/install/local_setup.zsh'
[6.450s] INFO:colcon.colcon_core.shell:Creating prefix chain script '/home/jagadeesh/ros2_ws/install/setup.zsh'
