[0.134s] DEBUG:colcon:Command line arguments: ['/home/ankur/.local/bin/colcon', 'build']
[0.134s] DEBUG:colcon:Parsed command line arguments: Namespace(log_base=None, log_level=None, verb_name='build', build_base='build', install_base='install', merge_install=False, symlink_install=False, test_result_base=None, continue_on_error=False, executor='parallel', parallel_workers=4, event_handlers=None, ignore_user_meta=False, metas=['./colcon.meta'], base_paths=['.'], packages_ignore=None, packages_ignore_regex=None, paths=None, packages_up_to=None, packages_up_to_regex=None, packages_above=None, packages_above_and_dependencies=None, packages_above_depth=None, packages_select_by_dep=None, packages_skip_by_dep=None, packages_skip_up_to=None, packages_select_build_failed=False, packages_skip_build_finished=False, packages_select_test_failures=False, packages_skip_test_passed=False, packages_select=None, packages_skip=None, packages_select_regex=None, packages_skip_regex=None, packages_start=None, packages_end=None, allow_overriding=[], cmake_args=None, cmake_target=None, cmake_target_skip_unavailable=False, cmake_clean_cache=False, cmake_clean_first=False, cmake_force_configure=False, ament_cmake_args=None, catkin_cmake_args=None, catkin_skip_building_tests=False, verb_parser=<colcon_defaults.argument_parser.defaults.DefaultArgumentsDecorator object at 0x701bc00ce590>, verb_extension=<colcon_core.verb.build.BuildVerb object at 0x701bc00cdf90>, main=<bound method BuildVerb.main of <colcon_core.verb.build.BuildVerb object at 0x701bc00cdf90>>)
[0.275s] Level 1:colcon.colcon_core.package_discovery:discover_packages(colcon_meta) check parameters
[0.275s] Level 1:colcon.colcon_core.package_discovery:discover_packages(recursive) check parameters
[0.275s] Level 1:colcon.colcon_core.package_discovery:discover_packages(ignore) check parameters
[0.275s] Level 1:colcon.colcon_core.package_discovery:discover_packages(path) check parameters
[0.275s] Level 1:colcon.colcon_core.package_discovery:discover_packages(colcon_meta) discover
[0.275s] Level 1:colcon.colcon_core.package_discovery:discover_packages(recursive) discover
[0.275s] INFO:colcon.colcon_core.package_discovery:Crawling recursively for packages in '/home/ankur/ros2_ws'
[0.275s] Level 1:colcon.colcon_core.package_identification:_identify(.) by extensions ['ignore', 'ignore_ament_install']
[0.275s] Level 1:colcon.colcon_core.package_identification:_identify(.) by extension 'ignore'
[0.276s] Level 1:colcon.colcon_core.package_identification:_identify(.) by extension 'ignore_ament_install'
[0.276s] Level 1:colcon.colcon_core.package_identification:_identify(.) by extensions ['colcon_pkg']
[0.276s] Level 1:colcon.colcon_core.package_identification:_identify(.) by extension 'colcon_pkg'
[0.276s] Level 1:colcon.colcon_core.package_identification:_identify(.) by extensions ['colcon_meta']
[0.276s] Level 1:colcon.colcon_core.package_identification:_identify(.) by extension 'colcon_meta'
[0.276s] Level 1:colcon.colcon_core.package_identification:_identify(.) by extensions ['ros']
[0.276s] Level 1:colcon.colcon_core.package_identification:_identify(.) by extension 'ros'
[0.286s] Level 1:colcon.colcon_core.package_identification:_identify(.) by extensions ['cmake', 'python']
[0.286s] Level 1:colcon.colcon_core.package_identification:_identify(.) by extension 'cmake'
[0.286s] Level 1:colcon.colcon_core.package_identification:_identify(.) by extension 'python'
[0.286s] Level 1:colcon.colcon_core.package_identification:_identify(.) by extensions ['python_setup_py']
[0.286s] Level 1:colcon.colcon_core.package_identification:_identify(.) by extension 'python_setup_py'
[0.286s] Level 1:colcon.colcon_core.package_identification:_identify(build) by extensions ['ignore', 'ignore_ament_install']
[0.286s] Level 1:colcon.colcon_core.package_identification:_identify(build) by extension 'ignore'
[0.286s] Level 1:colcon.colcon_core.package_identification:_identify(build) ignored
[0.286s] Level 1:colcon.colcon_core.package_identification:_identify(install) by extensions ['ignore', 'ignore_ament_install']
[0.286s] Level 1:colcon.colcon_core.package_identification:_identify(install) by extension 'ignore'
[0.286s] Level 1:colcon.colcon_core.package_identification:_identify(install) ignored
[0.286s] Level 1:colcon.colcon_core.package_identification:_identify(log) by extensions ['ignore', 'ignore_ament_install']
[0.287s] Level 1:colcon.colcon_core.package_identification:_identify(log) by extension 'ignore'
[0.287s] Level 1:colcon.colcon_core.package_identification:_identify(log) ignored
[0.287s] Level 1:colcon.colcon_core.package_identification:_identify(src) by extensions ['ignore', 'ignore_ament_install']
[0.287s] Level 1:colcon.colcon_core.package_identification:_identify(src) by extension 'ignore'
[0.287s] Level 1:colcon.colcon_core.package_identification:_identify(src) by extension 'ignore_ament_install'
[0.287s] Level 1:colcon.colcon_core.package_identification:_identify(src) by extensions ['colcon_pkg']
[0.287s] Level 1:colcon.colcon_core.package_identification:_identify(src) by extension 'colcon_pkg'
[0.287s] Level 1:colcon.colcon_core.package_identification:_identify(src) by extensions ['colcon_meta']
[0.287s] Level 1:colcon.colcon_core.package_identification:_identify(src) by extension 'colcon_meta'
[0.287s] Level 1:colcon.colcon_core.package_identification:_identify(src) by extensions ['ros']
[0.287s] Level 1:colcon.colcon_core.package_identification:_identify(src) by extension 'ros'
[0.287s] Level 1:colcon.colcon_core.package_identification:_identify(src) by extensions ['cmake', 'python']
[0.287s] Level 1:colcon.colcon_core.package_identification:_identify(src) by extension 'cmake'
[0.287s] Level 1:colcon.colcon_core.package_identification:_identify(src) by extension 'python'
[0.287s] Level 1:colcon.colcon_core.package_identification:_identify(src) by extensions ['python_setup_py']
[0.287s] Level 1:colcon.colcon_core.package_identification:_identify(src) by extension 'python_setup_py'
[0.287s] Level 1:colcon.colcon_core.package_identification:_identify(src/drones_ROS2) by extensions ['ignore', 'ignore_ament_install']
[0.287s] Level 1:colcon.colcon_core.package_identification:_identify(src/drones_ROS2) by extension 'ignore'
[0.287s] Level 1:colcon.colcon_core.package_identification:_identify(src/drones_ROS2) by extension 'ignore_ament_install'
[0.288s] Level 1:colcon.colcon_core.package_identification:_identify(src/drones_ROS2) by extensions ['colcon_pkg']
[0.288s] Level 1:colcon.colcon_core.package_identification:_identify(src/drones_ROS2) by extension 'colcon_pkg'
[0.288s] Level 1:colcon.colcon_core.package_identification:_identify(src/drones_ROS2) by extensions ['colcon_meta']
[0.288s] Level 1:colcon.colcon_core.package_identification:_identify(src/drones_ROS2) by extension 'colcon_meta'
[0.288s] Level 1:colcon.colcon_core.package_identification:_identify(src/drones_ROS2) by extensions ['ros']
[0.288s] Level 1:colcon.colcon_core.package_identification:_identify(src/drones_ROS2) by extension 'ros'
[0.288s] Level 1:colcon.colcon_core.package_identification:_identify(src/drones_ROS2) by extensions ['cmake', 'python']
[0.288s] Level 1:colcon.colcon_core.package_identification:_identify(src/drones_ROS2) by extension 'cmake'
[0.288s] Level 1:colcon.colcon_core.package_identification:_identify(src/drones_ROS2) by extension 'python'
[0.288s] Level 1:colcon.colcon_core.package_identification:_identify(src/drones_ROS2) by extensions ['python_setup_py']
[0.288s] Level 1:colcon.colcon_core.package_identification:_identify(src/drones_ROS2) by extension 'python_setup_py'
[0.288s] Level 1:colcon.colcon_core.package_identification:_identify(src/drones_ROS2/drive_drone) by extensions ['ignore', 'ignore_ament_install']
[0.288s] Level 1:colcon.colcon_core.package_identification:_identify(src/drones_ROS2/drive_drone) by extension 'ignore'
[0.288s] Level 1:colcon.colcon_core.package_identification:_identify(src/drones_ROS2/drive_drone) by extension 'ignore_ament_install'
[0.288s] Level 1:colcon.colcon_core.package_identification:_identify(src/drones_ROS2/drive_drone) by extensions ['colcon_pkg']
[0.288s] Level 1:colcon.colcon_core.package_identification:_identify(src/drones_ROS2/drive_drone) by extension 'colcon_pkg'
[0.288s] Level 1:colcon.colcon_core.package_identification:_identify(src/drones_ROS2/drive_drone) by extensions ['colcon_meta']
[0.288s] Level 1:colcon.colcon_core.package_identification:_identify(src/drones_ROS2/drive_drone) by extension 'colcon_meta'
[0.288s] Level 1:colcon.colcon_core.package_identification:_identify(src/drones_ROS2/drive_drone) by extensions ['ros']
[0.288s] Level 1:colcon.colcon_core.package_identification:_identify(src/drones_ROS2/drive_drone) by extension 'ros'
[0.291s] DEBUG:colcon.colcon_core.package_identification:Package 'src/drones_ROS2/drive_drone' with type 'ros.ament_cmake' and name 'drive_drone'
[0.291s] Level 1:colcon.colcon_core.package_identification:_identify(src/drones_ROS2/ibvs) by extensions ['ignore', 'ignore_ament_install']
[0.291s] Level 1:colcon.colcon_core.package_identification:_identify(src/drones_ROS2/ibvs) by extension 'ignore'
[0.291s] Level 1:colcon.colcon_core.package_identification:_identify(src/drones_ROS2/ibvs) by extension 'ignore_ament_install'
[0.291s] Level 1:colcon.colcon_core.package_identification:_identify(src/drones_ROS2/ibvs) by extensions ['colcon_pkg']
[0.291s] Level 1:colcon.colcon_core.package_identification:_identify(src/drones_ROS2/ibvs) by extension 'colcon_pkg'
[0.291s] Level 1:colcon.colcon_core.package_identification:_identify(src/drones_ROS2/ibvs) by extensions ['colcon_meta']
[0.291s] Level 1:colcon.colcon_core.package_identification:_identify(src/drones_ROS2/ibvs) by extension 'colcon_meta'
[0.291s] Level 1:colcon.colcon_core.package_identification:_identify(src/drones_ROS2/ibvs) by extensions ['ros']
[0.291s] Level 1:colcon.colcon_core.package_identification:_identify(src/drones_ROS2/ibvs) by extension 'ros'
[0.292s] DEBUG:colcon.colcon_core.package_identification:Package 'src/drones_ROS2/ibvs' with type 'ros.ament_python' and name 'ibvs'
[0.292s] Level 1:colcon.colcon_core.package_identification:_identify(src/drones_ROS2/sjtu_drone) by extensions ['ignore', 'ignore_ament_install']
[0.292s] Level 1:colcon.colcon_core.package_identification:_identify(src/drones_ROS2/sjtu_drone) by extension 'ignore'
[0.292s] Level 1:colcon.colcon_core.package_identification:_identify(src/drones_ROS2/sjtu_drone) by extension 'ignore_ament_install'
[0.292s] Level 1:colcon.colcon_core.package_identification:_identify(src/drones_ROS2/sjtu_drone) by extensions ['colcon_pkg']
[0.292s] Level 1:colcon.colcon_core.package_identification:_identify(src/drones_ROS2/sjtu_drone) by extension 'colcon_pkg'
[0.292s] Level 1:colcon.colcon_core.package_identification:_identify(src/drones_ROS2/sjtu_drone) by extensions ['colcon_meta']
[0.292s] Level 1:colcon.colcon_core.package_identification:_identify(src/drones_ROS2/sjtu_drone) by extension 'colcon_meta'
[0.292s] Level 1:colcon.colcon_core.package_identification:_identify(src/drones_ROS2/sjtu_drone) by extensions ['ros']
[0.292s] Level 1:colcon.colcon_core.package_identification:_identify(src/drones_ROS2/sjtu_drone) by extension 'ros'
[0.292s] Level 1:colcon.colcon_core.package_identification:_identify(src/drones_ROS2/sjtu_drone) by extensions ['cmake', 'python']
[0.292s] Level 1:colcon.colcon_core.package_identification:_identify(src/drones_ROS2/sjtu_drone) by extension 'cmake'
[0.292s] Level 1:colcon.colcon_core.package_identification:_identify(src/drones_ROS2/sjtu_drone) by extension 'python'
[0.292s] Level 1:colcon.colcon_core.package_identification:_identify(src/drones_ROS2/sjtu_drone) by extensions ['python_setup_py']
[0.292s] Level 1:colcon.colcon_core.package_identification:_identify(src/drones_ROS2/sjtu_drone) by extension 'python_setup_py'
[0.292s] Level 1:colcon.colcon_core.package_identification:_identify(src/drones_ROS2/sjtu_drone/imgs) by extensions ['ignore', 'ignore_ament_install']
[0.292s] Level 1:colcon.colcon_core.package_identification:_identify(src/drones_ROS2/sjtu_drone/imgs) by extension 'ignore'
[0.293s] Level 1:colcon.colcon_core.package_identification:_identify(src/drones_ROS2/sjtu_drone/imgs) by extension 'ignore_ament_install'
[0.293s] Level 1:colcon.colcon_core.package_identification:_identify(src/drones_ROS2/sjtu_drone/imgs) by extensions ['colcon_pkg']
[0.293s] Level 1:colcon.colcon_core.package_identification:_identify(src/drones_ROS2/sjtu_drone/imgs) by extension 'colcon_pkg'
[0.293s] Level 1:colcon.colcon_core.package_identification:_identify(src/drones_ROS2/sjtu_drone/imgs) by extensions ['colcon_meta']
[0.293s] Level 1:colcon.colcon_core.package_identification:_identify(src/drones_ROS2/sjtu_drone/imgs) by extension 'colcon_meta'
[0.293s] Level 1:colcon.colcon_core.package_identification:_identify(src/drones_ROS2/sjtu_drone/imgs) by extensions ['ros']
[0.293s] Level 1:colcon.colcon_core.package_identification:_identify(src/drones_ROS2/sjtu_drone/imgs) by extension 'ros'
[0.293s] Level 1:colcon.colcon_core.package_identification:_identify(src/drones_ROS2/sjtu_drone/imgs) by extensions ['cmake', 'python']
[0.293s] Level 1:colcon.colcon_core.package_identification:_identify(src/drones_ROS2/sjtu_drone/imgs) by extension 'cmake'
[0.293s] Level 1:colcon.colcon_core.package_identification:_identify(src/drones_ROS2/sjtu_drone/imgs) by extension 'python'
[0.293s] Level 1:colcon.colcon_core.package_identification:_identify(src/drones_ROS2/sjtu_drone/imgs) by extensions ['python_setup_py']
[0.293s] Level 1:colcon.colcon_core.package_identification:_identify(src/drones_ROS2/sjtu_drone/imgs) by extension 'python_setup_py'
[0.293s] Level 1:colcon.colcon_core.package_identification:_identify(src/drones_ROS2/sjtu_drone/sjtu_drone_bringup) by extensions ['ignore', 'ignore_ament_install']
[0.293s] Level 1:colcon.colcon_core.package_identification:_identify(src/drones_ROS2/sjtu_drone/sjtu_drone_bringup) by extension 'ignore'
[0.293s] Level 1:colcon.colcon_core.package_identification:_identify(src/drones_ROS2/sjtu_drone/sjtu_drone_bringup) by extension 'ignore_ament_install'
[0.293s] Level 1:colcon.colcon_core.package_identification:_identify(src/drones_ROS2/sjtu_drone/sjtu_drone_bringup) by extensions ['colcon_pkg']
[0.293s] Level 1:colcon.colcon_core.package_identification:_identify(src/drones_ROS2/sjtu_drone/sjtu_drone_bringup) by extension 'colcon_pkg'
[0.293s] Level 1:colcon.colcon_core.package_identification:_identify(src/drones_ROS2/sjtu_drone/sjtu_drone_bringup) by extensions ['colcon_meta']
[0.293s] Level 1:colcon.colcon_core.package_identification:_identify(src/drones_ROS2/sjtu_drone/sjtu_drone_bringup) by extension 'colcon_meta'
[0.293s] Level 1:colcon.colcon_core.package_identification:_identify(src/drones_ROS2/sjtu_drone/sjtu_drone_bringup) by extensions ['ros']
[0.293s] Level 1:colcon.colcon_core.package_identification:_identify(src/drones_ROS2/sjtu_drone/sjtu_drone_bringup) by extension 'ros'
[0.294s] DEBUG:colcon.colcon_core.package_identification:Package 'src/drones_ROS2/sjtu_drone/sjtu_drone_bringup' with type 'ros.ament_python' and name 'sjtu_drone_bringup'
[0.294s] Level 1:colcon.colcon_core.package_identification:_identify(src/drones_ROS2/sjtu_drone/sjtu_drone_description) by extensions ['ignore', 'ignore_ament_install']
[0.295s] Level 1:colcon.colcon_core.package_identification:_identify(src/drones_ROS2/sjtu_drone/sjtu_drone_description) by extension 'ignore'
[0.295s] Level 1:colcon.colcon_core.package_identification:_identify(src/drones_ROS2/sjtu_drone/sjtu_drone_description) by extension 'ignore_ament_install'
[0.295s] Level 1:colcon.colcon_core.package_identification:_identify(src/drones_ROS2/sjtu_drone/sjtu_drone_description) by extensions ['colcon_pkg']
[0.295s] Level 1:colcon.colcon_core.package_identification:_identify(src/drones_ROS2/sjtu_drone/sjtu_drone_description) by extension 'colcon_pkg'
[0.295s] Level 1:colcon.colcon_core.package_identification:_identify(src/drones_ROS2/sjtu_drone/sjtu_drone_description) by extensions ['colcon_meta']
[0.295s] Level 1:colcon.colcon_core.package_identification:_identify(src/drones_ROS2/sjtu_drone/sjtu_drone_description) by extension 'colcon_meta'
[0.295s] Level 1:colcon.colcon_core.package_identification:_identify(src/drones_ROS2/sjtu_drone/sjtu_drone_description) by extensions ['ros']
[0.295s] Level 1:colcon.colcon_core.package_identification:_identify(src/drones_ROS2/sjtu_drone/sjtu_drone_description) by extension 'ros'
[0.296s] DEBUG:colcon.colcon_core.package_identification:Package 'src/drones_ROS2/sjtu_drone/sjtu_drone_description' with type 'ros.ament_cmake' and name 'sjtu_drone_description'
[0.296s] Level 1:colcon.colcon_core.package_discovery:discover_packages(recursive) using defaults
[0.296s] Level 1:colcon.colcon_core.package_discovery:discover_packages(ignore) discover
[0.296s] Level 1:colcon.colcon_core.package_discovery:discover_packages(ignore) using defaults
[0.296s] Level 1:colcon.colcon_core.package_discovery:discover_packages(path) discover
[0.296s] Level 1:colcon.colcon_core.package_discovery:discover_packages(path) using defaults
[0.316s] Level 1:colcon.colcon_core.package_discovery:discover_packages(prefix_path) check parameters
[0.316s] Level 1:colcon.colcon_core.package_discovery:discover_packages(prefix_path) discover
[0.318s] DEBUG:colcon.colcon_installed_package_information.package_discovery:Found 4 installed packages in /home/ankur/ros2_ws/install
[0.318s] DEBUG:colcon.colcon_installed_package_information.package_discovery:Found 4 installed packages in /home/ankur/drone_ws/install
[0.320s] DEBUG:colcon.colcon_installed_package_information.package_discovery:Found 288 installed packages in /opt/ros/humble
[0.321s] Level 1:colcon.colcon_core.package_discovery:discover_packages(prefix_path) using defaults
[0.381s] Level 5:colcon.colcon_core.verb:set package 'drive_drone' build argument 'cmake_args' from command line to 'None'
[0.381s] Level 5:colcon.colcon_core.verb:set package 'drive_drone' build argument 'cmake_target' from command line to 'None'
[0.381s] Level 5:colcon.colcon_core.verb:set package 'drive_drone' build argument 'cmake_target_skip_unavailable' from command line to 'False'
[0.381s] Level 5:colcon.colcon_core.verb:set package 'drive_drone' build argument 'cmake_clean_cache' from command line to 'False'
[0.381s] Level 5:colcon.colcon_core.verb:set package 'drive_drone' build argument 'cmake_clean_first' from command line to 'False'
[0.381s] Level 5:colcon.colcon_core.verb:set package 'drive_drone' build argument 'cmake_force_configure' from command line to 'False'
[0.381s] Level 5:colcon.colcon_core.verb:set package 'drive_drone' build argument 'ament_cmake_args' from command line to 'None'
[0.381s] Level 5:colcon.colcon_core.verb:set package 'drive_drone' build argument 'catkin_cmake_args' from command line to 'None'
[0.381s] Level 5:colcon.colcon_core.verb:set package 'drive_drone' build argument 'catkin_skip_building_tests' from command line to 'False'
[0.381s] DEBUG:colcon.colcon_core.verb:Building package 'drive_drone' with the following arguments: {'ament_cmake_args': None, 'build_base': '/home/ankur/ros2_ws/build/drive_drone', 'catkin_cmake_args': None, 'catkin_skip_building_tests': False, 'cmake_args': None, 'cmake_clean_cache': False, 'cmake_clean_first': False, 'cmake_force_configure': False, 'cmake_target': None, 'cmake_target_skip_unavailable': False, 'install_base': '/home/ankur/ros2_ws/install/drive_drone', 'merge_install': False, 'path': '/home/ankur/ros2_ws/src/drones_ROS2/drive_drone', 'symlink_install': False, 'test_result_base': None}
[0.382s] Level 5:colcon.colcon_core.verb:set package 'ibvs' build argument 'cmake_args' from command line to 'None'
[0.382s] Level 5:colcon.colcon_core.verb:set package 'ibvs' build argument 'cmake_target' from command line to 'None'
[0.382s] Level 5:colcon.colcon_core.verb:set package 'ibvs' build argument 'cmake_target_skip_unavailable' from command line to 'False'
[0.382s] Level 5:colcon.colcon_core.verb:set package 'ibvs' build argument 'cmake_clean_cache' from command line to 'False'
[0.382s] Level 5:colcon.colcon_core.verb:set package 'ibvs' build argument 'cmake_clean_first' from command line to 'False'
[0.382s] Level 5:colcon.colcon_core.verb:set package 'ibvs' build argument 'cmake_force_configure' from command line to 'False'
[0.382s] Level 5:colcon.colcon_core.verb:set package 'ibvs' build argument 'ament_cmake_args' from command line to 'None'
[0.382s] Level 5:colcon.colcon_core.verb:set package 'ibvs' build argument 'catkin_cmake_args' from command line to 'None'
[0.382s] Level 5:colcon.colcon_core.verb:set package 'ibvs' build argument 'catkin_skip_building_tests' from command line to 'False'
[0.382s] DEBUG:colcon.colcon_core.verb:Building package 'ibvs' with the following arguments: {'ament_cmake_args': None, 'build_base': '/home/ankur/ros2_ws/build/ibvs', 'catkin_cmake_args': None, 'catkin_skip_building_tests': False, 'cmake_args': None, 'cmake_clean_cache': False, 'cmake_clean_first': False, 'cmake_force_configure': False, 'cmake_target': None, 'cmake_target_skip_unavailable': False, 'install_base': '/home/ankur/ros2_ws/install/ibvs', 'merge_install': False, 'path': '/home/ankur/ros2_ws/src/drones_ROS2/ibvs', 'symlink_install': False, 'test_result_base': None}
[0.383s] Level 5:colcon.colcon_core.verb:set package 'sjtu_drone_bringup' build argument 'cmake_args' from command line to 'None'
[0.383s] Level 5:colcon.colcon_core.verb:set package 'sjtu_drone_bringup' build argument 'cmake_target' from command line to 'None'
[0.383s] Level 5:colcon.colcon_core.verb:set package 'sjtu_drone_bringup' build argument 'cmake_target_skip_unavailable' from command line to 'False'
[0.383s] Level 5:colcon.colcon_core.verb:set package 'sjtu_drone_bringup' build argument 'cmake_clean_cache' from command line to 'False'
[0.383s] Level 5:colcon.colcon_core.verb:set package 'sjtu_drone_bringup' build argument 'cmake_clean_first' from command line to 'False'
[0.383s] Level 5:colcon.colcon_core.verb:set package 'sjtu_drone_bringup' build argument 'cmake_force_configure' from command line to 'False'
[0.383s] Level 5:colcon.colcon_core.verb:set package 'sjtu_drone_bringup' build argument 'ament_cmake_args' from command line to 'None'
[0.383s] Level 5:colcon.colcon_core.verb:set package 'sjtu_drone_bringup' build argument 'catkin_cmake_args' from command line to 'None'
[0.383s] Level 5:colcon.colcon_core.verb:set package 'sjtu_drone_bringup' build argument 'catkin_skip_building_tests' from command line to 'False'
[0.383s] DEBUG:colcon.colcon_core.verb:Building package 'sjtu_drone_bringup' with the following arguments: {'ament_cmake_args': None, 'build_base': '/home/ankur/ros2_ws/build/sjtu_drone_bringup', 'catkin_cmake_args': None, 'catkin_skip_building_tests': False, 'cmake_args': None, 'cmake_clean_cache': False, 'cmake_clean_first': False, 'cmake_force_configure': False, 'cmake_target': None, 'cmake_target_skip_unavailable': False, 'install_base': '/home/ankur/ros2_ws/install/sjtu_drone_bringup', 'merge_install': False, 'path': '/home/ankur/ros2_ws/src/drones_ROS2/sjtu_drone/sjtu_drone_bringup', 'symlink_install': False, 'test_result_base': None}
[0.383s] Level 5:colcon.colcon_core.verb:set package 'sjtu_drone_description' build argument 'cmake_args' from command line to 'None'
[0.383s] Level 5:colcon.colcon_core.verb:set package 'sjtu_drone_description' build argument 'cmake_target' from command line to 'None'
[0.383s] Level 5:colcon.colcon_core.verb:set package 'sjtu_drone_description' build argument 'cmake_target_skip_unavailable' from command line to 'False'
[0.383s] Level 5:colcon.colcon_core.verb:set package 'sjtu_drone_description' build argument 'cmake_clean_cache' from command line to 'False'
[0.383s] Level 5:colcon.colcon_core.verb:set package 'sjtu_drone_description' build argument 'cmake_clean_first' from command line to 'False'
[0.383s] Level 5:colcon.colcon_core.verb:set package 'sjtu_drone_description' build argument 'cmake_force_configure' from command line to 'False'
[0.383s] Level 5:colcon.colcon_core.verb:set package 'sjtu_drone_description' build argument 'ament_cmake_args' from command line to 'None'
[0.383s] Level 5:colcon.colcon_core.verb:set package 'sjtu_drone_description' build argument 'catkin_cmake_args' from command line to 'None'
[0.383s] Level 5:colcon.colcon_core.verb:set package 'sjtu_drone_description' build argument 'catkin_skip_building_tests' from command line to 'False'
[0.383s] DEBUG:colcon.colcon_core.verb:Building package 'sjtu_drone_description' with the following arguments: {'ament_cmake_args': None, 'build_base': '/home/ankur/ros2_ws/build/sjtu_drone_description', 'catkin_cmake_args': None, 'catkin_skip_building_tests': False, 'cmake_args': None, 'cmake_clean_cache': False, 'cmake_clean_first': False, 'cmake_force_configure': False, 'cmake_target': None, 'cmake_target_skip_unavailable': False, 'install_base': '/home/ankur/ros2_ws/install/sjtu_drone_description', 'merge_install': False, 'path': '/home/ankur/ros2_ws/src/drones_ROS2/sjtu_drone/sjtu_drone_description', 'symlink_install': False, 'test_result_base': None}
[0.384s] INFO:colcon.colcon_core.executor:Executing jobs using 'parallel' executor
[0.387s] DEBUG:colcon.colcon_parallel_executor.executor.parallel:run_until_complete
[0.388s] INFO:colcon.colcon_ros.task.ament_cmake.build:Building ROS package in '/home/ankur/ros2_ws/src/drones_ROS2/drive_drone' with build type 'ament_cmake'
[0.388s] INFO:colcon.colcon_cmake.task.cmake.build:Building CMake package in '/home/ankur/ros2_ws/src/drones_ROS2/drive_drone'
[0.393s] INFO:colcon.colcon_core.plugin_system:Skipping extension 'colcon_core.shell.bat': Not used on non-Windows systems
[0.394s] INFO:colcon.colcon_core.shell:Skip shell extension 'powershell' for command environment: Not usable outside of PowerShell
[0.394s] DEBUG:colcon.colcon_core.shell:Skip shell extension 'dsv' for command environment
[0.406s] INFO:colcon.colcon_ros.task.ament_python.build:Building ROS package in '/home/ankur/ros2_ws/src/drones_ROS2/ibvs' with build type 'ament_python'
[0.411s] Level 1:colcon.colcon_core.shell:create_environment_hook('ibvs', 'ament_prefix_path')
[0.412s] INFO:colcon.colcon_core.shell:Creating environment hook '/home/ankur/ros2_ws/install/ibvs/share/ibvs/hook/ament_prefix_path.ps1'
[0.414s] INFO:colcon.colcon_core.shell:Creating environment descriptor '/home/ankur/ros2_ws/install/ibvs/share/ibvs/hook/ament_prefix_path.dsv'
[0.415s] INFO:colcon.colcon_core.shell:Creating environment hook '/home/ankur/ros2_ws/install/ibvs/share/ibvs/hook/ament_prefix_path.sh'
[0.417s] INFO:colcon.colcon_core.shell:Skip shell extension 'powershell' for command environment: Not usable outside of PowerShell
[0.417s] DEBUG:colcon.colcon_core.shell:Skip shell extension 'dsv' for command environment
[0.431s] INFO:colcon.colcon_ros.task.ament_python.build:Building ROS package in '/home/ankur/ros2_ws/src/drones_ROS2/sjtu_drone/sjtu_drone_bringup' with build type 'ament_python'
[0.432s] Level 1:colcon.colcon_core.shell:create_environment_hook('sjtu_drone_bringup', 'ament_prefix_path')
[0.432s] INFO:colcon.colcon_core.shell:Creating environment hook '/home/ankur/ros2_ws/install/sjtu_drone_bringup/share/sjtu_drone_bringup/hook/ament_prefix_path.ps1'
[0.442s] INFO:colcon.colcon_core.shell:Creating environment descriptor '/home/ankur/ros2_ws/install/sjtu_drone_bringup/share/sjtu_drone_bringup/hook/ament_prefix_path.dsv'
[0.443s] INFO:colcon.colcon_core.shell:Creating environment hook '/home/ankur/ros2_ws/install/sjtu_drone_bringup/share/sjtu_drone_bringup/hook/ament_prefix_path.sh'
[0.444s] INFO:colcon.colcon_core.shell:Skip shell extension 'powershell' for command environment: Not usable outside of PowerShell
[0.444s] DEBUG:colcon.colcon_core.shell:Skip shell extension 'dsv' for command environment
[0.461s] INFO:colcon.colcon_ros.task.ament_cmake.build:Building ROS package in '/home/ankur/ros2_ws/src/drones_ROS2/sjtu_drone/sjtu_drone_description' with build type 'ament_cmake'
[0.462s] INFO:colcon.colcon_cmake.task.cmake.build:Building CMake package in '/home/ankur/ros2_ws/src/drones_ROS2/sjtu_drone/sjtu_drone_description'
[0.462s] INFO:colcon.colcon_core.shell:Skip shell extension 'powershell' for command environment: Not usable outside of PowerShell
[0.463s] DEBUG:colcon.colcon_core.shell:Skip shell extension 'dsv' for command environment
[0.492s] DEBUG:colcon.colcon_core.event_handler.log_command:Invoking command in '/home/ankur/ros2_ws/build/drive_drone': CMAKE_PREFIX_PATH=${CMAKE_PREFIX_PATH}:/home/ankur/ros2_ws/install/ibvs:/home/ankur/ros2_ws/install/sjtu_drone_bringup:/home/ankur/drone_ws/install/sjtu_drone_control:/home/ankur/drone_ws/install/sjtu_drone_bringup:/home/ankur/drone_ws/install/pkgg:/opt/ros/humble /usr/bin/cmake --build /home/ankur/ros2_ws/build/drive_drone -- -j4 -l4
[1.350s] INFO:colcon.colcon_core.task.python.build:Building Python package in '/home/ankur/ros2_ws/src/drones_ROS2/sjtu_drone/sjtu_drone_bringup'
[1.350s] INFO:colcon.colcon_core.shell:Skip shell extension 'powershell' for command environment: Not usable outside of PowerShell
[1.350s] DEBUG:colcon.colcon_core.shell:Skip shell extension 'dsv' for command environment
[1.376s] DEBUG:colcon.colcon_parallel_executor.executor.parallel:closing loop
[1.377s] DEBUG:colcon.colcon_parallel_executor.executor.parallel:loop closed
[1.377s] DEBUG:colcon.colcon_parallel_executor.executor.parallel:run_until_complete finished with 'Command '['/usr/bin/python3', '-c', 'import sys;from contextlib import suppress;exec("with suppress(ImportError):    from setuptools.extern.packaging.specifiers    import SpecifierSet");exec("with suppress(ImportError):    from packaging.specifiers import SpecifierSet");from distutils.core import run_setup;dist = run_setup(    \'setup.py\', script_args=(\'--dry-run\',), stop_after=\'config\');skip_keys = (\'cmdclass\', \'distclass\', \'ext_modules\', \'metadata\');data = {    key: value for key, value in dist.__dict__.items()     if (        not key.startswith(\'_\') and         not callable(value) and         key not in skip_keys and         key not in dist.display_option_names    )};data[\'metadata\'] = {    k: v for k, v in dist.metadata.__dict__.items()     if k not in (\'license_files\', \'provides_extras\')};sys.stdout.buffer.write(repr(data).encode(\'utf-8\'))']' returned non-zero exit status 1.'
[1.377s] DEBUG:colcon.colcon_core.event_reactor:joining thread
[1.385s] INFO:colcon.colcon_core.plugin_system:Skipping extension 'colcon_notification.desktop_notification.terminal_notifier': Not used on non-Darwin systems
[1.386s] INFO:colcon.colcon_core.plugin_system:Skipping extension 'colcon_notification.desktop_notification.win32': Not used on non-Windows systems
[1.386s] INFO:colcon.colcon_notification.desktop_notification:Sending desktop notification using 'notify2'
[1.429s] DEBUG:colcon.colcon_core.event_reactor:joined thread
[1.430s] INFO:colcon.colcon_core.shell:Creating prefix script '/home/ankur/ros2_ws/install/local_setup.ps1'
[1.432s] INFO:colcon.colcon_core.shell:Creating prefix util module '/home/ankur/ros2_ws/install/_local_setup_util_ps1.py'
[1.434s] INFO:colcon.colcon_core.shell:Creating prefix chain script '/home/ankur/ros2_ws/install/setup.ps1'
[1.436s] INFO:colcon.colcon_core.shell:Creating prefix script '/home/ankur/ros2_ws/install/local_setup.sh'
[1.439s] INFO:colcon.colcon_core.shell:Creating prefix util module '/home/ankur/ros2_ws/install/_local_setup_util_sh.py'
[1.440s] INFO:colcon.colcon_core.shell:Creating prefix chain script '/home/ankur/ros2_ws/install/setup.sh'
[1.442s] INFO:colcon.colcon_core.shell:Creating prefix script '/home/ankur/ros2_ws/install/local_setup.bash'
[1.443s] INFO:colcon.colcon_core.shell:Creating prefix chain script '/home/ankur/ros2_ws/install/setup.bash'
[1.447s] INFO:colcon.colcon_core.shell:Creating prefix script '/home/ankur/ros2_ws/install/local_setup.zsh'
[1.448s] INFO:colcon.colcon_core.shell:Creating prefix chain script '/home/ankur/ros2_ws/install/setup.zsh'
