-- The C compiler identification is GNU 11.4.0
-- The CXX compiler identification is GNU 11.4.0
-- Detecting C compiler ABI info
-- Detecting C compiler ABI info - done
-- Check for working C compiler: /usr/bin/cc - skipped
-- Detecting C compile features
-- Detecting C compile features - done
-- Detecting CXX compiler ABI info
-- Detecting CXX compiler ABI info - done
-- Check for working CXX compiler: /usr/bin/c++ - skipped
-- Detecting CXX compile features
-- Detecting CXX compile features - done
-- Found ament_cmake: 1.3.8 (/opt/ros/humble/share/ament_cmake/cmake)
-- Found Python3: /usr/bin/python3 (found version "3.10.12") found components: Interpreter 
-- Found rclcpp: 16.0.8 (/opt/ros/humble/share/rclcpp/cmake)
-- Found rosidl_generator_c: 3.1.5 (/opt/ros/humble/share/rosidl_generator_c/cmake)
-- Found rosidl_adapter: 3.1.5 (/opt/ros/humble/share/rosidl_adapter/cmake)
-- Found rosidl_generator_cpp: 3.1.5 (/opt/ros/humble/share/rosidl_generator_cpp/cmake)
-- Using all available rosidl_typesupport_c: rosidl_typesupport_fastrtps_c;rosidl_typesupport_introspection_c
-- Using all available rosidl_typesupport_cpp: rosidl_typesupport_fastrtps_cpp;rosidl_typesupport_introspection_cpp
-- Found rmw_implementation_cmake: 6.1.1 (/opt/ros/humble/share/rmw_implementation_cmake/cmake)
-- Found rmw_fastrtps_cpp: 6.2.6 (/opt/ros/humble/share/rmw_fastrtps_cpp/cmake)
-- Found OpenSSL: /usr/lib/x86_64-linux-gnu/libcrypto.so (found version "3.0.2")  
-- Found FastRTPS: /opt/ros/humble/include  
-- Using RMW implementation 'rmw_fastrtps_cpp' as default
-- Looking for pthread.h
-- Looking for pthread.h - found
-- Performing Test CMAKE_HAVE_LIBC_PTHREAD
-- Performing Test CMAKE_HAVE_LIBC_PTHREAD - Success
-- Found Threads: TRUE  
-- Found geometry_msgs: 4.2.3 (/opt/ros/humble/share/geometry_msgs/cmake)
-- Found sensor_msgs: 4.2.3 (/opt/ros/humble/share/sensor_msgs/cmake)
-- Found cv_bridge: 3.2.1 (/opt/ros/humble/share/cv_bridge/cmake)
-- Found OpenCV: /usr (found version "4.5.4") 
-- Configuring done
-- Generating done
-- Build files have been written to: /home/ankur/ros2_ws/build/drive_drone
[ 50%] [32mBuilding CXX object CMakeFiles/p1_a_drive_node.dir/src/p1_a_drive_node.cpp.o[0m
[ 50%] [32mBuilding CXX object CMakeFiles/p1_b_tb3_follower.dir/src/p1_b_tb3_follower.cpp.o[0m
[ 75%] [32m[1mLinking CXX executable p1_a_drive_node[0m
[ 75%] Built target p1_a_drive_node
[100%] [32m[1mLinking CXX executable p1_b_tb3_follower[0m
[100%] Built target p1_b_tb3_follower
-- Install configuration: ""
-- Installing: /home/ankur/ros2_ws/install/drive_drone/lib/drive_drone/p1_a_drive_node
-- Set runtime path of "/home/ankur/ros2_ws/install/drive_drone/lib/drive_drone/p1_a_drive_node" to ""
-- Installing: /home/ankur/ros2_ws/install/drive_drone/lib/drive_drone/p1_b_tb3_follower
-- Set runtime path of "/home/ankur/ros2_ws/install/drive_drone/lib/drive_drone/p1_b_tb3_follower" to ""
-- Installing: /home/ankur/ros2_ws/install/drive_drone/share/drive_drone//launch
-- Installing: /home/ankur/ros2_ws/install/drive_drone/share/drive_drone//launch/p1_b_tb3_drone_gazebo.launch.py
-- Installing: /home/ankur/ros2_ws/install/drive_drone/share/drive_drone//launch/p1_a_drone_fly_gazebo_rviz.launch.py
-- Installing: /home/ankur/ros2_ws/install/drive_drone/share/ament_index/resource_index/package_run_dependencies/drive_drone
-- Installing: /home/ankur/ros2_ws/install/drive_drone/share/ament_index/resource_index/parent_prefix_path/drive_drone
-- Installing: /home/ankur/ros2_ws/install/drive_drone/share/drive_drone/environment/ament_prefix_path.sh
-- Installing: /home/ankur/ros2_ws/install/drive_drone/share/drive_drone/environment/ament_prefix_path.dsv
-- Installing: /home/ankur/ros2_ws/install/drive_drone/share/drive_drone/environment/path.sh
-- Installing: /home/ankur/ros2_ws/install/drive_drone/share/drive_drone/environment/path.dsv
-- Installing: /home/ankur/ros2_ws/install/drive_drone/share/drive_drone/local_setup.bash
-- Installing: /home/ankur/ros2_ws/install/drive_drone/share/drive_drone/local_setup.sh
-- Installing: /home/ankur/ros2_ws/install/drive_drone/share/drive_drone/local_setup.zsh
-- Installing: /home/ankur/ros2_ws/install/drive_drone/share/drive_drone/local_setup.dsv
-- Installing: /home/ankur/ros2_ws/install/drive_drone/share/drive_drone/package.dsv
-- Installing: /home/ankur/ros2_ws/install/drive_drone/share/ament_index/resource_index/packages/drive_drone
-- Installing: /home/ankur/ros2_ws/install/drive_drone/share/drive_drone/cmake/drive_droneConfig.cmake
-- Installing: /home/ankur/ros2_ws/install/drive_drone/share/drive_drone/cmake/drive_droneConfig-version.cmake
-- Installing: /home/ankur/ros2_ws/install/drive_drone/share/drive_drone/package.xml
