running egg_info
writing ../../../build/drone_controller/drone_controller.egg-info/PKG-INFO
writing dependency_links to ../../../build/drone_controller/drone_controller.egg-info/dependency_links.txt
writing entry points to ../../../build/drone_controller/drone_controller.egg-info/entry_points.txt
writing requirements to ../../../build/drone_controller/drone_controller.egg-info/requires.txt
writing top-level names to ../../../build/drone_controller/drone_controller.egg-info/top_level.txt
reading manifest file '../../../build/drone_controller/drone_controller.egg-info/SOURCES.txt'
writing manifest file '../../../build/drone_controller/drone_controller.egg-info/SOURCES.txt'
running build
running build_py
running install
running install_lib
running install_data
running install_egg_info
removing '/home/jagadeesh/ros2_ws/install/drone_controller/lib/python3.10/site-packages/drone_controller-0.0.0-py3.10.egg-info' (and everything under it)
Copying ../../../build/drone_controller/drone_controller.egg-info to /home/jagadeesh/ros2_ws/install/drone_controller/lib/python3.10/site-packages/drone_controller-0.0.0-py3.10.egg-info
running install_scripts
Installing image_pub script to /home/jagadeesh/ros2_ws/install/drone_controller/lib/drone_controller
Installing image_sub script to /home/jagadeesh/ros2_ws/install/drone_controller/lib/drone_controller
Installing img_sub script to /home/jagadeesh/ros2_ws/install/drone_controller/lib/drone_controller
Installing img_sub2 script to /home/jagadeesh/ros2_ws/install/drone_controller/lib/drone_controller
Installing img_sub3 script to /home/jagadeesh/ros2_ws/install/drone_controller/lib/drone_controller
writing list of installed files to '/home/jagadeesh/ros2_ws/build/drone_controller/install.log'
