[0.087s] Invoking command in '/home/ankur/ros2_ws/build/drive_drone': CMAKE_PREFIX_PATH=${CMAKE_PREFIX_PATH}:/home/ankur/ros2_ws/install/sjtu_drone_bringup:/home/ankur/ros2_ws/install/ibvs:/home/ankur/drone_ws/install/sjtu_drone_control:/home/ankur/drone_ws/install/sjtu_drone_bringup:/home/ankur/drone_ws/install/pkgg:/opt/ros/humble /usr/bin/cmake --build /home/ankur/ros2_ws/build/drive_drone -- -j4 -l4
[0.792s] [ 50%] Built target p1_a_drive_node
[0.793s] [100%] Built target p1_b_tb3_follower
[0.867s] Invoked command in '/home/ankur/ros2_ws/build/drive_drone' returned '0': CMAKE_PREFIX_PATH=${CMAKE_PREFIX_PATH}:/home/ankur/ros2_ws/install/sjtu_drone_bringup:/home/ankur/ros2_ws/install/ibvs:/home/ankur/drone_ws/install/sjtu_drone_control:/home/ankur/drone_ws/install/sjtu_drone_bringup:/home/ankur/drone_ws/install/pkgg:/opt/ros/humble /usr/bin/cmake --build /home/ankur/ros2_ws/build/drive_drone -- -j4 -l4
[1.169s] Invoking command in '/home/ankur/ros2_ws/build/drive_drone': CMAKE_PREFIX_PATH=${CMAKE_PREFIX_PATH}:/home/ankur/ros2_ws/install/sjtu_drone_bringup:/home/ankur/ros2_ws/install/ibvs:/home/ankur/drone_ws/install/sjtu_drone_control:/home/ankur/drone_ws/install/sjtu_drone_bringup:/home/ankur/drone_ws/install/pkgg:/opt/ros/humble /usr/bin/cmake --install /home/ankur/ros2_ws/build/drive_drone
[1.184s] -- Install configuration: ""
[1.187s] -- Up-to-date: /home/ankur/ros2_ws/install/drive_drone/lib/drive_drone/p1_a_drive_node
[1.191s] -- Up-to-date: /home/ankur/ros2_ws/install/drive_drone/lib/drive_drone/p1_b_tb3_follower
[1.191s] -- Up-to-date: /home/ankur/ros2_ws/install/drive_drone/share/drive_drone//launch
[1.191s] -- Up-to-date: /home/ankur/ros2_ws/install/drive_drone/share/drive_drone//launch/p1_b_tb3_drone_gazebo.launch.py
[1.191s] -- Up-to-date: /home/ankur/ros2_ws/install/drive_drone/share/drive_drone//launch/p1_a_drone_fly_gazebo_rviz.launch.py
[1.192s] -- Up-to-date: /home/ankur/ros2_ws/install/drive_drone/share/ament_index/resource_index/package_run_dependencies/drive_drone
[1.192s] -- Up-to-date: /home/ankur/ros2_ws/install/drive_drone/share/ament_index/resource_index/parent_prefix_path/drive_drone
[1.193s] -- Up-to-date: /home/ankur/ros2_ws/install/drive_drone/share/drive_drone/environment/ament_prefix_path.sh
[1.193s] -- Up-to-date: /home/ankur/ros2_ws/install/drive_drone/share/drive_drone/environment/ament_prefix_path.dsv
[1.193s] -- Up-to-date: /home/ankur/ros2_ws/install/drive_drone/share/drive_drone/environment/path.sh
[1.193s] -- Up-to-date: /home/ankur/ros2_ws/install/drive_drone/share/drive_drone/environment/path.dsv
[1.193s] -- Up-to-date: /home/ankur/ros2_ws/install/drive_drone/share/drive_drone/local_setup.bash
[1.194s] -- Up-to-date: /home/ankur/ros2_ws/install/drive_drone/share/drive_drone/local_setup.sh
[1.194s] -- Up-to-date: /home/ankur/ros2_ws/install/drive_drone/share/drive_drone/local_setup.zsh
[1.194s] -- Up-to-date: /home/ankur/ros2_ws/install/drive_drone/share/drive_drone/local_setup.dsv
[1.194s] -- Installing: /home/ankur/ros2_ws/install/drive_drone/share/drive_drone/package.dsv
[1.196s] -- Up-to-date: /home/ankur/ros2_ws/install/drive_drone/share/ament_index/resource_index/packages/drive_drone
[1.196s] -- Up-to-date: /home/ankur/ros2_ws/install/drive_drone/share/drive_drone/cmake/drive_droneConfig.cmake
[1.197s] -- Up-to-date: /home/ankur/ros2_ws/install/drive_drone/share/drive_drone/cmake/drive_droneConfig-version.cmake
[1.197s] -- Up-to-date: /home/ankur/ros2_ws/install/drive_drone/share/drive_drone/package.xml
[1.215s] Invoked command in '/home/ankur/ros2_ws/build/drive_drone' returned '0': CMAKE_PREFIX_PATH=${CMAKE_PREFIX_PATH}:/home/ankur/ros2_ws/install/sjtu_drone_bringup:/home/ankur/ros2_ws/install/ibvs:/home/ankur/drone_ws/install/sjtu_drone_control:/home/ankur/drone_ws/install/sjtu_drone_bringup:/home/ankur/drone_ws/install/pkgg:/opt/ros/humble /usr/bin/cmake --install /home/ankur/ros2_ws/build/drive_drone
