[2.322s] DEBUG:colcon:Command line arguments: ['/home/jagadeesh/.local/bin/colcon', 'build']
[2.322s] DEBUG:colcon:Parsed command line arguments: Namespace(log_base=None, log_level=None, verb_name='build', build_base='build', install_base='install', merge_install=False, symlink_install=False, test_result_base=None, continue_on_error=False, executor='parallel', parallel_workers=20, event_handlers=None, ignore_user_meta=False, metas=['./colcon.meta'], base_paths=['.'], packages_ignore=None, packages_ignore_regex=None, paths=None, packages_up_to=None, packages_up_to_regex=None, packages_above=None, packages_above_and_dependencies=None, packages_above_depth=None, packages_select_by_dep=None, packages_skip_by_dep=None, packages_skip_up_to=None, packages_select_build_failed=False, packages_skip_build_finished=False, packages_select_test_failures=False, packages_skip_test_passed=False, packages_select=None, packages_skip=None, packages_select_regex=None, packages_skip_regex=None, packages_start=None, packages_end=None, allow_overriding=[], cmake_args=None, cmake_target=None, cmake_target_skip_unavailable=False, cmake_clean_cache=False, cmake_clean_first=False, cmake_force_configure=False, ament_cmake_args=None, catkin_cmake_args=None, catkin_skip_building_tests=False, verb_parser=<colcon_defaults.argument_parser.defaults.DefaultArgumentsDecorator object at 0x71bb00a01270>, verb_extension=<colcon_core.verb.build.BuildVerb object at 0x71bb00a00d00>, main=<bound method BuildVerb.main of <colcon_core.verb.build.BuildVerb object at 0x71bb00a00d00>>)
[5.851s] Level 1:colcon.colcon_core.package_discovery:discover_packages(colcon_meta) check parameters
[5.851s] Level 1:colcon.colcon_core.package_discovery:discover_packages(recursive) check parameters
[5.851s] Level 1:colcon.colcon_core.package_discovery:discover_packages(ignore) check parameters
[5.851s] Level 1:colcon.colcon_core.package_discovery:discover_packages(path) check parameters
[5.851s] Level 1:colcon.colcon_core.package_discovery:discover_packages(colcon_meta) discover
[5.851s] Level 1:colcon.colcon_core.package_discovery:discover_packages(recursive) discover
[5.852s] INFO:colcon.colcon_core.package_discovery:Crawling recursively for packages in '/home/jagadeesh/ros2_ws'
[5.852s] Level 1:colcon.colcon_core.package_identification:_identify(.) by extensions ['ignore', 'ignore_ament_install']
[5.852s] Level 1:colcon.colcon_core.package_identification:_identify(.) by extension 'ignore'
[5.852s] Level 1:colcon.colcon_core.package_identification:_identify(.) by extension 'ignore_ament_install'
[5.852s] Level 1:colcon.colcon_core.package_identification:_identify(.) by extensions ['colcon_pkg']
[5.852s] Level 1:colcon.colcon_core.package_identification:_identify(.) by extension 'colcon_pkg'
[5.852s] Level 1:colcon.colcon_core.package_identification:_identify(.) by extensions ['colcon_meta']
[5.852s] Level 1:colcon.colcon_core.package_identification:_identify(.) by extension 'colcon_meta'
[5.852s] Level 1:colcon.colcon_core.package_identification:_identify(.) by extensions ['ros']
[5.853s] Level 1:colcon.colcon_core.package_identification:_identify(.) by extension 'ros'
[5.871s] Level 1:colcon.colcon_core.package_identification:_identify(.) by extensions ['cmake', 'python']
[5.871s] Level 1:colcon.colcon_core.package_identification:_identify(.) by extension 'cmake'
[5.871s] Level 1:colcon.colcon_core.package_identification:_identify(.) by extension 'python'
[5.871s] Level 1:colcon.colcon_core.package_identification:_identify(.) by extensions ['python_setup_py']
[5.871s] Level 1:colcon.colcon_core.package_identification:_identify(.) by extension 'python_setup_py'
[5.871s] Level 1:colcon.colcon_core.package_identification:_identify(Video) by extensions ['ignore', 'ignore_ament_install']
[5.871s] Level 1:colcon.colcon_core.package_identification:_identify(Video) by extension 'ignore'
[5.871s] Level 1:colcon.colcon_core.package_identification:_identify(Video) by extension 'ignore_ament_install'
[5.871s] Level 1:colcon.colcon_core.package_identification:_identify(Video) by extensions ['colcon_pkg']
[5.871s] Level 1:colcon.colcon_core.package_identification:_identify(Video) by extension 'colcon_pkg'
[5.871s] Level 1:colcon.colcon_core.package_identification:_identify(Video) by extensions ['colcon_meta']
[5.871s] Level 1:colcon.colcon_core.package_identification:_identify(Video) by extension 'colcon_meta'
[5.871s] Level 1:colcon.colcon_core.package_identification:_identify(Video) by extensions ['ros']
[5.871s] Level 1:colcon.colcon_core.package_identification:_identify(Video) by extension 'ros'
[5.871s] Level 1:colcon.colcon_core.package_identification:_identify(Video) by extensions ['cmake', 'python']
[5.871s] Level 1:colcon.colcon_core.package_identification:_identify(Video) by extension 'cmake'
[5.871s] Level 1:colcon.colcon_core.package_identification:_identify(Video) by extension 'python'
[5.871s] Level 1:colcon.colcon_core.package_identification:_identify(Video) by extensions ['python_setup_py']
[5.871s] Level 1:colcon.colcon_core.package_identification:_identify(Video) by extension 'python_setup_py'
[5.871s] Level 1:colcon.colcon_core.package_identification:_identify(build) by extensions ['ignore', 'ignore_ament_install']
[5.871s] Level 1:colcon.colcon_core.package_identification:_identify(build) by extension 'ignore'
[5.871s] Level 1:colcon.colcon_core.package_identification:_identify(build) ignored
[5.871s] Level 1:colcon.colcon_core.package_identification:_identify(install) by extensions ['ignore', 'ignore_ament_install']
[5.871s] Level 1:colcon.colcon_core.package_identification:_identify(install) by extension 'ignore'
[5.871s] Level 1:colcon.colcon_core.package_identification:_identify(install) ignored
[5.871s] Level 1:colcon.colcon_core.package_identification:_identify(log) by extensions ['ignore', 'ignore_ament_install']
[5.871s] Level 1:colcon.colcon_core.package_identification:_identify(log) by extension 'ignore'
[5.872s] Level 1:colcon.colcon_core.package_identification:_identify(log) ignored
[5.872s] Level 1:colcon.colcon_core.package_identification:_identify(src) by extensions ['ignore', 'ignore_ament_install']
[5.872s] Level 1:colcon.colcon_core.package_identification:_identify(src) by extension 'ignore'
[5.872s] Level 1:colcon.colcon_core.package_identification:_identify(src) by extension 'ignore_ament_install'
[5.872s] Level 1:colcon.colcon_core.package_identification:_identify(src) by extensions ['colcon_pkg']
[5.872s] Level 1:colcon.colcon_core.package_identification:_identify(src) by extension 'colcon_pkg'
[5.872s] Level 1:colcon.colcon_core.package_identification:_identify(src) by extensions ['colcon_meta']
[5.872s] Level 1:colcon.colcon_core.package_identification:_identify(src) by extension 'colcon_meta'
[5.872s] Level 1:colcon.colcon_core.package_identification:_identify(src) by extensions ['ros']
[5.872s] Level 1:colcon.colcon_core.package_identification:_identify(src) by extension 'ros'
[5.872s] Level 1:colcon.colcon_core.package_identification:_identify(src) by extensions ['cmake', 'python']
[5.872s] Level 1:colcon.colcon_core.package_identification:_identify(src) by extension 'cmake'
[5.872s] Level 1:colcon.colcon_core.package_identification:_identify(src) by extension 'python'
[5.872s] Level 1:colcon.colcon_core.package_identification:_identify(src) by extensions ['python_setup_py']
[5.872s] Level 1:colcon.colcon_core.package_identification:_identify(src) by extension 'python_setup_py'
[5.877s] Level 1:colcon.colcon_core.package_identification:_identify(src/drones_ROS2) by extensions ['ignore', 'ignore_ament_install']
[5.877s] Level 1:colcon.colcon_core.package_identification:_identify(src/drones_ROS2) by extension 'ignore'
[5.877s] Level 1:colcon.colcon_core.package_identification:_identify(src/drones_ROS2) by extension 'ignore_ament_install'
[5.877s] Level 1:colcon.colcon_core.package_identification:_identify(src/drones_ROS2) by extensions ['colcon_pkg']
[5.877s] Level 1:colcon.colcon_core.package_identification:_identify(src/drones_ROS2) by extension 'colcon_pkg'
[5.877s] Level 1:colcon.colcon_core.package_identification:_identify(src/drones_ROS2) by extensions ['colcon_meta']
[5.877s] Level 1:colcon.colcon_core.package_identification:_identify(src/drones_ROS2) by extension 'colcon_meta'
[5.877s] Level 1:colcon.colcon_core.package_identification:_identify(src/drones_ROS2) by extensions ['ros']
[5.877s] Level 1:colcon.colcon_core.package_identification:_identify(src/drones_ROS2) by extension 'ros'
[5.877s] Level 1:colcon.colcon_core.package_identification:_identify(src/drones_ROS2) by extensions ['cmake', 'python']
[5.877s] Level 1:colcon.colcon_core.package_identification:_identify(src/drones_ROS2) by extension 'cmake'
[5.877s] Level 1:colcon.colcon_core.package_identification:_identify(src/drones_ROS2) by extension 'python'
[5.877s] Level 1:colcon.colcon_core.package_identification:_identify(src/drones_ROS2) by extensions ['python_setup_py']
[5.877s] Level 1:colcon.colcon_core.package_identification:_identify(src/drones_ROS2) by extension 'python_setup_py'
[5.878s] Level 1:colcon.colcon_core.package_identification:_identify(src/drones_ROS2/build) by extensions ['ignore', 'ignore_ament_install']
[5.878s] Level 1:colcon.colcon_core.package_identification:_identify(src/drones_ROS2/build) by extension 'ignore'
[5.878s] Level 1:colcon.colcon_core.package_identification:_identify(src/drones_ROS2/build) ignored
[5.879s] Level 1:colcon.colcon_core.package_identification:_identify(src/drones_ROS2/drive_drone) by extensions ['ignore', 'ignore_ament_install']
[5.879s] Level 1:colcon.colcon_core.package_identification:_identify(src/drones_ROS2/drive_drone) by extension 'ignore'
[5.879s] Level 1:colcon.colcon_core.package_identification:_identify(src/drones_ROS2/drive_drone) by extension 'ignore_ament_install'
[5.879s] Level 1:colcon.colcon_core.package_identification:_identify(src/drones_ROS2/drive_drone) by extensions ['colcon_pkg']
[5.879s] Level 1:colcon.colcon_core.package_identification:_identify(src/drones_ROS2/drive_drone) by extension 'colcon_pkg'
[5.879s] Level 1:colcon.colcon_core.package_identification:_identify(src/drones_ROS2/drive_drone) by extensions ['colcon_meta']
[5.879s] Level 1:colcon.colcon_core.package_identification:_identify(src/drones_ROS2/drive_drone) by extension 'colcon_meta'
[5.879s] Level 1:colcon.colcon_core.package_identification:_identify(src/drones_ROS2/drive_drone) by extensions ['ros']
[5.880s] Level 1:colcon.colcon_core.package_identification:_identify(src/drones_ROS2/drive_drone) by extension 'ros'
[5.904s] DEBUG:colcon.colcon_core.package_identification:Package 'src/drones_ROS2/drive_drone' with type 'ros.ament_cmake' and name 'drive_drone'
[5.924s] Level 1:colcon.colcon_core.package_identification:_identify(src/drones_ROS2/drone_controller) by extensions ['ignore', 'ignore_ament_install']
[5.924s] Level 1:colcon.colcon_core.package_identification:_identify(src/drones_ROS2/drone_controller) by extension 'ignore'
[5.924s] Level 1:colcon.colcon_core.package_identification:_identify(src/drones_ROS2/drone_controller) by extension 'ignore_ament_install'
[5.924s] Level 1:colcon.colcon_core.package_identification:_identify(src/drones_ROS2/drone_controller) by extensions ['colcon_pkg']
[5.924s] Level 1:colcon.colcon_core.package_identification:_identify(src/drones_ROS2/drone_controller) by extension 'colcon_pkg'
[5.924s] Level 1:colcon.colcon_core.package_identification:_identify(src/drones_ROS2/drone_controller) by extensions ['colcon_meta']
[5.925s] Level 1:colcon.colcon_core.package_identification:_identify(src/drones_ROS2/drone_controller) by extension 'colcon_meta'
[5.925s] Level 1:colcon.colcon_core.package_identification:_identify(src/drones_ROS2/drone_controller) by extensions ['ros']
[5.925s] Level 1:colcon.colcon_core.package_identification:_identify(src/drones_ROS2/drone_controller) by extension 'ros'
[5.940s] DEBUG:colcon.colcon_core.package_identification:Package 'src/drones_ROS2/drone_controller' with type 'ros.ament_python' and name 'drone_controller'
[5.941s] Level 1:colcon.colcon_core.package_identification:_identify(src/drones_ROS2/install) by extensions ['ignore', 'ignore_ament_install']
[5.941s] Level 1:colcon.colcon_core.package_identification:_identify(src/drones_ROS2/install) by extension 'ignore'
[5.941s] Level 1:colcon.colcon_core.package_identification:_identify(src/drones_ROS2/install) ignored
[5.941s] Level 1:colcon.colcon_core.package_identification:_identify(src/drones_ROS2/log) by extensions ['ignore', 'ignore_ament_install']
[5.942s] Level 1:colcon.colcon_core.package_identification:_identify(src/drones_ROS2/log) by extension 'ignore'
[5.942s] Level 1:colcon.colcon_core.package_identification:_identify(src/drones_ROS2/log) ignored
[5.960s] Level 1:colcon.colcon_core.package_identification:_identify(src/drones_ROS2/minimal_diff_drive_robot) by extensions ['ignore', 'ignore_ament_install']
[5.960s] Level 1:colcon.colcon_core.package_identification:_identify(src/drones_ROS2/minimal_diff_drive_robot) by extension 'ignore'
[5.960s] Level 1:colcon.colcon_core.package_identification:_identify(src/drones_ROS2/minimal_diff_drive_robot) by extension 'ignore_ament_install'
[5.961s] Level 1:colcon.colcon_core.package_identification:_identify(src/drones_ROS2/minimal_diff_drive_robot) by extensions ['colcon_pkg']
[5.961s] Level 1:colcon.colcon_core.package_identification:_identify(src/drones_ROS2/minimal_diff_drive_robot) by extension 'colcon_pkg'
[5.961s] Level 1:colcon.colcon_core.package_identification:_identify(src/drones_ROS2/minimal_diff_drive_robot) by extensions ['colcon_meta']
[5.961s] Level 1:colcon.colcon_core.package_identification:_identify(src/drones_ROS2/minimal_diff_drive_robot) by extension 'colcon_meta'
[5.961s] Level 1:colcon.colcon_core.package_identification:_identify(src/drones_ROS2/minimal_diff_drive_robot) by extensions ['ros']
[5.961s] Level 1:colcon.colcon_core.package_identification:_identify(src/drones_ROS2/minimal_diff_drive_robot) by extension 'ros'
[5.972s] DEBUG:colcon.colcon_core.package_identification:Package 'src/drones_ROS2/minimal_diff_drive_robot' with type 'ros.ament_cmake' and name 'minimal_diff_drive_robot'
[5.973s] Level 1:colcon.colcon_core.package_identification:_identify(src/drones_ROS2/sjtu_drone) by extensions ['ignore', 'ignore_ament_install']
[5.973s] Level 1:colcon.colcon_core.package_identification:_identify(src/drones_ROS2/sjtu_drone) by extension 'ignore'
[5.973s] Level 1:colcon.colcon_core.package_identification:_identify(src/drones_ROS2/sjtu_drone) by extension 'ignore_ament_install'
[5.973s] Level 1:colcon.colcon_core.package_identification:_identify(src/drones_ROS2/sjtu_drone) by extensions ['colcon_pkg']
[5.973s] Level 1:colcon.colcon_core.package_identification:_identify(src/drones_ROS2/sjtu_drone) by extension 'colcon_pkg'
[5.973s] Level 1:colcon.colcon_core.package_identification:_identify(src/drones_ROS2/sjtu_drone) by extensions ['colcon_meta']
[5.973s] Level 1:colcon.colcon_core.package_identification:_identify(src/drones_ROS2/sjtu_drone) by extension 'colcon_meta'
[5.974s] Level 1:colcon.colcon_core.package_identification:_identify(src/drones_ROS2/sjtu_drone) by extensions ['ros']
[5.974s] Level 1:colcon.colcon_core.package_identification:_identify(src/drones_ROS2/sjtu_drone) by extension 'ros'
[5.974s] Level 1:colcon.colcon_core.package_identification:_identify(src/drones_ROS2/sjtu_drone) by extensions ['cmake', 'python']
[5.974s] Level 1:colcon.colcon_core.package_identification:_identify(src/drones_ROS2/sjtu_drone) by extension 'cmake'
[5.974s] Level 1:colcon.colcon_core.package_identification:_identify(src/drones_ROS2/sjtu_drone) by extension 'python'
[5.974s] Level 1:colcon.colcon_core.package_identification:_identify(src/drones_ROS2/sjtu_drone) by extensions ['python_setup_py']
[5.974s] Level 1:colcon.colcon_core.package_identification:_identify(src/drones_ROS2/sjtu_drone) by extension 'python_setup_py'
[5.975s] Level 1:colcon.colcon_core.package_identification:_identify(src/drones_ROS2/sjtu_drone/imgs) by extensions ['ignore', 'ignore_ament_install']
[5.975s] Level 1:colcon.colcon_core.package_identification:_identify(src/drones_ROS2/sjtu_drone/imgs) by extension 'ignore'
[5.975s] Level 1:colcon.colcon_core.package_identification:_identify(src/drones_ROS2/sjtu_drone/imgs) by extension 'ignore_ament_install'
[5.975s] Level 1:colcon.colcon_core.package_identification:_identify(src/drones_ROS2/sjtu_drone/imgs) by extensions ['colcon_pkg']
[5.975s] Level 1:colcon.colcon_core.package_identification:_identify(src/drones_ROS2/sjtu_drone/imgs) by extension 'colcon_pkg'
[5.975s] Level 1:colcon.colcon_core.package_identification:_identify(src/drones_ROS2/sjtu_drone/imgs) by extensions ['colcon_meta']
[5.975s] Level 1:colcon.colcon_core.package_identification:_identify(src/drones_ROS2/sjtu_drone/imgs) by extension 'colcon_meta'
[5.975s] Level 1:colcon.colcon_core.package_identification:_identify(src/drones_ROS2/sjtu_drone/imgs) by extensions ['ros']
[5.975s] Level 1:colcon.colcon_core.package_identification:_identify(src/drones_ROS2/sjtu_drone/imgs) by extension 'ros'
[5.976s] Level 1:colcon.colcon_core.package_identification:_identify(src/drones_ROS2/sjtu_drone/imgs) by extensions ['cmake', 'python']
[5.976s] Level 1:colcon.colcon_core.package_identification:_identify(src/drones_ROS2/sjtu_drone/imgs) by extension 'cmake'
[5.976s] Level 1:colcon.colcon_core.package_identification:_identify(src/drones_ROS2/sjtu_drone/imgs) by extension 'python'
[5.976s] Level 1:colcon.colcon_core.package_identification:_identify(src/drones_ROS2/sjtu_drone/imgs) by extensions ['python_setup_py']
[5.976s] Level 1:colcon.colcon_core.package_identification:_identify(src/drones_ROS2/sjtu_drone/imgs) by extension 'python_setup_py'
[5.976s] Level 1:colcon.colcon_core.package_identification:_identify(src/drones_ROS2/sjtu_drone/sjtu_drone_bringup) by extensions ['ignore', 'ignore_ament_install']
[5.976s] Level 1:colcon.colcon_core.package_identification:_identify(src/drones_ROS2/sjtu_drone/sjtu_drone_bringup) by extension 'ignore'
[5.976s] Level 1:colcon.colcon_core.package_identification:_identify(src/drones_ROS2/sjtu_drone/sjtu_drone_bringup) by extension 'ignore_ament_install'
[5.977s] Level 1:colcon.colcon_core.package_identification:_identify(src/drones_ROS2/sjtu_drone/sjtu_drone_bringup) by extensions ['colcon_pkg']
[5.977s] Level 1:colcon.colcon_core.package_identification:_identify(src/drones_ROS2/sjtu_drone/sjtu_drone_bringup) by extension 'colcon_pkg'
[5.977s] Level 1:colcon.colcon_core.package_identification:_identify(src/drones_ROS2/sjtu_drone/sjtu_drone_bringup) by extensions ['colcon_meta']
[5.977s] Level 1:colcon.colcon_core.package_identification:_identify(src/drones_ROS2/sjtu_drone/sjtu_drone_bringup) by extension 'colcon_meta'
[5.977s] Level 1:colcon.colcon_core.package_identification:_identify(src/drones_ROS2/sjtu_drone/sjtu_drone_bringup) by extensions ['ros']
[5.977s] Level 1:colcon.colcon_core.package_identification:_identify(src/drones_ROS2/sjtu_drone/sjtu_drone_bringup) by extension 'ros'
[5.986s] DEBUG:colcon.colcon_core.package_identification:Package 'src/drones_ROS2/sjtu_drone/sjtu_drone_bringup' with type 'ros.ament_python' and name 'sjtu_drone_bringup'
[5.987s] Level 1:colcon.colcon_core.package_identification:_identify(src/drones_ROS2/sjtu_drone/sjtu_drone_description) by extensions ['ignore', 'ignore_ament_install']
[5.987s] Level 1:colcon.colcon_core.package_identification:_identify(src/drones_ROS2/sjtu_drone/sjtu_drone_description) by extension 'ignore'
[5.987s] Level 1:colcon.colcon_core.package_identification:_identify(src/drones_ROS2/sjtu_drone/sjtu_drone_description) by extension 'ignore_ament_install'
[5.987s] Level 1:colcon.colcon_core.package_identification:_identify(src/drones_ROS2/sjtu_drone/sjtu_drone_description) by extensions ['colcon_pkg']
[5.987s] Level 1:colcon.colcon_core.package_identification:_identify(src/drones_ROS2/sjtu_drone/sjtu_drone_description) by extension 'colcon_pkg'
[5.987s] Level 1:colcon.colcon_core.package_identification:_identify(src/drones_ROS2/sjtu_drone/sjtu_drone_description) by extensions ['colcon_meta']
[5.987s] Level 1:colcon.colcon_core.package_identification:_identify(src/drones_ROS2/sjtu_drone/sjtu_drone_description) by extension 'colcon_meta'
[5.987s] Level 1:colcon.colcon_core.package_identification:_identify(src/drones_ROS2/sjtu_drone/sjtu_drone_description) by extensions ['ros']
[5.987s] Level 1:colcon.colcon_core.package_identification:_identify(src/drones_ROS2/sjtu_drone/sjtu_drone_description) by extension 'ros'
[5.990s] DEBUG:colcon.colcon_core.package_identification:Package 'src/drones_ROS2/sjtu_drone/sjtu_drone_description' with type 'ros.ament_cmake' and name 'sjtu_drone_description'
[5.990s] Level 1:colcon.colcon_core.package_discovery:discover_packages(recursive) using defaults
[5.990s] Level 1:colcon.colcon_core.package_discovery:discover_packages(ignore) discover
[5.990s] Level 1:colcon.colcon_core.package_discovery:discover_packages(ignore) using defaults
[5.990s] Level 1:colcon.colcon_core.package_discovery:discover_packages(path) discover
[5.990s] Level 1:colcon.colcon_core.package_discovery:discover_packages(path) using defaults
[6.224s] Level 1:colcon.colcon_core.package_discovery:discover_packages(prefix_path) check parameters
[6.224s] Level 1:colcon.colcon_core.package_discovery:discover_packages(prefix_path) discover
[6.231s] DEBUG:colcon.colcon_installed_package_information.package_discovery:Found 283 installed packages in /opt/ros/humble
[6.234s] Level 1:colcon.colcon_core.package_discovery:discover_packages(prefix_path) using defaults
[6.263s] Level 5:colcon.colcon_core.verb:set package 'drive_drone' build argument 'cmake_args' from command line to 'None'
[6.263s] Level 5:colcon.colcon_core.verb:set package 'drive_drone' build argument 'cmake_target' from command line to 'None'
[6.263s] Level 5:colcon.colcon_core.verb:set package 'drive_drone' build argument 'cmake_target_skip_unavailable' from command line to 'False'
[6.263s] Level 5:colcon.colcon_core.verb:set package 'drive_drone' build argument 'cmake_clean_cache' from command line to 'False'
[6.263s] Level 5:colcon.colcon_core.verb:set package 'drive_drone' build argument 'cmake_clean_first' from command line to 'False'
[6.263s] Level 5:colcon.colcon_core.verb:set package 'drive_drone' build argument 'cmake_force_configure' from command line to 'False'
[6.263s] Level 5:colcon.colcon_core.verb:set package 'drive_drone' build argument 'ament_cmake_args' from command line to 'None'
[6.263s] Level 5:colcon.colcon_core.verb:set package 'drive_drone' build argument 'catkin_cmake_args' from command line to 'None'
[6.263s] Level 5:colcon.colcon_core.verb:set package 'drive_drone' build argument 'catkin_skip_building_tests' from command line to 'False'
[6.263s] DEBUG:colcon.colcon_core.verb:Building package 'drive_drone' with the following arguments: {'ament_cmake_args': None, 'build_base': '/home/jagadeesh/ros2_ws/build/drive_drone', 'catkin_cmake_args': None, 'catkin_skip_building_tests': False, 'cmake_args': None, 'cmake_clean_cache': False, 'cmake_clean_first': False, 'cmake_force_configure': False, 'cmake_target': None, 'cmake_target_skip_unavailable': False, 'install_base': '/home/jagadeesh/ros2_ws/install/drive_drone', 'merge_install': False, 'path': '/home/jagadeesh/ros2_ws/src/drones_ROS2/drive_drone', 'symlink_install': False, 'test_result_base': None}
[6.263s] Level 5:colcon.colcon_core.verb:set package 'drone_controller' build argument 'cmake_args' from command line to 'None'
[6.263s] Level 5:colcon.colcon_core.verb:set package 'drone_controller' build argument 'cmake_target' from command line to 'None'
[6.263s] Level 5:colcon.colcon_core.verb:set package 'drone_controller' build argument 'cmake_target_skip_unavailable' from command line to 'False'
[6.263s] Level 5:colcon.colcon_core.verb:set package 'drone_controller' build argument 'cmake_clean_cache' from command line to 'False'
[6.263s] Level 5:colcon.colcon_core.verb:set package 'drone_controller' build argument 'cmake_clean_first' from command line to 'False'
[6.263s] Level 5:colcon.colcon_core.verb:set package 'drone_controller' build argument 'cmake_force_configure' from command line to 'False'
[6.263s] Level 5:colcon.colcon_core.verb:set package 'drone_controller' build argument 'ament_cmake_args' from command line to 'None'
[6.263s] Level 5:colcon.colcon_core.verb:set package 'drone_controller' build argument 'catkin_cmake_args' from command line to 'None'
[6.263s] Level 5:colcon.colcon_core.verb:set package 'drone_controller' build argument 'catkin_skip_building_tests' from command line to 'False'
[6.263s] DEBUG:colcon.colcon_core.verb:Building package 'drone_controller' with the following arguments: {'ament_cmake_args': None, 'build_base': '/home/jagadeesh/ros2_ws/build/drone_controller', 'catkin_cmake_args': None, 'catkin_skip_building_tests': False, 'cmake_args': None, 'cmake_clean_cache': False, 'cmake_clean_first': False, 'cmake_force_configure': False, 'cmake_target': None, 'cmake_target_skip_unavailable': False, 'install_base': '/home/jagadeesh/ros2_ws/install/drone_controller', 'merge_install': False, 'path': '/home/jagadeesh/ros2_ws/src/drones_ROS2/drone_controller', 'symlink_install': False, 'test_result_base': None}
[6.263s] Level 5:colcon.colcon_core.verb:set package 'minimal_diff_drive_robot' build argument 'cmake_args' from command line to 'None'
[6.263s] Level 5:colcon.colcon_core.verb:set package 'minimal_diff_drive_robot' build argument 'cmake_target' from command line to 'None'
[6.263s] Level 5:colcon.colcon_core.verb:set package 'minimal_diff_drive_robot' build argument 'cmake_target_skip_unavailable' from command line to 'False'
[6.263s] Level 5:colcon.colcon_core.verb:set package 'minimal_diff_drive_robot' build argument 'cmake_clean_cache' from command line to 'False'
[6.263s] Level 5:colcon.colcon_core.verb:set package 'minimal_diff_drive_robot' build argument 'cmake_clean_first' from command line to 'False'
[6.263s] Level 5:colcon.colcon_core.verb:set package 'minimal_diff_drive_robot' build argument 'cmake_force_configure' from command line to 'False'
[6.263s] Level 5:colcon.colcon_core.verb:set package 'minimal_diff_drive_robot' build argument 'ament_cmake_args' from command line to 'None'
[6.263s] Level 5:colcon.colcon_core.verb:set package 'minimal_diff_drive_robot' build argument 'catkin_cmake_args' from command line to 'None'
[6.263s] Level 5:colcon.colcon_core.verb:set package 'minimal_diff_drive_robot' build argument 'catkin_skip_building_tests' from command line to 'False'
[6.263s] DEBUG:colcon.colcon_core.verb:Building package 'minimal_diff_drive_robot' with the following arguments: {'ament_cmake_args': None, 'build_base': '/home/jagadeesh/ros2_ws/build/minimal_diff_drive_robot', 'catkin_cmake_args': None, 'catkin_skip_building_tests': False, 'cmake_args': None, 'cmake_clean_cache': False, 'cmake_clean_first': False, 'cmake_force_configure': False, 'cmake_target': None, 'cmake_target_skip_unavailable': False, 'install_base': '/home/jagadeesh/ros2_ws/install/minimal_diff_drive_robot', 'merge_install': False, 'path': '/home/jagadeesh/ros2_ws/src/drones_ROS2/minimal_diff_drive_robot', 'symlink_install': False, 'test_result_base': None}
[6.263s] Level 5:colcon.colcon_core.verb:set package 'sjtu_drone_bringup' build argument 'cmake_args' from command line to 'None'
[6.263s] Level 5:colcon.colcon_core.verb:set package 'sjtu_drone_bringup' build argument 'cmake_target' from command line to 'None'
[6.263s] Level 5:colcon.colcon_core.verb:set package 'sjtu_drone_bringup' build argument 'cmake_target_skip_unavailable' from command line to 'False'
[6.263s] Level 5:colcon.colcon_core.verb:set package 'sjtu_drone_bringup' build argument 'cmake_clean_cache' from command line to 'False'
[6.263s] Level 5:colcon.colcon_core.verb:set package 'sjtu_drone_bringup' build argument 'cmake_clean_first' from command line to 'False'
[6.263s] Level 5:colcon.colcon_core.verb:set package 'sjtu_drone_bringup' build argument 'cmake_force_configure' from command line to 'False'
[6.263s] Level 5:colcon.colcon_core.verb:set package 'sjtu_drone_bringup' build argument 'ament_cmake_args' from command line to 'None'
[6.263s] Level 5:colcon.colcon_core.verb:set package 'sjtu_drone_bringup' build argument 'catkin_cmake_args' from command line to 'None'
[6.263s] Level 5:colcon.colcon_core.verb:set package 'sjtu_drone_bringup' build argument 'catkin_skip_building_tests' from command line to 'False'
[6.263s] DEBUG:colcon.colcon_core.verb:Building package 'sjtu_drone_bringup' with the following arguments: {'ament_cmake_args': None, 'build_base': '/home/jagadeesh/ros2_ws/build/sjtu_drone_bringup', 'catkin_cmake_args': None, 'catkin_skip_building_tests': False, 'cmake_args': None, 'cmake_clean_cache': False, 'cmake_clean_first': False, 'cmake_force_configure': False, 'cmake_target': None, 'cmake_target_skip_unavailable': False, 'install_base': '/home/jagadeesh/ros2_ws/install/sjtu_drone_bringup', 'merge_install': False, 'path': '/home/jagadeesh/ros2_ws/src/drones_ROS2/sjtu_drone/sjtu_drone_bringup', 'symlink_install': False, 'test_result_base': None}
[6.264s] Level 5:colcon.colcon_core.verb:set package 'sjtu_drone_description' build argument 'cmake_args' from command line to 'None'
[6.264s] Level 5:colcon.colcon_core.verb:set package 'sjtu_drone_description' build argument 'cmake_target' from command line to 'None'
[6.264s] Level 5:colcon.colcon_core.verb:set package 'sjtu_drone_description' build argument 'cmake_target_skip_unavailable' from command line to 'False'
[6.264s] Level 5:colcon.colcon_core.verb:set package 'sjtu_drone_description' build argument 'cmake_clean_cache' from command line to 'False'
[6.264s] Level 5:colcon.colcon_core.verb:set package 'sjtu_drone_description' build argument 'cmake_clean_first' from command line to 'False'
[6.264s] Level 5:colcon.colcon_core.verb:set package 'sjtu_drone_description' build argument 'cmake_force_configure' from command line to 'False'
[6.264s] Level 5:colcon.colcon_core.verb:set package 'sjtu_drone_description' build argument 'ament_cmake_args' from command line to 'None'
[6.264s] Level 5:colcon.colcon_core.verb:set package 'sjtu_drone_description' build argument 'catkin_cmake_args' from command line to 'None'
[6.264s] Level 5:colcon.colcon_core.verb:set package 'sjtu_drone_description' build argument 'catkin_skip_building_tests' from command line to 'False'
[6.264s] DEBUG:colcon.colcon_core.verb:Building package 'sjtu_drone_description' with the following arguments: {'ament_cmake_args': None, 'build_base': '/home/jagadeesh/ros2_ws/build/sjtu_drone_description', 'catkin_cmake_args': None, 'catkin_skip_building_tests': False, 'cmake_args': None, 'cmake_clean_cache': False, 'cmake_clean_first': False, 'cmake_force_configure': False, 'cmake_target': None, 'cmake_target_skip_unavailable': False, 'install_base': '/home/jagadeesh/ros2_ws/install/sjtu_drone_description', 'merge_install': False, 'path': '/home/jagadeesh/ros2_ws/src/drones_ROS2/sjtu_drone/sjtu_drone_description', 'symlink_install': False, 'test_result_base': None}
[6.264s] INFO:colcon.colcon_core.executor:Executing jobs using 'parallel' executor
[6.264s] DEBUG:colcon.colcon_parallel_executor.executor.parallel:run_until_complete
[6.264s] INFO:colcon.colcon_ros.task.ament_cmake.build:Building ROS package in '/home/jagadeesh/ros2_ws/src/drones_ROS2/drive_drone' with build type 'ament_cmake'
[6.264s] INFO:colcon.colcon_cmake.task.cmake.build:Building CMake package in '/home/jagadeesh/ros2_ws/src/drones_ROS2/drive_drone'
[6.286s] INFO:colcon.colcon_core.plugin_system:Skipping extension 'colcon_core.shell.bat': Not used on non-Windows systems
[6.286s] INFO:colcon.colcon_core.shell:Skip shell extension 'powershell' for command environment: Not usable outside of PowerShell
[6.286s] DEBUG:colcon.colcon_core.shell:Skip shell extension 'dsv' for command environment
[6.306s] INFO:colcon.colcon_ros.task.ament_python.build:Building ROS package in '/home/jagadeesh/ros2_ws/src/drones_ROS2/drone_controller' with build type 'ament_python'
[6.307s] Level 1:colcon.colcon_core.shell:create_environment_hook('drone_controller', 'ament_prefix_path')
[6.307s] INFO:colcon.colcon_core.shell:Creating environment hook '/home/jagadeesh/ros2_ws/install/drone_controller/share/drone_controller/hook/ament_prefix_path.ps1'
[6.309s] INFO:colcon.colcon_core.shell:Creating environment descriptor '/home/jagadeesh/ros2_ws/install/drone_controller/share/drone_controller/hook/ament_prefix_path.dsv'
[6.310s] INFO:colcon.colcon_core.shell:Creating environment hook '/home/jagadeesh/ros2_ws/install/drone_controller/share/drone_controller/hook/ament_prefix_path.sh'
[6.312s] INFO:colcon.colcon_core.shell:Skip shell extension 'powershell' for command environment: Not usable outside of PowerShell
[6.312s] DEBUG:colcon.colcon_core.shell:Skip shell extension 'dsv' for command environment
[6.315s] INFO:colcon.colcon_ros.task.ament_cmake.build:Building ROS package in '/home/jagadeesh/ros2_ws/src/drones_ROS2/minimal_diff_drive_robot' with build type 'ament_cmake'
[6.316s] INFO:colcon.colcon_cmake.task.cmake.build:Building CMake package in '/home/jagadeesh/ros2_ws/src/drones_ROS2/minimal_diff_drive_robot'
[6.316s] INFO:colcon.colcon_core.shell:Skip shell extension 'powershell' for command environment: Not usable outside of PowerShell
[6.316s] DEBUG:colcon.colcon_core.shell:Skip shell extension 'dsv' for command environment
[6.319s] INFO:colcon.colcon_ros.task.ament_python.build:Building ROS package in '/home/jagadeesh/ros2_ws/src/drones_ROS2/sjtu_drone/sjtu_drone_bringup' with build type 'ament_python'
[6.319s] Level 1:colcon.colcon_core.shell:create_environment_hook('sjtu_drone_bringup', 'ament_prefix_path')
[6.319s] INFO:colcon.colcon_core.shell:Creating environment hook '/home/jagadeesh/ros2_ws/install/sjtu_drone_bringup/share/sjtu_drone_bringup/hook/ament_prefix_path.ps1'
[6.320s] INFO:colcon.colcon_core.shell:Creating environment descriptor '/home/jagadeesh/ros2_ws/install/sjtu_drone_bringup/share/sjtu_drone_bringup/hook/ament_prefix_path.dsv'
[6.320s] INFO:colcon.colcon_core.shell:Creating environment hook '/home/jagadeesh/ros2_ws/install/sjtu_drone_bringup/share/sjtu_drone_bringup/hook/ament_prefix_path.sh'
[6.321s] INFO:colcon.colcon_core.shell:Skip shell extension 'powershell' for command environment: Not usable outside of PowerShell
[6.321s] DEBUG:colcon.colcon_core.shell:Skip shell extension 'dsv' for command environment
[6.324s] INFO:colcon.colcon_ros.task.ament_cmake.build:Building ROS package in '/home/jagadeesh/ros2_ws/src/drones_ROS2/sjtu_drone/sjtu_drone_description' with build type 'ament_cmake'
[6.325s] INFO:colcon.colcon_cmake.task.cmake.build:Building CMake package in '/home/jagadeesh/ros2_ws/src/drones_ROS2/sjtu_drone/sjtu_drone_description'
[6.325s] INFO:colcon.colcon_core.shell:Skip shell extension 'powershell' for command environment: Not usable outside of PowerShell
[6.325s] DEBUG:colcon.colcon_core.shell:Skip shell extension 'dsv' for command environment
[6.369s] DEBUG:colcon.colcon_core.event_handler.log_command:Invoking command in '/home/jagadeesh/ros2_ws/build/drive_drone': CMAKE_PREFIX_PATH=/opt/ros/humble /usr/bin/cmake --build /home/jagadeesh/ros2_ws/build/drive_drone -- -j20 -l20
[6.732s] INFO:colcon.colcon_core.task.python.build:Building Python package in '/home/jagadeesh/ros2_ws/src/drones_ROS2/drone_controller'
[6.732s] INFO:colcon.colcon_core.shell:Skip shell extension 'powershell' for command environment: Not usable outside of PowerShell
[6.732s] DEBUG:colcon.colcon_core.shell:Skip shell extension 'dsv' for command environment
[6.789s] DEBUG:colcon.colcon_core.event_handler.log_command:Invoking command in '/home/jagadeesh/ros2_ws/build/minimal_diff_drive_robot': CMAKE_PREFIX_PATH=/opt/ros/humble /usr/bin/cmake --build /home/jagadeesh/ros2_ws/build/minimal_diff_drive_robot -- -j20 -l20
[6.941s] INFO:colcon.colcon_core.task.python.build:Building Python package in '/home/jagadeesh/ros2_ws/src/drones_ROS2/sjtu_drone/sjtu_drone_bringup'
[6.941s] INFO:colcon.colcon_core.shell:Skip shell extension 'powershell' for command environment: Not usable outside of PowerShell
[6.941s] DEBUG:colcon.colcon_core.shell:Skip shell extension 'dsv' for command environment
[7.002s] DEBUG:colcon.colcon_core.event_handler.log_command:Invoking command in '/home/jagadeesh/ros2_ws/build/sjtu_drone_description': CMAKE_PREFIX_PATH=/opt/ros/humble /usr/bin/cmake --build /home/jagadeesh/ros2_ws/build/sjtu_drone_description -- -j20 -l20
[7.623s] DEBUG:colcon.colcon_core.event_handler.log_command:Invoked command in '/home/jagadeesh/ros2_ws/build/minimal_diff_drive_robot' returned '0': CMAKE_PREFIX_PATH=/opt/ros/humble /usr/bin/cmake --build /home/jagadeesh/ros2_ws/build/minimal_diff_drive_robot -- -j20 -l20
[7.672s] DEBUG:colcon.colcon_core.event_handler.log_command:Invoking command in '/home/jagadeesh/ros2_ws/build/minimal_diff_drive_robot': CMAKE_PREFIX_PATH=/opt/ros/humble /usr/bin/cmake --install /home/jagadeesh/ros2_ws/build/minimal_diff_drive_robot
[7.801s] Level 1:colcon.colcon_core.environment:create_environment_scripts_only(minimal_diff_drive_robot)
[7.801s] DEBUG:colcon.colcon_core.event_handler.log_command:Invoked command in '/home/jagadeesh/ros2_ws/build/minimal_diff_drive_robot' returned '0': CMAKE_PREFIX_PATH=/opt/ros/humble /usr/bin/cmake --install /home/jagadeesh/ros2_ws/build/minimal_diff_drive_robot
[8.134s] Level 1:colcon.colcon_core.environment:checking '/home/jagadeesh/ros2_ws/install/minimal_diff_drive_robot' for CMake module files
[8.135s] Level 1:colcon.colcon_core.environment:checking '/home/jagadeesh/ros2_ws/install/minimal_diff_drive_robot' for CMake config files
[8.136s] Level 1:colcon.colcon_core.shell:create_environment_hook('minimal_diff_drive_robot', 'cmake_prefix_path')
[8.136s] INFO:colcon.colcon_core.shell:Creating environment hook '/home/jagadeesh/ros2_ws/install/minimal_diff_drive_robot/share/minimal_diff_drive_robot/hook/cmake_prefix_path.ps1'
[8.149s] INFO:colcon.colcon_core.shell:Creating environment descriptor '/home/jagadeesh/ros2_ws/install/minimal_diff_drive_robot/share/minimal_diff_drive_robot/hook/cmake_prefix_path.dsv'
[8.149s] INFO:colcon.colcon_core.shell:Creating environment hook '/home/jagadeesh/ros2_ws/install/minimal_diff_drive_robot/share/minimal_diff_drive_robot/hook/cmake_prefix_path.sh'
[8.151s] Level 1:colcon.colcon_core.environment:checking '/home/jagadeesh/ros2_ws/install/minimal_diff_drive_robot/bin'
[8.151s] Level 1:colcon.colcon_core.environment:checking '/home/jagadeesh/ros2_ws/install/minimal_diff_drive_robot/lib/pkgconfig/minimal_diff_drive_robot.pc'
[8.151s] Level 1:colcon.colcon_core.environment:checking '/home/jagadeesh/ros2_ws/install/minimal_diff_drive_robot/lib/python3.10/site-packages'
[8.152s] Level 1:colcon.colcon_core.environment:checking '/home/jagadeesh/ros2_ws/install/minimal_diff_drive_robot/bin'
[8.152s] INFO:colcon.colcon_core.shell:Creating package script '/home/jagadeesh/ros2_ws/install/minimal_diff_drive_robot/share/minimal_diff_drive_robot/package.ps1'
[8.157s] INFO:colcon.colcon_core.shell:Creating package descriptor '/home/jagadeesh/ros2_ws/install/minimal_diff_drive_robot/share/minimal_diff_drive_robot/package.dsv'
[8.197s] INFO:colcon.colcon_core.shell:Creating package script '/home/jagadeesh/ros2_ws/install/minimal_diff_drive_robot/share/minimal_diff_drive_robot/package.sh'
[8.203s] INFO:colcon.colcon_core.shell:Creating package script '/home/jagadeesh/ros2_ws/install/minimal_diff_drive_robot/share/minimal_diff_drive_robot/package.bash'
[8.226s] INFO:colcon.colcon_core.shell:Creating package script '/home/jagadeesh/ros2_ws/install/minimal_diff_drive_robot/share/minimal_diff_drive_robot/package.zsh'
[8.261s] Level 1:colcon.colcon_core.environment:create_file_with_runtime_dependencies(/home/jagadeesh/ros2_ws/install/minimal_diff_drive_robot/share/colcon-core/packages/minimal_diff_drive_robot)
[8.322s] Level 1:colcon.colcon_core.environment:create_environment_scripts_only(minimal_diff_drive_robot)
[8.323s] Level 1:colcon.colcon_core.environment:checking '/home/jagadeesh/ros2_ws/install/minimal_diff_drive_robot' for CMake module files
[8.323s] Level 1:colcon.colcon_core.environment:checking '/home/jagadeesh/ros2_ws/install/minimal_diff_drive_robot' for CMake config files
[8.324s] Level 1:colcon.colcon_core.shell:create_environment_hook('minimal_diff_drive_robot', 'cmake_prefix_path')
[8.324s] INFO:colcon.colcon_core.shell:Creating environment hook '/home/jagadeesh/ros2_ws/install/minimal_diff_drive_robot/share/minimal_diff_drive_robot/hook/cmake_prefix_path.ps1'
[8.325s] INFO:colcon.colcon_core.shell:Creating environment descriptor '/home/jagadeesh/ros2_ws/install/minimal_diff_drive_robot/share/minimal_diff_drive_robot/hook/cmake_prefix_path.dsv'
[8.325s] INFO:colcon.colcon_core.shell:Creating environment hook '/home/jagadeesh/ros2_ws/install/minimal_diff_drive_robot/share/minimal_diff_drive_robot/hook/cmake_prefix_path.sh'
[8.326s] Level 1:colcon.colcon_core.environment:checking '/home/jagadeesh/ros2_ws/install/minimal_diff_drive_robot/bin'
[8.326s] Level 1:colcon.colcon_core.environment:checking '/home/jagadeesh/ros2_ws/install/minimal_diff_drive_robot/lib/pkgconfig/minimal_diff_drive_robot.pc'
[8.326s] Level 1:colcon.colcon_core.environment:checking '/home/jagadeesh/ros2_ws/install/minimal_diff_drive_robot/lib/python3.10/site-packages'
[8.326s] Level 1:colcon.colcon_core.environment:checking '/home/jagadeesh/ros2_ws/install/minimal_diff_drive_robot/bin'
[8.327s] INFO:colcon.colcon_core.shell:Creating package script '/home/jagadeesh/ros2_ws/install/minimal_diff_drive_robot/share/minimal_diff_drive_robot/package.ps1'
[8.327s] INFO:colcon.colcon_core.shell:Creating package descriptor '/home/jagadeesh/ros2_ws/install/minimal_diff_drive_robot/share/minimal_diff_drive_robot/package.dsv'
[8.328s] INFO:colcon.colcon_core.shell:Creating package script '/home/jagadeesh/ros2_ws/install/minimal_diff_drive_robot/share/minimal_diff_drive_robot/package.sh'
[8.328s] INFO:colcon.colcon_core.shell:Creating package script '/home/jagadeesh/ros2_ws/install/minimal_diff_drive_robot/share/minimal_diff_drive_robot/package.bash'
[8.328s] INFO:colcon.colcon_core.shell:Creating package script '/home/jagadeesh/ros2_ws/install/minimal_diff_drive_robot/share/minimal_diff_drive_robot/package.zsh'
[8.329s] Level 1:colcon.colcon_core.environment:create_file_with_runtime_dependencies(/home/jagadeesh/ros2_ws/install/minimal_diff_drive_robot/share/colcon-core/packages/minimal_diff_drive_robot)
[8.537s] DEBUG:colcon.colcon_core.event_handler.log_command:Invoked command in '/home/jagadeesh/ros2_ws/build/drive_drone' returned '0': CMAKE_PREFIX_PATH=/opt/ros/humble /usr/bin/cmake --build /home/jagadeesh/ros2_ws/build/drive_drone -- -j20 -l20
[8.567s] DEBUG:colcon.colcon_core.event_handler.log_command:Invoking command in '/home/jagadeesh/ros2_ws/build/drive_drone': CMAKE_PREFIX_PATH=/opt/ros/humble /usr/bin/cmake --install /home/jagadeesh/ros2_ws/build/drive_drone
[8.835s] Level 1:colcon.colcon_core.environment:create_environment_scripts_only(drive_drone)
[8.835s] DEBUG:colcon.colcon_core.event_handler.log_command:Invoked command in '/home/jagadeesh/ros2_ws/build/drive_drone' returned '0': CMAKE_PREFIX_PATH=/opt/ros/humble /usr/bin/cmake --install /home/jagadeesh/ros2_ws/build/drive_drone
[8.836s] Level 1:colcon.colcon_core.environment:checking '/home/jagadeesh/ros2_ws/install/drive_drone' for CMake module files
[8.837s] Level 1:colcon.colcon_core.environment:checking '/home/jagadeesh/ros2_ws/install/drive_drone' for CMake config files
[8.837s] Level 1:colcon.colcon_core.shell:create_environment_hook('drive_drone', 'cmake_prefix_path')
[8.838s] INFO:colcon.colcon_core.shell:Creating environment hook '/home/jagadeesh/ros2_ws/install/drive_drone/share/drive_drone/hook/cmake_prefix_path.ps1'
[8.843s] INFO:colcon.colcon_core.shell:Creating environment descriptor '/home/jagadeesh/ros2_ws/install/drive_drone/share/drive_drone/hook/cmake_prefix_path.dsv'
[8.844s] INFO:colcon.colcon_core.shell:Creating environment hook '/home/jagadeesh/ros2_ws/install/drive_drone/share/drive_drone/hook/cmake_prefix_path.sh'
[8.845s] Level 1:colcon.colcon_core.environment:checking '/home/jagadeesh/ros2_ws/install/drive_drone/lib'
[8.845s] Level 1:colcon.colcon_core.environment:checking '/home/jagadeesh/ros2_ws/install/drive_drone/bin'
[8.845s] Level 1:colcon.colcon_core.environment:checking '/home/jagadeesh/ros2_ws/install/drive_drone/lib/pkgconfig/drive_drone.pc'
[8.846s] Level 1:colcon.colcon_core.environment:checking '/home/jagadeesh/ros2_ws/install/drive_drone/lib/python3.10/site-packages'
[8.846s] Level 1:colcon.colcon_core.environment:checking '/home/jagadeesh/ros2_ws/install/drive_drone/bin'
[8.847s] INFO:colcon.colcon_core.shell:Creating package script '/home/jagadeesh/ros2_ws/install/drive_drone/share/drive_drone/package.ps1'
[8.848s] INFO:colcon.colcon_core.shell:Creating package descriptor '/home/jagadeesh/ros2_ws/install/drive_drone/share/drive_drone/package.dsv'
[8.848s] INFO:colcon.colcon_core.shell:Creating package script '/home/jagadeesh/ros2_ws/install/drive_drone/share/drive_drone/package.sh'
[8.849s] INFO:colcon.colcon_core.shell:Creating package script '/home/jagadeesh/ros2_ws/install/drive_drone/share/drive_drone/package.bash'
[8.849s] INFO:colcon.colcon_core.shell:Creating package script '/home/jagadeesh/ros2_ws/install/drive_drone/share/drive_drone/package.zsh'
[8.850s] Level 1:colcon.colcon_core.environment:create_file_with_runtime_dependencies(/home/jagadeesh/ros2_ws/install/drive_drone/share/colcon-core/packages/drive_drone)
[8.901s] Level 1:colcon.colcon_core.environment:create_environment_scripts_only(drive_drone)
[8.901s] Level 1:colcon.colcon_core.environment:checking '/home/jagadeesh/ros2_ws/install/drive_drone' for CMake module files
[8.902s] Level 1:colcon.colcon_core.environment:checking '/home/jagadeesh/ros2_ws/install/drive_drone' for CMake config files
[8.903s] Level 1:colcon.colcon_core.shell:create_environment_hook('drive_drone', 'cmake_prefix_path')
[8.903s] INFO:colcon.colcon_core.shell:Creating environment hook '/home/jagadeesh/ros2_ws/install/drive_drone/share/drive_drone/hook/cmake_prefix_path.ps1'
[8.904s] INFO:colcon.colcon_core.shell:Creating environment descriptor '/home/jagadeesh/ros2_ws/install/drive_drone/share/drive_drone/hook/cmake_prefix_path.dsv'
[8.904s] INFO:colcon.colcon_core.shell:Creating environment hook '/home/jagadeesh/ros2_ws/install/drive_drone/share/drive_drone/hook/cmake_prefix_path.sh'
[8.905s] Level 1:colcon.colcon_core.environment:checking '/home/jagadeesh/ros2_ws/install/drive_drone/lib'
[8.905s] Level 1:colcon.colcon_core.environment:checking '/home/jagadeesh/ros2_ws/install/drive_drone/bin'
[8.905s] Level 1:colcon.colcon_core.environment:checking '/home/jagadeesh/ros2_ws/install/drive_drone/lib/pkgconfig/drive_drone.pc'
[8.905s] Level 1:colcon.colcon_core.environment:checking '/home/jagadeesh/ros2_ws/install/drive_drone/lib/python3.10/site-packages'
[8.905s] Level 1:colcon.colcon_core.environment:checking '/home/jagadeesh/ros2_ws/install/drive_drone/bin'
[8.906s] INFO:colcon.colcon_core.shell:Creating package script '/home/jagadeesh/ros2_ws/install/drive_drone/share/drive_drone/package.ps1'
[8.906s] INFO:colcon.colcon_core.shell:Creating package descriptor '/home/jagadeesh/ros2_ws/install/drive_drone/share/drive_drone/package.dsv'
[8.907s] INFO:colcon.colcon_core.shell:Creating package script '/home/jagadeesh/ros2_ws/install/drive_drone/share/drive_drone/package.sh'
[8.907s] INFO:colcon.colcon_core.shell:Creating package script '/home/jagadeesh/ros2_ws/install/drive_drone/share/drive_drone/package.bash'
[8.907s] INFO:colcon.colcon_core.shell:Creating package script '/home/jagadeesh/ros2_ws/install/drive_drone/share/drive_drone/package.zsh'
[8.907s] Level 1:colcon.colcon_core.environment:create_file_with_runtime_dependencies(/home/jagadeesh/ros2_ws/install/drive_drone/share/colcon-core/packages/drive_drone)
[8.921s] DEBUG:colcon.colcon_core.event_handler.log_command:Invoking command in '/home/jagadeesh/ros2_ws/src/drones_ROS2/sjtu_drone/sjtu_drone_bringup': PYTHONPATH=/home/jagadeesh/ros2_ws/build/sjtu_drone_bringup/prefix_override:/home/jagadeesh/ros2_ws/install/sjtu_drone_bringup/lib/python3.10/site-packages:${PYTHONPATH} /usr/bin/python3 -W ignore:setup.py install is deprecated setup.py egg_info --egg-base ../../../../build/sjtu_drone_bringup build --build-base /home/jagadeesh/ros2_ws/build/sjtu_drone_bringup/build install --record /home/jagadeesh/ros2_ws/build/sjtu_drone_bringup/install.log --single-version-externally-managed install_data
[8.922s] DEBUG:colcon.colcon_core.event_handler.log_command:Invoking command in '/home/jagadeesh/ros2_ws/src/drones_ROS2/drone_controller': PYTHONPATH=/home/jagadeesh/ros2_ws/build/drone_controller/prefix_override:/home/jagadeesh/ros2_ws/install/drone_controller/lib/python3.10/site-packages:${PYTHONPATH} /usr/bin/python3 -W ignore:setup.py install is deprecated setup.py egg_info --egg-base ../../../build/drone_controller build --build-base /home/jagadeesh/ros2_ws/build/drone_controller/build install --record /home/jagadeesh/ros2_ws/build/drone_controller/install.log --single-version-externally-managed install_data
[9.262s] Level 1:colcon.colcon_core.environment:checking '/home/jagadeesh/ros2_ws/install/drone_controller' for CMake module files
[9.262s] DEBUG:colcon.colcon_core.event_handler.log_command:Invoked command in '/home/jagadeesh/ros2_ws/src/drones_ROS2/drone_controller' returned '0': PYTHONPATH=/home/jagadeesh/ros2_ws/build/drone_controller/prefix_override:/home/jagadeesh/ros2_ws/install/drone_controller/lib/python3.10/site-packages:${PYTHONPATH} /usr/bin/python3 -W ignore:setup.py install is deprecated setup.py egg_info --egg-base ../../../build/drone_controller build --build-base /home/jagadeesh/ros2_ws/build/drone_controller/build install --record /home/jagadeesh/ros2_ws/build/drone_controller/install.log --single-version-externally-managed install_data
[9.263s] Level 1:colcon.colcon_core.environment:checking '/home/jagadeesh/ros2_ws/install/drone_controller' for CMake config files
[9.263s] Level 1:colcon.colcon_core.environment:checking '/home/jagadeesh/ros2_ws/install/drone_controller/lib'
[9.263s] Level 1:colcon.colcon_core.environment:checking '/home/jagadeesh/ros2_ws/install/drone_controller/bin'
[9.263s] Level 1:colcon.colcon_core.environment:checking '/home/jagadeesh/ros2_ws/install/drone_controller/lib/pkgconfig/drone_controller.pc'
[9.263s] Level 1:colcon.colcon_core.environment:checking '/home/jagadeesh/ros2_ws/install/drone_controller/lib/python3.10/site-packages'
[9.263s] Level 1:colcon.colcon_core.shell:create_environment_hook('drone_controller', 'pythonpath')
[9.263s] INFO:colcon.colcon_core.shell:Creating environment hook '/home/jagadeesh/ros2_ws/install/drone_controller/share/drone_controller/hook/pythonpath.ps1'
[9.264s] INFO:colcon.colcon_core.shell:Creating environment descriptor '/home/jagadeesh/ros2_ws/install/drone_controller/share/drone_controller/hook/pythonpath.dsv'
[9.264s] INFO:colcon.colcon_core.shell:Creating environment hook '/home/jagadeesh/ros2_ws/install/drone_controller/share/drone_controller/hook/pythonpath.sh'
[9.264s] Level 1:colcon.colcon_core.environment:checking '/home/jagadeesh/ros2_ws/install/drone_controller/bin'
[9.264s] Level 1:colcon.colcon_core.environment:create_environment_scripts_only(drone_controller)
[9.264s] INFO:colcon.colcon_core.shell:Creating package script '/home/jagadeesh/ros2_ws/install/drone_controller/share/drone_controller/package.ps1'
[9.265s] INFO:colcon.colcon_core.shell:Creating package descriptor '/home/jagadeesh/ros2_ws/install/drone_controller/share/drone_controller/package.dsv'
[9.265s] INFO:colcon.colcon_core.shell:Creating package script '/home/jagadeesh/ros2_ws/install/drone_controller/share/drone_controller/package.sh'
[9.265s] INFO:colcon.colcon_core.shell:Creating package script '/home/jagadeesh/ros2_ws/install/drone_controller/share/drone_controller/package.bash'
[9.265s] INFO:colcon.colcon_core.shell:Creating package script '/home/jagadeesh/ros2_ws/install/drone_controller/share/drone_controller/package.zsh'
[9.265s] Level 1:colcon.colcon_core.environment:create_file_with_runtime_dependencies(/home/jagadeesh/ros2_ws/install/drone_controller/share/colcon-core/packages/drone_controller)
[9.275s] Level 1:colcon.colcon_core.environment:checking '/home/jagadeesh/ros2_ws/install/sjtu_drone_bringup' for CMake module files
[9.275s] DEBUG:colcon.colcon_core.event_handler.log_command:Invoked command in '/home/jagadeesh/ros2_ws/src/drones_ROS2/sjtu_drone/sjtu_drone_bringup' returned '0': PYTHONPATH=/home/jagadeesh/ros2_ws/build/sjtu_drone_bringup/prefix_override:/home/jagadeesh/ros2_ws/install/sjtu_drone_bringup/lib/python3.10/site-packages:${PYTHONPATH} /usr/bin/python3 -W ignore:setup.py install is deprecated setup.py egg_info --egg-base ../../../../build/sjtu_drone_bringup build --build-base /home/jagadeesh/ros2_ws/build/sjtu_drone_bringup/build install --record /home/jagadeesh/ros2_ws/build/sjtu_drone_bringup/install.log --single-version-externally-managed install_data
[9.275s] Level 1:colcon.colcon_core.environment:checking '/home/jagadeesh/ros2_ws/install/sjtu_drone_bringup' for CMake config files
[9.277s] Level 1:colcon.colcon_core.environment:checking '/home/jagadeesh/ros2_ws/install/sjtu_drone_bringup/lib'
[9.277s] Level 1:colcon.colcon_core.environment:checking '/home/jagadeesh/ros2_ws/install/sjtu_drone_bringup/bin'
[9.277s] Level 1:colcon.colcon_core.environment:checking '/home/jagadeesh/ros2_ws/install/sjtu_drone_bringup/lib/pkgconfig/sjtu_drone_bringup.pc'
[9.277s] Level 1:colcon.colcon_core.environment:checking '/home/jagadeesh/ros2_ws/install/sjtu_drone_bringup/lib/python3.10/site-packages'
[9.277s] Level 1:colcon.colcon_core.shell:create_environment_hook('sjtu_drone_bringup', 'pythonpath')
[9.277s] INFO:colcon.colcon_core.shell:Creating environment hook '/home/jagadeesh/ros2_ws/install/sjtu_drone_bringup/share/sjtu_drone_bringup/hook/pythonpath.ps1'
[9.277s] INFO:colcon.colcon_core.shell:Creating environment descriptor '/home/jagadeesh/ros2_ws/install/sjtu_drone_bringup/share/sjtu_drone_bringup/hook/pythonpath.dsv'
[9.278s] INFO:colcon.colcon_core.shell:Creating environment hook '/home/jagadeesh/ros2_ws/install/sjtu_drone_bringup/share/sjtu_drone_bringup/hook/pythonpath.sh'
[9.278s] Level 1:colcon.colcon_core.environment:checking '/home/jagadeesh/ros2_ws/install/sjtu_drone_bringup/bin'
[9.278s] Level 1:colcon.colcon_core.environment:create_environment_scripts_only(sjtu_drone_bringup)
[9.278s] INFO:colcon.colcon_core.shell:Creating package script '/home/jagadeesh/ros2_ws/install/sjtu_drone_bringup/share/sjtu_drone_bringup/package.ps1'
[9.278s] INFO:colcon.colcon_core.shell:Creating package descriptor '/home/jagadeesh/ros2_ws/install/sjtu_drone_bringup/share/sjtu_drone_bringup/package.dsv'
[9.278s] INFO:colcon.colcon_core.shell:Creating package script '/home/jagadeesh/ros2_ws/install/sjtu_drone_bringup/share/sjtu_drone_bringup/package.sh'
[9.279s] INFO:colcon.colcon_core.shell:Creating package script '/home/jagadeesh/ros2_ws/install/sjtu_drone_bringup/share/sjtu_drone_bringup/package.bash'
[9.279s] INFO:colcon.colcon_core.shell:Creating package script '/home/jagadeesh/ros2_ws/install/sjtu_drone_bringup/share/sjtu_drone_bringup/package.zsh'
[9.279s] Level 1:colcon.colcon_core.environment:create_file_with_runtime_dependencies(/home/jagadeesh/ros2_ws/install/sjtu_drone_bringup/share/colcon-core/packages/sjtu_drone_bringup)
[9.372s] DEBUG:colcon.colcon_core.event_handler.log_command:Invoked command in '/home/jagadeesh/ros2_ws/build/sjtu_drone_description' returned '0': CMAKE_PREFIX_PATH=/opt/ros/humble /usr/bin/cmake --build /home/jagadeesh/ros2_ws/build/sjtu_drone_description -- -j20 -l20
[9.429s] DEBUG:colcon.colcon_core.event_handler.log_command:Invoking command in '/home/jagadeesh/ros2_ws/build/sjtu_drone_description': CMAKE_PREFIX_PATH=/opt/ros/humble /usr/bin/cmake --install /home/jagadeesh/ros2_ws/build/sjtu_drone_description
[9.533s] Level 1:colcon.colcon_core.environment:create_environment_scripts_only(sjtu_drone_description)
[9.534s] Level 1:colcon.colcon_core.environment:checking '/home/jagadeesh/ros2_ws/install/sjtu_drone_description' for CMake module files
[9.535s] DEBUG:colcon.colcon_core.event_handler.log_command:Invoked command in '/home/jagadeesh/ros2_ws/build/sjtu_drone_description' returned '0': CMAKE_PREFIX_PATH=/opt/ros/humble /usr/bin/cmake --install /home/jagadeesh/ros2_ws/build/sjtu_drone_description
[9.536s] Level 1:colcon.colcon_core.environment:checking '/home/jagadeesh/ros2_ws/install/sjtu_drone_description' for CMake config files
[9.536s] Level 1:colcon.colcon_core.shell:create_environment_hook('sjtu_drone_description', 'cmake_prefix_path')
[9.537s] INFO:colcon.colcon_core.shell:Creating environment hook '/home/jagadeesh/ros2_ws/install/sjtu_drone_description/share/sjtu_drone_description/hook/cmake_prefix_path.ps1'
[9.538s] INFO:colcon.colcon_core.shell:Creating environment descriptor '/home/jagadeesh/ros2_ws/install/sjtu_drone_description/share/sjtu_drone_description/hook/cmake_prefix_path.dsv'
[9.538s] INFO:colcon.colcon_core.shell:Creating environment hook '/home/jagadeesh/ros2_ws/install/sjtu_drone_description/share/sjtu_drone_description/hook/cmake_prefix_path.sh'
[9.539s] Level 1:colcon.colcon_core.environment:checking '/home/jagadeesh/ros2_ws/install/sjtu_drone_description/lib'
[9.539s] Level 1:colcon.colcon_core.shell:create_environment_hook('sjtu_drone_description', 'ld_library_path_lib')
[9.540s] INFO:colcon.colcon_core.shell:Creating environment hook '/home/jagadeesh/ros2_ws/install/sjtu_drone_description/share/sjtu_drone_description/hook/ld_library_path_lib.ps1'
[9.540s] INFO:colcon.colcon_core.shell:Creating environment descriptor '/home/jagadeesh/ros2_ws/install/sjtu_drone_description/share/sjtu_drone_description/hook/ld_library_path_lib.dsv'
[9.541s] INFO:colcon.colcon_core.shell:Creating environment hook '/home/jagadeesh/ros2_ws/install/sjtu_drone_description/share/sjtu_drone_description/hook/ld_library_path_lib.sh'
[9.541s] Level 1:colcon.colcon_core.environment:checking '/home/jagadeesh/ros2_ws/install/sjtu_drone_description/bin'
[9.542s] Level 1:colcon.colcon_core.environment:checking '/home/jagadeesh/ros2_ws/install/sjtu_drone_description/lib/pkgconfig/sjtu_drone_description.pc'
[9.542s] Level 1:colcon.colcon_core.environment:checking '/home/jagadeesh/ros2_ws/install/sjtu_drone_description/lib/python3.10/site-packages'
[9.543s] Level 1:colcon.colcon_core.environment:checking '/home/jagadeesh/ros2_ws/install/sjtu_drone_description/bin'
[9.543s] INFO:colcon.colcon_core.shell:Creating package script '/home/jagadeesh/ros2_ws/install/sjtu_drone_description/share/sjtu_drone_description/package.ps1'
[9.544s] INFO:colcon.colcon_core.shell:Creating package descriptor '/home/jagadeesh/ros2_ws/install/sjtu_drone_description/share/sjtu_drone_description/package.dsv'
[9.545s] INFO:colcon.colcon_core.shell:Creating package script '/home/jagadeesh/ros2_ws/install/sjtu_drone_description/share/sjtu_drone_description/package.sh'
[9.545s] INFO:colcon.colcon_core.shell:Creating package script '/home/jagadeesh/ros2_ws/install/sjtu_drone_description/share/sjtu_drone_description/package.bash'
[9.546s] INFO:colcon.colcon_core.shell:Creating package script '/home/jagadeesh/ros2_ws/install/sjtu_drone_description/share/sjtu_drone_description/package.zsh'
[9.546s] Level 1:colcon.colcon_core.environment:create_file_with_runtime_dependencies(/home/jagadeesh/ros2_ws/install/sjtu_drone_description/share/colcon-core/packages/sjtu_drone_description)
[9.586s] Level 1:colcon.colcon_core.environment:create_environment_scripts_only(sjtu_drone_description)
[9.586s] Level 1:colcon.colcon_core.environment:checking '/home/jagadeesh/ros2_ws/install/sjtu_drone_description' for CMake module files
[9.587s] Level 1:colcon.colcon_core.environment:checking '/home/jagadeesh/ros2_ws/install/sjtu_drone_description' for CMake config files
[9.588s] Level 1:colcon.colcon_core.shell:create_environment_hook('sjtu_drone_description', 'cmake_prefix_path')
[9.588s] INFO:colcon.colcon_core.shell:Creating environment hook '/home/jagadeesh/ros2_ws/install/sjtu_drone_description/share/sjtu_drone_description/hook/cmake_prefix_path.ps1'
[9.589s] INFO:colcon.colcon_core.shell:Creating environment descriptor '/home/jagadeesh/ros2_ws/install/sjtu_drone_description/share/sjtu_drone_description/hook/cmake_prefix_path.dsv'
[9.589s] INFO:colcon.colcon_core.shell:Creating environment hook '/home/jagadeesh/ros2_ws/install/sjtu_drone_description/share/sjtu_drone_description/hook/cmake_prefix_path.sh'
[9.590s] Level 1:colcon.colcon_core.environment:checking '/home/jagadeesh/ros2_ws/install/sjtu_drone_description/lib'
[9.590s] Level 1:colcon.colcon_core.shell:create_environment_hook('sjtu_drone_description', 'ld_library_path_lib')
[9.590s] INFO:colcon.colcon_core.shell:Creating environment hook '/home/jagadeesh/ros2_ws/install/sjtu_drone_description/share/sjtu_drone_description/hook/ld_library_path_lib.ps1'
[9.591s] INFO:colcon.colcon_core.shell:Creating environment descriptor '/home/jagadeesh/ros2_ws/install/sjtu_drone_description/share/sjtu_drone_description/hook/ld_library_path_lib.dsv'
[9.591s] INFO:colcon.colcon_core.shell:Creating environment hook '/home/jagadeesh/ros2_ws/install/sjtu_drone_description/share/sjtu_drone_description/hook/ld_library_path_lib.sh'
[9.592s] Level 1:colcon.colcon_core.environment:checking '/home/jagadeesh/ros2_ws/install/sjtu_drone_description/bin'
[9.592s] Level 1:colcon.colcon_core.environment:checking '/home/jagadeesh/ros2_ws/install/sjtu_drone_description/lib/pkgconfig/sjtu_drone_description.pc'
[9.593s] Level 1:colcon.colcon_core.environment:checking '/home/jagadeesh/ros2_ws/install/sjtu_drone_description/lib/python3.10/site-packages'
[9.593s] Level 1:colcon.colcon_core.environment:checking '/home/jagadeesh/ros2_ws/install/sjtu_drone_description/bin'
[9.593s] INFO:colcon.colcon_core.shell:Creating package script '/home/jagadeesh/ros2_ws/install/sjtu_drone_description/share/sjtu_drone_description/package.ps1'
[9.594s] INFO:colcon.colcon_core.shell:Creating package descriptor '/home/jagadeesh/ros2_ws/install/sjtu_drone_description/share/sjtu_drone_description/package.dsv'
[9.595s] INFO:colcon.colcon_core.shell:Creating package script '/home/jagadeesh/ros2_ws/install/sjtu_drone_description/share/sjtu_drone_description/package.sh'
[9.596s] INFO:colcon.colcon_core.shell:Creating package script '/home/jagadeesh/ros2_ws/install/sjtu_drone_description/share/sjtu_drone_description/package.bash'
[9.596s] INFO:colcon.colcon_core.shell:Creating package script '/home/jagadeesh/ros2_ws/install/sjtu_drone_description/share/sjtu_drone_description/package.zsh'
[9.597s] Level 1:colcon.colcon_core.environment:create_file_with_runtime_dependencies(/home/jagadeesh/ros2_ws/install/sjtu_drone_description/share/colcon-core/packages/sjtu_drone_description)
[9.597s] DEBUG:colcon.colcon_parallel_executor.executor.parallel:closing loop
[9.597s] DEBUG:colcon.colcon_parallel_executor.executor.parallel:loop closed
[9.597s] DEBUG:colcon.colcon_parallel_executor.executor.parallel:run_until_complete finished with '0'
[9.597s] DEBUG:colcon.colcon_core.event_reactor:joining thread
[9.649s] INFO:colcon.colcon_core.plugin_system:Skipping extension 'colcon_notification.desktop_notification.terminal_notifier': Not used on non-Darwin systems
[9.650s] INFO:colcon.colcon_core.plugin_system:Skipping extension 'colcon_notification.desktop_notification.win32': Not used on non-Windows systems
[9.650s] INFO:colcon.colcon_notification.desktop_notification:Sending desktop notification using 'notify2'
[9.669s] DEBUG:colcon.colcon_core.event_reactor:joined thread
[9.669s] INFO:colcon.colcon_core.shell:Creating prefix script '/home/jagadeesh/ros2_ws/install/local_setup.ps1'
[9.688s] INFO:colcon.colcon_core.shell:Creating prefix util module '/home/jagadeesh/ros2_ws/install/_local_setup_util_ps1.py'
[9.699s] INFO:colcon.colcon_core.shell:Creating prefix chain script '/home/jagadeesh/ros2_ws/install/setup.ps1'
[9.702s] INFO:colcon.colcon_core.shell:Creating prefix script '/home/jagadeesh/ros2_ws/install/local_setup.sh'
[9.712s] INFO:colcon.colcon_core.shell:Creating prefix util module '/home/jagadeesh/ros2_ws/install/_local_setup_util_sh.py'
[9.713s] INFO:colcon.colcon_core.shell:Creating prefix chain script '/home/jagadeesh/ros2_ws/install/setup.sh'
[9.715s] INFO:colcon.colcon_core.shell:Creating prefix script '/home/jagadeesh/ros2_ws/install/local_setup.bash'
[9.726s] INFO:colcon.colcon_core.shell:Creating prefix chain script '/home/jagadeesh/ros2_ws/install/setup.bash'
[9.728s] INFO:colcon.colcon_core.shell:Creating prefix script '/home/jagadeesh/ros2_ws/install/local_setup.zsh'
[9.736s] INFO:colcon.colcon_core.shell:Creating prefix chain script '/home/jagadeesh/ros2_ws/install/setup.zsh'
