[0.504s] Invoking command in '/home/jagadeesh/ros2_ws/src/drones_ROS2/drone_controller': PYTHONPATH=/home/jagadeesh/ros2_ws/build/drone_controller/prefix_override:/home/jagadeesh/ros2_ws/install/drone_controller/lib/python3.10/site-packages:${PYTHONPATH} /usr/bin/python3 -W ignore:setup.py install is deprecated setup.py egg_info --egg-base ../../../build/drone_controller build --build-base /home/jagadeesh/ros2_ws/build/drone_controller/build install --record /home/jagadeesh/ros2_ws/build/drone_controller/install.log --single-version-externally-managed install_data
[0.635s] running egg_info
[0.635s] writing ../../../build/drone_controller/drone_controller.egg-info/PKG-INFO
[0.636s] writing dependency_links to ../../../build/drone_controller/drone_controller.egg-info/dependency_links.txt
[0.636s] writing entry points to ../../../build/drone_controller/drone_controller.egg-info/entry_points.txt
[0.636s] writing requirements to ../../../build/drone_controller/drone_controller.egg-info/requires.txt
[0.636s] writing top-level names to ../../../build/drone_controller/drone_controller.egg-info/top_level.txt
[0.637s] reading manifest file '../../../build/drone_controller/drone_controller.egg-info/SOURCES.txt'
[0.637s] writing manifest file '../../../build/drone_controller/drone_controller.egg-info/SOURCES.txt'
[0.637s] running build
[0.637s] running build_py
[0.638s] copying drone_controller/img_sub2.py -> /home/jagadeesh/ros2_ws/build/drone_controller/build/lib/drone_controller
[0.638s] running install
[0.638s] running install_lib
[0.639s] copying /home/jagadeesh/ros2_ws/build/drone_controller/build/lib/drone_controller/img_sub2.py -> /home/jagadeesh/ros2_ws/install/drone_controller/lib/python3.10/site-packages/drone_controller
[0.639s] byte-compiling /home/jagadeesh/ros2_ws/install/drone_controller/lib/python3.10/site-packages/drone_controller/img_sub2.py to img_sub2.cpython-310.pyc
[0.639s] running install_data
[0.639s] running install_egg_info
[0.639s]   File "/home/jagadeesh/ros2_ws/install/drone_controller/lib/python3.10/site-packages/drone_controller/img_sub2.py", line 81
[0.639s]     self.get_logger().error('Error processing image
[0.640s]                             ^
[0.640s] SyntaxError: unterminated string literal (detected at line 81)
[0.640s] 
[0.641s] removing '/home/jagadeesh/ros2_ws/install/drone_controller/lib/python3.10/site-packages/drone_controller-0.0.0-py3.10.egg-info' (and everything under it)
[0.641s] Copying ../../../build/drone_controller/drone_controller.egg-info to /home/jagadeesh/ros2_ws/install/drone_controller/lib/python3.10/site-packages/drone_controller-0.0.0-py3.10.egg-info
[0.641s] running install_scripts
[0.654s] Installing image_pub script to /home/jagadeesh/ros2_ws/install/drone_controller/lib/drone_controller
[0.654s] Installing image_sub script to /home/jagadeesh/ros2_ws/install/drone_controller/lib/drone_controller
[0.654s] Installing img_sub script to /home/jagadeesh/ros2_ws/install/drone_controller/lib/drone_controller
[0.655s] writing list of installed files to '/home/jagadeesh/ros2_ws/build/drone_controller/install.log'
[0.670s] Invoked command in '/home/jagadeesh/ros2_ws/src/drones_ROS2/drone_controller' returned '0': PYTHONPATH=/home/jagadeesh/ros2_ws/build/drone_controller/prefix_override:/home/jagadeesh/ros2_ws/install/drone_controller/lib/python3.10/site-packages:${PYTHONPATH} /usr/bin/python3 -W ignore:setup.py install is deprecated setup.py egg_info --egg-base ../../../build/drone_controller build --build-base /home/jagadeesh/ros2_ws/build/drone_controller/build install --record /home/jagadeesh/ros2_ws/build/drone_controller/install.log --single-version-externally-managed install_data
