[2.607s] Invoking command in '/home/jagadeesh/ros2_ws/src/drones_ROS2/sjtu_drone/sjtu_drone_control': PYTHONPATH=/home/jagadeesh/ros2_ws/build/sjtu_drone_control/prefix_override:/home/jagadeesh/ros2_ws/install/sjtu_drone_control/lib/python3.10/site-packages:${PYTHONPATH} /usr/bin/python3 -W ignore:setup.py install is deprecated setup.py egg_info --egg-base ../../../../build/sjtu_drone_control build --build-base /home/jagadeesh/ros2_ws/build/sjtu_drone_control/build install --record /home/jagadeesh/ros2_ws/build/sjtu_drone_control/install.log --single-version-externally-managed install_data
[2.755s] running egg_info
[2.756s] writing ../../../../build/sjtu_drone_control/sjtu_drone_control.egg-info/PKG-INFO
[2.782s] writing dependency_links to ../../../../build/sjtu_drone_control/sjtu_drone_control.egg-info/dependency_links.txt
[2.783s] writing entry points to ../../../../build/sjtu_drone_control/sjtu_drone_control.egg-info/entry_points.txt
[2.783s] writing requirements to ../../../../build/sjtu_drone_control/sjtu_drone_control.egg-info/requires.txt
[2.783s] writing top-level names to ../../../../build/sjtu_drone_control/sjtu_drone_control.egg-info/top_level.txt
[2.791s] reading manifest file '../../../../build/sjtu_drone_control/sjtu_drone_control.egg-info/SOURCES.txt'
[2.832s] writing manifest file '../../../../build/sjtu_drone_control/sjtu_drone_control.egg-info/SOURCES.txt'
[2.832s] running build
[2.833s] running build_py
[2.851s] copying sjtu_drone_control/drone_position_control.py -> /home/jagadeesh/ros2_ws/build/sjtu_drone_control/build/lib/sjtu_drone_control
[2.852s] running install
[2.852s] running install_lib
[2.853s] copying /home/jagadeesh/ros2_ws/build/sjtu_drone_control/build/lib/sjtu_drone_control/drone_position_control.py -> /home/jagadeesh/ros2_ws/install/sjtu_drone_control/lib/python3.10/site-packages/sjtu_drone_control
[2.862s] byte-compiling /home/jagadeesh/ros2_ws/install/sjtu_drone_control/lib/python3.10/site-packages/sjtu_drone_control/drone_position_control.py to drone_position_control.cpython-310.pyc
[2.862s] running install_data
[2.862s] Sorry: IndentationError: expected an indented block after 'while' statement on line 17 (drone_position_control.py, line 18)
[2.862s] running install_egg_info
[2.863s] removing '/home/jagadeesh/ros2_ws/install/sjtu_drone_control/lib/python3.10/site-packages/sjtu_drone_control-0.0.0-py3.10.egg-info' (and everything under it)
[2.863s] Copying ../../../../build/sjtu_drone_control/sjtu_drone_control.egg-info to /home/jagadeesh/ros2_ws/install/sjtu_drone_control/lib/python3.10/site-packages/sjtu_drone_control-0.0.0-py3.10.egg-info
[2.876s] running install_scripts
[2.892s] Installing drone_position_control script to /home/jagadeesh/ros2_ws/install/sjtu_drone_control/lib/sjtu_drone_control
[2.899s] Installing open_loop_control script to /home/jagadeesh/ros2_ws/install/sjtu_drone_control/lib/sjtu_drone_control
[2.899s] Installing teleop script to /home/jagadeesh/ros2_ws/install/sjtu_drone_control/lib/sjtu_drone_control
[2.899s] Installing teleop_joystick script to /home/jagadeesh/ros2_ws/install/sjtu_drone_control/lib/sjtu_drone_control
[2.899s] writing list of installed files to '/home/jagadeesh/ros2_ws/build/sjtu_drone_control/install.log'
[2.917s] Invoked command in '/home/jagadeesh/ros2_ws/src/drones_ROS2/sjtu_drone/sjtu_drone_control' returned '0': PYTHONPATH=/home/jagadeesh/ros2_ws/build/sjtu_drone_control/prefix_override:/home/jagadeesh/ros2_ws/install/sjtu_drone_control/lib/python3.10/site-packages:${PYTHONPATH} /usr/bin/python3 -W ignore:setup.py install is deprecated setup.py egg_info --egg-base ../../../../build/sjtu_drone_control build --build-base /home/jagadeesh/ros2_ws/build/sjtu_drone_control/build install --record /home/jagadeesh/ros2_ws/build/sjtu_drone_control/install.log --single-version-externally-managed install_data
