[1.676s] Invoking command in '/home/ankur/ros2_ws/src/drones_ROS2/ibvs': PYTHONPATH=/home/ankur/ros2_ws/build/ibvs/prefix_override:/home/ankur/ros2_ws/install/ibvs/lib/python3.10/site-packages:${PYTHONPATH} /usr/bin/python3 -W ignore:setup.py install is deprecated setup.py egg_info --egg-base ../../../build/ibvs build --build-base /home/ankur/ros2_ws/build/ibvs/build install --record /home/ankur/ros2_ws/build/ibvs/install.log --single-version-externally-managed install_data
[2.258s] running egg_info
[2.260s] writing ../../../build/ibvs/ibvs.egg-info/PKG-INFO
[2.261s] writing dependency_links to ../../../build/ibvs/ibvs.egg-info/dependency_links.txt
[2.262s] writing entry points to ../../../build/ibvs/ibvs.egg-info/entry_points.txt
[2.262s] writing requirements to ../../../build/ibvs/ibvs.egg-info/requires.txt
[2.264s] writing top-level names to ../../../build/ibvs/ibvs.egg-info/top_level.txt
[2.267s] reading manifest file '../../../build/ibvs/ibvs.egg-info/SOURCES.txt'
[2.269s] writing manifest file '../../../build/ibvs/ibvs.egg-info/SOURCES.txt'
[2.270s] running build
[2.270s] running build_py
[2.271s] running install
[2.272s] running install_lib
[2.274s] running install_data
[2.275s] copying launch/gv_launch.py -> /home/ankur/ros2_ws/install/ibvs/share/ibvs/launch
[2.276s] running install_egg_info
[2.279s] removing '/home/ankur/ros2_ws/install/ibvs/lib/python3.10/site-packages/ibvs-0.0.0-py3.10.egg-info' (and everything under it)
[2.280s] Copying ../../../build/ibvs/ibvs.egg-info to /home/ankur/ros2_ws/install/ibvs/lib/python3.10/site-packages/ibvs-0.0.0-py3.10.egg-info
[2.282s] running install_scripts
[2.316s] Installing spawnGV script to /home/ankur/ros2_ws/install/ibvs/lib/ibvs
[2.318s] writing list of installed files to '/home/ankur/ros2_ws/build/ibvs/install.log'
[2.362s] Invoked command in '/home/ankur/ros2_ws/src/drones_ROS2/ibvs' returned '0': PYTHONPATH=/home/ankur/ros2_ws/build/ibvs/prefix_override:/home/ankur/ros2_ws/install/ibvs/lib/python3.10/site-packages:${PYTHONPATH} /usr/bin/python3 -W ignore:setup.py install is deprecated setup.py egg_info --egg-base ../../../build/ibvs build --build-base /home/ankur/ros2_ws/build/ibvs/build install --record /home/ankur/ros2_ws/build/ibvs/install.log --single-version-externally-managed install_data
