[0.211s] DEBUG:colcon:Command line arguments: ['/home/ankur/.local/bin/colcon', 'build']
[0.211s] DEBUG:colcon:Parsed command line arguments: Namespace(log_base=None, log_level=None, verb_name='build', build_base='build', install_base='install', merge_install=False, symlink_install=False, test_result_base=None, continue_on_error=False, executor='parallel', parallel_workers=4, event_handlers=None, ignore_user_meta=False, metas=['./colcon.meta'], base_paths=['.'], packages_ignore=None, packages_ignore_regex=None, paths=None, packages_up_to=None, packages_up_to_regex=None, packages_above=None, packages_above_and_dependencies=None, packages_above_depth=None, packages_select_by_dep=None, packages_skip_by_dep=None, packages_skip_up_to=None, packages_select_build_failed=False, packages_skip_build_finished=False, packages_select_test_failures=False, packages_skip_test_passed=False, packages_select=None, packages_skip=None, packages_select_regex=None, packages_skip_regex=None, packages_start=None, packages_end=None, allow_overriding=[], cmake_args=None, cmake_target=None, cmake_target_skip_unavailable=False, cmake_clean_cache=False, cmake_clean_first=False, cmake_force_configure=False, ament_cmake_args=None, catkin_cmake_args=None, catkin_skip_building_tests=False, verb_parser=<colcon_defaults.argument_parser.defaults.DefaultArgumentsDecorator object at 0x728107aae320>, verb_extension=<colcon_core.verb.build.BuildVerb object at 0x728107aadd20>, main=<bound method BuildVerb.main of <colcon_core.verb.build.BuildVerb object at 0x728107aadd20>>)
[0.426s] Level 1:colcon.colcon_core.package_discovery:discover_packages(colcon_meta) check parameters
[0.426s] Level 1:colcon.colcon_core.package_discovery:discover_packages(recursive) check parameters
[0.426s] Level 1:colcon.colcon_core.package_discovery:discover_packages(ignore) check parameters
[0.426s] Level 1:colcon.colcon_core.package_discovery:discover_packages(path) check parameters
[0.426s] Level 1:colcon.colcon_core.package_discovery:discover_packages(colcon_meta) discover
[0.426s] Level 1:colcon.colcon_core.package_discovery:discover_packages(recursive) discover
[0.426s] INFO:colcon.colcon_core.package_discovery:Crawling recursively for packages in '/home/ankur/ros2_ws'
[0.426s] Level 1:colcon.colcon_core.package_identification:_identify(.) by extensions ['ignore', 'ignore_ament_install']
[0.426s] Level 1:colcon.colcon_core.package_identification:_identify(.) by extension 'ignore'
[0.426s] Level 1:colcon.colcon_core.package_identification:_identify(.) by extension 'ignore_ament_install'
[0.426s] Level 1:colcon.colcon_core.package_identification:_identify(.) by extensions ['colcon_pkg']
[0.426s] Level 1:colcon.colcon_core.package_identification:_identify(.) by extension 'colcon_pkg'
[0.426s] Level 1:colcon.colcon_core.package_identification:_identify(.) by extensions ['colcon_meta']
[0.427s] Level 1:colcon.colcon_core.package_identification:_identify(.) by extension 'colcon_meta'
[0.427s] Level 1:colcon.colcon_core.package_identification:_identify(.) by extensions ['ros']
[0.427s] Level 1:colcon.colcon_core.package_identification:_identify(.) by extension 'ros'
[0.440s] Level 1:colcon.colcon_core.package_identification:_identify(.) by extensions ['cmake', 'python']
[0.441s] Level 1:colcon.colcon_core.package_identification:_identify(.) by extension 'cmake'
[0.441s] Level 1:colcon.colcon_core.package_identification:_identify(.) by extension 'python'
[0.441s] Level 1:colcon.colcon_core.package_identification:_identify(.) by extensions ['python_setup_py']
[0.441s] Level 1:colcon.colcon_core.package_identification:_identify(.) by extension 'python_setup_py'
[0.441s] Level 1:colcon.colcon_core.package_identification:_identify(build) by extensions ['ignore', 'ignore_ament_install']
[0.442s] Level 1:colcon.colcon_core.package_identification:_identify(build) by extension 'ignore'
[0.442s] Level 1:colcon.colcon_core.package_identification:_identify(build) ignored
[0.442s] Level 1:colcon.colcon_core.package_identification:_identify(install) by extensions ['ignore', 'ignore_ament_install']
[0.442s] Level 1:colcon.colcon_core.package_identification:_identify(install) by extension 'ignore'
[0.442s] Level 1:colcon.colcon_core.package_identification:_identify(install) ignored
[0.442s] Level 1:colcon.colcon_core.package_identification:_identify(log) by extensions ['ignore', 'ignore_ament_install']
[0.442s] Level 1:colcon.colcon_core.package_identification:_identify(log) by extension 'ignore'
[0.442s] Level 1:colcon.colcon_core.package_identification:_identify(log) ignored
[0.442s] Level 1:colcon.colcon_core.package_identification:_identify(src) by extensions ['ignore', 'ignore_ament_install']
[0.442s] Level 1:colcon.colcon_core.package_identification:_identify(src) by extension 'ignore'
[0.442s] Level 1:colcon.colcon_core.package_identification:_identify(src) by extension 'ignore_ament_install'
[0.442s] Level 1:colcon.colcon_core.package_identification:_identify(src) by extensions ['colcon_pkg']
[0.442s] Level 1:colcon.colcon_core.package_identification:_identify(src) by extension 'colcon_pkg'
[0.442s] Level 1:colcon.colcon_core.package_identification:_identify(src) by extensions ['colcon_meta']
[0.442s] Level 1:colcon.colcon_core.package_identification:_identify(src) by extension 'colcon_meta'
[0.443s] Level 1:colcon.colcon_core.package_identification:_identify(src) by extensions ['ros']
[0.443s] Level 1:colcon.colcon_core.package_identification:_identify(src) by extension 'ros'
[0.443s] Level 1:colcon.colcon_core.package_identification:_identify(src) by extensions ['cmake', 'python']
[0.443s] Level 1:colcon.colcon_core.package_identification:_identify(src) by extension 'cmake'
[0.443s] Level 1:colcon.colcon_core.package_identification:_identify(src) by extension 'python'
[0.443s] Level 1:colcon.colcon_core.package_identification:_identify(src) by extensions ['python_setup_py']
[0.443s] Level 1:colcon.colcon_core.package_identification:_identify(src) by extension 'python_setup_py'
[0.443s] Level 1:colcon.colcon_core.package_identification:_identify(src/drones_ROS2) by extensions ['ignore', 'ignore_ament_install']
[0.443s] Level 1:colcon.colcon_core.package_identification:_identify(src/drones_ROS2) by extension 'ignore'
[0.443s] Level 1:colcon.colcon_core.package_identification:_identify(src/drones_ROS2) by extension 'ignore_ament_install'
[0.443s] Level 1:colcon.colcon_core.package_identification:_identify(src/drones_ROS2) by extensions ['colcon_pkg']
[0.443s] Level 1:colcon.colcon_core.package_identification:_identify(src/drones_ROS2) by extension 'colcon_pkg'
[0.443s] Level 1:colcon.colcon_core.package_identification:_identify(src/drones_ROS2) by extensions ['colcon_meta']
[0.443s] Level 1:colcon.colcon_core.package_identification:_identify(src/drones_ROS2) by extension 'colcon_meta'
[0.443s] Level 1:colcon.colcon_core.package_identification:_identify(src/drones_ROS2) by extensions ['ros']
[0.443s] Level 1:colcon.colcon_core.package_identification:_identify(src/drones_ROS2) by extension 'ros'
[0.443s] Level 1:colcon.colcon_core.package_identification:_identify(src/drones_ROS2) by extensions ['cmake', 'python']
[0.443s] Level 1:colcon.colcon_core.package_identification:_identify(src/drones_ROS2) by extension 'cmake'
[0.443s] Level 1:colcon.colcon_core.package_identification:_identify(src/drones_ROS2) by extension 'python'
[0.443s] Level 1:colcon.colcon_core.package_identification:_identify(src/drones_ROS2) by extensions ['python_setup_py']
[0.443s] Level 1:colcon.colcon_core.package_identification:_identify(src/drones_ROS2) by extension 'python_setup_py'
[0.443s] Level 1:colcon.colcon_core.package_identification:_identify(src/drones_ROS2/drive_drone) by extensions ['ignore', 'ignore_ament_install']
[0.444s] Level 1:colcon.colcon_core.package_identification:_identify(src/drones_ROS2/drive_drone) by extension 'ignore'
[0.444s] Level 1:colcon.colcon_core.package_identification:_identify(src/drones_ROS2/drive_drone) by extension 'ignore_ament_install'
[0.444s] Level 1:colcon.colcon_core.package_identification:_identify(src/drones_ROS2/drive_drone) by extensions ['colcon_pkg']
[0.444s] Level 1:colcon.colcon_core.package_identification:_identify(src/drones_ROS2/drive_drone) by extension 'colcon_pkg'
[0.444s] Level 1:colcon.colcon_core.package_identification:_identify(src/drones_ROS2/drive_drone) by extensions ['colcon_meta']
[0.444s] Level 1:colcon.colcon_core.package_identification:_identify(src/drones_ROS2/drive_drone) by extension 'colcon_meta'
[0.444s] Level 1:colcon.colcon_core.package_identification:_identify(src/drones_ROS2/drive_drone) by extensions ['ros']
[0.444s] Level 1:colcon.colcon_core.package_identification:_identify(src/drones_ROS2/drive_drone) by extension 'ros'
[0.446s] DEBUG:colcon.colcon_core.package_identification:Package 'src/drones_ROS2/drive_drone' with type 'ros.ament_cmake' and name 'drive_drone'
[0.447s] Level 1:colcon.colcon_core.package_identification:_identify(src/drones_ROS2/ibvs) by extensions ['ignore', 'ignore_ament_install']
[0.447s] Level 1:colcon.colcon_core.package_identification:_identify(src/drones_ROS2/ibvs) by extension 'ignore'
[0.447s] Level 1:colcon.colcon_core.package_identification:_identify(src/drones_ROS2/ibvs) by extension 'ignore_ament_install'
[0.448s] Level 1:colcon.colcon_core.package_identification:_identify(src/drones_ROS2/ibvs) by extensions ['colcon_pkg']
[0.448s] Level 1:colcon.colcon_core.package_identification:_identify(src/drones_ROS2/ibvs) by extension 'colcon_pkg'
[0.448s] Level 1:colcon.colcon_core.package_identification:_identify(src/drones_ROS2/ibvs) by extensions ['colcon_meta']
[0.448s] Level 1:colcon.colcon_core.package_identification:_identify(src/drones_ROS2/ibvs) by extension 'colcon_meta'
[0.448s] Level 1:colcon.colcon_core.package_identification:_identify(src/drones_ROS2/ibvs) by extensions ['ros']
[0.448s] Level 1:colcon.colcon_core.package_identification:_identify(src/drones_ROS2/ibvs) by extension 'ros'
[0.450s] DEBUG:colcon.colcon_core.package_identification:Package 'src/drones_ROS2/ibvs' with type 'ros.ament_python' and name 'ibvs'
[0.451s] Level 1:colcon.colcon_core.package_identification:_identify(src/drones_ROS2/sjtu_drone) by extensions ['ignore', 'ignore_ament_install']
[0.451s] Level 1:colcon.colcon_core.package_identification:_identify(src/drones_ROS2/sjtu_drone) by extension 'ignore'
[0.452s] Level 1:colcon.colcon_core.package_identification:_identify(src/drones_ROS2/sjtu_drone) by extension 'ignore_ament_install'
[0.452s] Level 1:colcon.colcon_core.package_identification:_identify(src/drones_ROS2/sjtu_drone) by extensions ['colcon_pkg']
[0.452s] Level 1:colcon.colcon_core.package_identification:_identify(src/drones_ROS2/sjtu_drone) by extension 'colcon_pkg'
[0.452s] Level 1:colcon.colcon_core.package_identification:_identify(src/drones_ROS2/sjtu_drone) by extensions ['colcon_meta']
[0.452s] Level 1:colcon.colcon_core.package_identification:_identify(src/drones_ROS2/sjtu_drone) by extension 'colcon_meta'
[0.452s] Level 1:colcon.colcon_core.package_identification:_identify(src/drones_ROS2/sjtu_drone) by extensions ['ros']
[0.452s] Level 1:colcon.colcon_core.package_identification:_identify(src/drones_ROS2/sjtu_drone) by extension 'ros'
[0.452s] Level 1:colcon.colcon_core.package_identification:_identify(src/drones_ROS2/sjtu_drone) by extensions ['cmake', 'python']
[0.452s] Level 1:colcon.colcon_core.package_identification:_identify(src/drones_ROS2/sjtu_drone) by extension 'cmake'
[0.452s] Level 1:colcon.colcon_core.package_identification:_identify(src/drones_ROS2/sjtu_drone) by extension 'python'
[0.452s] Level 1:colcon.colcon_core.package_identification:_identify(src/drones_ROS2/sjtu_drone) by extensions ['python_setup_py']
[0.452s] Level 1:colcon.colcon_core.package_identification:_identify(src/drones_ROS2/sjtu_drone) by extension 'python_setup_py'
[0.453s] Level 1:colcon.colcon_core.package_identification:_identify(src/drones_ROS2/sjtu_drone/imgs) by extensions ['ignore', 'ignore_ament_install']
[0.453s] Level 1:colcon.colcon_core.package_identification:_identify(src/drones_ROS2/sjtu_drone/imgs) by extension 'ignore'
[0.453s] Level 1:colcon.colcon_core.package_identification:_identify(src/drones_ROS2/sjtu_drone/imgs) by extension 'ignore_ament_install'
[0.453s] Level 1:colcon.colcon_core.package_identification:_identify(src/drones_ROS2/sjtu_drone/imgs) by extensions ['colcon_pkg']
[0.453s] Level 1:colcon.colcon_core.package_identification:_identify(src/drones_ROS2/sjtu_drone/imgs) by extension 'colcon_pkg'
[0.453s] Level 1:colcon.colcon_core.package_identification:_identify(src/drones_ROS2/sjtu_drone/imgs) by extensions ['colcon_meta']
[0.453s] Level 1:colcon.colcon_core.package_identification:_identify(src/drones_ROS2/sjtu_drone/imgs) by extension 'colcon_meta'
[0.454s] Level 1:colcon.colcon_core.package_identification:_identify(src/drones_ROS2/sjtu_drone/imgs) by extensions ['ros']
[0.454s] Level 1:colcon.colcon_core.package_identification:_identify(src/drones_ROS2/sjtu_drone/imgs) by extension 'ros'
[0.454s] Level 1:colcon.colcon_core.package_identification:_identify(src/drones_ROS2/sjtu_drone/imgs) by extensions ['cmake', 'python']
[0.454s] Level 1:colcon.colcon_core.package_identification:_identify(src/drones_ROS2/sjtu_drone/imgs) by extension 'cmake'
[0.454s] Level 1:colcon.colcon_core.package_identification:_identify(src/drones_ROS2/sjtu_drone/imgs) by extension 'python'
[0.454s] Level 1:colcon.colcon_core.package_identification:_identify(src/drones_ROS2/sjtu_drone/imgs) by extensions ['python_setup_py']
[0.454s] Level 1:colcon.colcon_core.package_identification:_identify(src/drones_ROS2/sjtu_drone/imgs) by extension 'python_setup_py'
[0.455s] Level 1:colcon.colcon_core.package_identification:_identify(src/drones_ROS2/sjtu_drone/sjtu_drone_bringup) by extensions ['ignore', 'ignore_ament_install']
[0.455s] Level 1:colcon.colcon_core.package_identification:_identify(src/drones_ROS2/sjtu_drone/sjtu_drone_bringup) by extension 'ignore'
[0.455s] Level 1:colcon.colcon_core.package_identification:_identify(src/drones_ROS2/sjtu_drone/sjtu_drone_bringup) by extension 'ignore_ament_install'
[0.455s] Level 1:colcon.colcon_core.package_identification:_identify(src/drones_ROS2/sjtu_drone/sjtu_drone_bringup) by extensions ['colcon_pkg']
[0.455s] Level 1:colcon.colcon_core.package_identification:_identify(src/drones_ROS2/sjtu_drone/sjtu_drone_bringup) by extension 'colcon_pkg'
[0.455s] Level 1:colcon.colcon_core.package_identification:_identify(src/drones_ROS2/sjtu_drone/sjtu_drone_bringup) by extensions ['colcon_meta']
[0.455s] Level 1:colcon.colcon_core.package_identification:_identify(src/drones_ROS2/sjtu_drone/sjtu_drone_bringup) by extension 'colcon_meta'
[0.455s] Level 1:colcon.colcon_core.package_identification:_identify(src/drones_ROS2/sjtu_drone/sjtu_drone_bringup) by extensions ['ros']
[0.455s] Level 1:colcon.colcon_core.package_identification:_identify(src/drones_ROS2/sjtu_drone/sjtu_drone_bringup) by extension 'ros'
[0.457s] DEBUG:colcon.colcon_core.package_identification:Package 'src/drones_ROS2/sjtu_drone/sjtu_drone_bringup' with type 'ros.ament_python' and name 'sjtu_drone_bringup'
[0.457s] Level 1:colcon.colcon_core.package_identification:_identify(src/drones_ROS2/sjtu_drone/sjtu_drone_description) by extensions ['ignore', 'ignore_ament_install']
[0.457s] Level 1:colcon.colcon_core.package_identification:_identify(src/drones_ROS2/sjtu_drone/sjtu_drone_description) by extension 'ignore'
[0.457s] Level 1:colcon.colcon_core.package_identification:_identify(src/drones_ROS2/sjtu_drone/sjtu_drone_description) by extension 'ignore_ament_install'
[0.457s] Level 1:colcon.colcon_core.package_identification:_identify(src/drones_ROS2/sjtu_drone/sjtu_drone_description) by extensions ['colcon_pkg']
[0.457s] Level 1:colcon.colcon_core.package_identification:_identify(src/drones_ROS2/sjtu_drone/sjtu_drone_description) by extension 'colcon_pkg'
[0.457s] Level 1:colcon.colcon_core.package_identification:_identify(src/drones_ROS2/sjtu_drone/sjtu_drone_description) by extensions ['colcon_meta']
[0.457s] Level 1:colcon.colcon_core.package_identification:_identify(src/drones_ROS2/sjtu_drone/sjtu_drone_description) by extension 'colcon_meta'
[0.457s] Level 1:colcon.colcon_core.package_identification:_identify(src/drones_ROS2/sjtu_drone/sjtu_drone_description) by extensions ['ros']
[0.457s] Level 1:colcon.colcon_core.package_identification:_identify(src/drones_ROS2/sjtu_drone/sjtu_drone_description) by extension 'ros'
[0.458s] DEBUG:colcon.colcon_core.package_identification:Package 'src/drones_ROS2/sjtu_drone/sjtu_drone_description' with type 'ros.ament_cmake' and name 'sjtu_drone_description'
[0.458s] Level 1:colcon.colcon_core.package_discovery:discover_packages(recursive) using defaults
[0.458s] Level 1:colcon.colcon_core.package_discovery:discover_packages(ignore) discover
[0.458s] Level 1:colcon.colcon_core.package_discovery:discover_packages(ignore) using defaults
[0.458s] Level 1:colcon.colcon_core.package_discovery:discover_packages(path) discover
[0.458s] Level 1:colcon.colcon_core.package_discovery:discover_packages(path) using defaults
[0.488s] Level 1:colcon.colcon_core.package_discovery:discover_packages(prefix_path) check parameters
[0.488s] Level 1:colcon.colcon_core.package_discovery:discover_packages(prefix_path) discover
[0.492s] DEBUG:colcon.colcon_installed_package_information.package_discovery:Found 4 installed packages in /home/ankur/ros2_ws/install
[0.492s] DEBUG:colcon.colcon_installed_package_information.package_discovery:Found 4 installed packages in /home/ankur/drone_ws/install
[0.494s] DEBUG:colcon.colcon_installed_package_information.package_discovery:Found 288 installed packages in /opt/ros/humble
[0.495s] Level 1:colcon.colcon_core.package_discovery:discover_packages(prefix_path) using defaults
[0.586s] Level 5:colcon.colcon_core.verb:set package 'drive_drone' build argument 'cmake_args' from command line to 'None'
[0.586s] Level 5:colcon.colcon_core.verb:set package 'drive_drone' build argument 'cmake_target' from command line to 'None'
[0.586s] Level 5:colcon.colcon_core.verb:set package 'drive_drone' build argument 'cmake_target_skip_unavailable' from command line to 'False'
[0.586s] Level 5:colcon.colcon_core.verb:set package 'drive_drone' build argument 'cmake_clean_cache' from command line to 'False'
[0.586s] Level 5:colcon.colcon_core.verb:set package 'drive_drone' build argument 'cmake_clean_first' from command line to 'False'
[0.586s] Level 5:colcon.colcon_core.verb:set package 'drive_drone' build argument 'cmake_force_configure' from command line to 'False'
[0.586s] Level 5:colcon.colcon_core.verb:set package 'drive_drone' build argument 'ament_cmake_args' from command line to 'None'
[0.587s] Level 5:colcon.colcon_core.verb:set package 'drive_drone' build argument 'catkin_cmake_args' from command line to 'None'
[0.587s] Level 5:colcon.colcon_core.verb:set package 'drive_drone' build argument 'catkin_skip_building_tests' from command line to 'False'
[0.587s] DEBUG:colcon.colcon_core.verb:Building package 'drive_drone' with the following arguments: {'ament_cmake_args': None, 'build_base': '/home/ankur/ros2_ws/build/drive_drone', 'catkin_cmake_args': None, 'catkin_skip_building_tests': False, 'cmake_args': None, 'cmake_clean_cache': False, 'cmake_clean_first': False, 'cmake_force_configure': False, 'cmake_target': None, 'cmake_target_skip_unavailable': False, 'install_base': '/home/ankur/ros2_ws/install/drive_drone', 'merge_install': False, 'path': '/home/ankur/ros2_ws/src/drones_ROS2/drive_drone', 'symlink_install': False, 'test_result_base': None}
[0.587s] Level 5:colcon.colcon_core.verb:set package 'ibvs' build argument 'cmake_args' from command line to 'None'
[0.587s] Level 5:colcon.colcon_core.verb:set package 'ibvs' build argument 'cmake_target' from command line to 'None'
[0.587s] Level 5:colcon.colcon_core.verb:set package 'ibvs' build argument 'cmake_target_skip_unavailable' from command line to 'False'
[0.587s] Level 5:colcon.colcon_core.verb:set package 'ibvs' build argument 'cmake_clean_cache' from command line to 'False'
[0.587s] Level 5:colcon.colcon_core.verb:set package 'ibvs' build argument 'cmake_clean_first' from command line to 'False'
[0.587s] Level 5:colcon.colcon_core.verb:set package 'ibvs' build argument 'cmake_force_configure' from command line to 'False'
[0.588s] Level 5:colcon.colcon_core.verb:set package 'ibvs' build argument 'ament_cmake_args' from command line to 'None'
[0.588s] Level 5:colcon.colcon_core.verb:set package 'ibvs' build argument 'catkin_cmake_args' from command line to 'None'
[0.588s] Level 5:colcon.colcon_core.verb:set package 'ibvs' build argument 'catkin_skip_building_tests' from command line to 'False'
[0.588s] DEBUG:colcon.colcon_core.verb:Building package 'ibvs' with the following arguments: {'ament_cmake_args': None, 'build_base': '/home/ankur/ros2_ws/build/ibvs', 'catkin_cmake_args': None, 'catkin_skip_building_tests': False, 'cmake_args': None, 'cmake_clean_cache': False, 'cmake_clean_first': False, 'cmake_force_configure': False, 'cmake_target': None, 'cmake_target_skip_unavailable': False, 'install_base': '/home/ankur/ros2_ws/install/ibvs', 'merge_install': False, 'path': '/home/ankur/ros2_ws/src/drones_ROS2/ibvs', 'symlink_install': False, 'test_result_base': None}
[0.588s] Level 5:colcon.colcon_core.verb:set package 'sjtu_drone_bringup' build argument 'cmake_args' from command line to 'None'
[0.588s] Level 5:colcon.colcon_core.verb:set package 'sjtu_drone_bringup' build argument 'cmake_target' from command line to 'None'
[0.588s] Level 5:colcon.colcon_core.verb:set package 'sjtu_drone_bringup' build argument 'cmake_target_skip_unavailable' from command line to 'False'
[0.588s] Level 5:colcon.colcon_core.verb:set package 'sjtu_drone_bringup' build argument 'cmake_clean_cache' from command line to 'False'
[0.588s] Level 5:colcon.colcon_core.verb:set package 'sjtu_drone_bringup' build argument 'cmake_clean_first' from command line to 'False'
[0.588s] Level 5:colcon.colcon_core.verb:set package 'sjtu_drone_bringup' build argument 'cmake_force_configure' from command line to 'False'
[0.588s] Level 5:colcon.colcon_core.verb:set package 'sjtu_drone_bringup' build argument 'ament_cmake_args' from command line to 'None'
[0.588s] Level 5:colcon.colcon_core.verb:set package 'sjtu_drone_bringup' build argument 'catkin_cmake_args' from command line to 'None'
[0.588s] Level 5:colcon.colcon_core.verb:set package 'sjtu_drone_bringup' build argument 'catkin_skip_building_tests' from command line to 'False'
[0.588s] DEBUG:colcon.colcon_core.verb:Building package 'sjtu_drone_bringup' with the following arguments: {'ament_cmake_args': None, 'build_base': '/home/ankur/ros2_ws/build/sjtu_drone_bringup', 'catkin_cmake_args': None, 'catkin_skip_building_tests': False, 'cmake_args': None, 'cmake_clean_cache': False, 'cmake_clean_first': False, 'cmake_force_configure': False, 'cmake_target': None, 'cmake_target_skip_unavailable': False, 'install_base': '/home/ankur/ros2_ws/install/sjtu_drone_bringup', 'merge_install': False, 'path': '/home/ankur/ros2_ws/src/drones_ROS2/sjtu_drone/sjtu_drone_bringup', 'symlink_install': False, 'test_result_base': None}
[0.589s] Level 5:colcon.colcon_core.verb:set package 'sjtu_drone_description' build argument 'cmake_args' from command line to 'None'
[0.589s] Level 5:colcon.colcon_core.verb:set package 'sjtu_drone_description' build argument 'cmake_target' from command line to 'None'
[0.589s] Level 5:colcon.colcon_core.verb:set package 'sjtu_drone_description' build argument 'cmake_target_skip_unavailable' from command line to 'False'
[0.589s] Level 5:colcon.colcon_core.verb:set package 'sjtu_drone_description' build argument 'cmake_clean_cache' from command line to 'False'
[0.589s] Level 5:colcon.colcon_core.verb:set package 'sjtu_drone_description' build argument 'cmake_clean_first' from command line to 'False'
[0.589s] Level 5:colcon.colcon_core.verb:set package 'sjtu_drone_description' build argument 'cmake_force_configure' from command line to 'False'
[0.589s] Level 5:colcon.colcon_core.verb:set package 'sjtu_drone_description' build argument 'ament_cmake_args' from command line to 'None'
[0.589s] Level 5:colcon.colcon_core.verb:set package 'sjtu_drone_description' build argument 'catkin_cmake_args' from command line to 'None'
[0.590s] Level 5:colcon.colcon_core.verb:set package 'sjtu_drone_description' build argument 'catkin_skip_building_tests' from command line to 'False'
[0.590s] DEBUG:colcon.colcon_core.verb:Building package 'sjtu_drone_description' with the following arguments: {'ament_cmake_args': None, 'build_base': '/home/ankur/ros2_ws/build/sjtu_drone_description', 'catkin_cmake_args': None, 'catkin_skip_building_tests': False, 'cmake_args': None, 'cmake_clean_cache': False, 'cmake_clean_first': False, 'cmake_force_configure': False, 'cmake_target': None, 'cmake_target_skip_unavailable': False, 'install_base': '/home/ankur/ros2_ws/install/sjtu_drone_description', 'merge_install': False, 'path': '/home/ankur/ros2_ws/src/drones_ROS2/sjtu_drone/sjtu_drone_description', 'symlink_install': False, 'test_result_base': None}
[0.590s] INFO:colcon.colcon_core.executor:Executing jobs using 'parallel' executor
[0.594s] DEBUG:colcon.colcon_parallel_executor.executor.parallel:run_until_complete
[0.595s] INFO:colcon.colcon_ros.task.ament_cmake.build:Building ROS package in '/home/ankur/ros2_ws/src/drones_ROS2/drive_drone' with build type 'ament_cmake'
[0.596s] INFO:colcon.colcon_cmake.task.cmake.build:Building CMake package in '/home/ankur/ros2_ws/src/drones_ROS2/drive_drone'
[0.610s] INFO:colcon.colcon_core.plugin_system:Skipping extension 'colcon_core.shell.bat': Not used on non-Windows systems
[0.611s] INFO:colcon.colcon_core.shell:Skip shell extension 'powershell' for command environment: Not usable outside of PowerShell
[0.611s] DEBUG:colcon.colcon_core.shell:Skip shell extension 'dsv' for command environment
[0.636s] INFO:colcon.colcon_ros.task.ament_python.build:Building ROS package in '/home/ankur/ros2_ws/src/drones_ROS2/ibvs' with build type 'ament_python'
[0.637s] Level 1:colcon.colcon_core.shell:create_environment_hook('ibvs', 'ament_prefix_path')
[0.641s] INFO:colcon.colcon_core.shell:Creating environment hook '/home/ankur/ros2_ws/install/ibvs/share/ibvs/hook/ament_prefix_path.ps1'
[0.643s] INFO:colcon.colcon_core.shell:Creating environment descriptor '/home/ankur/ros2_ws/install/ibvs/share/ibvs/hook/ament_prefix_path.dsv'
[0.644s] INFO:colcon.colcon_core.shell:Creating environment hook '/home/ankur/ros2_ws/install/ibvs/share/ibvs/hook/ament_prefix_path.sh'
[0.646s] INFO:colcon.colcon_core.shell:Skip shell extension 'powershell' for command environment: Not usable outside of PowerShell
[0.646s] DEBUG:colcon.colcon_core.shell:Skip shell extension 'dsv' for command environment
[0.662s] INFO:colcon.colcon_ros.task.ament_python.build:Building ROS package in '/home/ankur/ros2_ws/src/drones_ROS2/sjtu_drone/sjtu_drone_bringup' with build type 'ament_python'
[0.662s] Level 1:colcon.colcon_core.shell:create_environment_hook('sjtu_drone_bringup', 'ament_prefix_path')
[0.663s] INFO:colcon.colcon_core.shell:Creating environment hook '/home/ankur/ros2_ws/install/sjtu_drone_bringup/share/sjtu_drone_bringup/hook/ament_prefix_path.ps1'
[0.668s] INFO:colcon.colcon_core.shell:Creating environment descriptor '/home/ankur/ros2_ws/install/sjtu_drone_bringup/share/sjtu_drone_bringup/hook/ament_prefix_path.dsv'
[0.669s] INFO:colcon.colcon_core.shell:Creating environment hook '/home/ankur/ros2_ws/install/sjtu_drone_bringup/share/sjtu_drone_bringup/hook/ament_prefix_path.sh'
[0.670s] INFO:colcon.colcon_core.shell:Skip shell extension 'powershell' for command environment: Not usable outside of PowerShell
[0.670s] DEBUG:colcon.colcon_core.shell:Skip shell extension 'dsv' for command environment
[0.677s] INFO:colcon.colcon_ros.task.ament_cmake.build:Building ROS package in '/home/ankur/ros2_ws/src/drones_ROS2/sjtu_drone/sjtu_drone_description' with build type 'ament_cmake'
[0.678s] INFO:colcon.colcon_cmake.task.cmake.build:Building CMake package in '/home/ankur/ros2_ws/src/drones_ROS2/sjtu_drone/sjtu_drone_description'
[0.678s] INFO:colcon.colcon_core.shell:Skip shell extension 'powershell' for command environment: Not usable outside of PowerShell
[0.678s] DEBUG:colcon.colcon_core.shell:Skip shell extension 'dsv' for command environment
[0.708s] DEBUG:colcon.colcon_core.event_handler.log_command:Invoking command in '/home/ankur/ros2_ws/build/drive_drone': CMAKE_PREFIX_PATH=${CMAKE_PREFIX_PATH}:/home/ankur/ros2_ws/install/sjtu_drone_bringup:/home/ankur/drone_ws/install/sjtu_drone_control:/home/ankur/drone_ws/install/sjtu_drone_bringup:/home/ankur/drone_ws/install/pkgg:/opt/ros/humble /usr/bin/cmake --build /home/ankur/ros2_ws/build/drive_drone -- -j4 -l4
[0.998s] INFO:colcon.colcon_core.task.python.build:Building Python package in '/home/ankur/ros2_ws/src/drones_ROS2/ibvs'
[0.998s] INFO:colcon.colcon_core.shell:Skip shell extension 'powershell' for command environment: Not usable outside of PowerShell
[0.998s] DEBUG:colcon.colcon_core.shell:Skip shell extension 'dsv' for command environment
[1.240s] INFO:colcon.colcon_core.task.python.build:Building Python package in '/home/ankur/ros2_ws/src/drones_ROS2/sjtu_drone/sjtu_drone_bringup'
[1.240s] INFO:colcon.colcon_core.shell:Skip shell extension 'powershell' for command environment: Not usable outside of PowerShell
[1.240s] DEBUG:colcon.colcon_core.shell:Skip shell extension 'dsv' for command environment
[1.314s] DEBUG:colcon.colcon_core.event_handler.log_command:Invoking command in '/home/ankur/ros2_ws/build/sjtu_drone_description': CMAKE_PREFIX_PATH=${CMAKE_PREFIX_PATH}:/home/ankur/ros2_ws/install/sjtu_drone_bringup:/home/ankur/drone_ws/install/sjtu_drone_control:/home/ankur/drone_ws/install/sjtu_drone_bringup:/home/ankur/drone_ws/install/pkgg:/opt/ros/humble /usr/bin/cmake --build /home/ankur/ros2_ws/build/sjtu_drone_description -- -j4 -l4
[1.314s] DEBUG:colcon.colcon_core.event_handler.log_command:Invoked command in '/home/ankur/ros2_ws/build/drive_drone' returned '0': CMAKE_PREFIX_PATH=${CMAKE_PREFIX_PATH}:/home/ankur/ros2_ws/install/sjtu_drone_bringup:/home/ankur/drone_ws/install/sjtu_drone_control:/home/ankur/drone_ws/install/sjtu_drone_bringup:/home/ankur/drone_ws/install/pkgg:/opt/ros/humble /usr/bin/cmake --build /home/ankur/ros2_ws/build/drive_drone -- -j4 -l4
[1.470s] DEBUG:colcon.colcon_core.event_handler.log_command:Invoking command in '/home/ankur/ros2_ws/build/drive_drone': CMAKE_PREFIX_PATH=${CMAKE_PREFIX_PATH}:/home/ankur/ros2_ws/install/sjtu_drone_bringup:/home/ankur/drone_ws/install/sjtu_drone_control:/home/ankur/drone_ws/install/sjtu_drone_bringup:/home/ankur/drone_ws/install/pkgg:/opt/ros/humble /usr/bin/cmake --install /home/ankur/ros2_ws/build/drive_drone
[1.502s] Level 1:colcon.colcon_core.environment:create_environment_scripts_only(drive_drone)
[1.503s] DEBUG:colcon.colcon_core.event_handler.log_command:Invoked command in '/home/ankur/ros2_ws/build/drive_drone' returned '0': CMAKE_PREFIX_PATH=${CMAKE_PREFIX_PATH}:/home/ankur/ros2_ws/install/sjtu_drone_bringup:/home/ankur/drone_ws/install/sjtu_drone_control:/home/ankur/drone_ws/install/sjtu_drone_bringup:/home/ankur/drone_ws/install/pkgg:/opt/ros/humble /usr/bin/cmake --install /home/ankur/ros2_ws/build/drive_drone
[1.507s] Level 1:colcon.colcon_core.environment:checking '/home/ankur/ros2_ws/install/drive_drone' for CMake module files
[1.509s] Level 1:colcon.colcon_core.environment:checking '/home/ankur/ros2_ws/install/drive_drone' for CMake config files
[1.509s] Level 1:colcon.colcon_core.shell:create_environment_hook('drive_drone', 'cmake_prefix_path')
[1.509s] INFO:colcon.colcon_core.shell:Creating environment hook '/home/ankur/ros2_ws/install/drive_drone/share/drive_drone/hook/cmake_prefix_path.ps1'
[1.510s] INFO:colcon.colcon_core.shell:Creating environment descriptor '/home/ankur/ros2_ws/install/drive_drone/share/drive_drone/hook/cmake_prefix_path.dsv'
[1.510s] INFO:colcon.colcon_core.shell:Creating environment hook '/home/ankur/ros2_ws/install/drive_drone/share/drive_drone/hook/cmake_prefix_path.sh'
[1.511s] Level 1:colcon.colcon_core.environment:checking '/home/ankur/ros2_ws/install/drive_drone/lib'
[1.511s] Level 1:colcon.colcon_core.environment:checking '/home/ankur/ros2_ws/install/drive_drone/bin'
[1.511s] Level 1:colcon.colcon_core.environment:checking '/home/ankur/ros2_ws/install/drive_drone/lib/pkgconfig/drive_drone.pc'
[1.512s] Level 1:colcon.colcon_core.environment:checking '/home/ankur/ros2_ws/install/drive_drone/lib/python3.10/site-packages'
[1.512s] Level 1:colcon.colcon_core.environment:checking '/home/ankur/ros2_ws/install/drive_drone/bin'
[1.512s] INFO:colcon.colcon_core.shell:Creating package script '/home/ankur/ros2_ws/install/drive_drone/share/drive_drone/package.ps1'
[1.513s] INFO:colcon.colcon_core.shell:Creating package descriptor '/home/ankur/ros2_ws/install/drive_drone/share/drive_drone/package.dsv'
[1.515s] INFO:colcon.colcon_core.shell:Creating package script '/home/ankur/ros2_ws/install/drive_drone/share/drive_drone/package.sh'
[1.517s] INFO:colcon.colcon_core.shell:Creating package script '/home/ankur/ros2_ws/install/drive_drone/share/drive_drone/package.bash'
[1.520s] INFO:colcon.colcon_core.shell:Creating package script '/home/ankur/ros2_ws/install/drive_drone/share/drive_drone/package.zsh'
[1.521s] Level 1:colcon.colcon_core.environment:create_file_with_runtime_dependencies(/home/ankur/ros2_ws/install/drive_drone/share/colcon-core/packages/drive_drone)
[1.535s] DEBUG:colcon.colcon_core.event_handler.log_command:Invoked command in '/home/ankur/ros2_ws/build/sjtu_drone_description' returned '0': CMAKE_PREFIX_PATH=${CMAKE_PREFIX_PATH}:/home/ankur/ros2_ws/install/sjtu_drone_bringup:/home/ankur/drone_ws/install/sjtu_drone_control:/home/ankur/drone_ws/install/sjtu_drone_bringup:/home/ankur/drone_ws/install/pkgg:/opt/ros/humble /usr/bin/cmake --build /home/ankur/ros2_ws/build/sjtu_drone_description -- -j4 -l4
[1.640s] Level 1:colcon.colcon_core.environment:create_environment_scripts_only(drive_drone)
[1.640s] Level 1:colcon.colcon_core.environment:checking '/home/ankur/ros2_ws/install/drive_drone' for CMake module files
[1.640s] Level 1:colcon.colcon_core.environment:checking '/home/ankur/ros2_ws/install/drive_drone' for CMake config files
[1.641s] Level 1:colcon.colcon_core.shell:create_environment_hook('drive_drone', 'cmake_prefix_path')
[1.641s] INFO:colcon.colcon_core.shell:Creating environment hook '/home/ankur/ros2_ws/install/drive_drone/share/drive_drone/hook/cmake_prefix_path.ps1'
[1.641s] INFO:colcon.colcon_core.shell:Creating environment descriptor '/home/ankur/ros2_ws/install/drive_drone/share/drive_drone/hook/cmake_prefix_path.dsv'
[1.642s] INFO:colcon.colcon_core.shell:Creating environment hook '/home/ankur/ros2_ws/install/drive_drone/share/drive_drone/hook/cmake_prefix_path.sh'
[1.643s] Level 1:colcon.colcon_core.environment:checking '/home/ankur/ros2_ws/install/drive_drone/lib'
[1.643s] Level 1:colcon.colcon_core.environment:checking '/home/ankur/ros2_ws/install/drive_drone/bin'
[1.643s] Level 1:colcon.colcon_core.environment:checking '/home/ankur/ros2_ws/install/drive_drone/lib/pkgconfig/drive_drone.pc'
[1.644s] Level 1:colcon.colcon_core.environment:checking '/home/ankur/ros2_ws/install/drive_drone/lib/python3.10/site-packages'
[1.644s] Level 1:colcon.colcon_core.environment:checking '/home/ankur/ros2_ws/install/drive_drone/bin'
[1.644s] INFO:colcon.colcon_core.shell:Creating package script '/home/ankur/ros2_ws/install/drive_drone/share/drive_drone/package.ps1'
[1.647s] INFO:colcon.colcon_core.shell:Creating package descriptor '/home/ankur/ros2_ws/install/drive_drone/share/drive_drone/package.dsv'
[1.648s] INFO:colcon.colcon_core.shell:Creating package script '/home/ankur/ros2_ws/install/drive_drone/share/drive_drone/package.sh'
[1.649s] INFO:colcon.colcon_core.shell:Creating package script '/home/ankur/ros2_ws/install/drive_drone/share/drive_drone/package.bash'
[1.650s] INFO:colcon.colcon_core.shell:Creating package script '/home/ankur/ros2_ws/install/drive_drone/share/drive_drone/package.zsh'
[1.651s] Level 1:colcon.colcon_core.environment:create_file_with_runtime_dependencies(/home/ankur/ros2_ws/install/drive_drone/share/colcon-core/packages/drive_drone)
[1.657s] DEBUG:colcon.colcon_core.event_handler.log_command:Invoking command in '/home/ankur/ros2_ws/build/sjtu_drone_description': CMAKE_PREFIX_PATH=${CMAKE_PREFIX_PATH}:/home/ankur/ros2_ws/install/sjtu_drone_bringup:/home/ankur/drone_ws/install/sjtu_drone_control:/home/ankur/drone_ws/install/sjtu_drone_bringup:/home/ankur/drone_ws/install/pkgg:/opt/ros/humble /usr/bin/cmake --install /home/ankur/ros2_ws/build/sjtu_drone_description
[1.686s] Level 1:colcon.colcon_core.environment:create_environment_scripts_only(sjtu_drone_description)
[1.686s] Level 1:colcon.colcon_core.environment:checking '/home/ankur/ros2_ws/install/sjtu_drone_description' for CMake module files
[1.687s] DEBUG:colcon.colcon_core.event_handler.log_command:Invoked command in '/home/ankur/ros2_ws/build/sjtu_drone_description' returned '0': CMAKE_PREFIX_PATH=${CMAKE_PREFIX_PATH}:/home/ankur/ros2_ws/install/sjtu_drone_bringup:/home/ankur/drone_ws/install/sjtu_drone_control:/home/ankur/drone_ws/install/sjtu_drone_bringup:/home/ankur/drone_ws/install/pkgg:/opt/ros/humble /usr/bin/cmake --install /home/ankur/ros2_ws/build/sjtu_drone_description
[1.688s] Level 1:colcon.colcon_core.environment:checking '/home/ankur/ros2_ws/install/sjtu_drone_description' for CMake config files
[1.688s] Level 1:colcon.colcon_core.shell:create_environment_hook('sjtu_drone_description', 'cmake_prefix_path')
[1.688s] INFO:colcon.colcon_core.shell:Creating environment hook '/home/ankur/ros2_ws/install/sjtu_drone_description/share/sjtu_drone_description/hook/cmake_prefix_path.ps1'
[1.689s] INFO:colcon.colcon_core.shell:Creating environment descriptor '/home/ankur/ros2_ws/install/sjtu_drone_description/share/sjtu_drone_description/hook/cmake_prefix_path.dsv'
[1.689s] INFO:colcon.colcon_core.shell:Creating environment hook '/home/ankur/ros2_ws/install/sjtu_drone_description/share/sjtu_drone_description/hook/cmake_prefix_path.sh'
[1.690s] Level 1:colcon.colcon_core.environment:checking '/home/ankur/ros2_ws/install/sjtu_drone_description/lib'
[1.691s] Level 1:colcon.colcon_core.shell:create_environment_hook('sjtu_drone_description', 'ld_library_path_lib')
[1.691s] INFO:colcon.colcon_core.shell:Creating environment hook '/home/ankur/ros2_ws/install/sjtu_drone_description/share/sjtu_drone_description/hook/ld_library_path_lib.ps1'
[1.691s] INFO:colcon.colcon_core.shell:Creating environment descriptor '/home/ankur/ros2_ws/install/sjtu_drone_description/share/sjtu_drone_description/hook/ld_library_path_lib.dsv'
[1.692s] INFO:colcon.colcon_core.shell:Creating environment hook '/home/ankur/ros2_ws/install/sjtu_drone_description/share/sjtu_drone_description/hook/ld_library_path_lib.sh'
[1.692s] Level 1:colcon.colcon_core.environment:checking '/home/ankur/ros2_ws/install/sjtu_drone_description/bin'
[1.692s] Level 1:colcon.colcon_core.environment:checking '/home/ankur/ros2_ws/install/sjtu_drone_description/lib/pkgconfig/sjtu_drone_description.pc'
[1.693s] Level 1:colcon.colcon_core.environment:checking '/home/ankur/ros2_ws/install/sjtu_drone_description/lib/python3.10/site-packages'
[1.693s] Level 1:colcon.colcon_core.environment:checking '/home/ankur/ros2_ws/install/sjtu_drone_description/bin'
[1.694s] INFO:colcon.colcon_core.shell:Creating package script '/home/ankur/ros2_ws/install/sjtu_drone_description/share/sjtu_drone_description/package.ps1'
[1.694s] INFO:colcon.colcon_core.shell:Creating package descriptor '/home/ankur/ros2_ws/install/sjtu_drone_description/share/sjtu_drone_description/package.dsv'
[1.695s] INFO:colcon.colcon_core.shell:Creating package script '/home/ankur/ros2_ws/install/sjtu_drone_description/share/sjtu_drone_description/package.sh'
[1.695s] INFO:colcon.colcon_core.shell:Creating package script '/home/ankur/ros2_ws/install/sjtu_drone_description/share/sjtu_drone_description/package.bash'
[1.696s] INFO:colcon.colcon_core.shell:Creating package script '/home/ankur/ros2_ws/install/sjtu_drone_description/share/sjtu_drone_description/package.zsh'
[1.698s] Level 1:colcon.colcon_core.environment:create_file_with_runtime_dependencies(/home/ankur/ros2_ws/install/sjtu_drone_description/share/colcon-core/packages/sjtu_drone_description)
[1.810s] Level 1:colcon.colcon_core.environment:create_environment_scripts_only(sjtu_drone_description)
[1.810s] Level 1:colcon.colcon_core.environment:checking '/home/ankur/ros2_ws/install/sjtu_drone_description' for CMake module files
[1.811s] Level 1:colcon.colcon_core.environment:checking '/home/ankur/ros2_ws/install/sjtu_drone_description' for CMake config files
[1.811s] Level 1:colcon.colcon_core.shell:create_environment_hook('sjtu_drone_description', 'cmake_prefix_path')
[1.811s] INFO:colcon.colcon_core.shell:Creating environment hook '/home/ankur/ros2_ws/install/sjtu_drone_description/share/sjtu_drone_description/hook/cmake_prefix_path.ps1'
[1.813s] INFO:colcon.colcon_core.shell:Creating environment descriptor '/home/ankur/ros2_ws/install/sjtu_drone_description/share/sjtu_drone_description/hook/cmake_prefix_path.dsv'
[1.814s] INFO:colcon.colcon_core.shell:Creating environment hook '/home/ankur/ros2_ws/install/sjtu_drone_description/share/sjtu_drone_description/hook/cmake_prefix_path.sh'
[1.815s] Level 1:colcon.colcon_core.environment:checking '/home/ankur/ros2_ws/install/sjtu_drone_description/lib'
[1.815s] Level 1:colcon.colcon_core.shell:create_environment_hook('sjtu_drone_description', 'ld_library_path_lib')
[1.816s] INFO:colcon.colcon_core.shell:Creating environment hook '/home/ankur/ros2_ws/install/sjtu_drone_description/share/sjtu_drone_description/hook/ld_library_path_lib.ps1'
[1.817s] INFO:colcon.colcon_core.shell:Creating environment descriptor '/home/ankur/ros2_ws/install/sjtu_drone_description/share/sjtu_drone_description/hook/ld_library_path_lib.dsv'
[1.818s] INFO:colcon.colcon_core.shell:Creating environment hook '/home/ankur/ros2_ws/install/sjtu_drone_description/share/sjtu_drone_description/hook/ld_library_path_lib.sh'
[1.819s] Level 1:colcon.colcon_core.environment:checking '/home/ankur/ros2_ws/install/sjtu_drone_description/bin'
[1.819s] Level 1:colcon.colcon_core.environment:checking '/home/ankur/ros2_ws/install/sjtu_drone_description/lib/pkgconfig/sjtu_drone_description.pc'
[1.819s] Level 1:colcon.colcon_core.environment:checking '/home/ankur/ros2_ws/install/sjtu_drone_description/lib/python3.10/site-packages'
[1.820s] Level 1:colcon.colcon_core.environment:checking '/home/ankur/ros2_ws/install/sjtu_drone_description/bin'
[1.820s] INFO:colcon.colcon_core.shell:Creating package script '/home/ankur/ros2_ws/install/sjtu_drone_description/share/sjtu_drone_description/package.ps1'
[1.822s] INFO:colcon.colcon_core.shell:Creating package descriptor '/home/ankur/ros2_ws/install/sjtu_drone_description/share/sjtu_drone_description/package.dsv'
[1.823s] INFO:colcon.colcon_core.shell:Creating package script '/home/ankur/ros2_ws/install/sjtu_drone_description/share/sjtu_drone_description/package.sh'
[1.824s] INFO:colcon.colcon_core.shell:Creating package script '/home/ankur/ros2_ws/install/sjtu_drone_description/share/sjtu_drone_description/package.bash'
[1.837s] INFO:colcon.colcon_core.shell:Creating package script '/home/ankur/ros2_ws/install/sjtu_drone_description/share/sjtu_drone_description/package.zsh'
[1.840s] Level 1:colcon.colcon_core.environment:create_file_with_runtime_dependencies(/home/ankur/ros2_ws/install/sjtu_drone_description/share/colcon-core/packages/sjtu_drone_description)
[1.843s] DEBUG:colcon.colcon_core.event_handler.log_command:Invoking command in '/home/ankur/ros2_ws/src/drones_ROS2/sjtu_drone/sjtu_drone_bringup': PYTHONPATH=/home/ankur/ros2_ws/build/sjtu_drone_bringup/prefix_override:/home/ankur/ros2_ws/install/sjtu_drone_bringup/lib/python3.10/site-packages:${PYTHONPATH} /usr/bin/python3 -W ignore:setup.py install is deprecated setup.py egg_info --egg-base ../../../../build/sjtu_drone_bringup build --build-base /home/ankur/ros2_ws/build/sjtu_drone_bringup/build install --record /home/ankur/ros2_ws/build/sjtu_drone_bringup/install.log --single-version-externally-managed install_data
[1.845s] DEBUG:colcon.colcon_core.event_handler.log_command:Invoking command in '/home/ankur/ros2_ws/src/drones_ROS2/ibvs': PYTHONPATH=/home/ankur/ros2_ws/build/ibvs/prefix_override:/home/ankur/ros2_ws/install/ibvs/lib/python3.10/site-packages:${PYTHONPATH} /usr/bin/python3 -W ignore:setup.py install is deprecated setup.py egg_info --egg-base ../../../build/ibvs build --build-base /home/ankur/ros2_ws/build/ibvs/build install --record /home/ankur/ros2_ws/build/ibvs/install.log --single-version-externally-managed install_data
[2.203s] Level 1:colcon.colcon_core.environment:checking '/home/ankur/ros2_ws/install/sjtu_drone_bringup' for CMake module files
[2.203s] DEBUG:colcon.colcon_core.event_handler.log_command:Invoked command in '/home/ankur/ros2_ws/src/drones_ROS2/sjtu_drone/sjtu_drone_bringup' returned '0': PYTHONPATH=/home/ankur/ros2_ws/build/sjtu_drone_bringup/prefix_override:/home/ankur/ros2_ws/install/sjtu_drone_bringup/lib/python3.10/site-packages:${PYTHONPATH} /usr/bin/python3 -W ignore:setup.py install is deprecated setup.py egg_info --egg-base ../../../../build/sjtu_drone_bringup build --build-base /home/ankur/ros2_ws/build/sjtu_drone_bringup/build install --record /home/ankur/ros2_ws/build/sjtu_drone_bringup/install.log --single-version-externally-managed install_data
[2.204s] Level 1:colcon.colcon_core.environment:checking '/home/ankur/ros2_ws/install/sjtu_drone_bringup' for CMake config files
[2.204s] Level 1:colcon.colcon_core.environment:checking '/home/ankur/ros2_ws/install/sjtu_drone_bringup/lib'
[2.204s] Level 1:colcon.colcon_core.environment:checking '/home/ankur/ros2_ws/install/sjtu_drone_bringup/bin'
[2.204s] Level 1:colcon.colcon_core.environment:checking '/home/ankur/ros2_ws/install/sjtu_drone_bringup/lib/pkgconfig/sjtu_drone_bringup.pc'
[2.204s] Level 1:colcon.colcon_core.environment:checking '/home/ankur/ros2_ws/install/sjtu_drone_bringup/lib/python3.10/site-packages'
[2.204s] Level 1:colcon.colcon_core.shell:create_environment_hook('sjtu_drone_bringup', 'pythonpath')
[2.205s] INFO:colcon.colcon_core.shell:Creating environment hook '/home/ankur/ros2_ws/install/sjtu_drone_bringup/share/sjtu_drone_bringup/hook/pythonpath.ps1'
[2.205s] INFO:colcon.colcon_core.shell:Creating environment descriptor '/home/ankur/ros2_ws/install/sjtu_drone_bringup/share/sjtu_drone_bringup/hook/pythonpath.dsv'
[2.206s] INFO:colcon.colcon_core.shell:Creating environment hook '/home/ankur/ros2_ws/install/sjtu_drone_bringup/share/sjtu_drone_bringup/hook/pythonpath.sh'
[2.207s] Level 1:colcon.colcon_core.environment:checking '/home/ankur/ros2_ws/install/sjtu_drone_bringup/bin'
[2.207s] Level 1:colcon.colcon_core.environment:create_environment_scripts_only(sjtu_drone_bringup)
[2.208s] INFO:colcon.colcon_core.shell:Creating package script '/home/ankur/ros2_ws/install/sjtu_drone_bringup/share/sjtu_drone_bringup/package.ps1'
[2.208s] INFO:colcon.colcon_core.shell:Creating package descriptor '/home/ankur/ros2_ws/install/sjtu_drone_bringup/share/sjtu_drone_bringup/package.dsv'
[2.209s] INFO:colcon.colcon_core.shell:Creating package script '/home/ankur/ros2_ws/install/sjtu_drone_bringup/share/sjtu_drone_bringup/package.sh'
[2.210s] INFO:colcon.colcon_core.shell:Creating package script '/home/ankur/ros2_ws/install/sjtu_drone_bringup/share/sjtu_drone_bringup/package.bash'
[2.210s] INFO:colcon.colcon_core.shell:Creating package script '/home/ankur/ros2_ws/install/sjtu_drone_bringup/share/sjtu_drone_bringup/package.zsh'
[2.211s] Level 1:colcon.colcon_core.environment:create_file_with_runtime_dependencies(/home/ankur/ros2_ws/install/sjtu_drone_bringup/share/colcon-core/packages/sjtu_drone_bringup)
[2.224s] Level 1:colcon.colcon_core.environment:checking '/home/ankur/ros2_ws/install/ibvs' for CMake module files
[2.225s] DEBUG:colcon.colcon_core.event_handler.log_command:Invoked command in '/home/ankur/ros2_ws/src/drones_ROS2/ibvs' returned '0': PYTHONPATH=/home/ankur/ros2_ws/build/ibvs/prefix_override:/home/ankur/ros2_ws/install/ibvs/lib/python3.10/site-packages:${PYTHONPATH} /usr/bin/python3 -W ignore:setup.py install is deprecated setup.py egg_info --egg-base ../../../build/ibvs build --build-base /home/ankur/ros2_ws/build/ibvs/build install --record /home/ankur/ros2_ws/build/ibvs/install.log --single-version-externally-managed install_data
[2.225s] Level 1:colcon.colcon_core.environment:checking '/home/ankur/ros2_ws/install/ibvs' for CMake config files
[2.226s] Level 1:colcon.colcon_core.environment:checking '/home/ankur/ros2_ws/install/ibvs/lib'
[2.226s] Level 1:colcon.colcon_core.environment:checking '/home/ankur/ros2_ws/install/ibvs/bin'
[2.226s] Level 1:colcon.colcon_core.environment:checking '/home/ankur/ros2_ws/install/ibvs/lib/pkgconfig/ibvs.pc'
[2.226s] Level 1:colcon.colcon_core.environment:checking '/home/ankur/ros2_ws/install/ibvs/lib/python3.10/site-packages'
[2.226s] Level 1:colcon.colcon_core.shell:create_environment_hook('ibvs', 'pythonpath')
[2.226s] INFO:colcon.colcon_core.shell:Creating environment hook '/home/ankur/ros2_ws/install/ibvs/share/ibvs/hook/pythonpath.ps1'
[2.227s] INFO:colcon.colcon_core.shell:Creating environment descriptor '/home/ankur/ros2_ws/install/ibvs/share/ibvs/hook/pythonpath.dsv'
[2.227s] INFO:colcon.colcon_core.shell:Creating environment hook '/home/ankur/ros2_ws/install/ibvs/share/ibvs/hook/pythonpath.sh'
[2.228s] Level 1:colcon.colcon_core.environment:checking '/home/ankur/ros2_ws/install/ibvs/bin'
[2.228s] Level 1:colcon.colcon_core.environment:create_environment_scripts_only(ibvs)
[2.229s] INFO:colcon.colcon_core.shell:Creating package script '/home/ankur/ros2_ws/install/ibvs/share/ibvs/package.ps1'
[2.229s] INFO:colcon.colcon_core.shell:Creating package descriptor '/home/ankur/ros2_ws/install/ibvs/share/ibvs/package.dsv'
[2.230s] INFO:colcon.colcon_core.shell:Creating package script '/home/ankur/ros2_ws/install/ibvs/share/ibvs/package.sh'
[2.230s] INFO:colcon.colcon_core.shell:Creating package script '/home/ankur/ros2_ws/install/ibvs/share/ibvs/package.bash'
[2.231s] INFO:colcon.colcon_core.shell:Creating package script '/home/ankur/ros2_ws/install/ibvs/share/ibvs/package.zsh'
[2.232s] Level 1:colcon.colcon_core.environment:create_file_with_runtime_dependencies(/home/ankur/ros2_ws/install/ibvs/share/colcon-core/packages/ibvs)
[2.233s] DEBUG:colcon.colcon_parallel_executor.executor.parallel:closing loop
[2.233s] DEBUG:colcon.colcon_parallel_executor.executor.parallel:loop closed
[2.233s] DEBUG:colcon.colcon_parallel_executor.executor.parallel:run_until_complete finished with '0'
[2.233s] DEBUG:colcon.colcon_core.event_reactor:joining thread
[2.242s] INFO:colcon.colcon_core.plugin_system:Skipping extension 'colcon_notification.desktop_notification.terminal_notifier': Not used on non-Darwin systems
[2.242s] INFO:colcon.colcon_core.plugin_system:Skipping extension 'colcon_notification.desktop_notification.win32': Not used on non-Windows systems
[2.242s] INFO:colcon.colcon_notification.desktop_notification:Sending desktop notification using 'notify2'
[2.272s] DEBUG:colcon.colcon_core.event_reactor:joined thread
[2.272s] INFO:colcon.colcon_core.shell:Creating prefix script '/home/ankur/ros2_ws/install/local_setup.ps1'
[2.273s] INFO:colcon.colcon_core.shell:Creating prefix util module '/home/ankur/ros2_ws/install/_local_setup_util_ps1.py'
[2.275s] INFO:colcon.colcon_core.shell:Creating prefix chain script '/home/ankur/ros2_ws/install/setup.ps1'
[2.276s] INFO:colcon.colcon_core.shell:Creating prefix script '/home/ankur/ros2_ws/install/local_setup.sh'
[2.277s] INFO:colcon.colcon_core.shell:Creating prefix util module '/home/ankur/ros2_ws/install/_local_setup_util_sh.py'
[2.278s] INFO:colcon.colcon_core.shell:Creating prefix chain script '/home/ankur/ros2_ws/install/setup.sh'
[2.279s] INFO:colcon.colcon_core.shell:Creating prefix script '/home/ankur/ros2_ws/install/local_setup.bash'
[2.280s] INFO:colcon.colcon_core.shell:Creating prefix chain script '/home/ankur/ros2_ws/install/setup.bash'
[2.281s] INFO:colcon.colcon_core.shell:Creating prefix script '/home/ankur/ros2_ws/install/local_setup.zsh'
[2.282s] INFO:colcon.colcon_core.shell:Creating prefix chain script '/home/ankur/ros2_ws/install/setup.zsh'
