[0.682s] Invoking command in '/home/jagadeesh/ros2_ws/src/drones_ROS2/sjtu_drone/sjtu_drone_control': PYTHONPATH=/home/jagadeesh/ros2_ws/build/sjtu_drone_control/prefix_override:/home/jagadeesh/ros2_ws/install/sjtu_drone_control/lib/python3.10/site-packages:${PYTHONPATH} /usr/bin/python3 -W ignore:setup.py install is deprecated setup.py egg_info --egg-base ../../../../build/sjtu_drone_control build --build-base /home/jagadeesh/ros2_ws/build/sjtu_drone_control/build install --record /home/jagadeesh/ros2_ws/build/sjtu_drone_control/install.log --single-version-externally-managed install_data
[0.827s] running egg_info
[0.828s] writing ../../../../build/sjtu_drone_control/sjtu_drone_control.egg-info/PKG-INFO
[0.828s] writing dependency_links to ../../../../build/sjtu_drone_control/sjtu_drone_control.egg-info/dependency_links.txt
[0.828s] writing entry points to ../../../../build/sjtu_drone_control/sjtu_drone_control.egg-info/entry_points.txt
[0.828s] writing requirements to ../../../../build/sjtu_drone_control/sjtu_drone_control.egg-info/requires.txt
[0.828s] writing top-level names to ../../../../build/sjtu_drone_control/sjtu_drone_control.egg-info/top_level.txt
[0.829s] reading manifest file '../../../../build/sjtu_drone_control/sjtu_drone_control.egg-info/SOURCES.txt'
[0.830s] writing manifest file '../../../../build/sjtu_drone_control/sjtu_drone_control.egg-info/SOURCES.txt'
[0.830s] running build
[0.830s] running build_py
[0.830s] running install
[0.830s] running install_lib
[0.831s] running install_data
[0.831s] running install_egg_info
[0.832s] removing '/home/jagadeesh/ros2_ws/install/sjtu_drone_control/lib/python3.10/site-packages/sjtu_drone_control-0.0.0-py3.10.egg-info' (and everything under it)
[0.833s] Copying ../../../../build/sjtu_drone_control/sjtu_drone_control.egg-info to /home/jagadeesh/ros2_ws/install/sjtu_drone_control/lib/python3.10/site-packages/sjtu_drone_control-0.0.0-py3.10.egg-info
[0.833s] running install_scripts
[0.850s] Installing drone_position_control script to /home/jagadeesh/ros2_ws/install/sjtu_drone_control/lib/sjtu_drone_control
[0.850s] Installing open_loop_control script to /home/jagadeesh/ros2_ws/install/sjtu_drone_control/lib/sjtu_drone_control
[0.850s] Installing teleop script to /home/jagadeesh/ros2_ws/install/sjtu_drone_control/lib/sjtu_drone_control
[0.850s] Installing teleop_joystick script to /home/jagadeesh/ros2_ws/install/sjtu_drone_control/lib/sjtu_drone_control
[0.850s] writing list of installed files to '/home/jagadeesh/ros2_ws/build/sjtu_drone_control/install.log'
[0.874s] Invoked command in '/home/jagadeesh/ros2_ws/src/drones_ROS2/sjtu_drone/sjtu_drone_control' returned '0': PYTHONPATH=/home/jagadeesh/ros2_ws/build/sjtu_drone_control/prefix_override:/home/jagadeesh/ros2_ws/install/sjtu_drone_control/lib/python3.10/site-packages:${PYTHONPATH} /usr/bin/python3 -W ignore:setup.py install is deprecated setup.py egg_info --egg-base ../../../../build/sjtu_drone_control build --build-base /home/jagadeesh/ros2_ws/build/sjtu_drone_control/build install --record /home/jagadeesh/ros2_ws/build/sjtu_drone_control/install.log --single-version-externally-managed install_data
