[0.677s] Invoking command in '/home/jagadeesh/ros2_ws/build/sjtu_drone_description': CMAKE_PREFIX_PATH=/opt/ros/humble /usr/bin/cmake --build /home/jagadeesh/ros2_ws/build/sjtu_drone_description -- -j20 -l20
[3.036s] [100%] Built target plugin_drone
[3.048s] Invoked command in '/home/jagadeesh/ros2_ws/build/sjtu_drone_description' returned '0': CMAKE_PREFIX_PATH=/opt/ros/humble /usr/bin/cmake --build /home/jagadeesh/ros2_ws/build/sjtu_drone_description -- -j20 -l20
[3.105s] Invoking command in '/home/jagadeesh/ros2_ws/build/sjtu_drone_description': CMAKE_PREFIX_PATH=/opt/ros/humble /usr/bin/cmake --install /home/jagadeesh/ros2_ws/build/sjtu_drone_description
[3.131s] -- Install configuration: ""
[3.141s] -- Up-to-date: /home/jagadeesh/ros2_ws/install/sjtu_drone_description/include
[3.141s] -- Up-to-date: /home/jagadeesh/ros2_ws/install/sjtu_drone_description/include/plugin_drone.h
[3.141s] -- Up-to-date: /home/jagadeesh/ros2_ws/install/sjtu_drone_description/include/pid_controller.h
[3.161s] -- Up-to-date: /home/jagadeesh/ros2_ws/install/sjtu_drone_description/lib/libplugin_drone.so
[3.163s] -- Up-to-date: /home/jagadeesh/ros2_ws/install/sjtu_drone_description/share/sjtu_drone_description/environment/library_path.sh
[3.163s] -- Up-to-date: /home/jagadeesh/ros2_ws/install/sjtu_drone_description/share/sjtu_drone_description/environment/library_path.dsv
[3.163s] -- Up-to-date: /home/jagadeesh/ros2_ws/install/sjtu_drone_description/share/sjtu_drone_description/models
[3.163s] -- Up-to-date: /home/jagadeesh/ros2_ws/install/sjtu_drone_description/share/sjtu_drone_description/models/sjtu_drone
[3.164s] -- Up-to-date: /home/jagadeesh/ros2_ws/install/sjtu_drone_description/share/sjtu_drone_description/models/sjtu_drone/quadrotor_4.dae
[3.164s] -- Up-to-date: /home/jagadeesh/ros2_ws/install/sjtu_drone_description/share/sjtu_drone_description/models/sjtu_drone/model.config
[3.164s] -- Up-to-date: /home/jagadeesh/ros2_ws/install/sjtu_drone_description/share/sjtu_drone_description/models/sjtu_drone/quadrotor_4.stl
[3.164s] -- Up-to-date: /home/jagadeesh/ros2_ws/install/sjtu_drone_description/share/sjtu_drone_description/models/sjtu_drone/sjtu_drone.sdf
[3.164s] -- Up-to-date: /home/jagadeesh/ros2_ws/install/sjtu_drone_description/share/sjtu_drone_description/models/database.config
[3.164s] -- Up-to-date: /home/jagadeesh/ros2_ws/install/sjtu_drone_description/share/sjtu_drone_description/urdf
[3.165s] -- Up-to-date: /home/jagadeesh/ros2_ws/install/sjtu_drone_description/share/sjtu_drone_description/urdf/sjtu_drone.urdf
[3.165s] -- Up-to-date: /home/jagadeesh/ros2_ws/install/sjtu_drone_description/share/sjtu_drone_description/urdf/sjtu_drone.urdf.xacro
[3.165s] -- Up-to-date: /home/jagadeesh/ros2_ws/install/sjtu_drone_description/share/sjtu_drone_description/worlds
[3.165s] -- Up-to-date: /home/jagadeesh/ros2_ws/install/sjtu_drone_description/share/sjtu_drone_description/worlds/gazebo_ros_diff_drive_demo.world
[3.165s] -- Up-to-date: /home/jagadeesh/ros2_ws/install/sjtu_drone_description/share/sjtu_drone_description/worlds/empty.world
[3.165s] -- Up-to-date: /home/jagadeesh/ros2_ws/install/sjtu_drone_description/share/sjtu_drone_description/worlds/playground.world
[3.165s] -- Up-to-date: /home/jagadeesh/ros2_ws/install/sjtu_drone_description/share/ament_index/resource_index/package_run_dependencies/sjtu_drone_description
[3.165s] -- Up-to-date: /home/jagadeesh/ros2_ws/install/sjtu_drone_description/share/ament_index/resource_index/parent_prefix_path/sjtu_drone_description
[3.166s] -- Up-to-date: /home/jagadeesh/ros2_ws/install/sjtu_drone_description/share/sjtu_drone_description/environment/ament_prefix_path.sh
[3.166s] -- Up-to-date: /home/jagadeesh/ros2_ws/install/sjtu_drone_description/share/sjtu_drone_description/environment/ament_prefix_path.dsv
[3.166s] -- Up-to-date: /home/jagadeesh/ros2_ws/install/sjtu_drone_description/share/sjtu_drone_description/environment/path.sh
[3.166s] -- Up-to-date: /home/jagadeesh/ros2_ws/install/sjtu_drone_description/share/sjtu_drone_description/environment/path.dsv
[3.166s] -- Up-to-date: /home/jagadeesh/ros2_ws/install/sjtu_drone_description/share/sjtu_drone_description/local_setup.bash
[3.166s] -- Up-to-date: /home/jagadeesh/ros2_ws/install/sjtu_drone_description/share/sjtu_drone_description/local_setup.sh
[3.166s] -- Up-to-date: /home/jagadeesh/ros2_ws/install/sjtu_drone_description/share/sjtu_drone_description/local_setup.zsh
[3.166s] -- Up-to-date: /home/jagadeesh/ros2_ws/install/sjtu_drone_description/share/sjtu_drone_description/local_setup.dsv
[3.166s] -- Installing: /home/jagadeesh/ros2_ws/install/sjtu_drone_description/share/sjtu_drone_description/package.dsv
[3.184s] -- Up-to-date: /home/jagadeesh/ros2_ws/install/sjtu_drone_description/share/ament_index/resource_index/packages/sjtu_drone_description
[3.206s] -- Up-to-date: /home/jagadeesh/ros2_ws/install/sjtu_drone_description/share/sjtu_drone_description/cmake/export_sjtu_drone_descriptionExport.cmake
[3.206s] -- Up-to-date: /home/jagadeesh/ros2_ws/install/sjtu_drone_description/share/sjtu_drone_description/cmake/export_sjtu_drone_descriptionExport-noconfig.cmake
[3.206s] -- Up-to-date: /home/jagadeesh/ros2_ws/install/sjtu_drone_description/share/sjtu_drone_description/cmake/ament_cmake_export_include_directories-extras.cmake
[3.206s] -- Up-to-date: /home/jagadeesh/ros2_ws/install/sjtu_drone_description/share/sjtu_drone_description/cmake/ament_cmake_export_libraries-extras.cmake
[3.206s] -- Up-to-date: /home/jagadeesh/ros2_ws/install/sjtu_drone_description/share/sjtu_drone_description/cmake/ament_cmake_export_targets-extras.cmake
[3.206s] -- Up-to-date: /home/jagadeesh/ros2_ws/install/sjtu_drone_description/share/sjtu_drone_description/cmake/sjtu_drone_descriptionConfig.cmake
[3.207s] -- Up-to-date: /home/jagadeesh/ros2_ws/install/sjtu_drone_description/share/sjtu_drone_description/cmake/sjtu_drone_descriptionConfig-version.cmake
[3.207s] -- Up-to-date: /home/jagadeesh/ros2_ws/install/sjtu_drone_description/share/sjtu_drone_description/package.xml
[3.210s] Invoked command in '/home/jagadeesh/ros2_ws/build/sjtu_drone_description' returned '0': CMAKE_PREFIX_PATH=/opt/ros/humble /usr/bin/cmake --install /home/jagadeesh/ros2_ws/build/sjtu_drone_description
