[2.477s] Invoking command in '/home/jagadeesh/ros2_ws/src/drones_ROS2/drone_controller': PYTHONPATH=/home/jagadeesh/ros2_ws/build/drone_controller/prefix_override:/home/jagadeesh/ros2_ws/install/drone_controller/lib/python3.10/site-packages:${PYTHONPATH} /usr/bin/python3 -W ignore:setup.py install is deprecated setup.py egg_info --egg-base ../../../build/drone_controller build --build-base /home/jagadeesh/ros2_ws/build/drone_controller/build install --record /home/jagadeesh/ros2_ws/build/drone_controller/install.log --single-version-externally-managed install_data
[2.584s] running egg_info
[2.585s] writing ../../../build/drone_controller/drone_controller.egg-info/PKG-INFO
[2.617s] writing dependency_links to ../../../build/drone_controller/drone_controller.egg-info/dependency_links.txt
[2.617s] writing entry points to ../../../build/drone_controller/drone_controller.egg-info/entry_points.txt
[2.617s] writing requirements to ../../../build/drone_controller/drone_controller.egg-info/requires.txt
[2.618s] writing top-level names to ../../../build/drone_controller/drone_controller.egg-info/top_level.txt
[2.619s] reading manifest file '../../../build/drone_controller/drone_controller.egg-info/SOURCES.txt'
[2.684s] writing manifest file '../../../build/drone_controller/drone_controller.egg-info/SOURCES.txt'
[2.684s] running build
[2.684s] running build_py
[2.719s] running install
[2.720s] running install_lib
[2.743s] running install_data
[2.753s] running install_egg_info
[2.757s] removing '/home/jagadeesh/ros2_ws/install/drone_controller/lib/python3.10/site-packages/drone_controller-0.0.0-py3.10.egg-info' (and everything under it)
[2.757s] Copying ../../../build/drone_controller/drone_controller.egg-info to /home/jagadeesh/ros2_ws/install/drone_controller/lib/python3.10/site-packages/drone_controller-0.0.0-py3.10.egg-info
[2.774s] running install_scripts
[2.789s] Installing image_pub script to /home/jagadeesh/ros2_ws/install/drone_controller/lib/drone_controller
[2.802s] Installing image_sub script to /home/jagadeesh/ros2_ws/install/drone_controller/lib/drone_controller
[2.802s] Installing img_sub script to /home/jagadeesh/ros2_ws/install/drone_controller/lib/drone_controller
[2.802s] writing list of installed files to '/home/jagadeesh/ros2_ws/build/drone_controller/install.log'
[2.814s] Invoked command in '/home/jagadeesh/ros2_ws/src/drones_ROS2/drone_controller' returned '0': PYTHONPATH=/home/jagadeesh/ros2_ws/build/drone_controller/prefix_override:/home/jagadeesh/ros2_ws/install/drone_controller/lib/python3.10/site-packages:${PYTHONPATH} /usr/bin/python3 -W ignore:setup.py install is deprecated setup.py egg_info --egg-base ../../../build/drone_controller build --build-base /home/jagadeesh/ros2_ws/build/drone_controller/build install --record /home/jagadeesh/ros2_ws/build/drone_controller/install.log --single-version-externally-managed install_data
