[0.128s] Invoking command in '/home/ankur/ros2_ws/build/drive_drone': CMAKE_PREFIX_PATH=${CMAKE_PREFIX_PATH}:/home/ankur/ros2_ws/install/sjtu_drone_bringup:/home/ankur/ros2_ws/install/ibvs:/home/ankur/drone_ws/install/sjtu_drone_control:/home/ankur/drone_ws/install/sjtu_drone_bringup:/home/ankur/drone_ws/install/pkgg:/opt/ros/humble /usr/bin/cmake --build /home/ankur/ros2_ws/build/drive_drone -- -j4 -l4
[0.993s] [ 50%] Built target p1_a_drive_node
[0.993s] [100%] Built target p1_b_tb3_follower
[1.058s] Invoked command in '/home/ankur/ros2_ws/build/drive_drone' returned '0': CMAKE_PREFIX_PATH=${CMAKE_PREFIX_PATH}:/home/ankur/ros2_ws/install/sjtu_drone_bringup:/home/ankur/ros2_ws/install/ibvs:/home/ankur/drone_ws/install/sjtu_drone_control:/home/ankur/drone_ws/install/sjtu_drone_bringup:/home/ankur/drone_ws/install/pkgg:/opt/ros/humble /usr/bin/cmake --build /home/ankur/ros2_ws/build/drive_drone -- -j4 -l4
[1.254s] Invoking command in '/home/ankur/ros2_ws/build/drive_drone': CMAKE_PREFIX_PATH=${CMAKE_PREFIX_PATH}:/home/ankur/ros2_ws/install/sjtu_drone_bringup:/home/ankur/ros2_ws/install/ibvs:/home/ankur/drone_ws/install/sjtu_drone_control:/home/ankur/drone_ws/install/sjtu_drone_bringup:/home/ankur/drone_ws/install/pkgg:/opt/ros/humble /usr/bin/cmake --install /home/ankur/ros2_ws/build/drive_drone
[1.274s] -- Install configuration: ""
[1.281s] -- Up-to-date: /home/ankur/ros2_ws/install/drive_drone/lib/drive_drone/p1_a_drive_node
[1.282s] -- Up-to-date: /home/ankur/ros2_ws/install/drive_drone/lib/drive_drone/p1_b_tb3_follower
[1.283s] -- Up-to-date: /home/ankur/ros2_ws/install/drive_drone/share/drive_drone//launch
[1.284s] -- Up-to-date: /home/ankur/ros2_ws/install/drive_drone/share/drive_drone//launch/p1_b_tb3_drone_gazebo.launch.py
[1.285s] -- Up-to-date: /home/ankur/ros2_ws/install/drive_drone/share/drive_drone//launch/p1_a_drone_fly_gazebo_rviz.launch.py
[1.285s] -- Up-to-date: /home/ankur/ros2_ws/install/drive_drone/share/ament_index/resource_index/package_run_dependencies/drive_drone
[1.288s] -- Up-to-date: /home/ankur/ros2_ws/install/drive_drone/share/ament_index/resource_index/parent_prefix_path/drive_drone
[1.288s] -- Up-to-date: /home/ankur/ros2_ws/install/drive_drone/share/drive_drone/environment/ament_prefix_path.sh
[1.288s] -- Up-to-date: /home/ankur/ros2_ws/install/drive_drone/share/drive_drone/environment/ament_prefix_path.dsv
[1.288s] -- Up-to-date: /home/ankur/ros2_ws/install/drive_drone/share/drive_drone/environment/path.sh
[1.288s] -- Up-to-date: /home/ankur/ros2_ws/install/drive_drone/share/drive_drone/environment/path.dsv
[1.288s] -- Up-to-date: /home/ankur/ros2_ws/install/drive_drone/share/drive_drone/local_setup.bash
[1.288s] -- Up-to-date: /home/ankur/ros2_ws/install/drive_drone/share/drive_drone/local_setup.sh
[1.288s] -- Up-to-date: /home/ankur/ros2_ws/install/drive_drone/share/drive_drone/local_setup.zsh
[1.288s] -- Up-to-date: /home/ankur/ros2_ws/install/drive_drone/share/drive_drone/local_setup.dsv
[1.289s] -- Installing: /home/ankur/ros2_ws/install/drive_drone/share/drive_drone/package.dsv
[1.289s] -- Up-to-date: /home/ankur/ros2_ws/install/drive_drone/share/ament_index/resource_index/packages/drive_drone
[1.289s] -- Up-to-date: /home/ankur/ros2_ws/install/drive_drone/share/drive_drone/cmake/drive_droneConfig.cmake
[1.289s] -- Up-to-date: /home/ankur/ros2_ws/install/drive_drone/share/drive_drone/cmake/drive_droneConfig-version.cmake
[1.289s] -- Up-to-date: /home/ankur/ros2_ws/install/drive_drone/share/drive_drone/package.xml
[1.306s] Invoked command in '/home/ankur/ros2_ws/build/drive_drone' returned '0': CMAKE_PREFIX_PATH=${CMAKE_PREFIX_PATH}:/home/ankur/ros2_ws/install/sjtu_drone_bringup:/home/ankur/ros2_ws/install/ibvs:/home/ankur/drone_ws/install/sjtu_drone_control:/home/ankur/drone_ws/install/sjtu_drone_bringup:/home/ankur/drone_ws/install/pkgg:/opt/ros/humble /usr/bin/cmake --install /home/ankur/ros2_ws/build/drive_drone
