[0.453s] Invoking command in '/home/jagadeesh/ros2_ws/build/minimal_diff_drive_robot': CMAKE_PREFIX_PATH=${CMAKE_PREFIX_PATH}:/home/jagadeesh/ros2_ws/install/sjtu_drone_control:/home/jagadeesh/ros2_ws/install/sjtu_drone_bringup:/home/jagadeesh/ros2_ws/install/ibvs:/home/jagadeesh/ros2_ws/install/drone_controller:/opt/ros/humble /usr/bin/cmake --build /home/jagadeesh/ros2_ws/build/minimal_diff_drive_robot -- -j20 -l20
[1.065s] Invoked command in '/home/jagadeesh/ros2_ws/build/minimal_diff_drive_robot' returned '0': CMAKE_PREFIX_PATH=${CMAKE_PREFIX_PATH}:/home/jagadeesh/ros2_ws/install/sjtu_drone_control:/home/jagadeesh/ros2_ws/install/sjtu_drone_bringup:/home/jagadeesh/ros2_ws/install/ibvs:/home/jagadeesh/ros2_ws/install/drone_controller:/opt/ros/humble /usr/bin/cmake --build /home/jagadeesh/ros2_ws/build/minimal_diff_drive_robot -- -j20 -l20
[1.087s] Invoking command in '/home/jagadeesh/ros2_ws/build/minimal_diff_drive_robot': CMAKE_PREFIX_PATH=${CMAKE_PREFIX_PATH}:/home/jagadeesh/ros2_ws/install/sjtu_drone_control:/home/jagadeesh/ros2_ws/install/sjtu_drone_bringup:/home/jagadeesh/ros2_ws/install/ibvs:/home/jagadeesh/ros2_ws/install/drone_controller:/opt/ros/humble /usr/bin/cmake --install /home/jagadeesh/ros2_ws/build/minimal_diff_drive_robot
[1.107s] -- Install configuration: ""
[1.108s] -- Up-to-date: /home/jagadeesh/ros2_ws/install/minimal_diff_drive_robot/share/minimal_diff_drive_robot/launch
[1.108s] -- Up-to-date: /home/jagadeesh/ros2_ws/install/minimal_diff_drive_robot/share/minimal_diff_drive_robot/launch/gazebo_and_rviz.launch.xml
[1.108s] -- Up-to-date: /home/jagadeesh/ros2_ws/install/minimal_diff_drive_robot/share/minimal_diff_drive_robot/launch/gazebo_and_rviz.launch.py
[1.108s] -- Up-to-date: /home/jagadeesh/ros2_ws/install/minimal_diff_drive_robot/share/minimal_diff_drive_robot/urdf
[1.108s] -- Up-to-date: /home/jagadeesh/ros2_ws/install/minimal_diff_drive_robot/share/minimal_diff_drive_robot/urdf/minimal_diff_drive_robot.urdf
[1.108s] -- Up-to-date: /home/jagadeesh/ros2_ws/install/minimal_diff_drive_robot/share/minimal_diff_drive_robot/config
[1.109s] -- Up-to-date: /home/jagadeesh/ros2_ws/install/minimal_diff_drive_robot/share/minimal_diff_drive_robot/config/robot.rviz
[1.109s] -- Up-to-date: /home/jagadeesh/ros2_ws/install/minimal_diff_drive_robot/share/ament_index/resource_index/package_run_dependencies/minimal_diff_drive_robot
[1.151s] -- Up-to-date: /home/jagadeesh/ros2_ws/install/minimal_diff_drive_robot/share/ament_index/resource_index/parent_prefix_path/minimal_diff_drive_robot
[1.151s] -- Up-to-date: /home/jagadeesh/ros2_ws/install/minimal_diff_drive_robot/share/minimal_diff_drive_robot/environment/ament_prefix_path.sh
[1.151s] -- Up-to-date: /home/jagadeesh/ros2_ws/install/minimal_diff_drive_robot/share/minimal_diff_drive_robot/environment/ament_prefix_path.dsv
[1.151s] -- Up-to-date: /home/jagadeesh/ros2_ws/install/minimal_diff_drive_robot/share/minimal_diff_drive_robot/environment/path.sh
[1.151s] -- Up-to-date: /home/jagadeesh/ros2_ws/install/minimal_diff_drive_robot/share/minimal_diff_drive_robot/environment/path.dsv
[1.152s] -- Up-to-date: /home/jagadeesh/ros2_ws/install/minimal_diff_drive_robot/share/minimal_diff_drive_robot/local_setup.bash
[1.152s] -- Up-to-date: /home/jagadeesh/ros2_ws/install/minimal_diff_drive_robot/share/minimal_diff_drive_robot/local_setup.sh
[1.152s] -- Up-to-date: /home/jagadeesh/ros2_ws/install/minimal_diff_drive_robot/share/minimal_diff_drive_robot/local_setup.zsh
[1.152s] -- Up-to-date: /home/jagadeesh/ros2_ws/install/minimal_diff_drive_robot/share/minimal_diff_drive_robot/local_setup.dsv
[1.152s] -- Installing: /home/jagadeesh/ros2_ws/install/minimal_diff_drive_robot/share/minimal_diff_drive_robot/package.dsv
[1.152s] -- Up-to-date: /home/jagadeesh/ros2_ws/install/minimal_diff_drive_robot/share/ament_index/resource_index/packages/minimal_diff_drive_robot
[1.157s] -- Up-to-date: /home/jagadeesh/ros2_ws/install/minimal_diff_drive_robot/share/minimal_diff_drive_robot/cmake/minimal_diff_drive_robotConfig.cmake
[1.157s] -- Up-to-date: /home/jagadeesh/ros2_ws/install/minimal_diff_drive_robot/share/minimal_diff_drive_robot/cmake/minimal_diff_drive_robotConfig-version.cmake
[1.157s] -- Up-to-date: /home/jagadeesh/ros2_ws/install/minimal_diff_drive_robot/share/minimal_diff_drive_robot/package.xml
[1.159s] Invoked command in '/home/jagadeesh/ros2_ws/build/minimal_diff_drive_robot' returned '0': CMAKE_PREFIX_PATH=${CMAKE_PREFIX_PATH}:/home/jagadeesh/ros2_ws/install/sjtu_drone_control:/home/jagadeesh/ros2_ws/install/sjtu_drone_bringup:/home/jagadeesh/ros2_ws/install/ibvs:/home/jagadeesh/ros2_ws/install/drone_controller:/opt/ros/humble /usr/bin/cmake --install /home/jagadeesh/ros2_ws/build/minimal_diff_drive_robot
