[0.056s] DEBUG:colcon:Command line arguments: ['/usr/bin/colcon', 'build']
[0.056s] DEBUG:colcon:Parsed command line arguments: Namespace(log_base=None, log_level=None, verb_name='build', build_base='build', install_base='install', merge_install=False, symlink_install=False, test_result_base=None, continue_on_error=False, executor='parallel', parallel_workers=20, event_handlers=None, ignore_user_meta=False, metas=['./colcon.meta'], base_paths=['.'], packages_ignore=None, packages_ignore_regex=None, paths=None, packages_up_to=None, packages_up_to_regex=None, packages_above=None, packages_above_and_dependencies=None, packages_above_depth=None, packages_select_by_dep=None, packages_skip_by_dep=None, packages_skip_up_to=None, packages_select_build_failed=False, packages_skip_build_finished=False, packages_select_test_failures=False, packages_skip_test_passed=False, packages_select=None, packages_skip=None, packages_select_regex=None, packages_skip_regex=None, packages_start=None, packages_end=None, allow_overriding=[], cmake_args=None, cmake_target=None, cmake_target_skip_unavailable=False, cmake_clean_cache=False, cmake_clean_first=False, cmake_force_configure=False, ament_cmake_args=None, catkin_cmake_args=None, catkin_skip_building_tests=False, verb_parser=<colcon_defaults.argument_parser.defaults.DefaultArgumentsDecorator object at 0x7dad1f20bc40>, verb_extension=<colcon_core.verb.build.BuildVerb object at 0x7dad1f20b6d0>, main=<bound method BuildVerb.main of <colcon_core.verb.build.BuildVerb object at 0x7dad1f20b6d0>>)
[0.151s] Level 1:colcon.colcon_core.package_discovery:discover_packages(colcon_meta) check parameters
[0.151s] Level 1:colcon.colcon_core.package_discovery:discover_packages(recursive) check parameters
[0.151s] Level 1:colcon.colcon_core.package_discovery:discover_packages(ignore) check parameters
[0.151s] Level 1:colcon.colcon_core.package_discovery:discover_packages(path) check parameters
[0.151s] Level 1:colcon.colcon_core.package_discovery:discover_packages(colcon_meta) discover
[0.151s] Level 1:colcon.colcon_core.package_discovery:discover_packages(recursive) discover
[0.151s] INFO:colcon.colcon_core.package_discovery:Crawling recursively for packages in '/home/jagadeesh/ros2_ws'
[0.151s] Level 1:colcon.colcon_core.package_identification:_identify(.) by extensions ['ignore', 'ignore_ament_install']
[0.151s] Level 1:colcon.colcon_core.package_identification:_identify(.) by extension 'ignore'
[0.151s] Level 1:colcon.colcon_core.package_identification:_identify(.) by extension 'ignore_ament_install'
[0.151s] Level 1:colcon.colcon_core.package_identification:_identify(.) by extensions ['colcon_pkg']
[0.151s] Level 1:colcon.colcon_core.package_identification:_identify(.) by extension 'colcon_pkg'
[0.151s] Level 1:colcon.colcon_core.package_identification:_identify(.) by extensions ['colcon_meta']
[0.151s] Level 1:colcon.colcon_core.package_identification:_identify(.) by extension 'colcon_meta'
[0.151s] Level 1:colcon.colcon_core.package_identification:_identify(.) by extensions ['ros']
[0.151s] Level 1:colcon.colcon_core.package_identification:_identify(.) by extension 'ros'
[0.162s] Level 1:colcon.colcon_core.package_identification:_identify(.) by extensions ['cmake', 'python']
[0.162s] Level 1:colcon.colcon_core.package_identification:_identify(.) by extension 'cmake'
[0.162s] Level 1:colcon.colcon_core.package_identification:_identify(.) by extension 'python'
[0.162s] Level 1:colcon.colcon_core.package_identification:_identify(.) by extensions ['python_setup_py']
[0.162s] Level 1:colcon.colcon_core.package_identification:_identify(.) by extension 'python_setup_py'
[0.162s] Level 1:colcon.colcon_core.package_identification:_identify(build) by extensions ['ignore', 'ignore_ament_install']
[0.162s] Level 1:colcon.colcon_core.package_identification:_identify(build) by extension 'ignore'
[0.162s] Level 1:colcon.colcon_core.package_identification:_identify(build) ignored
[0.162s] Level 1:colcon.colcon_core.package_identification:_identify(install) by extensions ['ignore', 'ignore_ament_install']
[0.162s] Level 1:colcon.colcon_core.package_identification:_identify(install) by extension 'ignore'
[0.162s] Level 1:colcon.colcon_core.package_identification:_identify(install) ignored
[0.162s] Level 1:colcon.colcon_core.package_identification:_identify(log) by extensions ['ignore', 'ignore_ament_install']
[0.162s] Level 1:colcon.colcon_core.package_identification:_identify(log) by extension 'ignore'
[0.162s] Level 1:colcon.colcon_core.package_identification:_identify(log) ignored
[0.162s] Level 1:colcon.colcon_core.package_identification:_identify(src) by extensions ['ignore', 'ignore_ament_install']
[0.162s] Level 1:colcon.colcon_core.package_identification:_identify(src) by extension 'ignore'
[0.162s] Level 1:colcon.colcon_core.package_identification:_identify(src) by extension 'ignore_ament_install'
[0.162s] Level 1:colcon.colcon_core.package_identification:_identify(src) by extensions ['colcon_pkg']
[0.162s] Level 1:colcon.colcon_core.package_identification:_identify(src) by extension 'colcon_pkg'
[0.162s] Level 1:colcon.colcon_core.package_identification:_identify(src) by extensions ['colcon_meta']
[0.162s] Level 1:colcon.colcon_core.package_identification:_identify(src) by extension 'colcon_meta'
[0.162s] Level 1:colcon.colcon_core.package_identification:_identify(src) by extensions ['ros']
[0.162s] Level 1:colcon.colcon_core.package_identification:_identify(src) by extension 'ros'
[0.162s] Level 1:colcon.colcon_core.package_identification:_identify(src) by extensions ['cmake', 'python']
[0.162s] Level 1:colcon.colcon_core.package_identification:_identify(src) by extension 'cmake'
[0.162s] Level 1:colcon.colcon_core.package_identification:_identify(src) by extension 'python'
[0.163s] Level 1:colcon.colcon_core.package_identification:_identify(src) by extensions ['python_setup_py']
[0.163s] Level 1:colcon.colcon_core.package_identification:_identify(src) by extension 'python_setup_py'
[0.163s] Level 1:colcon.colcon_core.package_identification:_identify(src/drones_ROS2) by extensions ['ignore', 'ignore_ament_install']
[0.163s] Level 1:colcon.colcon_core.package_identification:_identify(src/drones_ROS2) by extension 'ignore'
[0.163s] Level 1:colcon.colcon_core.package_identification:_identify(src/drones_ROS2) by extension 'ignore_ament_install'
[0.163s] Level 1:colcon.colcon_core.package_identification:_identify(src/drones_ROS2) by extensions ['colcon_pkg']
[0.163s] Level 1:colcon.colcon_core.package_identification:_identify(src/drones_ROS2) by extension 'colcon_pkg'
[0.163s] Level 1:colcon.colcon_core.package_identification:_identify(src/drones_ROS2) by extensions ['colcon_meta']
[0.163s] Level 1:colcon.colcon_core.package_identification:_identify(src/drones_ROS2) by extension 'colcon_meta'
[0.163s] Level 1:colcon.colcon_core.package_identification:_identify(src/drones_ROS2) by extensions ['ros']
[0.163s] Level 1:colcon.colcon_core.package_identification:_identify(src/drones_ROS2) by extension 'ros'
[0.163s] Level 1:colcon.colcon_core.package_identification:_identify(src/drones_ROS2) by extensions ['cmake', 'python']
[0.163s] Level 1:colcon.colcon_core.package_identification:_identify(src/drones_ROS2) by extension 'cmake'
[0.163s] Level 1:colcon.colcon_core.package_identification:_identify(src/drones_ROS2) by extension 'python'
[0.163s] Level 1:colcon.colcon_core.package_identification:_identify(src/drones_ROS2) by extensions ['python_setup_py']
[0.163s] Level 1:colcon.colcon_core.package_identification:_identify(src/drones_ROS2) by extension 'python_setup_py'
[0.163s] Level 1:colcon.colcon_core.package_identification:_identify(src/drones_ROS2/build) by extensions ['ignore', 'ignore_ament_install']
[0.163s] Level 1:colcon.colcon_core.package_identification:_identify(src/drones_ROS2/build) by extension 'ignore'
[0.163s] Level 1:colcon.colcon_core.package_identification:_identify(src/drones_ROS2/build) ignored
[0.163s] Level 1:colcon.colcon_core.package_identification:_identify(src/drones_ROS2/drive_drone) by extensions ['ignore', 'ignore_ament_install']
[0.163s] Level 1:colcon.colcon_core.package_identification:_identify(src/drones_ROS2/drive_drone) by extension 'ignore'
[0.163s] Level 1:colcon.colcon_core.package_identification:_identify(src/drones_ROS2/drive_drone) by extension 'ignore_ament_install'
[0.163s] Level 1:colcon.colcon_core.package_identification:_identify(src/drones_ROS2/drive_drone) by extensions ['colcon_pkg']
[0.163s] Level 1:colcon.colcon_core.package_identification:_identify(src/drones_ROS2/drive_drone) by extension 'colcon_pkg'
[0.163s] Level 1:colcon.colcon_core.package_identification:_identify(src/drones_ROS2/drive_drone) by extensions ['colcon_meta']
[0.163s] Level 1:colcon.colcon_core.package_identification:_identify(src/drones_ROS2/drive_drone) by extension 'colcon_meta'
[0.163s] Level 1:colcon.colcon_core.package_identification:_identify(src/drones_ROS2/drive_drone) by extensions ['ros']
[0.163s] Level 1:colcon.colcon_core.package_identification:_identify(src/drones_ROS2/drive_drone) by extension 'ros'
[0.164s] DEBUG:colcon.colcon_core.package_identification:Package 'src/drones_ROS2/drive_drone' with type 'ros.ament_cmake' and name 'drive_drone'
[0.165s] Level 1:colcon.colcon_core.package_identification:_identify(src/drones_ROS2/drone_controller) by extensions ['ignore', 'ignore_ament_install']
[0.165s] Level 1:colcon.colcon_core.package_identification:_identify(src/drones_ROS2/drone_controller) by extension 'ignore'
[0.165s] Level 1:colcon.colcon_core.package_identification:_identify(src/drones_ROS2/drone_controller) by extension 'ignore_ament_install'
[0.165s] Level 1:colcon.colcon_core.package_identification:_identify(src/drones_ROS2/drone_controller) by extensions ['colcon_pkg']
[0.165s] Level 1:colcon.colcon_core.package_identification:_identify(src/drones_ROS2/drone_controller) by extension 'colcon_pkg'
[0.165s] Level 1:colcon.colcon_core.package_identification:_identify(src/drones_ROS2/drone_controller) by extensions ['colcon_meta']
[0.165s] Level 1:colcon.colcon_core.package_identification:_identify(src/drones_ROS2/drone_controller) by extension 'colcon_meta'
[0.165s] Level 1:colcon.colcon_core.package_identification:_identify(src/drones_ROS2/drone_controller) by extensions ['ros']
[0.165s] Level 1:colcon.colcon_core.package_identification:_identify(src/drones_ROS2/drone_controller) by extension 'ros'
[0.165s] DEBUG:colcon.colcon_core.package_identification:Package 'src/drones_ROS2/drone_controller' with type 'ros.ament_python' and name 'drone_controller'
[0.165s] Level 1:colcon.colcon_core.package_identification:_identify(src/drones_ROS2/install) by extensions ['ignore', 'ignore_ament_install']
[0.165s] Level 1:colcon.colcon_core.package_identification:_identify(src/drones_ROS2/install) by extension 'ignore'
[0.165s] Level 1:colcon.colcon_core.package_identification:_identify(src/drones_ROS2/install) ignored
[0.165s] Level 1:colcon.colcon_core.package_identification:_identify(src/drones_ROS2/log) by extensions ['ignore', 'ignore_ament_install']
[0.166s] Level 1:colcon.colcon_core.package_identification:_identify(src/drones_ROS2/log) by extension 'ignore'
[0.166s] Level 1:colcon.colcon_core.package_identification:_identify(src/drones_ROS2/log) ignored
[0.166s] Level 1:colcon.colcon_core.package_identification:_identify(src/drones_ROS2/minimal_diff_drive_robot) by extensions ['ignore', 'ignore_ament_install']
[0.166s] Level 1:colcon.colcon_core.package_identification:_identify(src/drones_ROS2/minimal_diff_drive_robot) by extension 'ignore'
[0.166s] Level 1:colcon.colcon_core.package_identification:_identify(src/drones_ROS2/minimal_diff_drive_robot) by extension 'ignore_ament_install'
[0.166s] Level 1:colcon.colcon_core.package_identification:_identify(src/drones_ROS2/minimal_diff_drive_robot) by extensions ['colcon_pkg']
[0.166s] Level 1:colcon.colcon_core.package_identification:_identify(src/drones_ROS2/minimal_diff_drive_robot) by extension 'colcon_pkg'
[0.166s] Level 1:colcon.colcon_core.package_identification:_identify(src/drones_ROS2/minimal_diff_drive_robot) by extensions ['colcon_meta']
[0.166s] Level 1:colcon.colcon_core.package_identification:_identify(src/drones_ROS2/minimal_diff_drive_robot) by extension 'colcon_meta'
[0.166s] Level 1:colcon.colcon_core.package_identification:_identify(src/drones_ROS2/minimal_diff_drive_robot) by extensions ['ros']
[0.166s] Level 1:colcon.colcon_core.package_identification:_identify(src/drones_ROS2/minimal_diff_drive_robot) by extension 'ros'
[0.166s] DEBUG:colcon.colcon_core.package_identification:Package 'src/drones_ROS2/minimal_diff_drive_robot' with type 'ros.ament_cmake' and name 'minimal_diff_drive_robot'
[0.166s] Level 1:colcon.colcon_core.package_identification:_identify(src/drones_ROS2/sjtu_drone) by extensions ['ignore', 'ignore_ament_install']
[0.166s] Level 1:colcon.colcon_core.package_identification:_identify(src/drones_ROS2/sjtu_drone) by extension 'ignore'
[0.166s] Level 1:colcon.colcon_core.package_identification:_identify(src/drones_ROS2/sjtu_drone) by extension 'ignore_ament_install'
[0.166s] Level 1:colcon.colcon_core.package_identification:_identify(src/drones_ROS2/sjtu_drone) by extensions ['colcon_pkg']
[0.166s] Level 1:colcon.colcon_core.package_identification:_identify(src/drones_ROS2/sjtu_drone) by extension 'colcon_pkg'
[0.166s] Level 1:colcon.colcon_core.package_identification:_identify(src/drones_ROS2/sjtu_drone) by extensions ['colcon_meta']
[0.166s] Level 1:colcon.colcon_core.package_identification:_identify(src/drones_ROS2/sjtu_drone) by extension 'colcon_meta'
[0.166s] Level 1:colcon.colcon_core.package_identification:_identify(src/drones_ROS2/sjtu_drone) by extensions ['ros']
[0.166s] Level 1:colcon.colcon_core.package_identification:_identify(src/drones_ROS2/sjtu_drone) by extension 'ros'
[0.166s] Level 1:colcon.colcon_core.package_identification:_identify(src/drones_ROS2/sjtu_drone) by extensions ['cmake', 'python']
[0.166s] Level 1:colcon.colcon_core.package_identification:_identify(src/drones_ROS2/sjtu_drone) by extension 'cmake'
[0.166s] Level 1:colcon.colcon_core.package_identification:_identify(src/drones_ROS2/sjtu_drone) by extension 'python'
[0.166s] Level 1:colcon.colcon_core.package_identification:_identify(src/drones_ROS2/sjtu_drone) by extensions ['python_setup_py']
[0.166s] Level 1:colcon.colcon_core.package_identification:_identify(src/drones_ROS2/sjtu_drone) by extension 'python_setup_py'
[0.167s] Level 1:colcon.colcon_core.package_identification:_identify(src/drones_ROS2/sjtu_drone/imgs) by extensions ['ignore', 'ignore_ament_install']
[0.167s] Level 1:colcon.colcon_core.package_identification:_identify(src/drones_ROS2/sjtu_drone/imgs) by extension 'ignore'
[0.167s] Level 1:colcon.colcon_core.package_identification:_identify(src/drones_ROS2/sjtu_drone/imgs) by extension 'ignore_ament_install'
[0.167s] Level 1:colcon.colcon_core.package_identification:_identify(src/drones_ROS2/sjtu_drone/imgs) by extensions ['colcon_pkg']
[0.167s] Level 1:colcon.colcon_core.package_identification:_identify(src/drones_ROS2/sjtu_drone/imgs) by extension 'colcon_pkg'
[0.167s] Level 1:colcon.colcon_core.package_identification:_identify(src/drones_ROS2/sjtu_drone/imgs) by extensions ['colcon_meta']
[0.167s] Level 1:colcon.colcon_core.package_identification:_identify(src/drones_ROS2/sjtu_drone/imgs) by extension 'colcon_meta'
[0.167s] Level 1:colcon.colcon_core.package_identification:_identify(src/drones_ROS2/sjtu_drone/imgs) by extensions ['ros']
[0.167s] Level 1:colcon.colcon_core.package_identification:_identify(src/drones_ROS2/sjtu_drone/imgs) by extension 'ros'
[0.167s] Level 1:colcon.colcon_core.package_identification:_identify(src/drones_ROS2/sjtu_drone/imgs) by extensions ['cmake', 'python']
[0.167s] Level 1:colcon.colcon_core.package_identification:_identify(src/drones_ROS2/sjtu_drone/imgs) by extension 'cmake'
[0.167s] Level 1:colcon.colcon_core.package_identification:_identify(src/drones_ROS2/sjtu_drone/imgs) by extension 'python'
[0.167s] Level 1:colcon.colcon_core.package_identification:_identify(src/drones_ROS2/sjtu_drone/imgs) by extensions ['python_setup_py']
[0.167s] Level 1:colcon.colcon_core.package_identification:_identify(src/drones_ROS2/sjtu_drone/imgs) by extension 'python_setup_py'
[0.167s] Level 1:colcon.colcon_core.package_identification:_identify(src/drones_ROS2/sjtu_drone/sjtu_drone_bringup) by extensions ['ignore', 'ignore_ament_install']
[0.167s] Level 1:colcon.colcon_core.package_identification:_identify(src/drones_ROS2/sjtu_drone/sjtu_drone_bringup) by extension 'ignore'
[0.167s] Level 1:colcon.colcon_core.package_identification:_identify(src/drones_ROS2/sjtu_drone/sjtu_drone_bringup) by extension 'ignore_ament_install'
[0.167s] Level 1:colcon.colcon_core.package_identification:_identify(src/drones_ROS2/sjtu_drone/sjtu_drone_bringup) by extensions ['colcon_pkg']
[0.167s] Level 1:colcon.colcon_core.package_identification:_identify(src/drones_ROS2/sjtu_drone/sjtu_drone_bringup) by extension 'colcon_pkg'
[0.167s] Level 1:colcon.colcon_core.package_identification:_identify(src/drones_ROS2/sjtu_drone/sjtu_drone_bringup) by extensions ['colcon_meta']
[0.167s] Level 1:colcon.colcon_core.package_identification:_identify(src/drones_ROS2/sjtu_drone/sjtu_drone_bringup) by extension 'colcon_meta'
[0.167s] Level 1:colcon.colcon_core.package_identification:_identify(src/drones_ROS2/sjtu_drone/sjtu_drone_bringup) by extensions ['ros']
[0.167s] Level 1:colcon.colcon_core.package_identification:_identify(src/drones_ROS2/sjtu_drone/sjtu_drone_bringup) by extension 'ros'
[0.168s] DEBUG:colcon.colcon_core.package_identification:Package 'src/drones_ROS2/sjtu_drone/sjtu_drone_bringup' with type 'ros.ament_python' and name 'sjtu_drone_bringup'
[0.168s] Level 1:colcon.colcon_core.package_identification:_identify(src/drones_ROS2/sjtu_drone/sjtu_drone_description) by extensions ['ignore', 'ignore_ament_install']
[0.168s] Level 1:colcon.colcon_core.package_identification:_identify(src/drones_ROS2/sjtu_drone/sjtu_drone_description) by extension 'ignore'
[0.168s] Level 1:colcon.colcon_core.package_identification:_identify(src/drones_ROS2/sjtu_drone/sjtu_drone_description) by extension 'ignore_ament_install'
[0.168s] Level 1:colcon.colcon_core.package_identification:_identify(src/drones_ROS2/sjtu_drone/sjtu_drone_description) by extensions ['colcon_pkg']
[0.168s] Level 1:colcon.colcon_core.package_identification:_identify(src/drones_ROS2/sjtu_drone/sjtu_drone_description) by extension 'colcon_pkg'
[0.168s] Level 1:colcon.colcon_core.package_identification:_identify(src/drones_ROS2/sjtu_drone/sjtu_drone_description) by extensions ['colcon_meta']
[0.168s] Level 1:colcon.colcon_core.package_identification:_identify(src/drones_ROS2/sjtu_drone/sjtu_drone_description) by extension 'colcon_meta'
[0.168s] Level 1:colcon.colcon_core.package_identification:_identify(src/drones_ROS2/sjtu_drone/sjtu_drone_description) by extensions ['ros']
[0.168s] Level 1:colcon.colcon_core.package_identification:_identify(src/drones_ROS2/sjtu_drone/sjtu_drone_description) by extension 'ros'
[0.168s] DEBUG:colcon.colcon_core.package_identification:Package 'src/drones_ROS2/sjtu_drone/sjtu_drone_description' with type 'ros.ament_cmake' and name 'sjtu_drone_description'
[0.168s] Level 1:colcon.colcon_core.package_discovery:discover_packages(recursive) using defaults
[0.168s] Level 1:colcon.colcon_core.package_discovery:discover_packages(ignore) discover
[0.168s] Level 1:colcon.colcon_core.package_discovery:discover_packages(ignore) using defaults
[0.168s] Level 1:colcon.colcon_core.package_discovery:discover_packages(path) discover
[0.168s] Level 1:colcon.colcon_core.package_discovery:discover_packages(path) using defaults
[0.181s] Level 1:colcon.colcon_core.package_discovery:discover_packages(prefix_path) check parameters
[0.181s] Level 1:colcon.colcon_core.package_discovery:discover_packages(prefix_path) discover
[0.182s] DEBUG:colcon.colcon_installed_package_information.package_discovery:Found 6 installed packages in /home/jagadeesh/ros2_ws/install
[0.182s] DEBUG:colcon.colcon_installed_package_information.package_discovery:Found 283 installed packages in /opt/ros/humble
[0.183s] Level 1:colcon.colcon_core.package_discovery:discover_packages(prefix_path) using defaults
[0.202s] Level 5:colcon.colcon_core.verb:set package 'drive_drone' build argument 'cmake_args' from command line to 'None'
[0.202s] Level 5:colcon.colcon_core.verb:set package 'drive_drone' build argument 'cmake_target' from command line to 'None'
[0.202s] Level 5:colcon.colcon_core.verb:set package 'drive_drone' build argument 'cmake_target_skip_unavailable' from command line to 'False'
[0.202s] Level 5:colcon.colcon_core.verb:set package 'drive_drone' build argument 'cmake_clean_cache' from command line to 'False'
[0.202s] Level 5:colcon.colcon_core.verb:set package 'drive_drone' build argument 'cmake_clean_first' from command line to 'False'
[0.202s] Level 5:colcon.colcon_core.verb:set package 'drive_drone' build argument 'cmake_force_configure' from command line to 'False'
[0.202s] Level 5:colcon.colcon_core.verb:set package 'drive_drone' build argument 'ament_cmake_args' from command line to 'None'
[0.202s] Level 5:colcon.colcon_core.verb:set package 'drive_drone' build argument 'catkin_cmake_args' from command line to 'None'
[0.202s] Level 5:colcon.colcon_core.verb:set package 'drive_drone' build argument 'catkin_skip_building_tests' from command line to 'False'
[0.202s] DEBUG:colcon.colcon_core.verb:Building package 'drive_drone' with the following arguments: {'ament_cmake_args': None, 'build_base': '/home/jagadeesh/ros2_ws/build/drive_drone', 'catkin_cmake_args': None, 'catkin_skip_building_tests': False, 'cmake_args': None, 'cmake_clean_cache': False, 'cmake_clean_first': False, 'cmake_force_configure': False, 'cmake_target': None, 'cmake_target_skip_unavailable': False, 'install_base': '/home/jagadeesh/ros2_ws/install/drive_drone', 'merge_install': False, 'path': '/home/jagadeesh/ros2_ws/src/drones_ROS2/drive_drone', 'symlink_install': False, 'test_result_base': None}
[0.202s] Level 5:colcon.colcon_core.verb:set package 'drone_controller' build argument 'cmake_args' from command line to 'None'
[0.202s] Level 5:colcon.colcon_core.verb:set package 'drone_controller' build argument 'cmake_target' from command line to 'None'
[0.202s] Level 5:colcon.colcon_core.verb:set package 'drone_controller' build argument 'cmake_target_skip_unavailable' from command line to 'False'
[0.202s] Level 5:colcon.colcon_core.verb:set package 'drone_controller' build argument 'cmake_clean_cache' from command line to 'False'
[0.202s] Level 5:colcon.colcon_core.verb:set package 'drone_controller' build argument 'cmake_clean_first' from command line to 'False'
[0.202s] Level 5:colcon.colcon_core.verb:set package 'drone_controller' build argument 'cmake_force_configure' from command line to 'False'
[0.202s] Level 5:colcon.colcon_core.verb:set package 'drone_controller' build argument 'ament_cmake_args' from command line to 'None'
[0.202s] Level 5:colcon.colcon_core.verb:set package 'drone_controller' build argument 'catkin_cmake_args' from command line to 'None'
[0.202s] Level 5:colcon.colcon_core.verb:set package 'drone_controller' build argument 'catkin_skip_building_tests' from command line to 'False'
[0.202s] DEBUG:colcon.colcon_core.verb:Building package 'drone_controller' with the following arguments: {'ament_cmake_args': None, 'build_base': '/home/jagadeesh/ros2_ws/build/drone_controller', 'catkin_cmake_args': None, 'catkin_skip_building_tests': False, 'cmake_args': None, 'cmake_clean_cache': False, 'cmake_clean_first': False, 'cmake_force_configure': False, 'cmake_target': None, 'cmake_target_skip_unavailable': False, 'install_base': '/home/jagadeesh/ros2_ws/install/drone_controller', 'merge_install': False, 'path': '/home/jagadeesh/ros2_ws/src/drones_ROS2/drone_controller', 'symlink_install': False, 'test_result_base': None}
[0.202s] Level 5:colcon.colcon_core.verb:set package 'minimal_diff_drive_robot' build argument 'cmake_args' from command line to 'None'
[0.202s] Level 5:colcon.colcon_core.verb:set package 'minimal_diff_drive_robot' build argument 'cmake_target' from command line to 'None'
[0.202s] Level 5:colcon.colcon_core.verb:set package 'minimal_diff_drive_robot' build argument 'cmake_target_skip_unavailable' from command line to 'False'
[0.202s] Level 5:colcon.colcon_core.verb:set package 'minimal_diff_drive_robot' build argument 'cmake_clean_cache' from command line to 'False'
[0.202s] Level 5:colcon.colcon_core.verb:set package 'minimal_diff_drive_robot' build argument 'cmake_clean_first' from command line to 'False'
[0.202s] Level 5:colcon.colcon_core.verb:set package 'minimal_diff_drive_robot' build argument 'cmake_force_configure' from command line to 'False'
[0.202s] Level 5:colcon.colcon_core.verb:set package 'minimal_diff_drive_robot' build argument 'ament_cmake_args' from command line to 'None'
[0.202s] Level 5:colcon.colcon_core.verb:set package 'minimal_diff_drive_robot' build argument 'catkin_cmake_args' from command line to 'None'
[0.202s] Level 5:colcon.colcon_core.verb:set package 'minimal_diff_drive_robot' build argument 'catkin_skip_building_tests' from command line to 'False'
[0.203s] DEBUG:colcon.colcon_core.verb:Building package 'minimal_diff_drive_robot' with the following arguments: {'ament_cmake_args': None, 'build_base': '/home/jagadeesh/ros2_ws/build/minimal_diff_drive_robot', 'catkin_cmake_args': None, 'catkin_skip_building_tests': False, 'cmake_args': None, 'cmake_clean_cache': False, 'cmake_clean_first': False, 'cmake_force_configure': False, 'cmake_target': None, 'cmake_target_skip_unavailable': False, 'install_base': '/home/jagadeesh/ros2_ws/install/minimal_diff_drive_robot', 'merge_install': False, 'path': '/home/jagadeesh/ros2_ws/src/drones_ROS2/minimal_diff_drive_robot', 'symlink_install': False, 'test_result_base': None}
[0.203s] Level 5:colcon.colcon_core.verb:set package 'sjtu_drone_bringup' build argument 'cmake_args' from command line to 'None'
[0.203s] Level 5:colcon.colcon_core.verb:set package 'sjtu_drone_bringup' build argument 'cmake_target' from command line to 'None'
[0.203s] Level 5:colcon.colcon_core.verb:set package 'sjtu_drone_bringup' build argument 'cmake_target_skip_unavailable' from command line to 'False'
[0.203s] Level 5:colcon.colcon_core.verb:set package 'sjtu_drone_bringup' build argument 'cmake_clean_cache' from command line to 'False'
[0.203s] Level 5:colcon.colcon_core.verb:set package 'sjtu_drone_bringup' build argument 'cmake_clean_first' from command line to 'False'
[0.203s] Level 5:colcon.colcon_core.verb:set package 'sjtu_drone_bringup' build argument 'cmake_force_configure' from command line to 'False'
[0.203s] Level 5:colcon.colcon_core.verb:set package 'sjtu_drone_bringup' build argument 'ament_cmake_args' from command line to 'None'
[0.203s] Level 5:colcon.colcon_core.verb:set package 'sjtu_drone_bringup' build argument 'catkin_cmake_args' from command line to 'None'
[0.203s] Level 5:colcon.colcon_core.verb:set package 'sjtu_drone_bringup' build argument 'catkin_skip_building_tests' from command line to 'False'
[0.203s] DEBUG:colcon.colcon_core.verb:Building package 'sjtu_drone_bringup' with the following arguments: {'ament_cmake_args': None, 'build_base': '/home/jagadeesh/ros2_ws/build/sjtu_drone_bringup', 'catkin_cmake_args': None, 'catkin_skip_building_tests': False, 'cmake_args': None, 'cmake_clean_cache': False, 'cmake_clean_first': False, 'cmake_force_configure': False, 'cmake_target': None, 'cmake_target_skip_unavailable': False, 'install_base': '/home/jagadeesh/ros2_ws/install/sjtu_drone_bringup', 'merge_install': False, 'path': '/home/jagadeesh/ros2_ws/src/drones_ROS2/sjtu_drone/sjtu_drone_bringup', 'symlink_install': False, 'test_result_base': None}
[0.203s] Level 5:colcon.colcon_core.verb:set package 'sjtu_drone_description' build argument 'cmake_args' from command line to 'None'
[0.203s] Level 5:colcon.colcon_core.verb:set package 'sjtu_drone_description' build argument 'cmake_target' from command line to 'None'
[0.203s] Level 5:colcon.colcon_core.verb:set package 'sjtu_drone_description' build argument 'cmake_target_skip_unavailable' from command line to 'False'
[0.203s] Level 5:colcon.colcon_core.verb:set package 'sjtu_drone_description' build argument 'cmake_clean_cache' from command line to 'False'
[0.203s] Level 5:colcon.colcon_core.verb:set package 'sjtu_drone_description' build argument 'cmake_clean_first' from command line to 'False'
[0.203s] Level 5:colcon.colcon_core.verb:set package 'sjtu_drone_description' build argument 'cmake_force_configure' from command line to 'False'
[0.203s] Level 5:colcon.colcon_core.verb:set package 'sjtu_drone_description' build argument 'ament_cmake_args' from command line to 'None'
[0.203s] Level 5:colcon.colcon_core.verb:set package 'sjtu_drone_description' build argument 'catkin_cmake_args' from command line to 'None'
[0.203s] Level 5:colcon.colcon_core.verb:set package 'sjtu_drone_description' build argument 'catkin_skip_building_tests' from command line to 'False'
[0.203s] DEBUG:colcon.colcon_core.verb:Building package 'sjtu_drone_description' with the following arguments: {'ament_cmake_args': None, 'build_base': '/home/jagadeesh/ros2_ws/build/sjtu_drone_description', 'catkin_cmake_args': None, 'catkin_skip_building_tests': False, 'cmake_args': None, 'cmake_clean_cache': False, 'cmake_clean_first': False, 'cmake_force_configure': False, 'cmake_target': None, 'cmake_target_skip_unavailable': False, 'install_base': '/home/jagadeesh/ros2_ws/install/sjtu_drone_description', 'merge_install': False, 'path': '/home/jagadeesh/ros2_ws/src/drones_ROS2/sjtu_drone/sjtu_drone_description', 'symlink_install': False, 'test_result_base': None}
[0.203s] INFO:colcon.colcon_core.executor:Executing jobs using 'parallel' executor
[0.204s] DEBUG:colcon.colcon_parallel_executor.executor.parallel:run_until_complete
[0.204s] INFO:colcon.colcon_ros.task.ament_cmake.build:Building ROS package in '/home/jagadeesh/ros2_ws/src/drones_ROS2/drive_drone' with build type 'ament_cmake'
[0.204s] INFO:colcon.colcon_cmake.task.cmake.build:Building CMake package in '/home/jagadeesh/ros2_ws/src/drones_ROS2/drive_drone'
[0.205s] INFO:colcon.colcon_core.plugin_system:Skipping extension 'colcon_core.shell.bat': Not used on non-Windows systems
[0.205s] INFO:colcon.colcon_core.shell:Skip shell extension 'powershell' for command environment: Not usable outside of PowerShell
[0.205s] DEBUG:colcon.colcon_core.shell:Skip shell extension 'dsv' for command environment
[0.207s] INFO:colcon.colcon_ros.task.ament_python.build:Building ROS package in '/home/jagadeesh/ros2_ws/src/drones_ROS2/drone_controller' with build type 'ament_python'
[0.207s] Level 1:colcon.colcon_core.shell:create_environment_hook('drone_controller', 'ament_prefix_path')
[0.207s] INFO:colcon.colcon_core.shell:Creating environment hook '/home/jagadeesh/ros2_ws/install/drone_controller/share/drone_controller/hook/ament_prefix_path.ps1'
[0.208s] INFO:colcon.colcon_core.shell:Creating environment descriptor '/home/jagadeesh/ros2_ws/install/drone_controller/share/drone_controller/hook/ament_prefix_path.dsv'
[0.208s] INFO:colcon.colcon_core.shell:Creating environment hook '/home/jagadeesh/ros2_ws/install/drone_controller/share/drone_controller/hook/ament_prefix_path.sh'
[0.208s] INFO:colcon.colcon_core.shell:Skip shell extension 'powershell' for command environment: Not usable outside of PowerShell
[0.208s] DEBUG:colcon.colcon_core.shell:Skip shell extension 'dsv' for command environment
[0.210s] INFO:colcon.colcon_ros.task.ament_cmake.build:Building ROS package in '/home/jagadeesh/ros2_ws/src/drones_ROS2/minimal_diff_drive_robot' with build type 'ament_cmake'
[0.210s] INFO:colcon.colcon_cmake.task.cmake.build:Building CMake package in '/home/jagadeesh/ros2_ws/src/drones_ROS2/minimal_diff_drive_robot'
[0.210s] INFO:colcon.colcon_core.shell:Skip shell extension 'powershell' for command environment: Not usable outside of PowerShell
[0.210s] DEBUG:colcon.colcon_core.shell:Skip shell extension 'dsv' for command environment
[0.212s] INFO:colcon.colcon_ros.task.ament_python.build:Building ROS package in '/home/jagadeesh/ros2_ws/src/drones_ROS2/sjtu_drone/sjtu_drone_bringup' with build type 'ament_python'
[0.212s] Level 1:colcon.colcon_core.shell:create_environment_hook('sjtu_drone_bringup', 'ament_prefix_path')
[0.212s] INFO:colcon.colcon_core.shell:Creating environment hook '/home/jagadeesh/ros2_ws/install/sjtu_drone_bringup/share/sjtu_drone_bringup/hook/ament_prefix_path.ps1'
[0.213s] INFO:colcon.colcon_core.shell:Creating environment descriptor '/home/jagadeesh/ros2_ws/install/sjtu_drone_bringup/share/sjtu_drone_bringup/hook/ament_prefix_path.dsv'
[0.213s] INFO:colcon.colcon_core.shell:Creating environment hook '/home/jagadeesh/ros2_ws/install/sjtu_drone_bringup/share/sjtu_drone_bringup/hook/ament_prefix_path.sh'
[0.214s] INFO:colcon.colcon_core.shell:Skip shell extension 'powershell' for command environment: Not usable outside of PowerShell
[0.214s] DEBUG:colcon.colcon_core.shell:Skip shell extension 'dsv' for command environment
[0.216s] INFO:colcon.colcon_ros.task.ament_cmake.build:Building ROS package in '/home/jagadeesh/ros2_ws/src/drones_ROS2/sjtu_drone/sjtu_drone_description' with build type 'ament_cmake'
[0.217s] INFO:colcon.colcon_cmake.task.cmake.build:Building CMake package in '/home/jagadeesh/ros2_ws/src/drones_ROS2/sjtu_drone/sjtu_drone_description'
[0.217s] INFO:colcon.colcon_core.shell:Skip shell extension 'powershell' for command environment: Not usable outside of PowerShell
[0.217s] DEBUG:colcon.colcon_core.shell:Skip shell extension 'dsv' for command environment
[0.224s] DEBUG:colcon.colcon_core.event_handler.log_command:Invoking command in '/home/jagadeesh/ros2_ws/build/drive_drone': CMAKE_PREFIX_PATH=${CMAKE_PREFIX_PATH}:/home/jagadeesh/ros2_ws/install/sjtu_drone_bringup:/home/jagadeesh/ros2_ws/install/ibvs:/home/jagadeesh/ros2_ws/install/drone_controller:/opt/ros/humble /usr/bin/cmake --build /home/jagadeesh/ros2_ws/build/drive_drone -- -j20 -l20
[0.358s] INFO:colcon.colcon_core.task.python.build:Building Python package in '/home/jagadeesh/ros2_ws/src/drones_ROS2/drone_controller'
[0.358s] INFO:colcon.colcon_core.shell:Skip shell extension 'powershell' for command environment: Not usable outside of PowerShell
[0.358s] DEBUG:colcon.colcon_core.shell:Skip shell extension 'dsv' for command environment
[0.362s] DEBUG:colcon.colcon_core.event_handler.log_command:Invoking command in '/home/jagadeesh/ros2_ws/build/minimal_diff_drive_robot': CMAKE_PREFIX_PATH=${CMAKE_PREFIX_PATH}:/home/jagadeesh/ros2_ws/install/sjtu_drone_bringup:/home/jagadeesh/ros2_ws/install/ibvs:/home/jagadeesh/ros2_ws/install/drone_controller:/opt/ros/humble /usr/bin/cmake --build /home/jagadeesh/ros2_ws/build/minimal_diff_drive_robot -- -j20 -l20
[0.489s] INFO:colcon.colcon_core.task.python.build:Building Python package in '/home/jagadeesh/ros2_ws/src/drones_ROS2/sjtu_drone/sjtu_drone_bringup'
[0.489s] INFO:colcon.colcon_core.shell:Skip shell extension 'powershell' for command environment: Not usable outside of PowerShell
[0.489s] DEBUG:colcon.colcon_core.shell:Skip shell extension 'dsv' for command environment
[0.496s] DEBUG:colcon.colcon_core.event_handler.log_command:Invoking command in '/home/jagadeesh/ros2_ws/build/sjtu_drone_description': CMAKE_PREFIX_PATH=${CMAKE_PREFIX_PATH}:/home/jagadeesh/ros2_ws/install/sjtu_drone_bringup:/home/jagadeesh/ros2_ws/install/ibvs:/home/jagadeesh/ros2_ws/install/drone_controller:/opt/ros/humble /usr/bin/cmake --build /home/jagadeesh/ros2_ws/build/sjtu_drone_description -- -j20 -l20
[0.497s] DEBUG:colcon.colcon_core.event_handler.log_command:Invoked command in '/home/jagadeesh/ros2_ws/build/minimal_diff_drive_robot' returned '0': CMAKE_PREFIX_PATH=${CMAKE_PREFIX_PATH}:/home/jagadeesh/ros2_ws/install/sjtu_drone_bringup:/home/jagadeesh/ros2_ws/install/ibvs:/home/jagadeesh/ros2_ws/install/drone_controller:/opt/ros/humble /usr/bin/cmake --build /home/jagadeesh/ros2_ws/build/minimal_diff_drive_robot -- -j20 -l20
[0.498s] DEBUG:colcon.colcon_core.event_handler.log_command:Invoked command in '/home/jagadeesh/ros2_ws/build/drive_drone' returned '0': CMAKE_PREFIX_PATH=${CMAKE_PREFIX_PATH}:/home/jagadeesh/ros2_ws/install/sjtu_drone_bringup:/home/jagadeesh/ros2_ws/install/ibvs:/home/jagadeesh/ros2_ws/install/drone_controller:/opt/ros/humble /usr/bin/cmake --build /home/jagadeesh/ros2_ws/build/drive_drone -- -j20 -l20
[0.516s] DEBUG:colcon.colcon_core.event_handler.log_command:Invoking command in '/home/jagadeesh/ros2_ws/build/minimal_diff_drive_robot': CMAKE_PREFIX_PATH=${CMAKE_PREFIX_PATH}:/home/jagadeesh/ros2_ws/install/sjtu_drone_bringup:/home/jagadeesh/ros2_ws/install/ibvs:/home/jagadeesh/ros2_ws/install/drone_controller:/opt/ros/humble /usr/bin/cmake --install /home/jagadeesh/ros2_ws/build/minimal_diff_drive_robot
[0.518s] DEBUG:colcon.colcon_core.event_handler.log_command:Invoking command in '/home/jagadeesh/ros2_ws/build/drive_drone': CMAKE_PREFIX_PATH=${CMAKE_PREFIX_PATH}:/home/jagadeesh/ros2_ws/install/sjtu_drone_bringup:/home/jagadeesh/ros2_ws/install/ibvs:/home/jagadeesh/ros2_ws/install/drone_controller:/opt/ros/humble /usr/bin/cmake --install /home/jagadeesh/ros2_ws/build/drive_drone
[0.524s] Level 1:colcon.colcon_core.environment:create_environment_scripts_only(minimal_diff_drive_robot)
[0.525s] DEBUG:colcon.colcon_core.event_handler.log_command:Invoked command in '/home/jagadeesh/ros2_ws/build/minimal_diff_drive_robot' returned '0': CMAKE_PREFIX_PATH=${CMAKE_PREFIX_PATH}:/home/jagadeesh/ros2_ws/install/sjtu_drone_bringup:/home/jagadeesh/ros2_ws/install/ibvs:/home/jagadeesh/ros2_ws/install/drone_controller:/opt/ros/humble /usr/bin/cmake --install /home/jagadeesh/ros2_ws/build/minimal_diff_drive_robot
[0.527s] Level 1:colcon.colcon_core.environment:checking '/home/jagadeesh/ros2_ws/install/minimal_diff_drive_robot' for CMake module files
[0.528s] Level 1:colcon.colcon_core.environment:checking '/home/jagadeesh/ros2_ws/install/minimal_diff_drive_robot' for CMake config files
[0.528s] Level 1:colcon.colcon_core.shell:create_environment_hook('minimal_diff_drive_robot', 'cmake_prefix_path')
[0.528s] INFO:colcon.colcon_core.shell:Creating environment hook '/home/jagadeesh/ros2_ws/install/minimal_diff_drive_robot/share/minimal_diff_drive_robot/hook/cmake_prefix_path.ps1'
[0.529s] INFO:colcon.colcon_core.shell:Creating environment descriptor '/home/jagadeesh/ros2_ws/install/minimal_diff_drive_robot/share/minimal_diff_drive_robot/hook/cmake_prefix_path.dsv'
[0.529s] INFO:colcon.colcon_core.shell:Creating environment hook '/home/jagadeesh/ros2_ws/install/minimal_diff_drive_robot/share/minimal_diff_drive_robot/hook/cmake_prefix_path.sh'
[0.530s] Level 1:colcon.colcon_core.environment:checking '/home/jagadeesh/ros2_ws/install/minimal_diff_drive_robot/bin'
[0.530s] Level 1:colcon.colcon_core.environment:checking '/home/jagadeesh/ros2_ws/install/minimal_diff_drive_robot/lib/pkgconfig/minimal_diff_drive_robot.pc'
[0.530s] Level 1:colcon.colcon_core.environment:checking '/home/jagadeesh/ros2_ws/install/minimal_diff_drive_robot/lib/python3.10/site-packages'
[0.530s] Level 1:colcon.colcon_core.environment:checking '/home/jagadeesh/ros2_ws/install/minimal_diff_drive_robot/bin'
[0.530s] INFO:colcon.colcon_core.shell:Creating package script '/home/jagadeesh/ros2_ws/install/minimal_diff_drive_robot/share/minimal_diff_drive_robot/package.ps1'
[0.531s] INFO:colcon.colcon_core.shell:Creating package descriptor '/home/jagadeesh/ros2_ws/install/minimal_diff_drive_robot/share/minimal_diff_drive_robot/package.dsv'
[0.532s] INFO:colcon.colcon_core.shell:Creating package script '/home/jagadeesh/ros2_ws/install/minimal_diff_drive_robot/share/minimal_diff_drive_robot/package.sh'
[0.532s] INFO:colcon.colcon_core.shell:Creating package script '/home/jagadeesh/ros2_ws/install/minimal_diff_drive_robot/share/minimal_diff_drive_robot/package.bash'
[0.532s] INFO:colcon.colcon_core.shell:Creating package script '/home/jagadeesh/ros2_ws/install/minimal_diff_drive_robot/share/minimal_diff_drive_robot/package.zsh'
[0.533s] Level 1:colcon.colcon_core.environment:create_file_with_runtime_dependencies(/home/jagadeesh/ros2_ws/install/minimal_diff_drive_robot/share/colcon-core/packages/minimal_diff_drive_robot)
[0.534s] Level 1:colcon.colcon_core.environment:create_environment_scripts_only(drive_drone)
[0.534s] Level 1:colcon.colcon_core.environment:checking '/home/jagadeesh/ros2_ws/install/drive_drone' for CMake module files
[0.534s] DEBUG:colcon.colcon_core.event_handler.log_command:Invoked command in '/home/jagadeesh/ros2_ws/build/drive_drone' returned '0': CMAKE_PREFIX_PATH=${CMAKE_PREFIX_PATH}:/home/jagadeesh/ros2_ws/install/sjtu_drone_bringup:/home/jagadeesh/ros2_ws/install/ibvs:/home/jagadeesh/ros2_ws/install/drone_controller:/opt/ros/humble /usr/bin/cmake --install /home/jagadeesh/ros2_ws/build/drive_drone
[0.535s] Level 1:colcon.colcon_core.environment:checking '/home/jagadeesh/ros2_ws/install/drive_drone' for CMake config files
[0.535s] Level 1:colcon.colcon_core.shell:create_environment_hook('drive_drone', 'cmake_prefix_path')
[0.535s] INFO:colcon.colcon_core.shell:Creating environment hook '/home/jagadeesh/ros2_ws/install/drive_drone/share/drive_drone/hook/cmake_prefix_path.ps1'
[0.535s] INFO:colcon.colcon_core.shell:Creating environment descriptor '/home/jagadeesh/ros2_ws/install/drive_drone/share/drive_drone/hook/cmake_prefix_path.dsv'
[0.535s] INFO:colcon.colcon_core.shell:Creating environment hook '/home/jagadeesh/ros2_ws/install/drive_drone/share/drive_drone/hook/cmake_prefix_path.sh'
[0.536s] Level 1:colcon.colcon_core.environment:checking '/home/jagadeesh/ros2_ws/install/drive_drone/lib'
[0.536s] Level 1:colcon.colcon_core.environment:checking '/home/jagadeesh/ros2_ws/install/drive_drone/bin'
[0.536s] Level 1:colcon.colcon_core.environment:checking '/home/jagadeesh/ros2_ws/install/drive_drone/lib/pkgconfig/drive_drone.pc'
[0.536s] Level 1:colcon.colcon_core.environment:checking '/home/jagadeesh/ros2_ws/install/drive_drone/lib/python3.10/site-packages'
[0.536s] Level 1:colcon.colcon_core.environment:checking '/home/jagadeesh/ros2_ws/install/drive_drone/bin'
[0.536s] INFO:colcon.colcon_core.shell:Creating package script '/home/jagadeesh/ros2_ws/install/drive_drone/share/drive_drone/package.ps1'
[0.537s] INFO:colcon.colcon_core.shell:Creating package descriptor '/home/jagadeesh/ros2_ws/install/drive_drone/share/drive_drone/package.dsv'
[0.537s] INFO:colcon.colcon_core.shell:Creating package script '/home/jagadeesh/ros2_ws/install/drive_drone/share/drive_drone/package.sh'
[0.537s] INFO:colcon.colcon_core.shell:Creating package script '/home/jagadeesh/ros2_ws/install/drive_drone/share/drive_drone/package.bash'
[0.537s] INFO:colcon.colcon_core.shell:Creating package script '/home/jagadeesh/ros2_ws/install/drive_drone/share/drive_drone/package.zsh'
[0.537s] Level 1:colcon.colcon_core.environment:create_file_with_runtime_dependencies(/home/jagadeesh/ros2_ws/install/drive_drone/share/colcon-core/packages/drive_drone)
[0.547s] Level 1:colcon.colcon_core.environment:create_environment_scripts_only(minimal_diff_drive_robot)
[0.547s] Level 1:colcon.colcon_core.environment:checking '/home/jagadeesh/ros2_ws/install/minimal_diff_drive_robot' for CMake module files
[0.548s] Level 1:colcon.colcon_core.environment:checking '/home/jagadeesh/ros2_ws/install/minimal_diff_drive_robot' for CMake config files
[0.548s] Level 1:colcon.colcon_core.shell:create_environment_hook('minimal_diff_drive_robot', 'cmake_prefix_path')
[0.548s] INFO:colcon.colcon_core.shell:Creating environment hook '/home/jagadeesh/ros2_ws/install/minimal_diff_drive_robot/share/minimal_diff_drive_robot/hook/cmake_prefix_path.ps1'
[0.548s] INFO:colcon.colcon_core.shell:Creating environment descriptor '/home/jagadeesh/ros2_ws/install/minimal_diff_drive_robot/share/minimal_diff_drive_robot/hook/cmake_prefix_path.dsv'
[0.548s] INFO:colcon.colcon_core.shell:Creating environment hook '/home/jagadeesh/ros2_ws/install/minimal_diff_drive_robot/share/minimal_diff_drive_robot/hook/cmake_prefix_path.sh'
[0.549s] Level 1:colcon.colcon_core.environment:checking '/home/jagadeesh/ros2_ws/install/minimal_diff_drive_robot/bin'
[0.549s] Level 1:colcon.colcon_core.environment:checking '/home/jagadeesh/ros2_ws/install/minimal_diff_drive_robot/lib/pkgconfig/minimal_diff_drive_robot.pc'
[0.549s] Level 1:colcon.colcon_core.environment:checking '/home/jagadeesh/ros2_ws/install/minimal_diff_drive_robot/lib/python3.10/site-packages'
[0.549s] Level 1:colcon.colcon_core.environment:checking '/home/jagadeesh/ros2_ws/install/minimal_diff_drive_robot/bin'
[0.549s] INFO:colcon.colcon_core.shell:Creating package script '/home/jagadeesh/ros2_ws/install/minimal_diff_drive_robot/share/minimal_diff_drive_robot/package.ps1'
[0.550s] INFO:colcon.colcon_core.shell:Creating package descriptor '/home/jagadeesh/ros2_ws/install/minimal_diff_drive_robot/share/minimal_diff_drive_robot/package.dsv'
[0.550s] INFO:colcon.colcon_core.shell:Creating package script '/home/jagadeesh/ros2_ws/install/minimal_diff_drive_robot/share/minimal_diff_drive_robot/package.sh'
[0.550s] INFO:colcon.colcon_core.shell:Creating package script '/home/jagadeesh/ros2_ws/install/minimal_diff_drive_robot/share/minimal_diff_drive_robot/package.bash'
[0.550s] INFO:colcon.colcon_core.shell:Creating package script '/home/jagadeesh/ros2_ws/install/minimal_diff_drive_robot/share/minimal_diff_drive_robot/package.zsh'
[0.551s] Level 1:colcon.colcon_core.environment:create_file_with_runtime_dependencies(/home/jagadeesh/ros2_ws/install/minimal_diff_drive_robot/share/colcon-core/packages/minimal_diff_drive_robot)
[0.555s] DEBUG:colcon.colcon_core.event_handler.log_command:Invoked command in '/home/jagadeesh/ros2_ws/build/sjtu_drone_description' returned '0': CMAKE_PREFIX_PATH=${CMAKE_PREFIX_PATH}:/home/jagadeesh/ros2_ws/install/sjtu_drone_bringup:/home/jagadeesh/ros2_ws/install/ibvs:/home/jagadeesh/ros2_ws/install/drone_controller:/opt/ros/humble /usr/bin/cmake --build /home/jagadeesh/ros2_ws/build/sjtu_drone_description -- -j20 -l20
[0.556s] Level 1:colcon.colcon_core.environment:create_environment_scripts_only(drive_drone)
[0.556s] Level 1:colcon.colcon_core.environment:checking '/home/jagadeesh/ros2_ws/install/drive_drone' for CMake module files
[0.556s] Level 1:colcon.colcon_core.environment:checking '/home/jagadeesh/ros2_ws/install/drive_drone' for CMake config files
[0.557s] Level 1:colcon.colcon_core.shell:create_environment_hook('drive_drone', 'cmake_prefix_path')
[0.557s] INFO:colcon.colcon_core.shell:Creating environment hook '/home/jagadeesh/ros2_ws/install/drive_drone/share/drive_drone/hook/cmake_prefix_path.ps1'
[0.557s] INFO:colcon.colcon_core.shell:Creating environment descriptor '/home/jagadeesh/ros2_ws/install/drive_drone/share/drive_drone/hook/cmake_prefix_path.dsv'
[0.557s] INFO:colcon.colcon_core.shell:Creating environment hook '/home/jagadeesh/ros2_ws/install/drive_drone/share/drive_drone/hook/cmake_prefix_path.sh'
[0.557s] Level 1:colcon.colcon_core.environment:checking '/home/jagadeesh/ros2_ws/install/drive_drone/lib'
[0.557s] Level 1:colcon.colcon_core.environment:checking '/home/jagadeesh/ros2_ws/install/drive_drone/bin'
[0.558s] Level 1:colcon.colcon_core.environment:checking '/home/jagadeesh/ros2_ws/install/drive_drone/lib/pkgconfig/drive_drone.pc'
[0.558s] Level 1:colcon.colcon_core.environment:checking '/home/jagadeesh/ros2_ws/install/drive_drone/lib/python3.10/site-packages'
[0.558s] Level 1:colcon.colcon_core.environment:checking '/home/jagadeesh/ros2_ws/install/drive_drone/bin'
[0.558s] INFO:colcon.colcon_core.shell:Creating package script '/home/jagadeesh/ros2_ws/install/drive_drone/share/drive_drone/package.ps1'
[0.558s] INFO:colcon.colcon_core.shell:Creating package descriptor '/home/jagadeesh/ros2_ws/install/drive_drone/share/drive_drone/package.dsv'
[0.559s] INFO:colcon.colcon_core.shell:Creating package script '/home/jagadeesh/ros2_ws/install/drive_drone/share/drive_drone/package.sh'
[0.559s] INFO:colcon.colcon_core.shell:Creating package script '/home/jagadeesh/ros2_ws/install/drive_drone/share/drive_drone/package.bash'
[0.559s] INFO:colcon.colcon_core.shell:Creating package script '/home/jagadeesh/ros2_ws/install/drive_drone/share/drive_drone/package.zsh'
[0.559s] Level 1:colcon.colcon_core.environment:create_file_with_runtime_dependencies(/home/jagadeesh/ros2_ws/install/drive_drone/share/colcon-core/packages/drive_drone)
[0.574s] DEBUG:colcon.colcon_core.event_handler.log_command:Invoking command in '/home/jagadeesh/ros2_ws/build/sjtu_drone_description': CMAKE_PREFIX_PATH=${CMAKE_PREFIX_PATH}:/home/jagadeesh/ros2_ws/install/sjtu_drone_bringup:/home/jagadeesh/ros2_ws/install/ibvs:/home/jagadeesh/ros2_ws/install/drone_controller:/opt/ros/humble /usr/bin/cmake --install /home/jagadeesh/ros2_ws/build/sjtu_drone_description
[0.581s] Level 1:colcon.colcon_core.environment:create_environment_scripts_only(sjtu_drone_description)
[0.581s] Level 1:colcon.colcon_core.environment:checking '/home/jagadeesh/ros2_ws/install/sjtu_drone_description' for CMake module files
[0.581s] DEBUG:colcon.colcon_core.event_handler.log_command:Invoked command in '/home/jagadeesh/ros2_ws/build/sjtu_drone_description' returned '0': CMAKE_PREFIX_PATH=${CMAKE_PREFIX_PATH}:/home/jagadeesh/ros2_ws/install/sjtu_drone_bringup:/home/jagadeesh/ros2_ws/install/ibvs:/home/jagadeesh/ros2_ws/install/drone_controller:/opt/ros/humble /usr/bin/cmake --install /home/jagadeesh/ros2_ws/build/sjtu_drone_description
[0.582s] Level 1:colcon.colcon_core.environment:checking '/home/jagadeesh/ros2_ws/install/sjtu_drone_description' for CMake config files
[0.582s] Level 1:colcon.colcon_core.shell:create_environment_hook('sjtu_drone_description', 'cmake_prefix_path')
[0.582s] INFO:colcon.colcon_core.shell:Creating environment hook '/home/jagadeesh/ros2_ws/install/sjtu_drone_description/share/sjtu_drone_description/hook/cmake_prefix_path.ps1'
[0.582s] INFO:colcon.colcon_core.shell:Creating environment descriptor '/home/jagadeesh/ros2_ws/install/sjtu_drone_description/share/sjtu_drone_description/hook/cmake_prefix_path.dsv'
[0.583s] INFO:colcon.colcon_core.shell:Creating environment hook '/home/jagadeesh/ros2_ws/install/sjtu_drone_description/share/sjtu_drone_description/hook/cmake_prefix_path.sh'
[0.583s] Level 1:colcon.colcon_core.environment:checking '/home/jagadeesh/ros2_ws/install/sjtu_drone_description/lib'
[0.583s] Level 1:colcon.colcon_core.shell:create_environment_hook('sjtu_drone_description', 'ld_library_path_lib')
[0.583s] INFO:colcon.colcon_core.shell:Creating environment hook '/home/jagadeesh/ros2_ws/install/sjtu_drone_description/share/sjtu_drone_description/hook/ld_library_path_lib.ps1'
[0.583s] INFO:colcon.colcon_core.shell:Creating environment descriptor '/home/jagadeesh/ros2_ws/install/sjtu_drone_description/share/sjtu_drone_description/hook/ld_library_path_lib.dsv'
[0.584s] INFO:colcon.colcon_core.shell:Creating environment hook '/home/jagadeesh/ros2_ws/install/sjtu_drone_description/share/sjtu_drone_description/hook/ld_library_path_lib.sh'
[0.584s] Level 1:colcon.colcon_core.environment:checking '/home/jagadeesh/ros2_ws/install/sjtu_drone_description/bin'
[0.584s] Level 1:colcon.colcon_core.environment:checking '/home/jagadeesh/ros2_ws/install/sjtu_drone_description/lib/pkgconfig/sjtu_drone_description.pc'
[0.584s] Level 1:colcon.colcon_core.environment:checking '/home/jagadeesh/ros2_ws/install/sjtu_drone_description/lib/python3.10/site-packages'
[0.584s] Level 1:colcon.colcon_core.environment:checking '/home/jagadeesh/ros2_ws/install/sjtu_drone_description/bin'
[0.584s] INFO:colcon.colcon_core.shell:Creating package script '/home/jagadeesh/ros2_ws/install/sjtu_drone_description/share/sjtu_drone_description/package.ps1'
[0.584s] INFO:colcon.colcon_core.shell:Creating package descriptor '/home/jagadeesh/ros2_ws/install/sjtu_drone_description/share/sjtu_drone_description/package.dsv'
[0.585s] INFO:colcon.colcon_core.shell:Creating package script '/home/jagadeesh/ros2_ws/install/sjtu_drone_description/share/sjtu_drone_description/package.sh'
[0.585s] INFO:colcon.colcon_core.shell:Creating package script '/home/jagadeesh/ros2_ws/install/sjtu_drone_description/share/sjtu_drone_description/package.bash'
[0.585s] INFO:colcon.colcon_core.shell:Creating package script '/home/jagadeesh/ros2_ws/install/sjtu_drone_description/share/sjtu_drone_description/package.zsh'
[0.585s] Level 1:colcon.colcon_core.environment:create_file_with_runtime_dependencies(/home/jagadeesh/ros2_ws/install/sjtu_drone_description/share/colcon-core/packages/sjtu_drone_description)
[0.602s] Level 1:colcon.colcon_core.environment:create_environment_scripts_only(sjtu_drone_description)
[0.603s] Level 1:colcon.colcon_core.environment:checking '/home/jagadeesh/ros2_ws/install/sjtu_drone_description' for CMake module files
[0.603s] Level 1:colcon.colcon_core.environment:checking '/home/jagadeesh/ros2_ws/install/sjtu_drone_description' for CMake config files
[0.603s] Level 1:colcon.colcon_core.shell:create_environment_hook('sjtu_drone_description', 'cmake_prefix_path')
[0.603s] INFO:colcon.colcon_core.shell:Creating environment hook '/home/jagadeesh/ros2_ws/install/sjtu_drone_description/share/sjtu_drone_description/hook/cmake_prefix_path.ps1'
[0.603s] INFO:colcon.colcon_core.shell:Creating environment descriptor '/home/jagadeesh/ros2_ws/install/sjtu_drone_description/share/sjtu_drone_description/hook/cmake_prefix_path.dsv'
[0.604s] INFO:colcon.colcon_core.shell:Creating environment hook '/home/jagadeesh/ros2_ws/install/sjtu_drone_description/share/sjtu_drone_description/hook/cmake_prefix_path.sh'
[0.604s] Level 1:colcon.colcon_core.environment:checking '/home/jagadeesh/ros2_ws/install/sjtu_drone_description/lib'
[0.604s] Level 1:colcon.colcon_core.shell:create_environment_hook('sjtu_drone_description', 'ld_library_path_lib')
[0.604s] INFO:colcon.colcon_core.shell:Creating environment hook '/home/jagadeesh/ros2_ws/install/sjtu_drone_description/share/sjtu_drone_description/hook/ld_library_path_lib.ps1'
[0.604s] INFO:colcon.colcon_core.shell:Creating environment descriptor '/home/jagadeesh/ros2_ws/install/sjtu_drone_description/share/sjtu_drone_description/hook/ld_library_path_lib.dsv'
[0.605s] INFO:colcon.colcon_core.shell:Creating environment hook '/home/jagadeesh/ros2_ws/install/sjtu_drone_description/share/sjtu_drone_description/hook/ld_library_path_lib.sh'
[0.605s] Level 1:colcon.colcon_core.environment:checking '/home/jagadeesh/ros2_ws/install/sjtu_drone_description/bin'
[0.605s] Level 1:colcon.colcon_core.environment:checking '/home/jagadeesh/ros2_ws/install/sjtu_drone_description/lib/pkgconfig/sjtu_drone_description.pc'
[0.605s] Level 1:colcon.colcon_core.environment:checking '/home/jagadeesh/ros2_ws/install/sjtu_drone_description/lib/python3.10/site-packages'
[0.605s] Level 1:colcon.colcon_core.environment:checking '/home/jagadeesh/ros2_ws/install/sjtu_drone_description/bin'
[0.605s] INFO:colcon.colcon_core.shell:Creating package script '/home/jagadeesh/ros2_ws/install/sjtu_drone_description/share/sjtu_drone_description/package.ps1'
[0.606s] INFO:colcon.colcon_core.shell:Creating package descriptor '/home/jagadeesh/ros2_ws/install/sjtu_drone_description/share/sjtu_drone_description/package.dsv'
[0.606s] INFO:colcon.colcon_core.shell:Creating package script '/home/jagadeesh/ros2_ws/install/sjtu_drone_description/share/sjtu_drone_description/package.sh'
[0.606s] INFO:colcon.colcon_core.shell:Creating package script '/home/jagadeesh/ros2_ws/install/sjtu_drone_description/share/sjtu_drone_description/package.bash'
[0.606s] INFO:colcon.colcon_core.shell:Creating package script '/home/jagadeesh/ros2_ws/install/sjtu_drone_description/share/sjtu_drone_description/package.zsh'
[0.606s] Level 1:colcon.colcon_core.environment:create_file_with_runtime_dependencies(/home/jagadeesh/ros2_ws/install/sjtu_drone_description/share/colcon-core/packages/sjtu_drone_description)
[0.693s] DEBUG:colcon.colcon_core.event_handler.log_command:Invoking command in '/home/jagadeesh/ros2_ws/src/drones_ROS2/sjtu_drone/sjtu_drone_bringup': PYTHONPATH=/home/jagadeesh/ros2_ws/build/sjtu_drone_bringup/prefix_override:/home/jagadeesh/ros2_ws/install/sjtu_drone_bringup/lib/python3.10/site-packages:${PYTHONPATH} /usr/bin/python3 -W ignore:setup.py install is deprecated setup.py egg_info --egg-base ../../../../build/sjtu_drone_bringup build --build-base /home/jagadeesh/ros2_ws/build/sjtu_drone_bringup/build install --record /home/jagadeesh/ros2_ws/build/sjtu_drone_bringup/install.log --single-version-externally-managed install_data
[0.697s] DEBUG:colcon.colcon_core.event_handler.log_command:Invoking command in '/home/jagadeesh/ros2_ws/src/drones_ROS2/drone_controller': PYTHONPATH=/home/jagadeesh/ros2_ws/build/drone_controller/prefix_override:/home/jagadeesh/ros2_ws/install/drone_controller/lib/python3.10/site-packages:${PYTHONPATH} /usr/bin/python3 -W ignore:setup.py install is deprecated setup.py egg_info --egg-base ../../../build/drone_controller build --build-base /home/jagadeesh/ros2_ws/build/drone_controller/build install --record /home/jagadeesh/ros2_ws/build/drone_controller/install.log --single-version-externally-managed install_data
[0.848s] Level 1:colcon.colcon_core.environment:checking '/home/jagadeesh/ros2_ws/install/sjtu_drone_bringup' for CMake module files
[0.849s] DEBUG:colcon.colcon_core.event_handler.log_command:Invoked command in '/home/jagadeesh/ros2_ws/src/drones_ROS2/sjtu_drone/sjtu_drone_bringup' returned '0': PYTHONPATH=/home/jagadeesh/ros2_ws/build/sjtu_drone_bringup/prefix_override:/home/jagadeesh/ros2_ws/install/sjtu_drone_bringup/lib/python3.10/site-packages:${PYTHONPATH} /usr/bin/python3 -W ignore:setup.py install is deprecated setup.py egg_info --egg-base ../../../../build/sjtu_drone_bringup build --build-base /home/jagadeesh/ros2_ws/build/sjtu_drone_bringup/build install --record /home/jagadeesh/ros2_ws/build/sjtu_drone_bringup/install.log --single-version-externally-managed install_data
[0.849s] Level 1:colcon.colcon_core.environment:checking '/home/jagadeesh/ros2_ws/install/sjtu_drone_bringup' for CMake config files
[0.849s] Level 1:colcon.colcon_core.environment:checking '/home/jagadeesh/ros2_ws/install/sjtu_drone_bringup/lib'
[0.849s] Level 1:colcon.colcon_core.environment:checking '/home/jagadeesh/ros2_ws/install/sjtu_drone_bringup/bin'
[0.849s] Level 1:colcon.colcon_core.environment:checking '/home/jagadeesh/ros2_ws/install/sjtu_drone_bringup/lib/pkgconfig/sjtu_drone_bringup.pc'
[0.849s] Level 1:colcon.colcon_core.environment:checking '/home/jagadeesh/ros2_ws/install/sjtu_drone_bringup/lib/python3.10/site-packages'
[0.850s] Level 1:colcon.colcon_core.shell:create_environment_hook('sjtu_drone_bringup', 'pythonpath')
[0.850s] INFO:colcon.colcon_core.shell:Creating environment hook '/home/jagadeesh/ros2_ws/install/sjtu_drone_bringup/share/sjtu_drone_bringup/hook/pythonpath.ps1'
[0.850s] INFO:colcon.colcon_core.shell:Creating environment descriptor '/home/jagadeesh/ros2_ws/install/sjtu_drone_bringup/share/sjtu_drone_bringup/hook/pythonpath.dsv'
[0.850s] INFO:colcon.colcon_core.shell:Creating environment hook '/home/jagadeesh/ros2_ws/install/sjtu_drone_bringup/share/sjtu_drone_bringup/hook/pythonpath.sh'
[0.850s] Level 1:colcon.colcon_core.environment:checking '/home/jagadeesh/ros2_ws/install/sjtu_drone_bringup/bin'
[0.850s] Level 1:colcon.colcon_core.environment:create_environment_scripts_only(sjtu_drone_bringup)
[0.851s] INFO:colcon.colcon_core.shell:Creating package script '/home/jagadeesh/ros2_ws/install/sjtu_drone_bringup/share/sjtu_drone_bringup/package.ps1'
[0.851s] INFO:colcon.colcon_core.shell:Creating package descriptor '/home/jagadeesh/ros2_ws/install/sjtu_drone_bringup/share/sjtu_drone_bringup/package.dsv'
[0.851s] INFO:colcon.colcon_core.shell:Creating package script '/home/jagadeesh/ros2_ws/install/sjtu_drone_bringup/share/sjtu_drone_bringup/package.sh'
[0.851s] INFO:colcon.colcon_core.shell:Creating package script '/home/jagadeesh/ros2_ws/install/sjtu_drone_bringup/share/sjtu_drone_bringup/package.bash'
[0.852s] INFO:colcon.colcon_core.shell:Creating package script '/home/jagadeesh/ros2_ws/install/sjtu_drone_bringup/share/sjtu_drone_bringup/package.zsh'
[0.852s] Level 1:colcon.colcon_core.environment:create_file_with_runtime_dependencies(/home/jagadeesh/ros2_ws/install/sjtu_drone_bringup/share/colcon-core/packages/sjtu_drone_bringup)
[0.858s] Level 1:colcon.colcon_core.environment:checking '/home/jagadeesh/ros2_ws/install/drone_controller' for CMake module files
[0.859s] DEBUG:colcon.colcon_core.event_handler.log_command:Invoked command in '/home/jagadeesh/ros2_ws/src/drones_ROS2/drone_controller' returned '0': PYTHONPATH=/home/jagadeesh/ros2_ws/build/drone_controller/prefix_override:/home/jagadeesh/ros2_ws/install/drone_controller/lib/python3.10/site-packages:${PYTHONPATH} /usr/bin/python3 -W ignore:setup.py install is deprecated setup.py egg_info --egg-base ../../../build/drone_controller build --build-base /home/jagadeesh/ros2_ws/build/drone_controller/build install --record /home/jagadeesh/ros2_ws/build/drone_controller/install.log --single-version-externally-managed install_data
[0.859s] Level 1:colcon.colcon_core.environment:checking '/home/jagadeesh/ros2_ws/install/drone_controller' for CMake config files
[0.859s] Level 1:colcon.colcon_core.environment:checking '/home/jagadeesh/ros2_ws/install/drone_controller/lib'
[0.859s] Level 1:colcon.colcon_core.environment:checking '/home/jagadeesh/ros2_ws/install/drone_controller/bin'
[0.859s] Level 1:colcon.colcon_core.environment:checking '/home/jagadeesh/ros2_ws/install/drone_controller/lib/pkgconfig/drone_controller.pc'
[0.859s] Level 1:colcon.colcon_core.environment:checking '/home/jagadeesh/ros2_ws/install/drone_controller/lib/python3.10/site-packages'
[0.859s] Level 1:colcon.colcon_core.shell:create_environment_hook('drone_controller', 'pythonpath')
[0.859s] INFO:colcon.colcon_core.shell:Creating environment hook '/home/jagadeesh/ros2_ws/install/drone_controller/share/drone_controller/hook/pythonpath.ps1'
[0.860s] INFO:colcon.colcon_core.shell:Creating environment descriptor '/home/jagadeesh/ros2_ws/install/drone_controller/share/drone_controller/hook/pythonpath.dsv'
[0.860s] INFO:colcon.colcon_core.shell:Creating environment hook '/home/jagadeesh/ros2_ws/install/drone_controller/share/drone_controller/hook/pythonpath.sh'
[0.860s] Level 1:colcon.colcon_core.environment:checking '/home/jagadeesh/ros2_ws/install/drone_controller/bin'
[0.860s] Level 1:colcon.colcon_core.environment:create_environment_scripts_only(drone_controller)
[0.860s] INFO:colcon.colcon_core.shell:Creating package script '/home/jagadeesh/ros2_ws/install/drone_controller/share/drone_controller/package.ps1'
[0.861s] INFO:colcon.colcon_core.shell:Creating package descriptor '/home/jagadeesh/ros2_ws/install/drone_controller/share/drone_controller/package.dsv'
[0.861s] INFO:colcon.colcon_core.shell:Creating package script '/home/jagadeesh/ros2_ws/install/drone_controller/share/drone_controller/package.sh'
[0.861s] INFO:colcon.colcon_core.shell:Creating package script '/home/jagadeesh/ros2_ws/install/drone_controller/share/drone_controller/package.bash'
[0.861s] INFO:colcon.colcon_core.shell:Creating package script '/home/jagadeesh/ros2_ws/install/drone_controller/share/drone_controller/package.zsh'
[0.861s] Level 1:colcon.colcon_core.environment:create_file_with_runtime_dependencies(/home/jagadeesh/ros2_ws/install/drone_controller/share/colcon-core/packages/drone_controller)
[0.861s] DEBUG:colcon.colcon_parallel_executor.executor.parallel:closing loop
[0.862s] DEBUG:colcon.colcon_parallel_executor.executor.parallel:loop closed
[0.862s] DEBUG:colcon.colcon_parallel_executor.executor.parallel:run_until_complete finished with '0'
[0.862s] DEBUG:colcon.colcon_core.event_reactor:joining thread
[0.865s] INFO:colcon.colcon_core.plugin_system:Skipping extension 'colcon_notification.desktop_notification.terminal_notifier': Not used on non-Darwin systems
[0.865s] INFO:colcon.colcon_core.plugin_system:Skipping extension 'colcon_notification.desktop_notification.win32': Not used on non-Windows systems
[0.865s] INFO:colcon.colcon_notification.desktop_notification:Sending desktop notification using 'notify2'
[0.872s] DEBUG:colcon.colcon_core.event_reactor:joined thread
[0.872s] INFO:colcon.colcon_core.shell:Creating prefix script '/home/jagadeesh/ros2_ws/install/local_setup.ps1'
[0.873s] INFO:colcon.colcon_core.shell:Creating prefix util module '/home/jagadeesh/ros2_ws/install/_local_setup_util_ps1.py'
[0.874s] INFO:colcon.colcon_core.shell:Creating prefix chain script '/home/jagadeesh/ros2_ws/install/setup.ps1'
[0.874s] INFO:colcon.colcon_core.shell:Creating prefix script '/home/jagadeesh/ros2_ws/install/local_setup.sh'
[0.874s] INFO:colcon.colcon_core.shell:Creating prefix util module '/home/jagadeesh/ros2_ws/install/_local_setup_util_sh.py'
[0.875s] INFO:colcon.colcon_core.shell:Creating prefix chain script '/home/jagadeesh/ros2_ws/install/setup.sh'
[0.875s] INFO:colcon.colcon_core.shell:Creating prefix script '/home/jagadeesh/ros2_ws/install/local_setup.bash'
[0.876s] INFO:colcon.colcon_core.shell:Creating prefix chain script '/home/jagadeesh/ros2_ws/install/setup.bash'
[0.876s] INFO:colcon.colcon_core.shell:Creating prefix script '/home/jagadeesh/ros2_ws/install/local_setup.zsh'
[0.876s] INFO:colcon.colcon_core.shell:Creating prefix chain script '/home/jagadeesh/ros2_ws/install/setup.zsh'
