[0.115s] Invoking command in '/home/jagadeesh/ros2_ws/build/drive_drone': CMAKE_PREFIX_PATH=${CMAKE_PREFIX_PATH}:/home/jagadeesh/ros2_ws/install/sjtu_drone_bringup:/home/jagadeesh/ros2_ws/install/ibvs:/home/jagadeesh/ros2_ws/install/drone_controller:/opt/ros/humble /usr/bin/cmake --build /home/jagadeesh/ros2_ws/build/drive_drone -- -j20 -l20
[1.448s] [ 50%] Built target p1_a_drive_node
[1.506s] [100%] Built target p1_b_tb3_follower
[1.515s] Invoked command in '/home/jagadeesh/ros2_ws/build/drive_drone' returned '0': CMAKE_PREFIX_PATH=${CMAKE_PREFIX_PATH}:/home/jagadeesh/ros2_ws/install/sjtu_drone_bringup:/home/jagadeesh/ros2_ws/install/ibvs:/home/jagadeesh/ros2_ws/install/drone_controller:/opt/ros/humble /usr/bin/cmake --build /home/jagadeesh/ros2_ws/build/drive_drone -- -j20 -l20
[1.532s] Invoking command in '/home/jagadeesh/ros2_ws/build/drive_drone': CMAKE_PREFIX_PATH=${CMAKE_PREFIX_PATH}:/home/jagadeesh/ros2_ws/install/sjtu_drone_bringup:/home/jagadeesh/ros2_ws/install/ibvs:/home/jagadeesh/ros2_ws/install/drone_controller:/opt/ros/humble /usr/bin/cmake --install /home/jagadeesh/ros2_ws/build/drive_drone
[1.542s] -- Install configuration: ""
[1.638s] -- Up-to-date: /home/jagadeesh/ros2_ws/install/drive_drone/lib/drive_drone/p1_a_drive_node
[1.678s] -- Up-to-date: /home/jagadeesh/ros2_ws/install/drive_drone/lib/drive_drone/p1_b_tb3_follower
[1.679s] -- Up-to-date: /home/jagadeesh/ros2_ws/install/drive_drone/share/drive_drone//launch
[1.679s] -- Up-to-date: /home/jagadeesh/ros2_ws/install/drive_drone/share/drive_drone//launch/p1_a_drone_fly_gazebo_rviz.launch.py
[1.679s] -- Up-to-date: /home/jagadeesh/ros2_ws/install/drive_drone/share/drive_drone//launch/p1_b_tb3_drone_gazebo.launch.py
[1.679s] -- Up-to-date: /home/jagadeesh/ros2_ws/install/drive_drone/share/ament_index/resource_index/package_run_dependencies/drive_drone
[1.694s] -- Up-to-date: /home/jagadeesh/ros2_ws/install/drive_drone/share/ament_index/resource_index/parent_prefix_path/drive_drone
[1.695s] -- Up-to-date: /home/jagadeesh/ros2_ws/install/drive_drone/share/drive_drone/environment/ament_prefix_path.sh
[1.695s] -- Up-to-date: /home/jagadeesh/ros2_ws/install/drive_drone/share/drive_drone/environment/ament_prefix_path.dsv
[1.695s] -- Up-to-date: /home/jagadeesh/ros2_ws/install/drive_drone/share/drive_drone/environment/path.sh
[1.695s] -- Up-to-date: /home/jagadeesh/ros2_ws/install/drive_drone/share/drive_drone/environment/path.dsv
[1.695s] -- Up-to-date: /home/jagadeesh/ros2_ws/install/drive_drone/share/drive_drone/local_setup.bash
[1.696s] -- Up-to-date: /home/jagadeesh/ros2_ws/install/drive_drone/share/drive_drone/local_setup.sh
[1.696s] -- Up-to-date: /home/jagadeesh/ros2_ws/install/drive_drone/share/drive_drone/local_setup.zsh
[1.696s] -- Up-to-date: /home/jagadeesh/ros2_ws/install/drive_drone/share/drive_drone/local_setup.dsv
[1.696s] -- Installing: /home/jagadeesh/ros2_ws/install/drive_drone/share/drive_drone/package.dsv
[1.719s] -- Up-to-date: /home/jagadeesh/ros2_ws/install/drive_drone/share/ament_index/resource_index/packages/drive_drone
[1.719s] -- Up-to-date: /home/jagadeesh/ros2_ws/install/drive_drone/share/drive_drone/cmake/drive_droneConfig.cmake
[1.719s] -- Up-to-date: /home/jagadeesh/ros2_ws/install/drive_drone/share/drive_drone/cmake/drive_droneConfig-version.cmake
[1.719s] -- Up-to-date: /home/jagadeesh/ros2_ws/install/drive_drone/share/drive_drone/package.xml
[1.724s] Invoked command in '/home/jagadeesh/ros2_ws/build/drive_drone' returned '0': CMAKE_PREFIX_PATH=${CMAKE_PREFIX_PATH}:/home/jagadeesh/ros2_ws/install/sjtu_drone_bringup:/home/jagadeesh/ros2_ws/install/ibvs:/home/jagadeesh/ros2_ws/install/drone_controller:/opt/ros/humble /usr/bin/cmake --install /home/jagadeesh/ros2_ws/build/drive_drone
