[0.710s] Invoking command in '/home/ankur/ros2_ws/src/drones_ROS2/sjtu_drone/sjtu_drone_bringup': PYTHONPATH=/home/ankur/ros2_ws/build/sjtu_drone_bringup/prefix_override:/home/ankur/ros2_ws/install/sjtu_drone_bringup/lib/python3.10/site-packages:${PYTHONPATH} /usr/bin/python3 -W ignore:setup.py install is deprecated setup.py egg_info --egg-base ../../../../build/sjtu_drone_bringup build --build-base /home/ankur/ros2_ws/build/sjtu_drone_bringup/build install --record /home/ankur/ros2_ws/build/sjtu_drone_bringup/install.log --single-version-externally-managed install_data
[0.963s] running egg_info
[0.963s] creating ../../../../build/sjtu_drone_bringup/sjtu_drone_bringup.egg-info
[0.964s] writing ../../../../build/sjtu_drone_bringup/sjtu_drone_bringup.egg-info/PKG-INFO
[0.964s] writing dependency_links to ../../../../build/sjtu_drone_bringup/sjtu_drone_bringup.egg-info/dependency_links.txt
[0.964s] writing entry points to ../../../../build/sjtu_drone_bringup/sjtu_drone_bringup.egg-info/entry_points.txt
[0.964s] writing requirements to ../../../../build/sjtu_drone_bringup/sjtu_drone_bringup.egg-info/requires.txt
[0.964s] writing top-level names to ../../../../build/sjtu_drone_bringup/sjtu_drone_bringup.egg-info/top_level.txt
[0.965s] writing manifest file '../../../../build/sjtu_drone_bringup/sjtu_drone_bringup.egg-info/SOURCES.txt'
[0.968s] reading manifest file '../../../../build/sjtu_drone_bringup/sjtu_drone_bringup.egg-info/SOURCES.txt'
[0.969s] writing manifest file '../../../../build/sjtu_drone_bringup/sjtu_drone_bringup.egg-info/SOURCES.txt'
[0.969s] running build
[0.970s] running build_py
[0.970s] creating /home/ankur/ros2_ws/build/sjtu_drone_bringup/build
[0.970s] creating /home/ankur/ros2_ws/build/sjtu_drone_bringup/build/lib
[0.970s] creating /home/ankur/ros2_ws/build/sjtu_drone_bringup/build/lib/sjtu_drone_bringup
[0.970s] copying sjtu_drone_bringup/spawn_drone.py -> /home/ankur/ros2_ws/build/sjtu_drone_bringup/build/lib/sjtu_drone_bringup
[0.971s] copying sjtu_drone_bringup/__init__.py -> /home/ankur/ros2_ws/build/sjtu_drone_bringup/build/lib/sjtu_drone_bringup
[0.971s] running install
[0.971s] running install_lib
[0.972s] creating /home/ankur/ros2_ws/install/sjtu_drone_bringup/lib/python3.10/site-packages/sjtu_drone_bringup
[0.972s] copying /home/ankur/ros2_ws/build/sjtu_drone_bringup/build/lib/sjtu_drone_bringup/spawn_drone.py -> /home/ankur/ros2_ws/install/sjtu_drone_bringup/lib/python3.10/site-packages/sjtu_drone_bringup
[0.972s] copying /home/ankur/ros2_ws/build/sjtu_drone_bringup/build/lib/sjtu_drone_bringup/__init__.py -> /home/ankur/ros2_ws/install/sjtu_drone_bringup/lib/python3.10/site-packages/sjtu_drone_bringup
[0.973s] byte-compiling /home/ankur/ros2_ws/install/sjtu_drone_bringup/lib/python3.10/site-packages/sjtu_drone_bringup/spawn_drone.py to spawn_drone.cpython-310.pyc
[0.974s] byte-compiling /home/ankur/ros2_ws/install/sjtu_drone_bringup/lib/python3.10/site-packages/sjtu_drone_bringup/__init__.py to __init__.cpython-310.pyc
[0.974s] running install_data
[0.974s] creating /home/ankur/ros2_ws/install/sjtu_drone_bringup/share/ament_index
[0.974s] creating /home/ankur/ros2_ws/install/sjtu_drone_bringup/share/ament_index/resource_index
[0.974s] creating /home/ankur/ros2_ws/install/sjtu_drone_bringup/share/ament_index/resource_index/packages
[0.975s] copying resource/sjtu_drone_bringup -> /home/ankur/ros2_ws/install/sjtu_drone_bringup/share/ament_index/resource_index/packages
[0.975s] copying package.xml -> /home/ankur/ros2_ws/install/sjtu_drone_bringup/share/sjtu_drone_bringup
[0.975s] creating /home/ankur/ros2_ws/install/sjtu_drone_bringup/share/sjtu_drone_bringup/launch
[0.976s] copying launch/sjtu_drone_bringup.launch.py -> /home/ankur/ros2_ws/install/sjtu_drone_bringup/share/sjtu_drone_bringup/launch
[0.976s] copying launch/sjtu_drone_gazebo.launch.py -> /home/ankur/ros2_ws/install/sjtu_drone_bringup/share/sjtu_drone_bringup/launch
[0.976s] creating /home/ankur/ros2_ws/install/sjtu_drone_bringup/share/sjtu_drone_bringup/rviz
[0.976s] copying rviz/rviz.rviz -> /home/ankur/ros2_ws/install/sjtu_drone_bringup/share/sjtu_drone_bringup/rviz
[0.976s] running install_egg_info
[0.980s] Copying ../../../../build/sjtu_drone_bringup/sjtu_drone_bringup.egg-info to /home/ankur/ros2_ws/install/sjtu_drone_bringup/lib/python3.10/site-packages/sjtu_drone_bringup-0.0.0-py3.10.egg-info
[0.981s] running install_scripts
[1.002s] Installing spawn_drone script to /home/ankur/ros2_ws/install/sjtu_drone_bringup/lib/sjtu_drone_bringup
[1.002s] writing list of installed files to '/home/ankur/ros2_ws/build/sjtu_drone_bringup/install.log'
[1.033s] Invoked command in '/home/ankur/ros2_ws/src/drones_ROS2/sjtu_drone/sjtu_drone_bringup' returned '0': PYTHONPATH=/home/ankur/ros2_ws/build/sjtu_drone_bringup/prefix_override:/home/ankur/ros2_ws/install/sjtu_drone_bringup/lib/python3.10/site-packages:${PYTHONPATH} /usr/bin/python3 -W ignore:setup.py install is deprecated setup.py egg_info --egg-base ../../../../build/sjtu_drone_bringup build --build-base /home/ankur/ros2_ws/build/sjtu_drone_bringup/build install --record /home/ankur/ros2_ws/build/sjtu_drone_bringup/install.log --single-version-externally-managed install_data
