[0.538s] Invoking command in '/home/jagadeesh/ros2_ws/src/drones_ROS2/sjtu_drone/sjtu_drone_bringup': PYTHONPATH=/home/jagadeesh/ros2_ws/build/sjtu_drone_bringup/prefix_override:/home/jagadeesh/ros2_ws/install/sjtu_drone_bringup/lib/python3.10/site-packages:${PYTHONPATH} /usr/bin/python3 -W ignore:setup.py install is deprecated setup.py egg_info --egg-base ../../../../build/sjtu_drone_bringup build --build-base /home/jagadeesh/ros2_ws/build/sjtu_drone_bringup/build install --record /home/jagadeesh/ros2_ws/build/sjtu_drone_bringup/install.log --single-version-externally-managed install_data
[0.679s] running egg_info
[0.679s] writing ../../../../build/sjtu_drone_bringup/sjtu_drone_bringup.egg-info/PKG-INFO
[0.679s] writing dependency_links to ../../../../build/sjtu_drone_bringup/sjtu_drone_bringup.egg-info/dependency_links.txt
[0.679s] writing entry points to ../../../../build/sjtu_drone_bringup/sjtu_drone_bringup.egg-info/entry_points.txt
[0.680s] writing requirements to ../../../../build/sjtu_drone_bringup/sjtu_drone_bringup.egg-info/requires.txt
[0.680s] writing top-level names to ../../../../build/sjtu_drone_bringup/sjtu_drone_bringup.egg-info/top_level.txt
[0.681s] reading manifest file '../../../../build/sjtu_drone_bringup/sjtu_drone_bringup.egg-info/SOURCES.txt'
[0.681s] writing manifest file '../../../../build/sjtu_drone_bringup/sjtu_drone_bringup.egg-info/SOURCES.txt'
[0.681s] running build
[0.681s] running build_py
[0.681s] running install
[0.682s] running install_lib
[0.682s] running install_data
[0.683s] running install_egg_info
[0.684s] removing '/home/jagadeesh/ros2_ws/install/sjtu_drone_bringup/lib/python3.10/site-packages/sjtu_drone_bringup-0.0.0-py3.10.egg-info' (and everything under it)
[0.684s] Copying ../../../../build/sjtu_drone_bringup/sjtu_drone_bringup.egg-info to /home/jagadeesh/ros2_ws/install/sjtu_drone_bringup/lib/python3.10/site-packages/sjtu_drone_bringup-0.0.0-py3.10.egg-info
[0.684s] running install_scripts
[0.698s] Installing spawn_drone script to /home/jagadeesh/ros2_ws/install/sjtu_drone_bringup/lib/sjtu_drone_bringup
[0.698s] writing list of installed files to '/home/jagadeesh/ros2_ws/build/sjtu_drone_bringup/install.log'
[0.717s] Invoked command in '/home/jagadeesh/ros2_ws/src/drones_ROS2/sjtu_drone/sjtu_drone_bringup' returned '0': PYTHONPATH=/home/jagadeesh/ros2_ws/build/sjtu_drone_bringup/prefix_override:/home/jagadeesh/ros2_ws/install/sjtu_drone_bringup/lib/python3.10/site-packages:${PYTHONPATH} /usr/bin/python3 -W ignore:setup.py install is deprecated setup.py egg_info --egg-base ../../../../build/sjtu_drone_bringup build --build-base /home/jagadeesh/ros2_ws/build/sjtu_drone_bringup/build install --record /home/jagadeesh/ros2_ws/build/sjtu_drone_bringup/install.log --single-version-externally-managed install_data
